Removed Pin From Net: NetName=SCL Pin=R10-1
Removed Pin From Net: NetName=D+5V Pin=R10-2
Removed Pin From Net: NetName=TEMP_S0 Pin=R11-1
Removed Pin From Net: NetName=D+5V Pin=R11-2
Removed Pin From Net: NetName=TEMP_S1 Pin=R12-1
Removed Pin From Net: NetName=D+5V Pin=R12-2
Removed Pin From Net: NetName=TEMP_S2 Pin=R13-1
Removed Pin From Net: NetName=D+5V Pin=R13-2
Removed Pin From Net: NetName=SHOCK_S0 Pin=R14-1
Removed Pin From Net: NetName=D+5V Pin=R14-2
Removed Pin From Net: NetName=SHOCK_S1 Pin=R15-1
Removed Pin From Net: NetName=D+5V Pin=R15-2
Removed Pin From Net: NetName=TX Pin=R16-1
Removed Pin From Net: NetName=D+5V Pin=R16-2
Removed Pin From Net: NetName=RX Pin=R17-1
Removed Pin From Net: NetName=D+5V Pin=R17-2
Removed Pin From Net: NetName=ADC_ADDR Pin=R18-1
Removed Pin From Net: NetName=D+5V Pin=R18-2
Change Component Designator: OldDesignator=C? NewDesignator=C4
Change Component Designator: OldDesignator=C? NewDesignator=C5
Change Component Designator: OldDesignator=C? NewDesignator=C6
Change Component Designator: OldDesignator=C? NewDesignator=C7
Added Pin To Net: NetName=D+5V Pin=R10-1
Added Pin To Net: NetName=SCL Pin=R10-2
Added Pin To Net: NetName=D+5V Pin=R11-1
Added Pin To Net: NetName=TEMP_S0 Pin=R11-2
Added Pin To Net: NetName=D+5V Pin=R12-1
Added Pin To Net: NetName=TEMP_S1 Pin=R12-2
Added Pin To Net: NetName=D+5V Pin=R13-1
Added Pin To Net: NetName=TEMP_S2 Pin=R13-2
Added Pin To Net: NetName=D+5V Pin=R14-1
Added Pin To Net: NetName=SHOCK_S0 Pin=R14-2
Added Pin To Net: NetName=D+5V Pin=R15-1
Added Pin To Net: NetName=SHOCK_S1 Pin=R15-2
Added Pin To Net: NetName=D+5V Pin=R16-1
Added Pin To Net: NetName=TX Pin=R16-2
Added Pin To Net: NetName=D+5V Pin=R17-1
Added Pin To Net: NetName=RX Pin=R17-2
Added Pin To Net: NetName=D+5V Pin=R18-1
Added Pin To Net: NetName=ADC_ADDR Pin=R18-2
Added Member To Class: ClassName=root Member=Component C4 0.1uF
Added Member To Class: ClassName=root Member=Component C5 0.1uF
Added Member To Class: ClassName=root Member=Component C6 0.1uF
