Removed Pin From Net: NetName=TEMP_S2_PI Pin=R8-1
Removed Pin From Net: NetName=TEMP_S1_PI Pin=R9-1
Removed Pin From Net: NetName=SHOCK_S0_PI Pin=R12-1
Removed Pin From Net: NetName=SHOCK_S1_PI Pin=R13-1
Removed Pin From Net: NetName=TEMP_S2 Pin=R18-2
Removed Pin From Net: NetName=TEMP_S1 Pin=R19-2
Removed Pin From Net: NetName=SHOCK_S0 Pin=R21-2
Removed Pin From Net: NetName=SHOCK_S1 Pin=R22-2
Removed Pin From Net: NetName=SHOCK_S1 Pin=U3-14
Removed Pin From Net: NetName=SHOCK_S0 Pin=U3-15
Removed Pin From Net: NetName=TEMP_S1 Pin=U3-17
Removed Pin From Net: NetName=TEMP_S2 Pin=U3-18
Added Pin To Net: NetName=SHOCK_S1_PI Pin=R8-1
Added Pin To Net: NetName=SHOCK_S0_PI Pin=R9-1
Added Pin To Net: NetName=TEMP_S1_PI Pin=R12-1
Added Pin To Net: NetName=TEMP_S2_PI Pin=R13-1
Added Pin To Net: NetName=SHOCK_S1 Pin=R18-2
Added Pin To Net: NetName=SHOCK_S0 Pin=R19-2
Added Pin To Net: NetName=TEMP_S1 Pin=R21-2
Added Pin To Net: NetName=TEMP_S2 Pin=R22-2
Added Pin To Net: NetName=TEMP_S2 Pin=U3-14
Added Pin To Net: NetName=TEMP_S1 Pin=U3-15
Added Pin To Net: NetName=SHOCK_S0 Pin=U3-17
Added Pin To Net: NetName=SHOCK_S1 Pin=U3-18
