Removed Pin From Net: NetName=SDA_PI Pin=J2-9
Removed Pin From Net: NetName=SCL_PI Pin=J2-10
Removed Pin From Net: NetName=NetJ2_8 Pin=R5-2
Removed Pin From Net: NetName=NetJ2_7 Pin=R6-2
Removed Pin From Net: NetName=NetJ2_6 Pin=R7-2
Removed Pin From Net: NetName=NetJ2_5 Pin=R8-2
Removed Pin From Net: NetName=NetJ2_4 Pin=R9-2
Removed Pin From Net: NetName=NetJ2_3 Pin=R11-2
Added Pin To Net: NetName=SCL_PI Pin=J2-1
Added Pin To Net: NetName=SDA_PI Pin=J2-2
Added Pin To Net: NetName=NetJ2_3 Pin=R5-2
Added Pin To Net: NetName=NetJ2_4 Pin=R6-2
Added Pin To Net: NetName=NetJ2_5 Pin=R7-2
Added Pin To Net: NetName=NetJ2_6 Pin=R8-2
Added Pin To Net: NetName=NetJ2_7 Pin=R9-2
Added Pin To Net: NetName=NetJ2_8 Pin=R11-2
Added Pin To Net: NetName=NetJ2_9 Pin=J2-9
Added Pin To Net: NetName=NetJ2_9 Pin=R12-2
Added Net: Name=NetJ2_9
Added Pin To Net: NetName=NetJ2_10 Pin=J2-10
Added Pin To Net: NetName=NetJ2_10 Pin=R14-2
Added Net: Name=NetJ2_10
