Removed Pin From Net: NetName=D+5V Pin=C1-2
Removed Pin From Net: NetName=D+5V Pin=C2-2
Removed Pin From Net: NetName=D+5V Pin=C3-2
Removed Pin From Net: NetName=D+5V Pin=C4-2
Removed Pin From Net: NetName=D+5V Pin=J1-1
Removed Pin From Net: NetName=D+5V Pin=J4-1
Removed Pin From Net: NetName=D+5V Pin=J4-2
Removed Pin From Net: NetName=D+5V Pin=J4-3
Removed Pin From Net: NetName=D+5V Pin=J4-4
Removed Pin From Net: NetName=D+5V Pin=J4-5
Removed Pin From Net: NetName=D+5V Pin=J4-6
Removed Pin From Net: NetName=D+5V Pin=J4-7
Removed Pin From Net: NetName=D+5V Pin=J4-8
Removed Pin From Net: NetName=D+5V Pin=JP1-1
Removed Pin From Net: NetName=D+5V Pin=U2-8
Change Net Name : Old Net Name=D+5V New Net Name=GND
Added Pin To Net: NetName=D+5V Pin=C1-2
Added Pin To Net: NetName=D+5V Pin=C2-2
Added Pin To Net: NetName=D+5V Pin=C3-2
Added Pin To Net: NetName=D+5V Pin=C4-2
Added Pin To Net: NetName=D+5V Pin=J4-1
Added Pin To Net: NetName=D+5V Pin=J4-2
Added Pin To Net: NetName=D+5V Pin=J4-3
Added Pin To Net: NetName=D+5V Pin=J4-4
Added Pin To Net: NetName=D+5V Pin=J4-5
Added Pin To Net: NetName=D+5V Pin=J4-6
Added Pin To Net: NetName=D+5V Pin=J4-7
Added Pin To Net: NetName=D+5V Pin=J4-8
Added Pin To Net: NetName=D+5V Pin=JP1-1
Added Pin To Net: NetName=D+5V Pin=U2-8
Added Net: Name=D+5V
