Change Component Designator: Old Designator=D? New Designator=D3
Change Component Designator: Old Designator=J1 New Designator=J2
Change Component Designator: Old Designator=J3 New Designator=J1
Change Component Designator: Old Designator=J? New Designator=J3
Change Component Designator: Old Designator=J? New Designator=J5
Change Component Designator: Old Designator=J? New Designator=J6
Change Component Designator: Old Designator=J? New Designator=J7
Change Component Designator: Old Designator=J? New Designator=J8
Change Component Designator: Old Designator=J? New Designator=J9
Change Component Designator: Old Designator=J? New Designator=J10
Change Component Designator: Old Designator=J? New Designator=J11
Change Component Designator: Old Designator=J? New Designator=J12
Change Component Designator: Old Designator=J? New Designator=J13
Change Component Designator: Old Designator=J? New Designator=J14
Change Component Designator: Old Designator=J? New Designator=J15
Change Component Designator: Old Designator=J? New Designator=J16
Change Component Designator: Old Designator=JP6 New Designator=JP8
Change Component Designator: Old Designator=JP7 New Designator=JP9
Change Component Designator: Old Designator=JP8 New Designator=JP10
Change Component Designator: Old Designator=JP9 New Designator=JP6
Change Component Designator: Old Designator=JP10 New Designator=JP7
Change Component Designator: Old Designator=JP12 New Designator=JP14
Change Component Designator: Old Designator=JP13 New Designator=JP19
Change Component Designator: Old Designator=JP25 New Designator=JP24
Change Component Designator: Old Designator=JP? New Designator=JP11
Change Component Designator: Old Designator=JP? New Designator=JP12
Change Component Designator: Old Designator=JP? New Designator=JP13
Change Component Designator: Old Designator=JP? New Designator=JP15
Change Component Designator: Old Designator=JP? New Designator=JP16
Change Component Designator: Old Designator=JP? New Designator=JP17
Change Component Designator: Old Designator=JP? New Designator=JP18
Change Component Designator: Old Designator=JP? New Designator=JP20
Change Component Designator: Old Designator=JP? New Designator=JP21
Change Component Designator: Old Designator=JP? New Designator=JP22
Change Component Designator: Old Designator=JP? New Designator=JP23
Change Component Designator: Old Designator=R5 New Designator=R6
Change Component Designator: Old Designator=R6 New Designator=R7
Change Component Designator: Old Designator=R7 New Designator=R8
Change Component Designator: Old Designator=R8 New Designator=R9
Change Component Designator: Old Designator=R9 New Designator=R11
Change Component Designator: Old Designator=R11 New Designator=R12
Change Component Designator: Old Designator=R12 New Designator=R13
Change Component Designator: Old Designator=R13 New Designator=R14
Change Component Designator: Old Designator=R? New Designator=R5
