Removed Member From Class: ClassName=root Member=JP?
Change Component Designator: OldDesignator=C1 NewDesignator=C2
Change Component Designator: OldDesignator=C2 NewDesignator=C3
Change Component Designator: OldDesignator=C3 NewDesignator=C1
Change Component Designator: OldDesignator=J8 NewDesignator=J7
Change Component Designator: OldDesignator=J? NewDesignator=J5
Change Component Designator: OldDesignator=J? NewDesignator=J6
Change Component Designator: OldDesignator=J? NewDesignator=J8
Change Component Designator: OldDesignator=J? NewDesignator=J9
Change Component Designator: OldDesignator=J? NewDesignator=J10
Change Component Designator: OldDesignator=J? NewDesignator=J11
Change Component Designator: OldDesignator=J? NewDesignator=J12
Change Component Designator: OldDesignator=J? NewDesignator=J13
Change Component Designator: OldDesignator=J? NewDesignator=J14
Change Component Designator: OldDesignator=J? NewDesignator=J15
Change Component Designator: OldDesignator=J? NewDesignator=J16
Change Component Designator: OldDesignator=JP14 NewDesignator=JP13
Change Component Designator: OldDesignator=JP19 NewDesignator=JP20
Change Component Designator: OldDesignator=JP24 NewDesignator=JP21
Change Component Designator: OldDesignator=JP? NewDesignator=JP11
Change Component Designator: OldDesignator=JP? NewDesignator=JP12
Change Component Designator: OldDesignator=JP? NewDesignator=JP14
Change Component Designator: OldDesignator=JP? NewDesignator=JP15
Change Component Designator: OldDesignator=JP? NewDesignator=JP16
Change Component Designator: OldDesignator=JP? NewDesignator=JP17
Change Component Designator: OldDesignator=JP? NewDesignator=JP18
Change Component Designator: OldDesignator=JP? NewDesignator=JP19
Change Component Designator: OldDesignator=JP? NewDesignator=JP22
Change Component Designator: OldDesignator=JP? NewDesignator=JP23
Change Component Designator: OldDesignator=JP? NewDesignator=JP24
Change Component Designator: OldDesignator=R10 NewDesignator=R11
Change Component Designator: OldDesignator=R11 NewDesignator=R10
Added Member To Class: ClassName=root Member=Component J5 WM4901-ND
Added Member To Class: ClassName=root Member=Component J6 WM4901-ND
Added Member To Class: ClassName=root Member=Component J8 WM4901-ND
Added Member To Class: ClassName=root Member=Component J9 WM4901-ND
Added Member To Class: ClassName=root Member=Component J10 WM4901-ND
Added Member To Class: ClassName=root Member=Component J11 WM4901-ND
Added Member To Class: ClassName=root Member=Component J12 WM4901-ND
Added Member To Class: ClassName=root Member=Component J13 WM4901-ND
Added Member To Class: ClassName=root Member=Component J14 WM4901-ND
Added Member To Class: ClassName=root Member=Component J16 WM4901-ND
Added Member To Class: ClassName=root Member=Component JP11 Testpoint2
Added Member To Class: ClassName=root Member=Component JP12 Testpoint2
Added Member To Class: ClassName=root Member=Component JP14 Testpoint2
Added Member To Class: ClassName=root Member=Component JP15 Testpoint2
Added Member To Class: ClassName=root Member=Component JP16 Testpoint2
Added Member To Class: ClassName=root Member=Component JP17 Testpoint2
Added Member To Class: ClassName=root Member=Component JP18 Testpoint2
Added Member To Class: ClassName=root Member=Component JP20 Testpoint2
Added Member To Class: ClassName=root Member=Component JP22 Testpoint2
Added Member To Class: ClassName=root Member=Component JP23 Testpoint2
Added Member To Class: ClassName=root Member=Component JP24 Testpoint2
