Change Component Designator: Old Designator=C3 New Designator=C6
Change Component Designator: Old Designator=C4 New Designator=C5
Change Component Designator: Old Designator=C? New Designator=C3
Change Component Designator: Old Designator=C? New Designator=C4
Change Component Designator: Old Designator=J3 New Designator=J4
Change Component Designator: Old Designator=J4 New Designator=J5
Change Component Designator: Old Designator=J5 New Designator=J6
Change Component Designator: Old Designator=J6 New Designator=J7
Change Component Designator: Old Designator=J7 New Designator=J3
Change Component Designator: Old Designator=JP6 New Designator=JP7
Change Component Designator: Old Designator=JP7 New Designator=JP8
Change Component Designator: Old Designator=JP8 New Designator=JP9
Change Component Designator: Old Designator=JP9 New Designator=JP10
Change Component Designator: Old Designator=JP10 New Designator=JP11
Change Component Designator: Old Designator=JP11 New Designator=JP12
Change Component Designator: Old Designator=JP12 New Designator=JP13
Change Component Designator: Old Designator=JP? New Designator=JP6
Change Component Designator: Old Designator=R? New Designator=R11
Change Component Designator: Old Designator=R? New Designator=R12
Change Component Designator: Old Designator=U1 New Designator=U2
Change Component Designator: Old Designator=U2 New Designator=U4
Change Component Designator: Old Designator=U? New Designator=U1
