Replace Part C1 0603-1uF-16V in C:\Users\Gaming\Documents\TeamPhantom\Sensors\Rev1\root.SchDoc with 0603-1uF-16V from Capacitors.SchLib
Replace Part C2 0603-1uF-16V in C:\Users\Gaming\Documents\TeamPhantom\Sensors\Rev1\root.SchDoc with 0603-1uF-16V from Capacitors.SchLib
Replace Part C3 0603-1uF-16V in C:\Users\Gaming\Documents\TeamPhantom\Sensors\Rev1\root.SchDoc with 0603-1uF-16V from Capacitors.SchLib
Replace Part C4 0603-0.1uF-16V in C:\Users\Gaming\Documents\TeamPhantom\Sensors\Rev1\root.SchDoc with 0603-0.1uF-16V from Capacitors.SchLib
Replace Part C5 0603-0.1uF-16V in C:\Users\Gaming\Documents\TeamPhantom\Sensors\Rev1\root.SchDoc with 0603-0.1uF-16V from Capacitors.SchLib
Replace Part C6 0603-0.1uF-16V in C:\Users\Gaming\Documents\TeamPhantom\Sensors\Rev1\root.SchDoc with 0603-0.1uF-16V from Capacitors.SchLib
Replace Part C7 0603-0.1uF-16V in C:\Users\Gaming\Documents\TeamPhantom\Sensors\Rev1\root.SchDoc with 0603-0.1uF-16V from Capacitors.SchLib
Replace Part D1 LED-Green in C:\Users\Gaming\Documents\TeamPhantom\Sensors\Rev1\root.SchDoc with LED-Green from LEDs.SchLib
Replace Part D2 LED-Red in C:\Users\Gaming\Documents\TeamPhantom\Sensors\Rev1\root.SchDoc with LED-Red from LEDs.SchLib
Replace Part J1 2X2PIN in C:\Users\Gaming\Documents\TeamPhantom\Sensors\Rev1\root.SchDoc with 2X2PIN from Connectors.SchLib
Replace Part J2 2PIN in C:\Users\Gaming\Documents\TeamPhantom\Sensors\Rev1\root.SchDoc with 2PIN from Connectors.SchLib
Replace Part J3 9PIN in C:\Users\Gaming\Documents\TeamPhantom\Sensors\Rev1\root.SchDoc with 9PIN from New_Parts.SchLib
Replace Part J4 2X2PIN in C:\Users\Gaming\Documents\TeamPhantom\Sensors\Rev1\root.SchDoc with 2X2PIN from Connectors.SchLib
Replace Part J5 2X12PIN in C:\Users\Gaming\Documents\TeamPhantom\Sensors\Rev1\root.SchDoc with 2X12PIN from New_Parts.SchLib
Replace Part J6 2X6PIN in C:\Users\Gaming\Documents\TeamPhantom\Sensors\Rev1\root.SchDoc with 2X6PIN from New_Parts.SchLib
Replace Part JP1 Testpoint2 in C:\Users\Gaming\Documents\TeamPhantom\Sensors\Rev1\root.SchDoc with Testpoint2 from Misc.SchLib
Replace Part JP2 Testpoint2 in C:\Users\Gaming\Documents\TeamPhantom\Sensors\Rev1\root.SchDoc with Testpoint2 from Misc.SchLib
Replace Part JP3 Testpoint2 in C:\Users\Gaming\Documents\TeamPhantom\Sensors\Rev1\root.SchDoc with Testpoint2 from Misc.SchLib
Replace Part JP4 Testpoint2 in C:\Users\Gaming\Documents\TeamPhantom\Sensors\Rev1\root.SchDoc with Testpoint2 from Misc.SchLib
Replace Part JP5 Testpoint2 in C:\Users\Gaming\Documents\TeamPhantom\Sensors\Rev1\root.SchDoc with Testpoint2 from Misc.SchLib
Replace Part JP6 Testpoint2 in C:\Users\Gaming\Documents\TeamPhantom\Sensors\Rev1\root.SchDoc with Testpoint2 from Misc.SchLib
Replace Part JP7 Testpoint2 in C:\Users\Gaming\Documents\TeamPhantom\Sensors\Rev1\root.SchDoc with Testpoint2 from Misc.SchLib
Replace Part JP8 Testpoint2 in C:\Users\Gaming\Documents\TeamPhantom\Sensors\Rev1\root.SchDoc with Testpoint2 from Misc.SchLib
Replace Part JP9 Testpoint2 in C:\Users\Gaming\Documents\TeamPhantom\Sensors\Rev1\root.SchDoc with Testpoint2 from Misc.SchLib
Replace Part JP10 Testpoint2 in C:\Users\Gaming\Documents\TeamPhantom\Sensors\Rev1\root.SchDoc with Testpoint2 from Misc.SchLib
Replace Part JP11 Testpoint2 in C:\Users\Gaming\Documents\TeamPhantom\Sensors\Rev1\root.SchDoc with Testpoint2 from Misc.SchLib
Replace Part JP12 Testpoint2 in C:\Users\Gaming\Documents\TeamPhantom\Sensors\Rev1\root.SchDoc with Testpoint2 from Misc.SchLib
Replace Part JP13 Testpoint2 in C:\Users\Gaming\Documents\TeamPhantom\Sensors\Rev1\root.SchDoc with Testpoint2 from Misc.SchLib
Replace Part MH1 MH4.2mm in C:\Users\Gaming\Documents\TeamPhantom\Sensors\Rev1\root.SchDoc with MH4.2mm from New_Parts.SchLib
Replace Part MH2 MH4.2mm in C:\Users\Gaming\Documents\TeamPhantom\Sensors\Rev1\root.SchDoc with MH4.2mm from New_Parts.SchLib
Replace Part MH3 MH4.2mm in C:\Users\Gaming\Documents\TeamPhantom\Sensors\Rev1\root.SchDoc with MH4.2mm from New_Parts.SchLib
Replace Part MH4 MH4.2mm in C:\Users\Gaming\Documents\TeamPhantom\Sensors\Rev1\root.SchDoc with MH4.2mm from New_Parts.SchLib
Replace Part R1 0603-665R in C:\Users\Gaming\Documents\TeamPhantom\Sensors\Rev1\root.SchDoc with 0603-665R from Resistors.SchLib
Replace Part R2 0603-665R in C:\Users\Gaming\Documents\TeamPhantom\Sensors\Rev1\root.SchDoc with 0603-665R from Resistors.SchLib
Replace Part R3 0603-5KR in C:\Users\Gaming\Documents\TeamPhantom\Sensors\Rev1\root.SchDoc with 0603-5KR from Resistors.SchLib
Replace Part R4 0603-5KR in C:\Users\Gaming\Documents\TeamPhantom\Sensors\Rev1\root.SchDoc with 0603-5KR from Resistors.SchLib
Replace Part R5 0603-665R in C:\Users\Gaming\Documents\TeamPhantom\Sensors\Rev1\root.SchDoc with 0603-665R from Resistors.SchLib
Replace Part R6 0603-665R in C:\Users\Gaming\Documents\TeamPhantom\Sensors\Rev1\root.SchDoc with 0603-665R from Resistors.SchLib
Replace Part R7 0603-665R in C:\Users\Gaming\Documents\TeamPhantom\Sensors\Rev1\root.SchDoc with 0603-665R from Resistors.SchLib
Replace Part R8 0603-665R in C:\Users\Gaming\Documents\TeamPhantom\Sensors\Rev1\root.SchDoc with 0603-665R from Resistors.SchLib
Replace Part R9 0603-665R in C:\Users\Gaming\Documents\TeamPhantom\Sensors\Rev1\root.SchDoc with 0603-665R from Resistors.SchLib
Replace Part R10 0603-200KR in C:\Users\Gaming\Documents\TeamPhantom\Sensors\Rev1\root.SchDoc with 0603-200KR from New_Parts.SchLib
Replace Part R11 0603-665R in C:\Users\Gaming\Documents\TeamPhantom\Sensors\Rev1\root.SchDoc with 0603-665R from Resistors.SchLib
Replace Part R12 0603-665R in C:\Users\Gaming\Documents\TeamPhantom\Sensors\Rev1\root.SchDoc with 0603-665R from Resistors.SchLib
Replace Part R13 0603-5KR in C:\Users\Gaming\Documents\TeamPhantom\Sensors\Rev1\root.SchDoc with 0603-5KR from Resistors.SchLib
Replace Part R14 0603-5KR in C:\Users\Gaming\Documents\TeamPhantom\Sensors\Rev1\root.SchDoc with 0603-5KR from Resistors.SchLib
Replace Part R15 0603-5KR in C:\Users\Gaming\Documents\TeamPhantom\Sensors\Rev1\root.SchDoc with 0603-5KR from Resistors.SchLib
Replace Part R16 0603-5KR in C:\Users\Gaming\Documents\TeamPhantom\Sensors\Rev1\root.SchDoc with 0603-5KR from Resistors.SchLib
Replace Part R17 0603-5KR in C:\Users\Gaming\Documents\TeamPhantom\Sensors\Rev1\root.SchDoc with 0603-5KR from Resistors.SchLib
Replace Part R18 0603-5KR in C:\Users\Gaming\Documents\TeamPhantom\Sensors\Rev1\root.SchDoc with 0603-5KR from Resistors.SchLib
Replace Part R19 0603-5KR in C:\Users\Gaming\Documents\TeamPhantom\Sensors\Rev1\root.SchDoc with 0603-5KR from Resistors.SchLib
Replace Part R20 0603-5KR in C:\Users\Gaming\Documents\TeamPhantom\Sensors\Rev1\root.SchDoc with 0603-5KR from Resistors.SchLib
Replace Part R21 0603-5KR in C:\Users\Gaming\Documents\TeamPhantom\Sensors\Rev1\root.SchDoc with 0603-5KR from Resistors.SchLib
Replace Part U1 LDO-3.3V-800mA in C:\Users\Gaming\Documents\TeamPhantom\Sensors\Rev1\root.SchDoc with LDO-3.3V-800mA from Power.SchLib
Replace Part U2 MUX-SN74LV4051ATDWRQ1 in C:\Users\Gaming\Documents\TeamPhantom\Sensors\Rev1\root.SchDoc with MUX-SN74LV4051ATDWRQ1 from ICs.SchLib
Replace Part U3 IC_NVT2010PW in C:\Users\Gaming\Documents\TeamPhantom\Sensors\Rev1\root.SchDoc with IC_NVT2010PW from New_Parts.SchLib
Replace Part U4 MUX-SN74LV4051ATDWRQ1 in C:\Users\Gaming\Documents\TeamPhantom\Sensors\Rev1\root.SchDoc with MUX-SN74LV4051ATDWRQ1 from ICs.SchLib
Replace Part U5 IC_ADS1115 in C:\Users\Gaming\Documents\TeamPhantom\Sensors\Rev1\root.SchDoc with IC_ADS1115 from New_Parts.SchLib
