Removed Pin From Net: NetName=NetJ3_4 Pin=U1-1
Removed Pin From Net: NetName=NetJ3_3 Pin=U1-2
Removed Pin From Net: NetName=NetJ3_2 Pin=U1-3
Removed Pin From Net: NetName=NetJ3_1 Pin=U1-4
Removed Pin From Net: NetName=TEMP_MUX Pin=U1-5
Removed Pin From Net: NetName=GND Pin=U1-8
Removed Pin From Net: NetName=NetJ3_8 Pin=U1-12
Removed Pin From Net: NetName=NetJ3_7 Pin=U1-13
Removed Pin From Net: NetName=NetJ3_6 Pin=U1-14
Removed Pin From Net: NetName=NetJ3_5 Pin=U1-15
Removed Pin From Net: NetName=ADC_ADDR Pin=U2-1
Removed Pin From Net: NetName=SHOCK_MUX Pin=U2-4
Removed Pin From Net: NetName=TEMP_MUX Pin=U2-5
Removed Pin From Net: NetName=D+5V Pin=U2-8
Removed Pin From Net: NetName=GND Pin=U3-1
Removed Pin From Net: NetName=SHOCK_S1 Pin=U3-2
Removed Pin From Net: NetName=NetJ7_1 Pin=U3-3
Removed Pin From Net: NetName=NetJ7_2 Pin=U3-4
Removed Pin From Net: NetName=NetJ7_3 Pin=U3-5
Removed Pin From Net: NetName=NetJ7_4 Pin=U3-6
Removed Pin From Net: NetName=SHOCK_MUX Pin=U3-7
Removed Pin From Net: NetName=GND Pin=U3-8
Removed Pin From Net: NetName=SHOCK_S0 Pin=U3-14
Change Component Designator: OldDesignator=J1 NewDesignator=J2
Change Component Designator: OldDesignator=J2 NewDesignator=J1
Change Component Designator: OldDesignator=JP3 NewDesignator=JP4
Change Component Designator: OldDesignator=JP4 NewDesignator=JP3
Added Component: Designator=U1(SOT127P400X1000-16N)
Added Component: Designator=U2(VSSOP50P310X310-10P)
Added Component: Designator=U3(SOT127P400X1000-16N)
Added Pin To Net: NetName=D+5V Pin=J2-1
Added Pin To Net: NetName=NetJ3_4 Pin=U1-1
Added Pin To Net: NetName=NetJ3_3 Pin=U1-2
Added Pin To Net: NetName=NetJ3_2 Pin=U1-3
Added Pin To Net: NetName=NetJ3_1 Pin=U1-4
Added Pin To Net: NetName=TEMP_MUX Pin=U1-5
Added Pin To Net: NetName=GND Pin=U1-7
Added Pin To Net: NetName=GND Pin=U1-8
Added Pin To Net: NetName=TEMP_S2 Pin=U1-9
Added Pin To Net: NetName=TEMP_S1 Pin=U1-10
Added Pin To Net: NetName=TEMP_S0 Pin=U1-11
Added Pin To Net: NetName=NetJ3_8 Pin=U1-12
Added Pin To Net: NetName=NetJ3_7 Pin=U1-13
Added Pin To Net: NetName=NetJ3_6 Pin=U1-14
Added Pin To Net: NetName=NetJ3_5 Pin=U1-15
Added Pin To Net: NetName=D+5V Pin=U1-16
Added Pin To Net: NetName=ADC_ADDR Pin=U2-1
Added Pin To Net: NetName=GND Pin=U2-3
Added Pin To Net: NetName=SHOCK_MUX Pin=U2-4
Added Pin To Net: NetName=TEMP_MUX Pin=U2-5
Added Pin To Net: NetName=D+5V Pin=U2-8
Added Pin To Net: NetName=SDA Pin=U2-9
Added Pin To Net: NetName=SCL Pin=U2-10
Added Pin To Net: NetName=GND Pin=U3-1
Added Pin To Net: NetName=SHOCK_S1 Pin=U3-2
Added Pin To Net: NetName=NetJ7_1 Pin=U3-3
Added Pin To Net: NetName=NetJ7_2 Pin=U3-4
Added Pin To Net: NetName=NetJ7_3 Pin=U3-5
Added Pin To Net: NetName=NetJ7_4 Pin=U3-6
Added Pin To Net: NetName=SHOCK_MUX Pin=U3-7
Added Pin To Net: NetName=GND Pin=U3-8
Added Pin To Net: NetName=SHOCK_S0 Pin=U3-14
Added Pin To Net: NetName=D+5V Pin=U3-16
Change Net Name : Old Net Name=NetJ2_1 New Net Name=NetJ1_1
Change Net Name : Old Net Name=NetJ2_2 New Net Name=NetJ1_2
Change Net Name : Old Net Name=NetJ2_3 New Net Name=NetJ1_3
Change Net Name : Old Net Name=NetJ2_4 New Net Name=NetJ1_4
Change Net Name : Old Net Name=NetJ2_5 New Net Name=NetJ1_5
Change Net Name : Old Net Name=NetJ2_6 New Net Name=NetJ1_6
Change Net Name : Old Net Name=NetJ2_7 New Net Name=NetJ1_7
Change Net Name : Old Net Name=NetJ2_8 New Net Name=NetJ1_8
Change Net Name : Old Net Name=NetJ2_9 New Net Name=NetJ1_9
Change Net Name : Old Net Name=NetJ2_10 New Net Name=NetJ1_10
