Removed Pin From Net: NetName=TEMP_4 Pin=J5-1
Removed Pin From Net: NetName=TEMP_3 Pin=J5-2
Removed Pin From Net: NetName=TEMP_2 Pin=J5-3
Removed Pin From Net: NetName=TEMP_1 Pin=J5-4
Removed Pin From Net: NetName=TEMP_5 Pin=J5-21
Removed Pin From Net: NetName=TEMP_6 Pin=J5-22
Removed Pin From Net: NetName=TEMP_7 Pin=J5-23
Removed Pin From Net: NetName=TEMP_8 Pin=J5-24
Removed Pin From Net: NetName=TEMP_1 Pin=JP11-1
Removed Pin From Net: NetName=TEMP_5 Pin=JP12-1
Removed Pin From Net: NetName=TEMP_2 Pin=JP14-1
Removed Pin From Net: NetName=TEMP_6 Pin=JP15-1
Removed Pin From Net: NetName=TEMP_3 Pin=JP19-1
Removed Pin From Net: NetName=TEMP_7 Pin=JP20-1
Removed Pin From Net: NetName=TEMP_4 Pin=JP23-1
Removed Pin From Net: NetName=TEMP_8 Pin=JP24-1
Removed Pin From Net: NetName=SHOCK_4 Pin=U4-3
Removed Pin From Net: NetName=SHOCK_3 Pin=U4-4
Removed Pin From Net: NetName=SHOCK_2 Pin=U4-5
Removed Pin From Net: NetName=SHOCK_1 Pin=U4-6
Added Pin To Net: NetName=TEMP_5 Pin=J5-1
Added Pin To Net: NetName=TEMP_6 Pin=J5-2
Added Pin To Net: NetName=TEMP_7 Pin=J5-3
Added Pin To Net: NetName=TEMP_8 Pin=J5-4
Added Pin To Net: NetName=TEMP_1 Pin=J5-21
Added Pin To Net: NetName=TEMP_2 Pin=J5-22
Added Pin To Net: NetName=TEMP_3 Pin=J5-23
Added Pin To Net: NetName=TEMP_4 Pin=J5-24
Added Pin To Net: NetName=TEMP_8 Pin=JP11-1
Added Pin To Net: NetName=TEMP_1 Pin=JP12-1
Added Pin To Net: NetName=TEMP_7 Pin=JP14-1
Added Pin To Net: NetName=TEMP_2 Pin=JP15-1
Added Pin To Net: NetName=TEMP_6 Pin=JP19-1
Added Pin To Net: NetName=TEMP_3 Pin=JP20-1
Added Pin To Net: NetName=TEMP_5 Pin=JP23-1
Added Pin To Net: NetName=TEMP_4 Pin=JP24-1
Added Pin To Net: NetName=SHOCK_1 Pin=U4-3
Added Pin To Net: NetName=SHOCK_2 Pin=U4-4
Added Pin To Net: NetName=SHOCK_3 Pin=U4-5
Added Pin To Net: NetName=SHOCK_4 Pin=U4-6
