Removed Pin From Net: NetName=ADC_ADDR Pin=U3-1
Removed Pin From Net: NetName=NetR10_1 Pin=U3-2
Removed Pin From Net: NetName=NetR10_1 Pin=U3-3
Removed Pin From Net: NetName=SDA Pin=U3-4
Removed Pin From Net: NetName=SCL Pin=U3-5
Removed Pin From Net: NetName=TEMP_S0 Pin=U3-6
Removed Pin From Net: NetName=TEMP_S1 Pin=U3-7
Removed Pin From Net: NetName=TEMP_S2 Pin=U3-8
Removed Pin From Net: NetName=SHOCK_S0 Pin=U3-9
Removed Pin From Net: NetName=SHOCK_S1 Pin=U3-10
Removed Pin From Net: NetName=TX Pin=U3-11
Removed Pin From Net: NetName=RX Pin=U3-12
Removed Pin From Net: NetName=GND Pin=U3-13
Removed Pin From Net: NetName=ADC_ADDR_PI Pin=U3-14
Removed Pin From Net: NetName=RX_PI Pin=U3-15
Removed Pin From Net: NetName=TX_PI Pin=U3-16
Removed Pin From Net: NetName=SHOCK_S1_PI Pin=U3-17
Removed Pin From Net: NetName=SHOCK_S0_PI Pin=U3-18
Removed Pin From Net: NetName=TEMP_S2__PI Pin=U3-19
Removed Pin From Net: NetName=TEMP_S1_PI Pin=U3-20
Removed Pin From Net: NetName=TEMP_S0_PI Pin=U3-21
Removed Pin From Net: NetName=SDA_PI Pin=U3-22
Removed Pin From Net: NetName=SCL_PI Pin=U3-23
Removed Pin From Net: NetName=D+3.3V Pin=U3-24
Added Pin To Net: NetName=GND Pin=U3-1
Added Pin To Net: NetName=D+3.3V Pin=U3-2
Added Pin To Net: NetName=SCL_PI Pin=U3-3
Added Pin To Net: NetName=SDA_PI Pin=U3-4
Added Pin To Net: NetName=TEMP_S0_PI Pin=U3-5
Added Pin To Net: NetName=TEMP_S1_PI Pin=U3-6
Added Pin To Net: NetName=TEMP_S2__PI Pin=U3-7
Added Pin To Net: NetName=SHOCK_S0_PI Pin=U3-8
Added Pin To Net: NetName=SHOCK_S1_PI Pin=U3-9
Added Pin To Net: NetName=TX_PI Pin=U3-10
Added Pin To Net: NetName=RX_PI Pin=U3-11
Added Pin To Net: NetName=ADC_ADDR_PI Pin=U3-12
Added Pin To Net: NetName=ADC_ADDR Pin=U3-13
Added Pin To Net: NetName=RX Pin=U3-14
Added Pin To Net: NetName=TX Pin=U3-15
Added Pin To Net: NetName=SHOCK_S1 Pin=U3-16
Added Pin To Net: NetName=SHOCK_S0 Pin=U3-17
Added Pin To Net: NetName=TEMP_S2 Pin=U3-18
Added Pin To Net: NetName=TEMP_S1 Pin=U3-19
Added Pin To Net: NetName=TEMP_S0 Pin=U3-20
Added Pin To Net: NetName=SCL Pin=U3-21
Added Pin To Net: NetName=SDA Pin=U3-22
Added Pin To Net: NetName=NetR10_1 Pin=U3-23
Added Pin To Net: NetName=NetR10_1 Pin=U3-24
