Added Class: Name=C1_Nets
Added Class: Name=C2_Nets
Added Class: Name=C3_Nets
Added Class: Name=C4_Nets
Added Class: Name=C5_Nets
Added Class: Name=C6_Nets
Added Class: Name=C7_Nets
Added Class: Name=D1_Nets
Added Class: Name=D2_Nets
Added Class: Name=D3_Nets
Added Class: Name=J1_Nets
Added Class: Name=J2_Nets
Added Class: Name=J3_Nets
Added Class: Name=J4_Nets
Added Class: Name=J5_Nets
Added Class: Name=J6_Nets
Added Class: Name=JP1_Nets
Added Class: Name=JP2_Nets
Added Class: Name=JP3_Nets
Added Class: Name=JP4_Nets
Added Class: Name=JP5_Nets
Added Class: Name=JP6_Nets
Added Class: Name=JP7_Nets
Added Class: Name=JP8_Nets
Added Class: Name=JP9_Nets
Added Class: Name=JP10_Nets
Added Class: Name=JP11_Nets
Added Class: Name=JP12_Nets
Added Class: Name=JP13_Nets
Added Class: Name=JP14_Nets
Added Class: Name=MH1_Nets
Added Class: Name=MH2_Nets
Added Class: Name=MH3_Nets
Added Class: Name=MH4_Nets
Added Class: Name=R1_Nets
Added Class: Name=R2_Nets
Added Class: Name=R3_Nets
Added Class: Name=R4_Nets
Added Class: Name=R5_Nets
Added Class: Name=R6_Nets
Added Class: Name=R7_Nets
Added Class: Name=R8_Nets
Added Class: Name=R9_Nets
Added Class: Name=R10_Nets
Added Class: Name=R11_Nets
Added Class: Name=R12_Nets
Added Class: Name=R13_Nets
Added Class: Name=R14_Nets
Added Class: Name=R15_Nets
Added Class: Name=R16_Nets
Added Class: Name=R17_Nets
Added Class: Name=R18_Nets
Added Class: Name=R19_Nets
Added Class: Name=R20_Nets
Added Class: Name=R21_Nets
Added Class: Name=R22_Nets
Added Class: Name=U1_Nets
Added Class: Name=U2_Nets
Added Class: Name=U3_Nets
Added Class: Name=U4_Nets
Added Class: Name=U5_Nets
