Removed Pin From Net: NetName=D+5V Pin=J5-1
Removed Pin From Net: NetName=GND Pin=J5-2
Removed Pin From Net: NetName=SHOCK_1 Pin=J5-3
Removed Pin From Net: NetName=D+5V Pin=J6-1
Removed Pin From Net: NetName=GND Pin=J6-2
Removed Pin From Net: NetName=TEMP_1 Pin=J6-3
Removed Pin From Net: NetName=D+5V Pin=J7-1
Removed Pin From Net: NetName=GND Pin=J7-2
Removed Pin From Net: NetName=TEMP_2 Pin=J7-3
Removed Pin From Net: NetName=D+5V Pin=J8-1
Removed Pin From Net: NetName=GND Pin=J8-2
Removed Pin From Net: NetName=SHOCK_2 Pin=J8-3
Removed Pin From Net: NetName=D+5V Pin=J9-1
Removed Pin From Net: NetName=GND Pin=J9-2
Removed Pin From Net: NetName=TEMP_3 Pin=J9-3
Removed Pin From Net: NetName=D+5V Pin=J10-1
Removed Pin From Net: NetName=GND Pin=J10-2
Removed Pin From Net: NetName=TEMP_4 Pin=J10-3
Removed Pin From Net: NetName=D+5V Pin=J11-1
Removed Pin From Net: NetName=GND Pin=J11-2
Removed Pin From Net: NetName=SHOCK_3 Pin=J11-3
Removed Pin From Net: NetName=D+5V Pin=J12-1
Removed Pin From Net: NetName=GND Pin=J12-2
Removed Pin From Net: NetName=TEMP_5 Pin=J12-3
Removed Pin From Net: NetName=D+5V Pin=J13-1
Removed Pin From Net: NetName=GND Pin=J13-2
Removed Pin From Net: NetName=TEMP_6 Pin=J13-3
Removed Pin From Net: NetName=D+5V Pin=J14-1
Removed Pin From Net: NetName=GND Pin=J14-2
Removed Pin From Net: NetName=SHOCK_4 Pin=J14-3
Removed Pin From Net: NetName=D+5V Pin=J15-1
Removed Pin From Net: NetName=GND Pin=J15-2
Removed Pin From Net: NetName=TEMP_7 Pin=J15-3
Removed Pin From Net: NetName=D+5V Pin=J16-1
Removed Pin From Net: NetName=GND Pin=J16-2
Removed Pin From Net: NetName=TEMP_8 Pin=J16-3
Removed Pin From Net: NetName=SHOCK_1 Pin=JP11-1
Removed Pin From Net: NetName=TEMP_1 Pin=JP12-1
Removed Pin From Net: NetName=TEMP_2 Pin=JP13-1
Removed Pin From Net: NetName=SHOCK_2 Pin=JP14-1
Removed Pin From Net: NetName=TEMP_3 Pin=JP15-1
Removed Pin From Net: NetName=TEMP_4 Pin=JP16-1
Removed Pin From Net: NetName=SHOCK_3 Pin=JP17-1
Removed Pin From Net: NetName=TEMP_5 Pin=JP18-1
Removed Pin From Net: NetName=TEMP_6 Pin=JP19-1
Removed Pin From Net: NetName=SHOCK_4 Pin=JP22-1
Removed Pin From Net: NetName=TEMP_7 Pin=JP23-1
Removed Pin From Net: NetName=TEMP_8 Pin=JP24-1
Removed Member From Class: ClassName=root Member=J7
Removed Member From Class: ClassName=root Member=J8
Removed Member From Class: ClassName=root Member=J9
Removed Member From Class: ClassName=root Member=J10
Removed Member From Class: ClassName=root Member=J11
Removed Member From Class: ClassName=root Member=J12
Removed Member From Class: ClassName=root Member=J13
Removed Member From Class: ClassName=root Member=J14
Removed Member From Class: ClassName=root Member=J16
Removed Member From Class: ClassName=root Member=JP13
Removed Member From Class: ClassName=root Member=JP15
Removed Member From Class: ClassName=root Member=JP16
Removed Member From Class: ClassName=root Member=JP17
Removed Member From Class: ClassName=root Member=JP18
Removed Member From Class: ClassName=root Member=JP20
Removed Member From Class: ClassName=root Member=JP21
Removed Member From Class: ClassName=root Member=JP22
Removed Member From Class: ClassName=root Member=JP23
Change Component Footprint: Designator=J6 Old Footprint=3PIN New Footprint=2X6PIN
Change Component Footprint: Designator=J5 Old Footprint=3PIN New Footprint=2X12PIN
Change Component Comment : Designator=J5 Old Comment=WM4901-ND New Comment=H2875-ND
Change Component Comment : Designator=J6 Old Comment=WM4901-ND New Comment=WM8263-ND
Change Component Designator: OldDesignator=JP20 NewDesignator=JP11
Change Component Designator: OldDesignator=JP21 NewDesignator=JP12
Change component parameters: Designator = "J6" ("J6"); Footprint = "3PIN"; UniqueID = "\MGWKKETW" ("\MGWKKETW")
Change component parameters (AddParameter): Name = "Color"; Value = "Black"; VariantName = "[No Variations]"
Change component parameters (AddParameter): Name = "ComponentLink1Description"; Value = "http://www.mouser.com/ds/2/276/0901303110_PCB_HEADERS-151522.pdf?src-supplier=Mouser"; VariantName = "[No Variations]"
Change component parameters (AddParameter): Name = "ComponentLink1URL"; Value = "http://www.mouser.com/ds/2/276/0901303110_PCB_HEADERS-151522.pdf?src-supplier=Mouser"; VariantName = "[No Variations]"
Change component parameters (AddParameter): Name = "ComponentLink2Description"; Value = "http://uk.rs-online.com/webdocs/13c4/0900766b813c4c8e.pdf?src-supplier=RSComponents"; VariantName = "[No Variations]"
Change component parameters (AddParameter): Name = "ComponentLink2URL"; Value = "http://uk.rs-online.com/webdocs/13c4/0900766b813c4c8e.pdf?src-supplier=RSComponents"; VariantName = "[No Variations]"
Change component parameters (AddParameter): Name = "ComponentLink3Description"; Value = "http://www.molex.com/webdocs/datasheets/pdf/en-us/0901303110_PCB_HEADERS.pdf?src-supplier=Avnet"; VariantName = "[No Variations]"
Change component parameters (AddParameter): Name = "ComponentLink3URL"; Value = "http://www.molex.com/webdocs/datasheets/pdf/en-us/0901303110_PCB_HEADERS.pdf?src-supplier=Avnet"; VariantName = "[No Variations]"
Change component parameters (AddParameter): Name = "ComponentLink4Description"; Value = "http://www.molex.com/pdm_docs/sd/901303110_sd.pdf?src-supplier=Digi-Key"; VariantName = "[No Variations]"
Change component parameters (AddParameter): Name = "ComponentLink4URL"; Value = "http://www.molex.com/pdm_docs/sd/901303110_sd.pdf?src-supplier=Digi-Key"; VariantName = "[No Variations]"
Change component parameters (AddParameter): Name = "ComponentLink5Description"; Value = "http://www.molex.com/webdocs/datasheets/pdf/en-us/0901303110_PCB_HEADERS.pdf?src-supplier=Avnet+Europe"; VariantName = "[No Variations]"
Change component parameters (AddParameter): Name = "ComponentLink5URL"; Value = "http://www.molex.com/webdocs/datasheets/pdf/en-us/0901303110_PCB_HEADERS.pdf?src-supplier=Avnet+Europe"; VariantName = "[No Variations]"
Change component parameters (AddParameter): Name = "Connector Type"; Value = "Male Pin"; VariantName = "[No Variations]"
Change component parameters (AddParameter): Name = "Contact Material"; Value = "Brass"; VariantName = "[No Variations]"
Change component parameters (AddParameter): Name = "Contact Mating Length"; Value = "0.266inch"; VariantName = "[No Variations]"
Change component parameters (AddParameter): Name = "Contact Plating"; Value = "Tin,Lead"; VariantName = "[No Variations]"
Change component parameters (AddParameter): Name = "Current Rating"; Value = "3A"; VariantName = "[No Variations]"
Change component parameters (AddParameter): Name = "Depth"; Value = "9.75mm"; VariantName = "[No Variations]"
Change component parameters (AddParameter): Name = "Flammability Rating"; Value = "UL94 V-0"; VariantName = "[No Variations]"
Change component parameters (AddParameter): Name = "Gender"; Value = "Male"; VariantName = "[No Variations]"
Change component parameters (AddParameter): Name = "Glow Wire Compliant"; Value = "Non-compliant"; VariantName = "[No Variations]"
Change component parameters (AddParameter): Name = "Housing Color"; Value = "Black"; VariantName = "[No Variations]"
Change component parameters (AddParameter): Name = "Housing Material"; Value = "Polyester"; VariantName = "[No Variations]"
Change component parameters (AddParameter): Name = "Lead Free"; Value = "Lead Free"; VariantName = "[No Variations]"
Change component parameters (AddParameter): Name = "Length"; Value = "15.42mm"; VariantName = "[No Variations]"
Change component parameters (AddParameter): Name = "Manufacturer"; Value = "Molex"; VariantName = "[No Variations]"
Change component parameters (AddParameter): Name = "Manufacturer Part Number"; Value = "90130-3110"; VariantName = "[No Variations]"
Change component parameters (AddParameter): Name = "Max Operating Temperature"; Value = "125°C"; VariantName = "[No Variations]"
Change component parameters (AddParameter): Name = "Max Voltage Rating (AC)"; Value = "350V"; VariantName = "[No Variations]"
Change component parameters (AddParameter): Name = "Max Voltage Rating (DC)"; Value = "350.35kV"; VariantName = "[No Variations]"
Change component parameters (AddParameter): Name = "Min Operating Temperature"; Value = "-55°C"; VariantName = "[No Variations]"
Change component parameters (AddParameter): Name = "Mount"; Value = "Through Hole"; VariantName = "[No Variations]"
Change component parameters (AddParameter): Name = "Number of Circuits"; Value = "10"; VariantName = "[No Variations]"
Change component parameters (AddParameter): Name = "Number of Contacts"; Value = "10"; VariantName = "[No Variations]"
Change component parameters (AddParameter): Name = "Number of Positions"; Value = "10"; VariantName = "[No Variations]"
Change component parameters (AddParameter): Name = "Number of Rows"; Value = "2"; VariantName = "[No Variations]"
Change component parameters (AddParameter): Name = "Orientation"; Value = "Right Angle"; VariantName = "[No Variations]"
Change component parameters (AddParameter): Name = "Package Quantity"; Value = "1"; VariantName = "[No Variations]"
Change component parameters (AddParameter): Name = "Packaging"; Value = "Tray"; VariantName = "[No Variations]"
Change component parameters (AddParameter): Name = "Pitch"; Value = "2.54mm"; VariantName = "[No Variations]"
Change component parameters (AddParameter): Name = "Pricing 1"; Value = "1=1.47, 10=1.329, 100=1.1395, 500=0.94956, 1000=0.8139, 5000=0.72166, 10000=0.70538 (USD)"; VariantName = "[No Variations]"
Change component parameters (AddParameter): Name = "Radiation Hardening"; Value = "No"; VariantName = "[No Variations]"
Change component parameters (AddParameter): Name = "REACH SVHC"; Value = "No SVHC"; VariantName = "[No Variations]"
Change component parameters (AddParameter): Name = "Row Spacing"; Value = "0.1inch"; VariantName = "[No Variations]"
Change component parameters (AddParameter): Name = "Stock 1"; Value = "3596"; VariantName = "[No Variations]"
Change component parameters (AddParameter): Name = "Supplier 1"; Value = "Digi-Key"; VariantName = "[No Variations]"
Change component parameters (AddParameter): Name = "Supplier Part Number 1"; Value = "WM8263-ND"; VariantName = "[No Variations]"
Change component parameters (AddParameter): Name = "Termination"; Value = "Solder"; VariantName = "[No Variations]"
Change component parameters (AddParameter): Name = "Voltage Rating"; Value = "350V"; VariantName = "[No Variations]"
Change component parameters (AddParameter): Name = "Voltage Rating (DC)"; Value = "350V"; VariantName = "[No Variations]"
Change component parameters: Designator = "J5" ("J5"); Footprint = "3PIN"; UniqueID = "\EFTKHTPK" ("\EFTKHTPK")
Change component parameters (AddParameter): Name = "ComponentLink1Description"; Value = "http://docs-usa.electrocomponents.com/techlib:/itc_doclist_US.htm?stockno=6888963&src-supplier=Allied+Electronics"; VariantName = "[No Variations]"
Change component parameters (AddParameter): Name = "ComponentLink1URL"; Value = "http://docs-usa.electrocomponents.com/techlib:/itc_doclist_US.htm?stockno=6888963&src-supplier=Allied+Electronics"; VariantName = "[No Variations]"
Change component parameters (AddParameter): Name = "ComponentLink2Description"; Value = "https://www.verical.com/server-webapp/html/getDatasheet?partID=456315&src-supplier=Verical"; VariantName = "[No Variations]"
Change component parameters (AddParameter): Name = "ComponentLink2URL"; Value = "https://www.verical.com/server-webapp/html/getDatasheet?partID=456315&src-supplier=Verical"; VariantName = "[No Variations]"
Change component parameters (AddParameter): Name = "ComponentLink3Description"; Value = "http://www.hirose.co.jp/cataloge_hp/en_DF11_20130411.pdf?src-supplier=Future+Electronics"; VariantName = "[No Variations]"
Change component parameters (AddParameter): Name = "ComponentLink3URL"; Value = "http://www.hirose.co.jp/cataloge_hp/en_DF11_20130411.pdf?src-supplier=Future+Electronics"; VariantName = "[No Variations]"
Change component parameters (AddParameter): Name = "ComponentLink4Description"; Value = "http://www.farnell.com/datasheets/91550.pdf?src-supplier=Element14"; VariantName = "[No Variations]"
Change component parameters (AddParameter): Name = "ComponentLink4URL"; Value = "http://www.farnell.com/datasheets/91550.pdf?src-supplier=Element14"; VariantName = "[No Variations]"
Change component parameters (AddParameter): Name = "ComponentLink5Description"; Value = "http://www.mouser.com/ds/2/185/DF11_catalog-1064296.pdf?src-supplier=Mouser"; VariantName = "[No Variations]"
Change component parameters (AddParameter): Name = "ComponentLink5URL"; Value = "http://www.mouser.com/ds/2/185/DF11_catalog-1064296.pdf?src-supplier=Mouser"; VariantName = "[No Variations]"
Change component parameters (AddParameter): Name = "ComponentLink6Description"; Value = "http://documents.rs-components.com/techlib://itc_doclist_GB.htm?stockno=6056598&src-supplier=RSComponents"; VariantName = "[No Variations]"
Change component parameters (AddParameter): Name = "ComponentLink6URL"; Value = "http://documents.rs-components.com/techlib://itc_doclist_GB.htm?stockno=6056598&src-supplier=RSComponents"; VariantName = "[No Variations]"
Change component parameters (AddParameter): Name = "Supplier 1"; Value = "Digi-Key"; VariantName = "[No Variations]"
Change component parameters (AddParameter): Name = "Supplier Part Number 1"; Value = "H2875-ND"; VariantName = "[No Variations]"
Added Pin To Net: NetName=TEMP_4 Pin=J5-1
Added Pin To Net: NetName=TEMP_3 Pin=J5-2
Added Pin To Net: NetName=TEMP_2 Pin=J5-3
Added Pin To Net: NetName=TEMP_1 Pin=J5-4
Added Pin To Net: NetName=GND Pin=J5-5
Added Pin To Net: NetName=GND Pin=J5-6
Added Pin To Net: NetName=GND Pin=J5-7
Added Pin To Net: NetName=GND Pin=J5-8
Added Pin To Net: NetName=D+5V Pin=J5-9
Added Pin To Net: NetName=D+5V Pin=J5-10
Added Pin To Net: NetName=D+5V Pin=J5-11
Added Pin To Net: NetName=D+5V Pin=J5-12
Added Pin To Net: NetName=D+5V Pin=J5-13
Added Pin To Net: NetName=D+5V Pin=J5-14
Added Pin To Net: NetName=D+5V Pin=J5-15
Added Pin To Net: NetName=D+5V Pin=J5-16
Added Pin To Net: NetName=GND Pin=J5-17
Added Pin To Net: NetName=GND Pin=J5-18
Added Pin To Net: NetName=GND Pin=J5-19
Added Pin To Net: NetName=GND Pin=J5-20
Added Pin To Net: NetName=TEMP_8 Pin=J5-21
Added Pin To Net: NetName=TEMP_7 Pin=J5-22
Added Pin To Net: NetName=TEMP_6 Pin=J5-23
Added Pin To Net: NetName=TEMP_5 Pin=J5-24
Added Pin To Net: NetName=SHOCK_2 Pin=J6-1
Added Pin To Net: NetName=SHOCK_1 Pin=J6-2
Added Pin To Net: NetName=GND Pin=J6-3
Added Pin To Net: NetName=GND Pin=J6-4
Added Pin To Net: NetName=D+5V Pin=J6-5
Added Pin To Net: NetName=D+5V Pin=J6-6
Added Pin To Net: NetName=D+5V Pin=J6-7
Added Pin To Net: NetName=D+5V Pin=J6-8
Added Pin To Net: NetName=GND Pin=J6-9
Added Pin To Net: NetName=GND Pin=J6-10
Added Pin To Net: NetName=SHOCK_3 Pin=J6-11
Added Pin To Net: NetName=SHOCK_4 Pin=J6-12
Added Member To Class: ClassName=root Member=Component C3 1uF
Added Member To Class: ClassName=root Member=Component R11 200K
