Removed Pin From Net: NetName=SHOCK_S1 Pin=R18-2
Removed Pin From Net: NetName=SHOCK_S0 Pin=R19-2
Removed Pin From Net: NetName=TEMP_S0 Pin=R20-2
Removed Pin From Net: NetName=TEMP_S1 Pin=R21-2
Removed Pin From Net: NetName=TEMP_S2 Pin=R22-2
Removed Pin From Net: NetName=SHOCK_S1_PI Pin=U3-7
Removed Pin From Net: NetName=SHOCK_S0_PI Pin=U3-8
Removed Pin From Net: NetName=TEMP_S0_PI Pin=U3-9
Removed Pin From Net: NetName=TEMP_S1_PI Pin=U3-10
Removed Pin From Net: NetName=TEMP_S2_PI Pin=U3-11
Removed Pin From Net: NetName=TEMP_S2 Pin=U3-14
Removed Pin From Net: NetName=TEMP_S1 Pin=U3-15
Removed Pin From Net: NetName=TEMP_S0 Pin=U3-16
Removed Pin From Net: NetName=SHOCK_S0 Pin=U3-17
Removed Pin From Net: NetName=SHOCK_S1 Pin=U3-18
Added Pin To Net: NetName=TEMP_S0 Pin=R18-2
Added Pin To Net: NetName=TEMP_S1 Pin=R19-2
Added Pin To Net: NetName=TEMP_S2 Pin=R20-2
Added Pin To Net: NetName=SHOCK_S1 Pin=R21-2
Added Pin To Net: NetName=SHOCK_S0 Pin=R22-2
Added Pin To Net: NetName=TEMP_S0_PI Pin=U3-7
Added Pin To Net: NetName=TEMP_S1_PI Pin=U3-8
Added Pin To Net: NetName=TEMP_S2_PI Pin=U3-9
Added Pin To Net: NetName=SHOCK_S1_PI Pin=U3-10
Added Pin To Net: NetName=SHOCK_S0_PI Pin=U3-11
Added Pin To Net: NetName=SHOCK_S0 Pin=U3-14
Added Pin To Net: NetName=SHOCK_S1 Pin=U3-15
Added Pin To Net: NetName=TEMP_S2 Pin=U3-16
Added Pin To Net: NetName=TEMP_S1 Pin=U3-17
Added Pin To Net: NetName=TEMP_S0 Pin=U3-18
