Removed Pin From Net: NetName=TEMP_S0 Pin=R16-2
Removed Pin From Net: NetName=TEMP_S1 Pin=R17-2
Removed Pin From Net: NetName=TEMP_S2 Pin=R18-2
Removed Pin From Net: NetName=SHOCK_S0 Pin=R19-2
Removed Pin From Net: NetName=SHOCK_S1 Pin=R20-2
Removed Pin From Net: NetName=TX Pin=R21-2
Removed Pin From Net: NetName=RX Pin=R22-2
Removed Pin From Net: NetName=TEMP_S0_PI Pin=U3-5
Removed Pin From Net: NetName=TEMP_S1_PI Pin=U3-6
Removed Pin From Net: NetName=TEMP_S2__PI Pin=U3-7
Removed Pin From Net: NetName=SHOCK_S0_PI Pin=U3-8
Removed Pin From Net: NetName=SHOCK_S1_PI Pin=U3-9
Removed Pin From Net: NetName=TX_PI Pin=U3-10
Removed Pin From Net: NetName=RX_PI Pin=U3-11
Removed Pin From Net: NetName=RX Pin=U3-14
Removed Pin From Net: NetName=TX Pin=U3-15
Removed Pin From Net: NetName=SHOCK_S1 Pin=U3-16
Removed Pin From Net: NetName=SHOCK_S0 Pin=U3-17
Removed Pin From Net: NetName=TEMP_S2 Pin=U3-18
Removed Pin From Net: NetName=TEMP_S1 Pin=U3-19
Removed Pin From Net: NetName=TEMP_S0 Pin=U3-20
Added Pin To Net: NetName=TX Pin=R16-2
Added Pin To Net: NetName=RX Pin=R17-2
Added Pin To Net: NetName=TEMP_S0 Pin=R18-2
Added Pin To Net: NetName=TEMP_S1 Pin=R19-2
Added Pin To Net: NetName=TEMP_S2 Pin=R20-2
Added Pin To Net: NetName=SHOCK_S0 Pin=R21-2
Added Pin To Net: NetName=SHOCK_S1 Pin=R22-2
Added Pin To Net: NetName=TX_PI Pin=U3-5
Added Pin To Net: NetName=RX_PI Pin=U3-6
Added Pin To Net: NetName=TEMP_S0_PI Pin=U3-7
Added Pin To Net: NetName=TEMP_S1_PI Pin=U3-8
Added Pin To Net: NetName=TEMP_S2__PI Pin=U3-9
Added Pin To Net: NetName=SHOCK_S0_PI Pin=U3-10
Added Pin To Net: NetName=SHOCK_S1_PI Pin=U3-11
Added Pin To Net: NetName=SHOCK_S1 Pin=U3-14
Added Pin To Net: NetName=SHOCK_S0 Pin=U3-15
Added Pin To Net: NetName=TEMP_S2 Pin=U3-16
Added Pin To Net: NetName=TEMP_S1 Pin=U3-17
Added Pin To Net: NetName=TEMP_S0 Pin=U3-18
Added Pin To Net: NetName=RX Pin=U3-19
Added Pin To Net: NetName=TX Pin=U3-20
