Removed Pin From Net: NetName=SDA_PI Pin=J3-1
Removed Pin From Net: NetName=SCL_PI Pin=J3-2
Removed Pin From Net: NetName=SDA_PI Pin=JP9-1
Removed Pin From Net: NetName=SCL_PI Pin=JP11-1
Removed Pin From Net: NetName=SCL_PI Pin=R3-1
Removed Pin From Net: NetName=SDA_PI Pin=R4-1
Removed Pin From Net: NetName=SCL Pin=R14-1
Removed Pin From Net: NetName=SDA Pin=R15-2
Removed Pin From Net: NetName=TX Pin=R16-2
Removed Pin From Net: NetName=RX Pin=R17-2
Removed Pin From Net: NetName=SDA_PI Pin=U3-3
Removed Pin From Net: NetName=SCL_PI Pin=U3-4
Removed Pin From Net: NetName=TX_PI Pin=U3-5
Removed Pin From Net: NetName=RX_PI Pin=U3-6
Removed Pin From Net: NetName=RX Pin=U3-19
Removed Pin From Net: NetName=TX Pin=U3-20
Removed Pin From Net: NetName=SDA Pin=U3-21
Removed Pin From Net: NetName=SCL Pin=U3-22
Removed Member From Class: ClassName=RPI Member=NetJ3_3
Removed Member From Class: ClassName=RPI Member=NetJ3_4
Added Pin To Net: NetName=SDA_PI Pin=J3-3
Added Pin To Net: NetName=SCL_PI Pin=J3-4
Added Pin To Net: NetName=TX_PI Pin=JP9-1
Added Pin To Net: NetName=RX_PI Pin=JP11-1
Added Pin To Net: NetName=SDA_PI Pin=R3-1
Added Pin To Net: NetName=SCL_PI Pin=R4-1
Added Pin To Net: NetName=TX Pin=R14-1
Added Pin To Net: NetName=RX Pin=R15-2
Added Pin To Net: NetName=SCL Pin=R16-2
Added Pin To Net: NetName=SDA Pin=R17-2
Added Pin To Net: NetName=TX_PI Pin=U3-3
Added Pin To Net: NetName=RX_PI Pin=U3-4
Added Pin To Net: NetName=SDA_PI Pin=U3-5
Added Pin To Net: NetName=SCL_PI Pin=U3-6
Added Pin To Net: NetName=SDA Pin=U3-19
Added Pin To Net: NetName=SCL Pin=U3-20
Added Pin To Net: NetName=RX Pin=U3-21
Added Pin To Net: NetName=TX Pin=U3-22
Added Pin To Net: NetName=NetJ3_1 Pin=J3-1
Added Pin To Net: NetName=NetJ3_1 Pin=R6-2
Added Net: Name=NetJ3_1
Added Pin To Net: NetName=NetJ3_2 Pin=J3-2
Added Pin To Net: NetName=NetJ3_2 Pin=R7-2
Added Net: Name=NetJ3_2
Added Member To Class: ClassName=RPI Member=Wire NetJ3_1
Added Member To Class: ClassName=RPI Member=Wire NetJ3_2
