Change Component Designator: Old Designator=C2 New Designator=C4
Change Component Designator: Old Designator=C3 New Designator=C6
Change Component Designator: Old Designator=C4 New Designator=C7
Change Component Designator: Old Designator=C? New Designator=C2
Change Component Designator: Old Designator=C? New Designator=C3
Change Component Designator: Old Designator=C? New Designator=C5
Change Component Designator: Old Designator=J1 New Designator=J2
Change Component Designator: Old Designator=J2 New Designator=J1
Change Component Designator: Old Designator=J3 New Designator=J6
Change Component Designator: Old Designator=J6 New Designator=J7
Change Component Designator: Old Designator=J7 New Designator=J3
Change Component Designator: Old Designator=JP1 New Designator=JP2
Change Component Designator: Old Designator=JP2 New Designator=JP4
Change Component Designator: Old Designator=JP3 New Designator=JP5
Change Component Designator: Old Designator=JP4 New Designator=JP3
Change Component Designator: Old Designator=JP5 New Designator=JP6
Change Component Designator: Old Designator=JP6 New Designator=JP7
Change Component Designator: Old Designator=JP7 New Designator=JP8
Change Component Designator: Old Designator=JP8 New Designator=JP9
Change Component Designator: Old Designator=JP9 New Designator=JP10
Change Component Designator: Old Designator=JP10 New Designator=JP11
Change Component Designator: Old Designator=JP11 New Designator=JP12
Change Component Designator: Old Designator=JP12 New Designator=JP13
Change Component Designator: Old Designator=JP? New Designator=JP1
Change Component Designator: Old Designator=R1 New Designator=R3
Change Component Designator: Old Designator=R2 New Designator=R4
Change Component Designator: Old Designator=R3 New Designator=R6
Change Component Designator: Old Designator=R4 New Designator=R7
Change Component Designator: Old Designator=R5 New Designator=R8
Change Component Designator: Old Designator=R6 New Designator=R19
Change Component Designator: Old Designator=R7 New Designator=R20
Change Component Designator: Old Designator=R8 New Designator=R21
Change Component Designator: Old Designator=R? New Designator=R1
Change Component Designator: Old Designator=R? New Designator=R2
Change Component Designator: Old Designator=R? New Designator=R5
Change Component Designator: Old Designator=R? New Designator=R9
Change Component Designator: Old Designator=R? New Designator=R10
Change Component Designator: Old Designator=R? New Designator=R11
Change Component Designator: Old Designator=R? New Designator=R12
Change Component Designator: Old Designator=R? New Designator=R13
Change Component Designator: Old Designator=R? New Designator=R14
Change Component Designator: Old Designator=R? New Designator=R15
Change Component Designator: Old Designator=R? New Designator=R16
Change Component Designator: Old Designator=R? New Designator=R17
Change Component Designator: Old Designator=R? New Designator=R18
Change Component Designator: Old Designator=U1 New Designator=U2
Change Component Designator: Old Designator=U2 New Designator=U4
Change Component Designator: Old Designator=U3 New Designator=U5
Change Component Designator: Old Designator=U? New Designator=U1
Change Component Designator: Old Designator=U? New Designator=U3
