Change Component Designator: Old Designator=D? New Designator=D1
Change Component Designator: Old Designator=D? New Designator=D2
Change Component Designator: Old Designator=J? New Designator=J8
Change Component Designator: Old Designator=JP4 New Designator=JP9
Change Component Designator: Old Designator=JP5 New Designator=JP10
Change Component Designator: Old Designator=JP6 New Designator=JP11
Change Component Designator: Old Designator=JP7 New Designator=JP13
Change Component Designator: Old Designator=JP8 New Designator=JP12
Change Component Designator: Old Designator=JP9 New Designator=JP4
Change Component Designator: Old Designator=JP10 New Designator=JP5
Change Component Designator: Old Designator=JP11 New Designator=JP6
Change Component Designator: Old Designator=JP12 New Designator=JP8
Change Component Designator: Old Designator=JP13 New Designator=JP7
Change Component Designator: Old Designator=R1 New Designator=R2
Change Component Designator: Old Designator=R2 New Designator=R3
Change Component Designator: Old Designator=R3 New Designator=R4
Change Component Designator: Old Designator=R4 New Designator=R5
Change Component Designator: Old Designator=R5 New Designator=R9
Change Component Designator: Old Designator=R9 New Designator=R12
Change Component Designator: Old Designator=R10 New Designator=R13
Change Component Designator: Old Designator=R11 New Designator=R15
Change Component Designator: Old Designator=R12 New Designator=R16
Change Component Designator: Old Designator=R13 New Designator=R17
Change Component Designator: Old Designator=R14 New Designator=R18
Change Component Designator: Old Designator=R15 New Designator=R19
Change Component Designator: Old Designator=R16 New Designator=R20
Change Component Designator: Old Designator=R17 New Designator=R21
Change Component Designator: Old Designator=R18 New Designator=R22
Change Component Designator: Old Designator=R19 New Designator=R10
Change Component Designator: Old Designator=R20 New Designator=R11
Change Component Designator: Old Designator=R21 New Designator=R14
Change Component Designator: Old Designator=R? New Designator=R1
