Remove Pin=R5-1 From Net=TEMP_S0_PI
Remove Pin=R6-1 From Net=TEMP_S1_PI
Remove Pin=R7-1 From Net=TEMP_S2__PI
Remove Pin=R8-1 From Net=SHOCK_S0_PI
Remove Pin=R9-1 From Net=SHOCK_S1_PI
Remove Pin=R11-1 From Net=TX_PI
Remove Pin=R12-1 From Net=RX_PI
Remove Pin=R15-1 From Net=ADC_ADDR_PI
Remove Pin=U2-1 From Net=TEMP_4
Remove Pin=U2-2 From Net=TEMP_3
Remove Pin=U2-3 From Net=TEMP_2
Remove Pin=U2-4 From Net=TEMP_1
Remove Pin=U2-5 From Net=TEMP_MUX
Remove Pin=U2-12 From Net=TEMP_8
Remove Pin=U2-13 From Net=TEMP_7
Remove Pin=U2-14 From Net=TEMP_6
Remove Pin=U2-15 From Net=TEMP_5
Remove Pin=U3-3 From Net=SCL_PI
Remove Pin=U3-4 From Net=SDA_PI
Remove Pin=U3-5 From Net=TEMP_S0_PI
Remove Pin=U3-6 From Net=TEMP_S1_PI
Remove Pin=U3-7 From Net=TEMP_S2__PI
Remove Pin=U3-8 From Net=SHOCK_S0_PI
Remove Pin=U3-9 From Net=SHOCK_S1_PI
Remove Pin=U3-10 From Net=TX_PI
Remove Pin=U3-11 From Net=RX_PI
Remove Pin=U3-12 From Net=ADC_ADDR_PI
Remove Pin=U4-3 From Net=SHOCK_4
Remove Pin=U4-4 From Net=SHOCK_3
Remove Pin=U4-5 From Net=SHOCK_2
Remove Pin=U4-6 From Net=SHOCK_1
Remove Pin=U4-7 From Net=SHOCK_MUX
Remove Pin=U5-4 From Net=SHOCK_MUX
Remove Pin=U5-5 From Net=TEMP_MUX
Remove Pin=U5-9 From Net=SDA
Remove Pin=U5-10 From Net=SCL
