Change Component Designator: Old Designator=C1 New Designator=C3
Change Component Designator: Old Designator=C2 New Designator=C1
Change Component Designator: Old Designator=C3 New Designator=C2
Change Component Designator: Old Designator=J4 New Designator=J5
Change Component Designator: Old Designator=J5 New Designator=J4
Change Component Designator: Old Designator=J? New Designator=J6
Change Component Designator: Old Designator=JP4 New Designator=JP6
Change Component Designator: Old Designator=JP5 New Designator=JP7
Change Component Designator: Old Designator=JP6 New Designator=JP8
Change Component Designator: Old Designator=JP7 New Designator=JP4
Change Component Designator: Old Designator=JP8 New Designator=JP5
Change Component Designator: Old Designator=JP11 New Designator=JP13
Change Component Designator: Old Designator=JP12 New Designator=JP16
Change Component Designator: Old Designator=JP13 New Designator=JP25
Change Component Designator: Old Designator=JP? New Designator=JP11
Change Component Designator: Old Designator=JP? New Designator=JP12
Change Component Designator: Old Designator=JP? New Designator=JP14
Change Component Designator: Old Designator=JP? New Designator=JP15
Change Component Designator: Old Designator=JP? New Designator=JP17
Change Component Designator: Old Designator=JP? New Designator=JP18
Change Component Designator: Old Designator=JP? New Designator=JP19
Change Component Designator: Old Designator=JP? New Designator=JP20
Change Component Designator: Old Designator=JP? New Designator=JP21
Change Component Designator: Old Designator=JP? New Designator=JP22
Change Component Designator: Old Designator=JP? New Designator=JP23
Change Component Designator: Old Designator=JP? New Designator=JP24
Change Component Designator: Old Designator=R9 New Designator=R10
Change Component Designator: Old Designator=R10 New Designator=R9
Change Component Designator: Old Designator=R12 New Designator=R13
Change Component Designator: Old Designator=R13 New Designator=R14
Change Component Designator: Old Designator=R14 New Designator=R12
Change Component Designator: Old Designator=R15 New Designator=R16
Change Component Designator: Old Designator=R16 New Designator=R17
Change Component Designator: Old Designator=R17 New Designator=R15
