Change Component Designator: Old Designator=C5 New Designator=C3
Change Component Designator: Old Designator=C6 New Designator=C4
Change Component Designator: Old Designator=J? New Designator=J1
Change Component Designator: Old Designator=JP7 New Designator=JP6
Change Component Designator: Old Designator=JP8 New Designator=JP7
Change Component Designator: Old Designator=JP9 New Designator=JP8
Change Component Designator: Old Designator=JP10 New Designator=JP9
Change Component Designator: Old Designator=JP11 New Designator=JP10
Change Component Designator: Old Designator=JP12 New Designator=JP11
Change Component Designator: Old Designator=JP13 New Designator=JP12
Change Component Designator: Old Designator=R3 New Designator=R1
Change Component Designator: Old Designator=R4 New Designator=R2
Change Component Designator: Old Designator=R5 New Designator=R3
Change Component Designator: Old Designator=R6 New Designator=R4
Change Component Designator: Old Designator=R7 New Designator=R5
Change Component Designator: Old Designator=R8 New Designator=R6
Change Component Designator: Old Designator=R9 New Designator=R7
Change Component Designator: Old Designator=R10 New Designator=R8
Change Component Designator: Old Designator=R? New Designator=R9
Change Component Designator: Old Designator=R? New Designator=R10
Change Component Designator: Old Designator=U2 New Designator=U1
Change Component Designator: Old Designator=U3 New Designator=U2
Change Component Designator: Old Designator=U4 New Designator=U3
