Replace Part C1 0603-0.1uF-16V in C:\Users\Gaming\Documents\TeamPhantom\Sensors\DAQ-2-A\ADC_Level.SchDoc with 0603-0.1uF-16V from Capacitors.SchLib
Replace Part C2 0603-0.1uF-16V in C:\Users\Gaming\Documents\TeamPhantom\Sensors\DAQ-2-A\ADC_Level.SchDoc with 0603-0.1uF-16V from Capacitors.SchLib
Replace Part C3 0603-0.1uF-16V in C:\Users\Gaming\Documents\TeamPhantom\Sensors\DAQ-2-A\ADC_Level.SchDoc with 0603-0.1uF-16V from Capacitors.SchLib
Replace Part C4 0603-0.1uF-16V in C:\Users\Gaming\Documents\TeamPhantom\Sensors\DAQ-2-A\ADC_Level.SchDoc with 0603-0.1uF-16V from Capacitors.SchLib
Replace Part C5 0603-0.1uF-16V in C:\Users\Gaming\Documents\TeamPhantom\Sensors\DAQ-2-A\ADC_Level.SchDoc with 0603-0.1uF-16V from Capacitors.SchLib
Replace Part C6 0603-0.1uF-16V in C:\Users\Gaming\Documents\TeamPhantom\Sensors\DAQ-2-A\ADC_Level.SchDoc with 0603-0.1uF-16V from Capacitors.SchLib
Replace Part JP2 Testpoint2 in C:\Users\Gaming\Documents\TeamPhantom\Sensors\DAQ-2-A\ADC_Level.SchDoc with Testpoint2 from Misc.SchLib
Replace Part JP3 Testpoint2 in C:\Users\Gaming\Documents\TeamPhantom\Sensors\DAQ-2-A\ADC_Level.SchDoc with Testpoint2 from Misc.SchLib
Replace Part JP4 Testpoint2 in C:\Users\Gaming\Documents\TeamPhantom\Sensors\DAQ-2-A\ADC_Level.SchDoc with Testpoint2 from Misc.SchLib
Replace Part JP5 Testpoint2 in C:\Users\Gaming\Documents\TeamPhantom\Sensors\DAQ-2-A\ADC_Level.SchDoc with Testpoint2 from Misc.SchLib
Replace Part JP6 Testpoint2 in C:\Users\Gaming\Documents\TeamPhantom\Sensors\DAQ-2-A\ADC_Level.SchDoc with Testpoint2 from Misc.SchLib
Replace Part JP7 Testpoint2 in C:\Users\Gaming\Documents\TeamPhantom\Sensors\DAQ-2-A\ADC_Level.SchDoc with Testpoint2 from Misc.SchLib
Replace Part R1 0603-200KR in C:\Users\Gaming\Documents\TeamPhantom\Sensors\DAQ-2-A\ADC_Level.SchDoc with 0603-200KR from New_Parts.SchLib
Replace Part R2 0603-5KR in C:\Users\Gaming\Documents\TeamPhantom\Sensors\DAQ-2-A\ADC_Level.SchDoc with 0603-5KR from Resistors.SchLib
Replace Part R3 0603-5KR in C:\Users\Gaming\Documents\TeamPhantom\Sensors\DAQ-2-A\ADC_Level.SchDoc with 0603-5KR from Resistors.SchLib
Replace Part R4 0603-5KR in C:\Users\Gaming\Documents\TeamPhantom\Sensors\DAQ-2-A\ADC_Level.SchDoc with 0603-5KR from Resistors.SchLib
Replace Part R5 0603-5KR in C:\Users\Gaming\Documents\TeamPhantom\Sensors\DAQ-2-A\ADC_Level.SchDoc with 0603-5KR from Resistors.SchLib
Replace Part R6 0603-5KR in C:\Users\Gaming\Documents\TeamPhantom\Sensors\DAQ-2-A\ADC_Level.SchDoc with 0603-5KR from Resistors.SchLib
Replace Part R7 0603-5KR in C:\Users\Gaming\Documents\TeamPhantom\Sensors\DAQ-2-A\ADC_Level.SchDoc with 0603-5KR from Resistors.SchLib
Replace Part R8 0603-5KR in C:\Users\Gaming\Documents\TeamPhantom\Sensors\DAQ-2-A\ADC_Level.SchDoc with 0603-5KR from Resistors.SchLib
Replace Part R9 0603-5KR in C:\Users\Gaming\Documents\TeamPhantom\Sensors\DAQ-2-A\ADC_Level.SchDoc with 0603-5KR from Resistors.SchLib
Replace Part R10 0603-5KR in C:\Users\Gaming\Documents\TeamPhantom\Sensors\DAQ-2-A\ADC_Level.SchDoc with 0603-5KR from Resistors.SchLib
Replace Part R11 0603-5KR in C:\Users\Gaming\Documents\TeamPhantom\Sensors\DAQ-2-A\ADC_Level.SchDoc with 0603-5KR from Resistors.SchLib
Replace Part U1 IC_NVT2010PW in C:\Users\Gaming\Documents\TeamPhantom\Sensors\DAQ-2-A\ADC_Level.SchDoc with IC_NVT2010PW from New_Parts.SchLib
Replace Part U2 MUX-SN74LV4051ATDWRQ1 in C:\Users\Gaming\Documents\TeamPhantom\Sensors\DAQ-2-A\ADC_Level.SchDoc with MUX-SN74LV4051ATDWRQ1 from ICs.SchLib
Replace Part U3 MUX-SN74LV4051ATDWRQ1 in C:\Users\Gaming\Documents\TeamPhantom\Sensors\DAQ-2-A\ADC_Level.SchDoc with MUX-SN74LV4051ATDWRQ1 from ICs.SchLib
Replace Part U4 IC_ADS1115 in C:\Users\Gaming\Documents\TeamPhantom\Sensors\DAQ-2-A\ADC_Level.SchDoc with IC_ADS1115 from New_Parts.SchLib
Replace Part U5 IC_ADS1115 in C:\Users\Gaming\Documents\TeamPhantom\Sensors\DAQ-2-A\ADC_Level.SchDoc with IC_ADS1115 from New_Parts.SchLib
Replace Part U6 MUX-SN74LV4051ATDWRQ1 in C:\Users\Gaming\Documents\TeamPhantom\Sensors\DAQ-2-A\ADC_Level.SchDoc with MUX-SN74LV4051ATDWRQ1 from ICs.SchLib
