Change Component Designator: Old Designator=C2 New Designator=C5
Change Component Designator: Old Designator=C3 New Designator=C4
Change Component Designator: Old Designator=C4 New Designator=C6
Change Component Designator: Old Designator=C5 New Designator=C7
Change Component Designator: Old Designator=C6 New Designator=C8
Change Component Designator: Old Designator=C? New Designator=C2
Change Component Designator: Old Designator=C? New Designator=C3
Change Component Designator: Old Designator=D? New Designator=D1
Change Component Designator: Old Designator=D? New Designator=D2
Change Component Designator: Old Designator=JP2 New Designator=JP5
Change Component Designator: Old Designator=JP3 New Designator=JP6
Change Component Designator: Old Designator=JP4 New Designator=JP2
Change Component Designator: Old Designator=JP5 New Designator=JP7
Change Component Designator: Old Designator=JP6 New Designator=JP3
Change Component Designator: Old Designator=JP7 New Designator=JP4
Change Component Designator: Old Designator=R2 New Designator=R4
Change Component Designator: Old Designator=R3 New Designator=R5
Change Component Designator: Old Designator=R4 New Designator=R6
Change Component Designator: Old Designator=R5 New Designator=R7
Change Component Designator: Old Designator=R6 New Designator=R8
Change Component Designator: Old Designator=R7 New Designator=R9
Change Component Designator: Old Designator=R8 New Designator=R10
Change Component Designator: Old Designator=R9 New Designator=R11
Change Component Designator: Old Designator=R10 New Designator=R12
Change Component Designator: Old Designator=R11 New Designator=R13
Change Component Designator: Old Designator=R? New Designator=R2
Change Component Designator: Old Designator=R? New Designator=R3
Change Component Designator: Old Designator=U1 New Designator=U2
Change Component Designator: Old Designator=U2 New Designator=U6
Change Component Designator: Old Designator=U6 New Designator=U7
Change Component Designator: Old Designator=U? New Designator=U1
