Change Component Designator: Old Designator=C14 New Designator=C10
Change Component Designator: Old Designator=J7 New Designator=J3
Change Component Designator: Old Designator=J8 New Designator=J1
Change Component Designator: Old Designator=J9 New Designator=J2
Change Component Designator: Old Designator=J10 New Designator=J4
Change Component Designator: Old Designator=J11 New Designator=J5
Change Component Designator: Old Designator=J12 New Designator=J6
Change Component Designator: Old Designator=J13 New Designator=J7
Change Component Designator: Old Designator=J14 New Designator=J8
Change Component Designator: Old Designator=J15 New Designator=J9
Change Component Designator: Old Designator=J16 New Designator=J10
Change Component Designator: Old Designator=J17 New Designator=J11
Change Component Designator: Old Designator=J18 New Designator=J13
Change Component Designator: Old Designator=J19 New Designator=J14
Change Component Designator: Old Designator=J20 New Designator=J15
Change Component Designator: Old Designator=J21 New Designator=J16
Change Component Designator: Old Designator=J22 New Designator=J17
Change Component Designator: Old Designator=J23 New Designator=J18
Change Component Designator: Old Designator=J24 New Designator=J19
Change Component Designator: Old Designator=J25 New Designator=J20
Change Component Designator: Old Designator=J26 New Designator=J21
Change Component Designator: Old Designator=J27 New Designator=J22
Change Component Designator: Old Designator=J28 New Designator=J23
Change Component Designator: Old Designator=J29 New Designator=J24
Change Component Designator: Old Designator=J30 New Designator=J25
Change Component Designator: Old Designator=J31 New Designator=J26
Change Component Designator: Old Designator=J32 New Designator=J27
Change Component Designator: Old Designator=J33 New Designator=J28
Change Component Designator: Old Designator=J? New Designator=J12
Change Component Designator: Old Designator=JP20 New Designator=JP10
Change Component Designator: Old Designator=JP21 New Designator=JP12
Change Component Designator: Old Designator=JP22 New Designator=JP9
Change Component Designator: Old Designator=JP23 New Designator=JP11
Change Component Designator: Old Designator=R22 New Designator=R13
Change Component Designator: Old Designator=R23 New Designator=R14
