Change component parameters: Designator = "J3" ("J3"); Footprint = "1X3_1.25MM"; UniqueID = "\HSGTUDNO\TBUEPSSW" ("\HSGTUDNO\TBUEPSSW")
Change component parameters (AddParameter): Name = "Supplier 1"; Value = "Digi-Key"; VariantName = "[No Variations]"
Change component parameters (AddParameter): Name = "Supplier Part Number 1"; Value = "WM1743-ND"; VariantName = "[No Variations]"
Change component parameters: Designator = "J4" ("J4"); Footprint = "1X3_1.25MM"; UniqueID = "\HSGTUDNO\SRGNAGVC" ("\HSGTUDNO\SRGNAGVC")
Change component parameters (AddParameter): Name = "Supplier 1"; Value = "Digi-Key"; VariantName = "[No Variations]"
Change component parameters (AddParameter): Name = "Supplier Part Number 1"; Value = "WM1743-ND"; VariantName = "[No Variations]"
Change component parameters: Designator = "J5" ("J5"); Footprint = "1X3_1.25MM"; UniqueID = "\HSGTUDNO\RILROHZR" ("\HSGTUDNO\RILROHZR")
Change component parameters (AddParameter): Name = "Supplier 1"; Value = "Digi-Key"; VariantName = "[No Variations]"
Change component parameters (AddParameter): Name = "Supplier Part Number 1"; Value = "WM1743-ND"; VariantName = "[No Variations]"
Change component parameters: Designator = "J6" ("J6"); Footprint = "1X3_1.25MM"; UniqueID = "\HSGTUDNO\RHYHDXJS" ("\HSGTUDNO\RHYHDXJS")
Change component parameters (AddParameter): Name = "Supplier 1"; Value = "Digi-Key"; VariantName = "[No Variations]"
Change component parameters (AddParameter): Name = "Supplier Part Number 1"; Value = "WM1743-ND"; VariantName = "[No Variations]"
Change component parameters: Designator = "J7" ("J7"); Footprint = "1X3_1.25MM"; UniqueID = "\HSGTUDNO\UOBIIBGV" ("\HSGTUDNO\UOBIIBGV")
Change component parameters (AddParameter): Name = "Supplier 1"; Value = "Digi-Key"; VariantName = "[No Variations]"
Change component parameters (AddParameter): Name = "Supplier Part Number 1"; Value = "WM1743-ND"; VariantName = "[No Variations]"
Change component parameters: Designator = "J8" ("J8"); Footprint = "1X3_1.25MM"; UniqueID = "\HSGTUDNO\NYXDNZGF" ("\HSGTUDNO\NYXDNZGF")
Change component parameters (AddParameter): Name = "Supplier 1"; Value = "Digi-Key"; VariantName = "[No Variations]"
Change component parameters (AddParameter): Name = "Supplier Part Number 1"; Value = "WM1743-ND"; VariantName = "[No Variations]"
Change component parameters: Designator = "J9" ("J9"); Footprint = "1X3_1.25MM"; UniqueID = "\HSGTUDNO\RHQLGPKB" ("\HSGTUDNO\RHQLGPKB")
Change component parameters (AddParameter): Name = "Supplier 1"; Value = "Digi-Key"; VariantName = "[No Variations]"
Change component parameters (AddParameter): Name = "Supplier Part Number 1"; Value = "WM1743-ND"; VariantName = "[No Variations]"
Change component parameters: Designator = "J10" ("J10"); Footprint = "1X3_1.25MM"; UniqueID = "\HSGTUDNO\KCCSBIOU" ("\HSGTUDNO\KCCSBIOU")
Change component parameters (AddParameter): Name = "Supplier 1"; Value = "Digi-Key"; VariantName = "[No Variations]"
Change component parameters (AddParameter): Name = "Supplier Part Number 1"; Value = "WM1743-ND"; VariantName = "[No Variations]"
Change component parameters: Designator = "J11" ("J11"); Footprint = "1X3_1.25MM"; UniqueID = "\HSGTUDNO\JOTOVLBE" ("\HSGTUDNO\JOTOVLBE")
Change component parameters (AddParameter): Name = "Supplier 1"; Value = "Digi-Key"; VariantName = "[No Variations]"
Change component parameters (AddParameter): Name = "Supplier Part Number 1"; Value = "WM1743-ND"; VariantName = "[No Variations]"
Change component parameters: Designator = "J12" ("J12"); Footprint = "1X3_1.25MM"; UniqueID = "\HSGTUDNO\SBFYBYEW" ("\HSGTUDNO\SBFYBYEW")
Change component parameters (AddParameter): Name = "Supplier 1"; Value = "Digi-Key"; VariantName = "[No Variations]"
Change component parameters (AddParameter): Name = "Supplier Part Number 1"; Value = "WM1743-ND"; VariantName = "[No Variations]"
Change component parameters: Designator = "J13" ("J13"); Footprint = "1X3_1.25MM"; UniqueID = "\HSGTUDNO\WJSZXXHR" ("\HSGTUDNO\WJSZXXHR")
Change component parameters (AddParameter): Name = "Supplier 1"; Value = "Digi-Key"; VariantName = "[No Variations]"
Change component parameters (AddParameter): Name = "Supplier Part Number 1"; Value = "WM1743-ND"; VariantName = "[No Variations]"
Change component parameters: Designator = "J14" ("J14"); Footprint = "1X3_1.25MM"; UniqueID = "\HSGTUDNO\QAPMTMCT" ("\HSGTUDNO\QAPMTMCT")
Change component parameters (AddParameter): Name = "Supplier 1"; Value = "Digi-Key"; VariantName = "[No Variations]"
Change component parameters (AddParameter): Name = "Supplier Part Number 1"; Value = "WM1743-ND"; VariantName = "[No Variations]"
Change component parameters: Designator = "J15" ("J15"); Footprint = "1X3_1.25MM"; UniqueID = "\HSGTUDNO\ULXMXUUU" ("\HSGTUDNO\ULXMXUUU")
Change component parameters (AddParameter): Name = "Supplier 1"; Value = "Digi-Key"; VariantName = "[No Variations]"
Change component parameters (AddParameter): Name = "Supplier Part Number 1"; Value = "WM1743-ND"; VariantName = "[No Variations]"
Change component parameters: Designator = "J16" ("J16"); Footprint = "1X3_1.25MM"; UniqueID = "\HSGTUDNO\ZCORLXNI" ("\HSGTUDNO\ZCORLXNI")
Change component parameters (AddParameter): Name = "Supplier 1"; Value = "Digi-Key"; VariantName = "[No Variations]"
Change component parameters (AddParameter): Name = "Supplier Part Number 1"; Value = "WM1743-ND"; VariantName = "[No Variations]"
Change component parameters: Designator = "J17" ("J17"); Footprint = "1X3_1.25MM"; UniqueID = "\HSGTUDNO\HKSWIJFK" ("\HSGTUDNO\HKSWIJFK")
Change component parameters (AddParameter): Name = "Supplier 1"; Value = "Digi-Key"; VariantName = "[No Variations]"
Change component parameters (AddParameter): Name = "Supplier Part Number 1"; Value = "WM1743-ND"; VariantName = "[No Variations]"
Change component parameters: Designator = "J18" ("J18"); Footprint = "1X3_1.25MM"; UniqueID = "\HSGTUDNO\GHKQSPPE" ("\HSGTUDNO\GHKQSPPE")
Change component parameters (AddParameter): Name = "Supplier 1"; Value = "Digi-Key"; VariantName = "[No Variations]"
Change component parameters (AddParameter): Name = "Supplier Part Number 1"; Value = "WM1743-ND"; VariantName = "[No Variations]"
Change component parameters: Designator = "J19" ("J19"); Footprint = "1X3_1.25MM"; UniqueID = "\HSGTUDNO\ZYOMCEVB" ("\HSGTUDNO\ZYOMCEVB")
Change component parameters (AddParameter): Name = "Supplier 1"; Value = "Digi-Key"; VariantName = "[No Variations]"
Change component parameters (AddParameter): Name = "Supplier Part Number 1"; Value = "WM1743-ND"; VariantName = "[No Variations]"
Change component parameters: Designator = "J20" ("J20"); Footprint = "1X3_1.25MM"; UniqueID = "\HSGTUDNO\CUIOWHPF" ("\HSGTUDNO\CUIOWHPF")
Change component parameters (AddParameter): Name = "Supplier 1"; Value = "Digi-Key"; VariantName = "[No Variations]"
Change component parameters (AddParameter): Name = "Supplier Part Number 1"; Value = "WM1743-ND"; VariantName = "[No Variations]"
Change component parameters: Designator = "J21" ("J21"); Footprint = "1X3_1.25MM"; UniqueID = "\HSGTUDNO\LIOIWGUJ" ("\HSGTUDNO\LIOIWGUJ")
Change component parameters (AddParameter): Name = "Supplier 1"; Value = "Digi-Key"; VariantName = "[No Variations]"
Change component parameters (AddParameter): Name = "Supplier Part Number 1"; Value = "WM1743-ND"; VariantName = "[No Variations]"
Change component parameters: Designator = "J22" ("J22"); Footprint = "1X3_1.25MM"; UniqueID = "\HSGTUDNO\SPCLHQFS" ("\HSGTUDNO\SPCLHQFS")
Change component parameters (AddParameter): Name = "Supplier 1"; Value = "Digi-Key"; VariantName = "[No Variations]"
Change component parameters (AddParameter): Name = "Supplier Part Number 1"; Value = "WM1743-ND"; VariantName = "[No Variations]"
Change component parameters: Designator = "J23" ("J23"); Footprint = "1X3_1.25MM"; UniqueID = "\HSGTUDNO\KEAULBSP" ("\HSGTUDNO\KEAULBSP")
Change component parameters (AddParameter): Name = "Supplier 1"; Value = "Digi-Key"; VariantName = "[No Variations]"
Change component parameters (AddParameter): Name = "Supplier Part Number 1"; Value = "WM1743-ND"; VariantName = "[No Variations]"
Change component parameters: Designator = "J24" ("J24"); Footprint = "1X3_1.25MM"; UniqueID = "\HSGTUDNO\BDMKLNJS" ("\HSGTUDNO\BDMKLNJS")
Change component parameters (AddParameter): Name = "Supplier 1"; Value = "Digi-Key"; VariantName = "[No Variations]"
Change component parameters (AddParameter): Name = "Supplier Part Number 1"; Value = "WM1743-ND"; VariantName = "[No Variations]"
Change component parameters: Designator = "J25" ("J25"); Footprint = "1X3_1.25MM"; UniqueID = "\HSGTUDNO\ZQOQRILW" ("\HSGTUDNO\ZQOQRILW")
Change component parameters (AddParameter): Name = "Supplier 1"; Value = "Digi-Key"; VariantName = "[No Variations]"
Change component parameters (AddParameter): Name = "Supplier Part Number 1"; Value = "WM1743-ND"; VariantName = "[No Variations]"
Change component parameters: Designator = "J26" ("J26"); Footprint = "1X3_1.25MM"; UniqueID = "\HSGTUDNO\WBCZNOSV" ("\HSGTUDNO\WBCZNOSV")
Change component parameters (AddParameter): Name = "Supplier 1"; Value = "Digi-Key"; VariantName = "[No Variations]"
Change component parameters (AddParameter): Name = "Supplier Part Number 1"; Value = "WM1743-ND"; VariantName = "[No Variations]"
Change component parameters: Designator = "J27" ("J27"); Footprint = "1X3_1.25MM"; UniqueID = "\HSGTUDNO\ZTHWOLHX" ("\HSGTUDNO\ZTHWOLHX")
Change component parameters (AddParameter): Name = "Supplier 1"; Value = "Digi-Key"; VariantName = "[No Variations]"
Change component parameters (AddParameter): Name = "Supplier Part Number 1"; Value = "WM1743-ND"; VariantName = "[No Variations]"
Change component parameters: Designator = "J28" ("J28"); Footprint = "1X3_1.25MM"; UniqueID = "\HSGTUDNO\CPMPEELM" ("\HSGTUDNO\CPMPEELM")
Change component parameters (AddParameter): Name = "Supplier 1"; Value = "Digi-Key"; VariantName = "[No Variations]"
Change component parameters (AddParameter): Name = "Supplier Part Number 1"; Value = "WM1743-ND"; VariantName = "[No Variations]"
Added Member To Class: ClassName=U_Connectors Member=Component JP8 Testpoint2
Added Member To Class: ClassName=U_Connectors Member=Component JP9 Testpoint2
Added Member To Class: ClassName=U_Connectors Member=Component JP11 Testpoint2
