Removed Pin From Net: NetName=TX Pin=J8-1
Removed Pin From Net: NetName=RX Pin=J8-2
Removed Pin From Net: NetName=D+5V Pin=J8-3
Removed Pin From Net: NetName=GND Pin=J8-4
Removed Pin From Net: NetName=SCL Pin=J10-1
Removed Pin From Net: NetName=SDA Pin=J10-2
Removed Pin From Net: NetName=D+5V Pin=J10-3
Removed Pin From Net: NetName=GND Pin=J10-4
Removed Member From Class: ClassName=Connectors Member=J8
Removed Member From Class: ClassName=Connectors Member=J10
Removed Member From Class: ClassName=Connectors Member=J13
Removed Member From Class: ClassName=Connectors Member=J14
Removed Member From Class: ClassName=Connectors Member=J15
Removed Member From Class: ClassName=Connectors Member=J16
Removed Member From Class: ClassName=Connectors Member=J17
Removed Member From Class: ClassName=Connectors Member=J18
Removed Member From Class: ClassName=Connectors Member=J19
Removed Member From Class: ClassName=Connectors Member=J20
Removed Member From Class: ClassName=Connectors Member=J21
Removed Member From Class: ClassName=Connectors Member=J22
Removed Member From Class: ClassName=Connectors Member=J23
Removed Member From Class: ClassName=Connectors Member=J24
Added Component: Designator=J?(1X3_1.25MM)
Added Component: Designator=J?(1X3_1.25MM)
Added Component: Designator=J?(1X3_1.25MM)
Added Component: Designator=J?(1X3_1.25MM)
Added Component: Designator=J?(1X3_1.25MM)
Added Component: Designator=J?(1X3_1.25MM)
Added Component: Designator=J?(2x2_3MM)
Add component (AddParameter): Name = "Supplier 1"; Value = "Digi-Key"; VariantName = "[No Variations]"
Add component (AddParameter): Name = "Supplier Part Number 1"; Value = "609-4851-ND"; VariantName = "[No Variations]"
Added Component: Designator=J?(1X3_1.25MM)
Added Component: Designator=J?(1X3_1.25MM)
Added Component: Designator=J?(1X3_1.25MM)
Added Component: Designator=J?(1X3_1.25MM)
Added Component: Designator=J?(2x2_3MM)
Add component (AddParameter): Name = "Supplier 1"; Value = "Digi-Key"; VariantName = "[No Variations]"
Add component (AddParameter): Name = "Supplier Part Number 1"; Value = "609-4851-ND"; VariantName = "[No Variations]"
Added Component: Designator=J?(1X3_1.25MM)
Added Component: Designator=J?(1X3_1.25MM)
Added Pin To Net: NetName=D+5V Pin=J?-1
Added Pin To Net: NetName=D+5V Pin=J?-1
Added Pin To Net: NetName=GND Pin=J?-2
Added Pin To Net: NetName=GND Pin=J?-2
Added Pin To Net: NetName=SCL Pin=J?-3
Added Pin To Net: NetName=TX Pin=J?-3
Added Pin To Net: NetName=RX Pin=J?-4
Added Pin To Net: NetName=SDA Pin=J?-4
Added Member To Class: ClassName=Connectors Member=Component J? WM1743-ND
Added Member To Class: ClassName=Connectors Member=Component J? WM1743-ND
Added Member To Class: ClassName=Connectors Member=Component J? WM1743-ND
Added Member To Class: ClassName=Connectors Member=Component J? WM1743-ND
Added Member To Class: ClassName=Connectors Member=Component J? WM1743-ND
Added Member To Class: ClassName=Connectors Member=Component J? WM1743-ND
Added Member To Class: ClassName=Connectors Member=Component J? 10127720-041LF
Added Member To Class: ClassName=Connectors Member=Component J? WM1743-ND
Added Member To Class: ClassName=Connectors Member=Component J? WM1743-ND
Added Member To Class: ClassName=Connectors Member=Component J? WM1743-ND
Added Member To Class: ClassName=Connectors Member=Component J? WM1743-ND
Added Member To Class: ClassName=Connectors Member=Component J? 10127720-041LF
Added Member To Class: ClassName=Connectors Member=Component J? WM1743-ND
Added Member To Class: ClassName=Connectors Member=Component J? WM1743-ND
