Removed Pin From Net: NetName=DOUT3 Pin=J2-13
Removed Pin From Net: NetName=DOUT4 Pin=J2-16
Change Component Designator: OldDesignator=JP8 NewDesignator=JP9
Change Component Designator: OldDesignator=JP9 NewDesignator=JP10
Added Component: Designator=JP8(2PIN-JP)
Added Component: Designator=JP11(2PIN-JP)
Added Pin To Net: NetName=DOUT3 Pin=J2-12
Added Pin To Net: NetName=DOUT4 Pin=J2-13
Added Pin To Net: NetName=ADC1_ALT_OUT_PI Pin=J2-29
Added Pin To Net: NetName=ADC1_ALT_OUT_PI Pin=JP8-1
Added Net: Name=ADC1_ALT_OUT_PI
Added Pin To Net: NetName=ADC2_ALT_OUT_PI Pin=J2-26
Added Pin To Net: NetName=ADC2_ALT_OUT_PI Pin=JP11-1
Added Net: Name=ADC2_ALT_OUT_PI
Added Pin To Net: NetName=NetJ2_16 Pin=J2-16
Added Pin To Net: NetName=NetJ2_16 Pin=U1-9
Added Net: Name=NetJ2_16
Added Pin To Net: NetName=NetJ2_18 Pin=J2-18
Added Pin To Net: NetName=NetJ2_18 Pin=U1-8
Added Net: Name=NetJ2_18
Added Pin To Net: NetName=NetJP8_2 Pin=JP8-2
Added Pin To Net: NetName=NetJP8_2 Pin=U1-7
Added Net: Name=NetJP8_2
Added Pin To Net: NetName=NetJP11_2 Pin=JP11-2
Added Pin To Net: NetName=NetJP11_2 Pin=U1-6
Added Net: Name=NetJP11_2
Added Member To Class: ClassName=U_Connectors Member=Component JP10 Testpoint2
Added Member To Class: ClassName=U_Connectors Member=Component JP11 732-5315-ND
