Removed Pin From Net: NetName=D+3.3V Pin=JP9-1
Removed Member From Class: ClassName=U_Connectors Member=JP9
Change Component Designator: OldDesignator=JP3 NewDesignator=JP4
Change Component Designator: OldDesignator=JP4 NewDesignator=JP5
Change Component Designator: OldDesignator=JP5 NewDesignator=JP6
Change Component Designator: OldDesignator=JP6 NewDesignator=JP7
Change Component Designator: OldDesignator=JP7 NewDesignator=JP8
Change Component Designator: OldDesignator=JP8 NewDesignator=JP9
Added Component: Designator=JP3(TP2)
Added Pin To Net: NetName=D+5V Pin=JP3-1
Added Member To Class: ClassName=U_ADC_Level Member=Component C2 1uF
Added Member To Class: ClassName=U_ADC_Level Member=Component C3 1uF
Added Member To Class: ClassName=U_ADC_Level Member=Component C5 0.1uF
Added Member To Class: ClassName=U_ADC_Level Member=Component JP2 Testpoint2
Added Member To Class: ClassName=U_ADC_Level Member=Component JP3 Testpoint2
Added Member To Class: ClassName=U_ADC_Level Member=Component JP6 Testpoint2
Added Member To Class: ClassName=U_ADC_Level Member=Component JP7 Testpoint2
Added Member To Class: ClassName=U_ADC_Level Member=Component JP8 Testpoint2
Added Member To Class: ClassName=U_Connectors Member=Component JP10 Testpoint2
Added Member To Class: ClassName=U_Connectors Member=Component JP11 732-5315-ND
Added Member To Class: ClassName=U_Connectors Member=Component JP12 Testpoint2
Added Member To Class: ClassName=U_ADC_Level Member=Component R2 1K
Added Member To Class: ClassName=U_ADC_Level Member=Component R3 1K
Added Member To Class: ClassName=U_ADC_Level Member=Component R4 5K
Added Member To Class: ClassName=U_ADC_Level Member=Component R5 5K
Added Member To Class: ClassName=U_ADC_Level Member=Component R6 5K
Added Member To Class: ClassName=U_ADC_Level Member=Component R7 5K
Added Member To Class: ClassName=U_ADC_Level Member=Component R8 5K
Added Member To Class: ClassName=U_ADC_Level Member=Component R10 5K
Added Member To Class: ClassName=U_ADC_Level Member=Component R11 5K
Added Member To Class: ClassName=U_ADC_Level Member=Component R13 5K
Added Member To Class: ClassName=U_Connectors Member=Component R14 5K
Added Member To Class: ClassName=U_Connectors Member=Component R15 5K
Added Member To Class: ClassName=U_ADC_Level Member=Component U1 TC2117-3.3VDBTR
Added Member To Class: ClassName=U_ADC_Level Member=Component U2 NVT2010PW,118
Added Member To Class: ClassName=U_ADC_Level Member=Component U6 296-37427-1-ND
