Removed Pin From Net: NetName=D+5V Pin=J3-1
Removed Pin From Net: NetName=GND Pin=J3-2
Change Component Designator: OldDesignator=J1 NewDesignator=J2
Change Component Designator: OldDesignator=J2 NewDesignator=J3
Change Component Designator: OldDesignator=JP10 NewDesignator=JP11
Change Component Designator: OldDesignator=JP11 NewDesignator=JP10
Added Component: Designator=J1(1X4_1.25MM)
Added Pin To Net: NetName=D+5V Pin=J1-1
Added Pin To Net: NetName=GND Pin=J1-2
Change Net Name : Old Net Name=NetJ2_3 New Net Name=NetJ3_3
Change Net Name : Old Net Name=NetJ2_5 New Net Name=NetJ3_5
Change Net Name : Old Net Name=NetJ2_7 New Net Name=NetJ3_7
Change Net Name : Old Net Name=NetJ2_8 New Net Name=NetJ3_8
Change Net Name : Old Net Name=NetJ2_10 New Net Name=NetJ3_10
Change Net Name : Old Net Name=NetJ2_11 New Net Name=NetJ3_11
Change Net Name : Old Net Name=NetJ2_16 New Net Name=NetJ3_16
Change Net Name : Old Net Name=NetJ2_20 New Net Name=NetJ3_20
Added Member To Class: ClassName=U_ADC Member=Component C2 0.1uF
Added Member To Class: ClassName=U_ADC Member=Component C5 0.1uF
Added Member To Class: ClassName=U_ADC Member=Component C6 0.1uF
Added Member To Class: ClassName=U_ADC Member=Component C7 0.1uF
Added Member To Class: ClassName=U_Connectors Member=Component C10 1uF
Added Member To Class: ClassName=U_Connectors Member=Component J1 WM1744-ND
Added Member To Class: ClassName=U_Connectors Member=Component J2 WM4153-ND
Added Member To Class: ClassName=U_Connectors Member=Component J3 61304021121
Added Member To Class: ClassName=U_Connectors Member=Component J4 WM1743-ND
Added Member To Class: ClassName=U_Connectors Member=Component J5 WM1743-ND
Added Member To Class: ClassName=U_Connectors Member=Component J6 WM1743-ND
Added Member To Class: ClassName=U_Connectors Member=Component J7 WM1743-ND
Added Member To Class: ClassName=U_Connectors Member=Component J10 WM1743-ND
Added Member To Class: ClassName=U_Connectors Member=Component J11 WM1743-ND
Added Member To Class: ClassName=U_Connectors Member=Component J15 WM1743-ND
Added Member To Class: ClassName=U_Connectors Member=Component J18 WM1743-ND
Added Member To Class: ClassName=U_Connectors Member=Component J23 WM1743-ND
Added Member To Class: ClassName=U_Connectors Member=Component J25 WM1743-ND
Added Member To Class: ClassName=U_Connectors Member=Component J26 WM1743-ND
Added Member To Class: ClassName=U_Connectors Member=Component J27 WM1743-ND
Added Member To Class: ClassName=U_Connectors Member=Component J28 WM1743-ND
Added Member To Class: ClassName=root Member=Component JP1 Testpoint2
Added Member To Class: ClassName=U_ADC Member=Component JP3 Testpoint2
Added Member To Class: ClassName=U_ADC Member=Component JP4 Testpoint2
Added Member To Class: ClassName=U_ADC Member=Component JP5 Testpoint2
Added Member To Class: ClassName=U_ADC Member=Component JP6 Testpoint2
Added Member To Class: ClassName=U_ADC Member=Component JP7 Testpoint2
Added Member To Class: ClassName=U_ADC Member=Component JP8 Testpoint2
Added Member To Class: ClassName=U_Connectors Member=Component JP9 Testpoint2
Added Member To Class: ClassName=U_Connectors Member=Component JP10 Testpoint2
Added Member To Class: ClassName=U_Connectors Member=Component JP11 Testpoint2
Added Member To Class: ClassName=U_Connectors Member=Component JP12 Testpoint2
Added Member To Class: ClassName=U_Connectors Member=Component R12 5K
Added Member To Class: ClassName=U_Connectors Member=Component R13 5K
Added Member To Class: ClassName=U_ADC Member=Component U3 296-37427-1-ND
Added Member To Class: ClassName=U_ADC Member=Component U4 296-37427-1-ND
Added Member To Class: ClassName=U_ADC Member=Component U5 ADS1115IDGST
