Replace Part D? Diode-100V-0.3W in C:\Users\Gaming\Documents\TeamPhantom\Phantom-Library\Diodes.SchLib with Diode-100V-0.3W from Diodes.SchLib
Replace Part D? Diode-100V-0.3W in C:\Users\Gaming\Documents\TeamPhantom\Phantom-Library\Diodes.SchLib with Diode-100V-0.3W from Diodes.SchLib
Replace Part D? Diode-100V-0.3W in C:\Users\Gaming\Documents\TeamPhantom\Phantom-Library\Diodes.SchLib with Diode-100V-0.3W from Diodes.SchLib
Replace Part D? Diode-100V-0.3W in C:\Users\Gaming\Documents\TeamPhantom\Phantom-Library\Diodes.SchLib with Diode-100V-0.3W from Diodes.SchLib
Replace Part D? Diode-100V-0.3W in C:\Users\Gaming\Documents\TeamPhantom\Phantom-Library\Diodes.SchLib with Diode-100V-0.3W from Diodes.SchLib
Replace Part D? Diode-100V-0.3W in C:\Users\Gaming\Documents\TeamPhantom\Phantom-Library\Diodes.SchLib with Diode-100V-0.3W from Diodes.SchLib
Replace Part D? Diode-100V-0.3W in C:\Users\Gaming\Documents\TeamPhantom\Phantom-Library\Diodes.SchLib with Diode-100V-0.3W from Diodes.SchLib
Replace Part D? Diode-100V-0.3W in C:\Users\Gaming\Documents\TeamPhantom\Phantom-Library\Diodes.SchLib with Diode-100V-0.3W from Diodes.SchLib
Replace Part D? Diode-100V-3A in C:\Users\Gaming\Documents\TeamPhantom\Phantom-Library\Diodes.SchLib with Diode-100V-3A from Diodes.SchLib
Replace Part D? Diode-100V-3A in C:\Users\Gaming\Documents\TeamPhantom\Phantom-Library\Diodes.SchLib with Diode-100V-3A from Diodes.SchLib
Replace Part D? Diode-100V-3A in C:\Users\Gaming\Documents\TeamPhantom\Phantom-Library\Diodes.SchLib with Diode-100V-3A from Diodes.SchLib
Replace Part D? Diode-100V-3A in C:\Users\Gaming\Documents\TeamPhantom\Phantom-Library\Diodes.SchLib with Diode-100V-3A from Diodes.SchLib
Replace Part D? Diode-100V-3A in C:\Users\Gaming\Documents\TeamPhantom\Phantom-Library\Diodes.SchLib with Diode-100V-3A from Diodes.SchLib
Replace Part D? Diode-100V-3A in C:\Users\Gaming\Documents\TeamPhantom\Phantom-Library\Diodes.SchLib with Diode-100V-3A from Diodes.SchLib
Replace Part D? Diode-100V-3A in C:\Users\Gaming\Documents\TeamPhantom\Phantom-Library\Diodes.SchLib with Diode-100V-3A from Diodes.SchLib
Replace Part D? Diode-100V-3A in C:\Users\Gaming\Documents\TeamPhantom\Phantom-Library\Diodes.SchLib with Diode-100V-3A from Diodes.SchLib
Replace Part D? Diode-600V-5A in C:\Users\Gaming\Documents\TeamPhantom\Phantom-Library\Diodes.SchLib with Diode-600V-5A from Diodes.SchLib
Replace Part D? Diode-600V-5A in C:\Users\Gaming\Documents\TeamPhantom\Phantom-Library\Diodes.SchLib with Diode-600V-5A from Diodes.SchLib
Replace Part D? Diode-600V-5A in C:\Users\Gaming\Documents\TeamPhantom\Phantom-Library\Diodes.SchLib with Diode-600V-5A from Diodes.SchLib
Replace Part D? Diode-600V-5A in C:\Users\Gaming\Documents\TeamPhantom\Phantom-Library\Diodes.SchLib with Diode-600V-5A from Diodes.SchLib
Replace Part D? Diode-600V-5A in C:\Users\Gaming\Documents\TeamPhantom\Phantom-Library\Diodes.SchLib with Diode-600V-5A from Diodes.SchLib
Replace Part D? Diode-600V-5A in C:\Users\Gaming\Documents\TeamPhantom\Phantom-Library\Diodes.SchLib with Diode-600V-5A from Diodes.SchLib
Replace Part D? Diode-600V-5A in C:\Users\Gaming\Documents\TeamPhantom\Phantom-Library\Diodes.SchLib with Diode-600V-5A from Diodes.SchLib
Replace Part D? Diode-600V-5A in C:\Users\Gaming\Documents\TeamPhantom\Phantom-Library\Diodes.SchLib with Diode-600V-5A from Diodes.SchLib
Replace Part D? Schottky-60V-2A in C:\Users\Gaming\Documents\TeamPhantom\Phantom-Library\Diodes.SchLib with Schottky-60V-2A from Diodes.SchLib
Replace Part D? Schottky-60V-2A in C:\Users\Gaming\Documents\TeamPhantom\Phantom-Library\Diodes.SchLib with Schottky-60V-2A from Diodes.SchLib
Replace Part D? Schottky-60V-2A in C:\Users\Gaming\Documents\TeamPhantom\Phantom-Library\Diodes.SchLib with Schottky-60V-2A from Diodes.SchLib
Replace Part D? Schottky-60V-2A in C:\Users\Gaming\Documents\TeamPhantom\Phantom-Library\Diodes.SchLib with Schottky-60V-2A from Diodes.SchLib
Replace Part D? Schottky-60V-2A in C:\Users\Gaming\Documents\TeamPhantom\Phantom-Library\Diodes.SchLib with Schottky-60V-2A from Diodes.SchLib
Replace Part D? Schottky-60V-2A in C:\Users\Gaming\Documents\TeamPhantom\Phantom-Library\Diodes.SchLib with Schottky-60V-2A from Diodes.SchLib
Replace Part D? Schottky-60V-2A in C:\Users\Gaming\Documents\TeamPhantom\Phantom-Library\Diodes.SchLib with Schottky-60V-2A from Diodes.SchLib
Replace Part D? Schottky-60V-2A in C:\Users\Gaming\Documents\TeamPhantom\Phantom-Library\Diodes.SchLib with Schottky-60V-2A from Diodes.SchLib
Replace Part D? TVS-5V in C:\Users\Gaming\Documents\TeamPhantom\Phantom-Library\Diodes.SchLib with TVS-5V from Diodes.SchLib
Replace Part D? TVS-5V in C:\Users\Gaming\Documents\TeamPhantom\Phantom-Library\Diodes.SchLib with TVS-5V from Diodes.SchLib
Replace Part D? TVS-5V in C:\Users\Gaming\Documents\TeamPhantom\Phantom-Library\Diodes.SchLib with TVS-5V from Diodes.SchLib
Replace Part D? TVS-5V in C:\Users\Gaming\Documents\TeamPhantom\Phantom-Library\Diodes.SchLib with TVS-5V from Diodes.SchLib
Replace Part D? TVS-5V in C:\Users\Gaming\Documents\TeamPhantom\Phantom-Library\Diodes.SchLib with TVS-5V from Diodes.SchLib
Replace Part D? TVS-5V in C:\Users\Gaming\Documents\TeamPhantom\Phantom-Library\Diodes.SchLib with TVS-5V from Diodes.SchLib
Replace Part D? TVS-5V in C:\Users\Gaming\Documents\TeamPhantom\Phantom-Library\Diodes.SchLib with TVS-5V from Diodes.SchLib
Replace Part D? TVS-5V in C:\Users\Gaming\Documents\TeamPhantom\Phantom-Library\Diodes.SchLib with TVS-5V from Diodes.SchLib
Replace Part D? Zener-5.1V-0.5W in C:\Users\Gaming\Documents\TeamPhantom\Phantom-Library\Diodes.SchLib with Zener-5.1V-0.5W from Diodes.SchLib
Replace Part D? Zener-5.1V-0.5W in C:\Users\Gaming\Documents\TeamPhantom\Phantom-Library\Diodes.SchLib with Zener-5.1V-0.5W from Diodes.SchLib
Replace Part D? Zener-5.1V-0.5W in C:\Users\Gaming\Documents\TeamPhantom\Phantom-Library\Diodes.SchLib with Zener-5.1V-0.5W from Diodes.SchLib
Replace Part D? Zener-5.1V-0.5W in C:\Users\Gaming\Documents\TeamPhantom\Phantom-Library\Diodes.SchLib with Zener-5.1V-0.5W from Diodes.SchLib
Replace Part D? Zener-5.1V-0.5W in C:\Users\Gaming\Documents\TeamPhantom\Phantom-Library\Diodes.SchLib with Zener-5.1V-0.5W from Diodes.SchLib
Replace Part D? Zener-5.1V-0.5W in C:\Users\Gaming\Documents\TeamPhantom\Phantom-Library\Diodes.SchLib with Zener-5.1V-0.5W from Diodes.SchLib
Replace Part D? Zener-5.1V-0.5W in C:\Users\Gaming\Documents\TeamPhantom\Phantom-Library\Diodes.SchLib with Zener-5.1V-0.5W from Diodes.SchLib
Replace Part D? Zener-5.1V-0.5W in C:\Users\Gaming\Documents\TeamPhantom\Phantom-Library\Diodes.SchLib with Zener-5.1V-0.5W from Diodes.SchLib
Replace Part D? Zener-12V-5W in C:\Users\Gaming\Documents\TeamPhantom\Phantom-Library\Diodes.SchLib with Zener-12V-5W from Diodes.SchLib
Replace Part D? Zener-12V-5W in C:\Users\Gaming\Documents\TeamPhantom\Phantom-Library\Diodes.SchLib with Zener-12V-5W from Diodes.SchLib
Replace Part D? Zener-12V-5W in C:\Users\Gaming\Documents\TeamPhantom\Phantom-Library\Diodes.SchLib with Zener-12V-5W from Diodes.SchLib
Replace Part D? Zener-12V-5W in C:\Users\Gaming\Documents\TeamPhantom\Phantom-Library\Diodes.SchLib with Zener-12V-5W from Diodes.SchLib
Replace Part D? Zener-12V-5W in C:\Users\Gaming\Documents\TeamPhantom\Phantom-Library\Diodes.SchLib with Zener-12V-5W from Diodes.SchLib
Replace Part D? Zener-12V-5W in C:\Users\Gaming\Documents\TeamPhantom\Phantom-Library\Diodes.SchLib with Zener-12V-5W from Diodes.SchLib
Replace Part D? Zener-12V-5W in C:\Users\Gaming\Documents\TeamPhantom\Phantom-Library\Diodes.SchLib with Zener-12V-5W from Diodes.SchLib
Replace Part D? Zener-12V-5W in C:\Users\Gaming\Documents\TeamPhantom\Phantom-Library\Diodes.SchLib with Zener-12V-5W from Diodes.SchLib
