Replace Part L? 7seg-Red-1" in C:\Users\Gaming\Documents\TeamPhantom\Phantom-Library\LEDs.SchLib with 7seg-Red-1" from LEDs.SchLib
Replace Part L? 7seg-Red-1" in C:\Users\Gaming\Documents\TeamPhantom\Phantom-Library\LEDs.SchLib with 7seg-Red-1" from LEDs.SchLib
Replace Part L? 7seg-Red-1" in C:\Users\Gaming\Documents\TeamPhantom\Phantom-Library\LEDs.SchLib with 7seg-Red-1" from LEDs.SchLib
Replace Part L? 7seg-Red-1" in C:\Users\Gaming\Documents\TeamPhantom\Phantom-Library\LEDs.SchLib with 7seg-Red-1" from LEDs.SchLib
Replace Part L? 7seg-Red-1" in C:\Users\Gaming\Documents\TeamPhantom\Phantom-Library\LEDs.SchLib with 7seg-Red-1" from LEDs.SchLib
Replace Part L? 7seg-Red-1" in C:\Users\Gaming\Documents\TeamPhantom\Phantom-Library\LEDs.SchLib with 7seg-Red-1" from LEDs.SchLib
Replace Part L? 7seg-Red-1" in C:\Users\Gaming\Documents\TeamPhantom\Phantom-Library\LEDs.SchLib with 7seg-Red-1" from LEDs.SchLib
Replace Part L? 7seg-Red-1" in C:\Users\Gaming\Documents\TeamPhantom\Phantom-Library\LEDs.SchLib with 7seg-Red-1" from LEDs.SchLib
Replace Part D? LED-Blue in C:\Users\Gaming\Documents\TeamPhantom\Phantom-Library\LEDs.SchLib with LED-Blue from LEDs.SchLib
Replace Part D? LED-Blue in C:\Users\Gaming\Documents\TeamPhantom\Phantom-Library\LEDs.SchLib with LED-Blue from LEDs.SchLib
Replace Part D? LED-Blue in C:\Users\Gaming\Documents\TeamPhantom\Phantom-Library\LEDs.SchLib with LED-Blue from LEDs.SchLib
Replace Part D? LED-Blue in C:\Users\Gaming\Documents\TeamPhantom\Phantom-Library\LEDs.SchLib with LED-Blue from LEDs.SchLib
Replace Part D? LED-Blue in C:\Users\Gaming\Documents\TeamPhantom\Phantom-Library\LEDs.SchLib with LED-Blue from LEDs.SchLib
Replace Part D? LED-Blue in C:\Users\Gaming\Documents\TeamPhantom\Phantom-Library\LEDs.SchLib with LED-Blue from LEDs.SchLib
Replace Part D? LED-Blue in C:\Users\Gaming\Documents\TeamPhantom\Phantom-Library\LEDs.SchLib with LED-Blue from LEDs.SchLib
Replace Part D? LED-Blue in C:\Users\Gaming\Documents\TeamPhantom\Phantom-Library\LEDs.SchLib with LED-Blue from LEDs.SchLib
Replace Part D? LED-Green in C:\Users\Gaming\Documents\TeamPhantom\Phantom-Library\LEDs.SchLib with LED-Green from LEDs.SchLib
Replace Part D? LED-Green in C:\Users\Gaming\Documents\TeamPhantom\Phantom-Library\LEDs.SchLib with LED-Green from LEDs.SchLib
Replace Part D? LED-Green in C:\Users\Gaming\Documents\TeamPhantom\Phantom-Library\LEDs.SchLib with LED-Green from LEDs.SchLib
Replace Part D? LED-Green in C:\Users\Gaming\Documents\TeamPhantom\Phantom-Library\LEDs.SchLib with LED-Green from LEDs.SchLib
Replace Part D? LED-Green in C:\Users\Gaming\Documents\TeamPhantom\Phantom-Library\LEDs.SchLib with LED-Green from LEDs.SchLib
Replace Part D? LED-Green in C:\Users\Gaming\Documents\TeamPhantom\Phantom-Library\LEDs.SchLib with LED-Green from LEDs.SchLib
Replace Part D? LED-Green in C:\Users\Gaming\Documents\TeamPhantom\Phantom-Library\LEDs.SchLib with LED-Green from LEDs.SchLib
Replace Part D? LED-Green in C:\Users\Gaming\Documents\TeamPhantom\Phantom-Library\LEDs.SchLib with LED-Green from LEDs.SchLib
Replace Part D? LED-Green-Bright in C:\Users\Gaming\Documents\TeamPhantom\Phantom-Library\LEDs.SchLib with LED-Green-Bright from LEDs.SchLib
Replace Part D? LED-Green-Bright in C:\Users\Gaming\Documents\TeamPhantom\Phantom-Library\LEDs.SchLib with LED-Green-Bright from LEDs.SchLib
Replace Part D? LED-Green-Bright in C:\Users\Gaming\Documents\TeamPhantom\Phantom-Library\LEDs.SchLib with LED-Green-Bright from LEDs.SchLib
Replace Part D? LED-Green-Bright in C:\Users\Gaming\Documents\TeamPhantom\Phantom-Library\LEDs.SchLib with LED-Green-Bright from LEDs.SchLib
Replace Part D? LED-Green-Bright in C:\Users\Gaming\Documents\TeamPhantom\Phantom-Library\LEDs.SchLib with LED-Green-Bright from LEDs.SchLib
Replace Part D? LED-Green-Bright in C:\Users\Gaming\Documents\TeamPhantom\Phantom-Library\LEDs.SchLib with LED-Green-Bright from LEDs.SchLib
Replace Part D? LED-Green-Bright in C:\Users\Gaming\Documents\TeamPhantom\Phantom-Library\LEDs.SchLib with LED-Green-Bright from LEDs.SchLib
Replace Part D? LED-Green-Bright in C:\Users\Gaming\Documents\TeamPhantom\Phantom-Library\LEDs.SchLib with LED-Green-Bright from LEDs.SchLib
Replace Part D? LED-Red in C:\Users\Gaming\Documents\TeamPhantom\Phantom-Library\LEDs.SchLib with LED-Red from LEDs.SchLib
Replace Part D? LED-Red in C:\Users\Gaming\Documents\TeamPhantom\Phantom-Library\LEDs.SchLib with LED-Red from LEDs.SchLib
Replace Part D? LED-Red in C:\Users\Gaming\Documents\TeamPhantom\Phantom-Library\LEDs.SchLib with LED-Red from LEDs.SchLib
Replace Part D? LED-Red in C:\Users\Gaming\Documents\TeamPhantom\Phantom-Library\LEDs.SchLib with LED-Red from LEDs.SchLib
Replace Part D? LED-Red in C:\Users\Gaming\Documents\TeamPhantom\Phantom-Library\LEDs.SchLib with LED-Red from LEDs.SchLib
Replace Part D? LED-Red in C:\Users\Gaming\Documents\TeamPhantom\Phantom-Library\LEDs.SchLib with LED-Red from LEDs.SchLib
Replace Part D? LED-Red in C:\Users\Gaming\Documents\TeamPhantom\Phantom-Library\LEDs.SchLib with LED-Red from LEDs.SchLib
Replace Part D? LED-Red in C:\Users\Gaming\Documents\TeamPhantom\Phantom-Library\LEDs.SchLib with LED-Red from LEDs.SchLib
Replace Part D? LED-Red-Bright in C:\Users\Gaming\Documents\TeamPhantom\Phantom-Library\LEDs.SchLib with LED-Red-Bright from LEDs.SchLib
Replace Part D? LED-Red-Bright in C:\Users\Gaming\Documents\TeamPhantom\Phantom-Library\LEDs.SchLib with LED-Red-Bright from LEDs.SchLib
Replace Part D? LED-Red-Bright in C:\Users\Gaming\Documents\TeamPhantom\Phantom-Library\LEDs.SchLib with LED-Red-Bright from LEDs.SchLib
Replace Part D? LED-Red-Bright in C:\Users\Gaming\Documents\TeamPhantom\Phantom-Library\LEDs.SchLib with LED-Red-Bright from LEDs.SchLib
Replace Part D? LED-Red-Bright in C:\Users\Gaming\Documents\TeamPhantom\Phantom-Library\LEDs.SchLib with LED-Red-Bright from LEDs.SchLib
Replace Part D? LED-Red-Bright in C:\Users\Gaming\Documents\TeamPhantom\Phantom-Library\LEDs.SchLib with LED-Red-Bright from LEDs.SchLib
Replace Part D? LED-Red-Bright in C:\Users\Gaming\Documents\TeamPhantom\Phantom-Library\LEDs.SchLib with LED-Red-Bright from LEDs.SchLib
Replace Part D? LED-Red-Bright in C:\Users\Gaming\Documents\TeamPhantom\Phantom-Library\LEDs.SchLib with LED-Red-Bright from LEDs.SchLib
Replace Part D? LED-RGB in C:\Users\Gaming\Documents\TeamPhantom\Phantom-Library\LEDs.SchLib with LED-RGB from LEDs.SchLib
Replace Part D? LED-RGB in C:\Users\Gaming\Documents\TeamPhantom\Phantom-Library\LEDs.SchLib with LED-RGB from LEDs.SchLib
Replace Part D? LED-RGB in C:\Users\Gaming\Documents\TeamPhantom\Phantom-Library\LEDs.SchLib with LED-RGB from LEDs.SchLib
Replace Part D? LED-RGB in C:\Users\Gaming\Documents\TeamPhantom\Phantom-Library\LEDs.SchLib with LED-RGB from LEDs.SchLib
Replace Part D? LED-RGB in C:\Users\Gaming\Documents\TeamPhantom\Phantom-Library\LEDs.SchLib with LED-RGB from LEDs.SchLib
Replace Part D? LED-RGB in C:\Users\Gaming\Documents\TeamPhantom\Phantom-Library\LEDs.SchLib with LED-RGB from LEDs.SchLib
Replace Part D? LED-RGB in C:\Users\Gaming\Documents\TeamPhantom\Phantom-Library\LEDs.SchLib with LED-RGB from LEDs.SchLib
Replace Part D? LED-RGB in C:\Users\Gaming\Documents\TeamPhantom\Phantom-Library\LEDs.SchLib with LED-RGB from LEDs.SchLib
Replace Part D? LED-Yellow in C:\Users\Gaming\Documents\TeamPhantom\Phantom-Library\LEDs.SchLib with LED-Yellow from LEDs.SchLib
Replace Part D? LED-Yellow in C:\Users\Gaming\Documents\TeamPhantom\Phantom-Library\LEDs.SchLib with LED-Yellow from LEDs.SchLib
Replace Part D? LED-Yellow in C:\Users\Gaming\Documents\TeamPhantom\Phantom-Library\LEDs.SchLib with LED-Yellow from LEDs.SchLib
Replace Part D? LED-Yellow in C:\Users\Gaming\Documents\TeamPhantom\Phantom-Library\LEDs.SchLib with LED-Yellow from LEDs.SchLib
Replace Part D? LED-Yellow in C:\Users\Gaming\Documents\TeamPhantom\Phantom-Library\LEDs.SchLib with LED-Yellow from LEDs.SchLib
Replace Part D? LED-Yellow in C:\Users\Gaming\Documents\TeamPhantom\Phantom-Library\LEDs.SchLib with LED-Yellow from LEDs.SchLib
Replace Part D? LED-Yellow in C:\Users\Gaming\Documents\TeamPhantom\Phantom-Library\LEDs.SchLib with LED-Yellow from LEDs.SchLib
Replace Part D? LED-Yellow in C:\Users\Gaming\Documents\TeamPhantom\Phantom-Library\LEDs.SchLib with LED-Yellow from LEDs.SchLib
Replace Part L? LEDBAR-10-GRN in C:\Users\Gaming\Documents\TeamPhantom\Phantom-Library\LEDs.SchLib with LEDBAR-10-GRN from LEDs.SchLib
Replace Part L? LEDBAR-10-GRN in C:\Users\Gaming\Documents\TeamPhantom\Phantom-Library\LEDs.SchLib with LEDBAR-10-GRN from LEDs.SchLib
Replace Part L? LEDBAR-10-GRN in C:\Users\Gaming\Documents\TeamPhantom\Phantom-Library\LEDs.SchLib with LEDBAR-10-GRN from LEDs.SchLib
Replace Part L? LEDBAR-10-GRN in C:\Users\Gaming\Documents\TeamPhantom\Phantom-Library\LEDs.SchLib with LEDBAR-10-GRN from LEDs.SchLib
Replace Part L? LEDBAR-10-GRN in C:\Users\Gaming\Documents\TeamPhantom\Phantom-Library\LEDs.SchLib with LEDBAR-10-GRN from LEDs.SchLib
Replace Part L? LEDBAR-10-GRN in C:\Users\Gaming\Documents\TeamPhantom\Phantom-Library\LEDs.SchLib with LEDBAR-10-GRN from LEDs.SchLib
Replace Part L? LEDBAR-10-GRN in C:\Users\Gaming\Documents\TeamPhantom\Phantom-Library\LEDs.SchLib with LEDBAR-10-GRN from LEDs.SchLib
Replace Part L? LEDBAR-10-GRN in C:\Users\Gaming\Documents\TeamPhantom\Phantom-Library\LEDs.SchLib with LEDBAR-10-GRN from LEDs.SchLib
Replace Part L? LEDBAR-10-RED in C:\Users\Gaming\Documents\TeamPhantom\Phantom-Library\LEDs.SchLib with LEDBAR-10-RED from LEDs.SchLib
Replace Part L? LEDBAR-10-RED in C:\Users\Gaming\Documents\TeamPhantom\Phantom-Library\LEDs.SchLib with LEDBAR-10-RED from LEDs.SchLib
Replace Part L? LEDBAR-10-RED in C:\Users\Gaming\Documents\TeamPhantom\Phantom-Library\LEDs.SchLib with LEDBAR-10-RED from LEDs.SchLib
Replace Part L? LEDBAR-10-RED in C:\Users\Gaming\Documents\TeamPhantom\Phantom-Library\LEDs.SchLib with LEDBAR-10-RED from LEDs.SchLib
Replace Part L? LEDBAR-10-RED in C:\Users\Gaming\Documents\TeamPhantom\Phantom-Library\LEDs.SchLib with LEDBAR-10-RED from LEDs.SchLib
Replace Part L? LEDBAR-10-RED in C:\Users\Gaming\Documents\TeamPhantom\Phantom-Library\LEDs.SchLib with LEDBAR-10-RED from LEDs.SchLib
Replace Part L? LEDBAR-10-RED in C:\Users\Gaming\Documents\TeamPhantom\Phantom-Library\LEDs.SchLib with LEDBAR-10-RED from LEDs.SchLib
Replace Part L? LEDBAR-10-RED in C:\Users\Gaming\Documents\TeamPhantom\Phantom-Library\LEDs.SchLib with LEDBAR-10-RED from LEDs.SchLib
Replace Part L? LEDBAR-10-YLW in C:\Users\Gaming\Documents\TeamPhantom\Phantom-Library\LEDs.SchLib with LEDBAR-10-YLW from LEDs.SchLib
Replace Part L? LEDBAR-10-YLW in C:\Users\Gaming\Documents\TeamPhantom\Phantom-Library\LEDs.SchLib with LEDBAR-10-YLW from LEDs.SchLib
Replace Part L? LEDBAR-10-YLW in C:\Users\Gaming\Documents\TeamPhantom\Phantom-Library\LEDs.SchLib with LEDBAR-10-YLW from LEDs.SchLib
Replace Part L? LEDBAR-10-YLW in C:\Users\Gaming\Documents\TeamPhantom\Phantom-Library\LEDs.SchLib with LEDBAR-10-YLW from LEDs.SchLib
Replace Part L? LEDBAR-10-YLW in C:\Users\Gaming\Documents\TeamPhantom\Phantom-Library\LEDs.SchLib with LEDBAR-10-YLW from LEDs.SchLib
Replace Part L? LEDBAR-10-YLW in C:\Users\Gaming\Documents\TeamPhantom\Phantom-Library\LEDs.SchLib with LEDBAR-10-YLW from LEDs.SchLib
Replace Part L? LEDBAR-10-YLW in C:\Users\Gaming\Documents\TeamPhantom\Phantom-Library\LEDs.SchLib with LEDBAR-10-YLW from LEDs.SchLib
Replace Part L? LEDBAR-10-YLW in C:\Users\Gaming\Documents\TeamPhantom\Phantom-Library\LEDs.SchLib with LEDBAR-10-YLW from LEDs.SchLib
