Replace Part U? AND-SN74LVC2G08DCUT in C:\Users\Gaming\Documents\TeamPhantom\Phantom-Library\Logic.SchLib with AND-SN74LVC2G08DCUT from Logic.SchLib
Replace Part U? AND-SN74LVC2G08DCUT in C:\Users\Gaming\Documents\TeamPhantom\Phantom-Library\Logic.SchLib with AND-SN74LVC2G08DCUT from Logic.SchLib
Replace Part U? AND-SN74LVC2G08DCUT in C:\Users\Gaming\Documents\TeamPhantom\Phantom-Library\Logic.SchLib with AND-SN74LVC2G08DCUT from Logic.SchLib
Replace Part U? AND-SN74LVC2G08DCUT in C:\Users\Gaming\Documents\TeamPhantom\Phantom-Library\Logic.SchLib with AND-SN74LVC2G08DCUT from Logic.SchLib
Replace Part U? AND-SN74LVC2G08DCUT in C:\Users\Gaming\Documents\TeamPhantom\Phantom-Library\Logic.SchLib with AND-SN74LVC2G08DCUT from Logic.SchLib
Replace Part U? AND-SN74LVC2G08DCUT in C:\Users\Gaming\Documents\TeamPhantom\Phantom-Library\Logic.SchLib with AND-SN74LVC2G08DCUT from Logic.SchLib
Replace Part U? AND-SN74LVC2G08DCUT in C:\Users\Gaming\Documents\TeamPhantom\Phantom-Library\Logic.SchLib with AND-SN74LVC2G08DCUT from Logic.SchLib
Replace Part U? AND-SN74LVC2G08DCUT in C:\Users\Gaming\Documents\TeamPhantom\Phantom-Library\Logic.SchLib with AND-SN74LVC2G08DCUT from Logic.SchLib
Replace Part U? Compare-TLV3202AIDGK in C:\Users\Gaming\Documents\TeamPhantom\Phantom-Library\Logic.SchLib with Compare-TLV3202AIDGK from Logic.SchLib
Replace Part U? Compare-TLV3202AIDGK in C:\Users\Gaming\Documents\TeamPhantom\Phantom-Library\Logic.SchLib with Compare-TLV3202AIDGK from Logic.SchLib
Replace Part U? Compare-TLV3202AIDGK in C:\Users\Gaming\Documents\TeamPhantom\Phantom-Library\Logic.SchLib with Compare-TLV3202AIDGK from Logic.SchLib
Replace Part U? Compare-TLV3202AIDGK in C:\Users\Gaming\Documents\TeamPhantom\Phantom-Library\Logic.SchLib with Compare-TLV3202AIDGK from Logic.SchLib
Replace Part U? Compare-TLV3202AIDGK in C:\Users\Gaming\Documents\TeamPhantom\Phantom-Library\Logic.SchLib with Compare-TLV3202AIDGK from Logic.SchLib
Replace Part U? Compare-TLV3202AIDGK in C:\Users\Gaming\Documents\TeamPhantom\Phantom-Library\Logic.SchLib with Compare-TLV3202AIDGK from Logic.SchLib
Replace Part U? Compare-TLV3202AIDGK in C:\Users\Gaming\Documents\TeamPhantom\Phantom-Library\Logic.SchLib with Compare-TLV3202AIDGK from Logic.SchLib
Replace Part U? Compare-TLV3202AIDGK in C:\Users\Gaming\Documents\TeamPhantom\Phantom-Library\Logic.SchLib with Compare-TLV3202AIDGK from Logic.SchLib
Replace Part U? Compare-TS861ILT in C:\Users\Gaming\Documents\TeamPhantom\Phantom-Library\Logic.SchLib with Compare-TS861ILT from Logic.SchLib
Replace Part U? Compare-TS861ILT in C:\Users\Gaming\Documents\TeamPhantom\Phantom-Library\Logic.SchLib with Compare-TS861ILT from Logic.SchLib
Replace Part U? Compare-TS861ILT in C:\Users\Gaming\Documents\TeamPhantom\Phantom-Library\Logic.SchLib with Compare-TS861ILT from Logic.SchLib
Replace Part U? Compare-TS861ILT in C:\Users\Gaming\Documents\TeamPhantom\Phantom-Library\Logic.SchLib with Compare-TS861ILT from Logic.SchLib
Replace Part U? Compare-TS861ILT in C:\Users\Gaming\Documents\TeamPhantom\Phantom-Library\Logic.SchLib with Compare-TS861ILT from Logic.SchLib
Replace Part U? Compare-TS861ILT in C:\Users\Gaming\Documents\TeamPhantom\Phantom-Library\Logic.SchLib with Compare-TS861ILT from Logic.SchLib
Replace Part U? Compare-TS861ILT in C:\Users\Gaming\Documents\TeamPhantom\Phantom-Library\Logic.SchLib with Compare-TS861ILT from Logic.SchLib
Replace Part U? Compare-TS861ILT in C:\Users\Gaming\Documents\TeamPhantom\Phantom-Library\Logic.SchLib with Compare-TS861ILT from Logic.SchLib
Replace Part U? Invert-NC7SZ04M5X in C:\Users\Gaming\Documents\TeamPhantom\Phantom-Library\Logic.SchLib with Invert-NC7SZ04M5X from Logic.SchLib
Replace Part U? Invert-NC7SZ04M5X in C:\Users\Gaming\Documents\TeamPhantom\Phantom-Library\Logic.SchLib with Invert-NC7SZ04M5X from Logic.SchLib
Replace Part U? Invert-NC7SZ04M5X in C:\Users\Gaming\Documents\TeamPhantom\Phantom-Library\Logic.SchLib with Invert-NC7SZ04M5X from Logic.SchLib
Replace Part U? Invert-NC7SZ04M5X in C:\Users\Gaming\Documents\TeamPhantom\Phantom-Library\Logic.SchLib with Invert-NC7SZ04M5X from Logic.SchLib
Replace Part U? Invert-NC7SZ04M5X in C:\Users\Gaming\Documents\TeamPhantom\Phantom-Library\Logic.SchLib with Invert-NC7SZ04M5X from Logic.SchLib
Replace Part U? Invert-NC7SZ04M5X in C:\Users\Gaming\Documents\TeamPhantom\Phantom-Library\Logic.SchLib with Invert-NC7SZ04M5X from Logic.SchLib
Replace Part U? Invert-NC7SZ04M5X in C:\Users\Gaming\Documents\TeamPhantom\Phantom-Library\Logic.SchLib with Invert-NC7SZ04M5X from Logic.SchLib
Replace Part U? Invert-NC7SZ04M5X in C:\Users\Gaming\Documents\TeamPhantom\Phantom-Library\Logic.SchLib with Invert-NC7SZ04M5X from Logic.SchLib
Replace Part U? OR-NL27WZ32USG in C:\Users\Gaming\Documents\TeamPhantom\Phantom-Library\Logic.SchLib with OR-NL27WZ32USG from Logic.SchLib
Replace Part U? OR-NL27WZ32USG in C:\Users\Gaming\Documents\TeamPhantom\Phantom-Library\Logic.SchLib with OR-NL27WZ32USG from Logic.SchLib
Replace Part U? OR-NL27WZ32USG in C:\Users\Gaming\Documents\TeamPhantom\Phantom-Library\Logic.SchLib with OR-NL27WZ32USG from Logic.SchLib
Replace Part U? OR-NL27WZ32USG in C:\Users\Gaming\Documents\TeamPhantom\Phantom-Library\Logic.SchLib with OR-NL27WZ32USG from Logic.SchLib
Replace Part U? OR-NL27WZ32USG in C:\Users\Gaming\Documents\TeamPhantom\Phantom-Library\Logic.SchLib with OR-NL27WZ32USG from Logic.SchLib
Replace Part U? OR-NL27WZ32USG in C:\Users\Gaming\Documents\TeamPhantom\Phantom-Library\Logic.SchLib with OR-NL27WZ32USG from Logic.SchLib
Replace Part U? OR-NL27WZ32USG in C:\Users\Gaming\Documents\TeamPhantom\Phantom-Library\Logic.SchLib with OR-NL27WZ32USG from Logic.SchLib
Replace Part U? OR-NL27WZ32USG in C:\Users\Gaming\Documents\TeamPhantom\Phantom-Library\Logic.SchLib with OR-NL27WZ32USG from Logic.SchLib
Replace Part U? OR-SN74AHC1G32DBVR in C:\Users\Gaming\Documents\TeamPhantom\Phantom-Library\Logic.SchLib with OR-SN74AHC1G32DBVR from Logic.SchLib
Replace Part U? OR-SN74AHC1G32DBVR in C:\Users\Gaming\Documents\TeamPhantom\Phantom-Library\Logic.SchLib with OR-SN74AHC1G32DBVR from Logic.SchLib
Replace Part U? OR-SN74AHC1G32DBVR in C:\Users\Gaming\Documents\TeamPhantom\Phantom-Library\Logic.SchLib with OR-SN74AHC1G32DBVR from Logic.SchLib
Replace Part U? OR-SN74AHC1G32DBVR in C:\Users\Gaming\Documents\TeamPhantom\Phantom-Library\Logic.SchLib with OR-SN74AHC1G32DBVR from Logic.SchLib
Replace Part U? OR-SN74AHC1G32DBVR in C:\Users\Gaming\Documents\TeamPhantom\Phantom-Library\Logic.SchLib with OR-SN74AHC1G32DBVR from Logic.SchLib
Replace Part U? OR-SN74AHC1G32DBVR in C:\Users\Gaming\Documents\TeamPhantom\Phantom-Library\Logic.SchLib with OR-SN74AHC1G32DBVR from Logic.SchLib
Replace Part U? OR-SN74AHC1G32DBVR in C:\Users\Gaming\Documents\TeamPhantom\Phantom-Library\Logic.SchLib with OR-SN74AHC1G32DBVR from Logic.SchLib
Replace Part U? OR-SN74AHC1G32DBVR in C:\Users\Gaming\Documents\TeamPhantom\Phantom-Library\Logic.SchLib with OR-SN74AHC1G32DBVR from Logic.SchLib
