Replace Part LS? Buzzer in C:\Users\Gaming\Documents\TeamPhantom\Phantom-Library\Misc.SchLib with Buzzer from Misc.SchLib
Replace Part LS? Buzzer in C:\Users\Gaming\Documents\TeamPhantom\Phantom-Library\Misc.SchLib with Buzzer from Misc.SchLib
Replace Part LS? Buzzer in C:\Users\Gaming\Documents\TeamPhantom\Phantom-Library\Misc.SchLib with Buzzer from Misc.SchLib
Replace Part LS? Buzzer in C:\Users\Gaming\Documents\TeamPhantom\Phantom-Library\Misc.SchLib with Buzzer from Misc.SchLib
Replace Part LS? Buzzer in C:\Users\Gaming\Documents\TeamPhantom\Phantom-Library\Misc.SchLib with Buzzer from Misc.SchLib
Replace Part LS? Buzzer in C:\Users\Gaming\Documents\TeamPhantom\Phantom-Library\Misc.SchLib with Buzzer from Misc.SchLib
Replace Part LS? Buzzer in C:\Users\Gaming\Documents\TeamPhantom\Phantom-Library\Misc.SchLib with Buzzer from Misc.SchLib
Replace Part LS? Buzzer in C:\Users\Gaming\Documents\TeamPhantom\Phantom-Library\Misc.SchLib with Buzzer from Misc.SchLib
Replace Part Y? Crysatl-16Mhz in C:\Users\Gaming\Documents\TeamPhantom\Phantom-Library\Misc.SchLib with Crysatl-16Mhz from Misc.SchLib
Replace Part Y? Crysatl-16Mhz in C:\Users\Gaming\Documents\TeamPhantom\Phantom-Library\Misc.SchLib with Crysatl-16Mhz from Misc.SchLib
Replace Part Y? Crysatl-16Mhz in C:\Users\Gaming\Documents\TeamPhantom\Phantom-Library\Misc.SchLib with Crysatl-16Mhz from Misc.SchLib
Replace Part Y? Crysatl-16Mhz in C:\Users\Gaming\Documents\TeamPhantom\Phantom-Library\Misc.SchLib with Crysatl-16Mhz from Misc.SchLib
Replace Part Y? Crysatl-16Mhz in C:\Users\Gaming\Documents\TeamPhantom\Phantom-Library\Misc.SchLib with Crysatl-16Mhz from Misc.SchLib
Replace Part Y? Crysatl-16Mhz in C:\Users\Gaming\Documents\TeamPhantom\Phantom-Library\Misc.SchLib with Crysatl-16Mhz from Misc.SchLib
Replace Part Y? Crysatl-16Mhz in C:\Users\Gaming\Documents\TeamPhantom\Phantom-Library\Misc.SchLib with Crysatl-16Mhz from Misc.SchLib
Replace Part Y? Crysatl-16Mhz in C:\Users\Gaming\Documents\TeamPhantom\Phantom-Library\Misc.SchLib with Crysatl-16Mhz from Misc.SchLib
Replace Part Y? Crystal-8MHz in C:\Users\Gaming\Documents\TeamPhantom\Phantom-Library\Misc.SchLib with Crystal-8MHz from Misc.SchLib
Replace Part Y? Crystal-8MHz in C:\Users\Gaming\Documents\TeamPhantom\Phantom-Library\Misc.SchLib with Crystal-8MHz from Misc.SchLib
Replace Part Y? Crystal-8MHz in C:\Users\Gaming\Documents\TeamPhantom\Phantom-Library\Misc.SchLib with Crystal-8MHz from Misc.SchLib
Replace Part Y? Crystal-8MHz in C:\Users\Gaming\Documents\TeamPhantom\Phantom-Library\Misc.SchLib with Crystal-8MHz from Misc.SchLib
Replace Part Y? Crystal-8MHz in C:\Users\Gaming\Documents\TeamPhantom\Phantom-Library\Misc.SchLib with Crystal-8MHz from Misc.SchLib
Replace Part Y? Crystal-8MHz in C:\Users\Gaming\Documents\TeamPhantom\Phantom-Library\Misc.SchLib with Crystal-8MHz from Misc.SchLib
Replace Part Y? Crystal-8MHz in C:\Users\Gaming\Documents\TeamPhantom\Phantom-Library\Misc.SchLib with Crystal-8MHz from Misc.SchLib
Replace Part Y? Crystal-8MHz in C:\Users\Gaming\Documents\TeamPhantom\Phantom-Library\Misc.SchLib with Crystal-8MHz from Misc.SchLib
Replace Part F? Fuse 250V-0.8A in C:\Users\Gaming\Documents\TeamPhantom\Phantom-Library\Misc.SchLib with Fuse 250V-0.8A from Misc.SchLib
Replace Part F? Fuse 250V-0.8A in C:\Users\Gaming\Documents\TeamPhantom\Phantom-Library\Misc.SchLib with Fuse 250V-0.8A from Misc.SchLib
Replace Part F? Fuse 250V-0.8A in C:\Users\Gaming\Documents\TeamPhantom\Phantom-Library\Misc.SchLib with Fuse 250V-0.8A from Misc.SchLib
Replace Part F? Fuse 250V-0.8A in C:\Users\Gaming\Documents\TeamPhantom\Phantom-Library\Misc.SchLib with Fuse 250V-0.8A from Misc.SchLib
Replace Part F? Fuse 250V-0.8A in C:\Users\Gaming\Documents\TeamPhantom\Phantom-Library\Misc.SchLib with Fuse 250V-0.8A from Misc.SchLib
Replace Part F? Fuse 250V-0.8A in C:\Users\Gaming\Documents\TeamPhantom\Phantom-Library\Misc.SchLib with Fuse 250V-0.8A from Misc.SchLib
Replace Part F? Fuse 250V-0.8A in C:\Users\Gaming\Documents\TeamPhantom\Phantom-Library\Misc.SchLib with Fuse 250V-0.8A from Misc.SchLib
Replace Part F? Fuse 250V-0.8A in C:\Users\Gaming\Documents\TeamPhantom\Phantom-Library\Misc.SchLib with Fuse 250V-0.8A from Misc.SchLib
Replace Part U? Hercules Launchpad in C:\Users\Gaming\Documents\TeamPhantom\Phantom-Library\Misc.SchLib with Hercules Launchpad from Misc.SchLib
Replace Part U? Hercules Launchpad in C:\Users\Gaming\Documents\TeamPhantom\Phantom-Library\Misc.SchLib with Hercules Launchpad from Misc.SchLib
Replace Part U? Hercules Launchpad in C:\Users\Gaming\Documents\TeamPhantom\Phantom-Library\Misc.SchLib with Hercules Launchpad from Misc.SchLib
Replace Part U? Hercules Launchpad in C:\Users\Gaming\Documents\TeamPhantom\Phantom-Library\Misc.SchLib with Hercules Launchpad from Misc.SchLib
Replace Part U? Hercules Launchpad in C:\Users\Gaming\Documents\TeamPhantom\Phantom-Library\Misc.SchLib with Hercules Launchpad from Misc.SchLib
Replace Part U? Hercules Launchpad in C:\Users\Gaming\Documents\TeamPhantom\Phantom-Library\Misc.SchLib with Hercules Launchpad from Misc.SchLib
Replace Part U? Hercules Launchpad in C:\Users\Gaming\Documents\TeamPhantom\Phantom-Library\Misc.SchLib with Hercules Launchpad from Misc.SchLib
Replace Part U? Hercules Launchpad in C:\Users\Gaming\Documents\TeamPhantom\Phantom-Library\Misc.SchLib with Hercules Launchpad from Misc.SchLib
Replace Part MH? MH4.2mm in C:\Users\Gaming\Documents\TeamPhantom\Phantom-Library\Misc.SchLib with MH4.2mm from Misc.SchLib
Replace Part MH? MH4.2mm in C:\Users\Gaming\Documents\TeamPhantom\Phantom-Library\Misc.SchLib with MH4.2mm from Misc.SchLib
Replace Part MH? MH4.2mm in C:\Users\Gaming\Documents\TeamPhantom\Phantom-Library\Misc.SchLib with MH4.2mm from Misc.SchLib
Replace Part MH? MH4.2mm in C:\Users\Gaming\Documents\TeamPhantom\Phantom-Library\Misc.SchLib with MH4.2mm from Misc.SchLib
Replace Part MH? MH4.2mm in C:\Users\Gaming\Documents\TeamPhantom\Phantom-Library\Misc.SchLib with MH4.2mm from Misc.SchLib
Replace Part MH? MH4.2mm in C:\Users\Gaming\Documents\TeamPhantom\Phantom-Library\Misc.SchLib with MH4.2mm from Misc.SchLib
Replace Part MH? MH4.2mm in C:\Users\Gaming\Documents\TeamPhantom\Phantom-Library\Misc.SchLib with MH4.2mm from Misc.SchLib
Replace Part MH? MH4.2mm in C:\Users\Gaming\Documents\TeamPhantom\Phantom-Library\Misc.SchLib with MH4.2mm from Misc.SchLib
Replace Part X? MicroSDcard in C:\Users\Gaming\Documents\TeamPhantom\Phantom-Library\Misc.SchLib with MicroSDcard from Misc.SchLib
Replace Part X? MicroSDcard in C:\Users\Gaming\Documents\TeamPhantom\Phantom-Library\Misc.SchLib with MicroSDcard from Misc.SchLib
Replace Part X? MicroSDcard in C:\Users\Gaming\Documents\TeamPhantom\Phantom-Library\Misc.SchLib with MicroSDcard from Misc.SchLib
Replace Part X? MicroSDcard in C:\Users\Gaming\Documents\TeamPhantom\Phantom-Library\Misc.SchLib with MicroSDcard from Misc.SchLib
Replace Part X? MicroSDcard in C:\Users\Gaming\Documents\TeamPhantom\Phantom-Library\Misc.SchLib with MicroSDcard from Misc.SchLib
Replace Part X? MicroSDcard in C:\Users\Gaming\Documents\TeamPhantom\Phantom-Library\Misc.SchLib with MicroSDcard from Misc.SchLib
Replace Part X? MicroSDcard in C:\Users\Gaming\Documents\TeamPhantom\Phantom-Library\Misc.SchLib with MicroSDcard from Misc.SchLib
Replace Part X? MicroSDcard in C:\Users\Gaming\Documents\TeamPhantom\Phantom-Library\Misc.SchLib with MicroSDcard from Misc.SchLib
Replace Part S? Tactile Switch in C:\Users\Gaming\Documents\TeamPhantom\Phantom-Library\Misc.SchLib with Tactile Switch from Misc.SchLib
Replace Part S? Tactile Switch in C:\Users\Gaming\Documents\TeamPhantom\Phantom-Library\Misc.SchLib with Tactile Switch from Misc.SchLib
Replace Part S? Tactile Switch in C:\Users\Gaming\Documents\TeamPhantom\Phantom-Library\Misc.SchLib with Tactile Switch from Misc.SchLib
Replace Part S? Tactile Switch in C:\Users\Gaming\Documents\TeamPhantom\Phantom-Library\Misc.SchLib with Tactile Switch from Misc.SchLib
Replace Part S? Tactile Switch in C:\Users\Gaming\Documents\TeamPhantom\Phantom-Library\Misc.SchLib with Tactile Switch from Misc.SchLib
Replace Part S? Tactile Switch in C:\Users\Gaming\Documents\TeamPhantom\Phantom-Library\Misc.SchLib with Tactile Switch from Misc.SchLib
Replace Part S? Tactile Switch in C:\Users\Gaming\Documents\TeamPhantom\Phantom-Library\Misc.SchLib with Tactile Switch from Misc.SchLib
Replace Part S? Tactile Switch in C:\Users\Gaming\Documents\TeamPhantom\Phantom-Library\Misc.SchLib with Tactile Switch from Misc.SchLib
Replace Part JP? Testpoint1 in C:\Users\Gaming\Documents\TeamPhantom\Phantom-Library\Misc.SchLib with Testpoint1 from Misc.SchLib
Replace Part JP? Testpoint1 in C:\Users\Gaming\Documents\TeamPhantom\Phantom-Library\Misc.SchLib with Testpoint1 from Misc.SchLib
Replace Part JP? Testpoint1 in C:\Users\Gaming\Documents\TeamPhantom\Phantom-Library\Misc.SchLib with Testpoint1 from Misc.SchLib
Replace Part JP? Testpoint1 in C:\Users\Gaming\Documents\TeamPhantom\Phantom-Library\Misc.SchLib with Testpoint1 from Misc.SchLib
Replace Part JP? Testpoint1 in C:\Users\Gaming\Documents\TeamPhantom\Phantom-Library\Misc.SchLib with Testpoint1 from Misc.SchLib
Replace Part JP? Testpoint1 in C:\Users\Gaming\Documents\TeamPhantom\Phantom-Library\Misc.SchLib with Testpoint1 from Misc.SchLib
Replace Part JP? Testpoint1 in C:\Users\Gaming\Documents\TeamPhantom\Phantom-Library\Misc.SchLib with Testpoint1 from Misc.SchLib
Replace Part JP? Testpoint1 in C:\Users\Gaming\Documents\TeamPhantom\Phantom-Library\Misc.SchLib with Testpoint1 from Misc.SchLib
Replace Part JP? Testpoint2 in C:\Users\Gaming\Documents\TeamPhantom\Phantom-Library\Misc.SchLib with Testpoint2 from Misc.SchLib
Replace Part JP? Testpoint2 in C:\Users\Gaming\Documents\TeamPhantom\Phantom-Library\Misc.SchLib with Testpoint2 from Misc.SchLib
Replace Part JP? Testpoint2 in C:\Users\Gaming\Documents\TeamPhantom\Phantom-Library\Misc.SchLib with Testpoint2 from Misc.SchLib
Replace Part JP? Testpoint2 in C:\Users\Gaming\Documents\TeamPhantom\Phantom-Library\Misc.SchLib with Testpoint2 from Misc.SchLib
Replace Part JP? Testpoint2 in C:\Users\Gaming\Documents\TeamPhantom\Phantom-Library\Misc.SchLib with Testpoint2 from Misc.SchLib
Replace Part JP? Testpoint2 in C:\Users\Gaming\Documents\TeamPhantom\Phantom-Library\Misc.SchLib with Testpoint2 from Misc.SchLib
Replace Part JP? Testpoint2 in C:\Users\Gaming\Documents\TeamPhantom\Phantom-Library\Misc.SchLib with Testpoint2 from Misc.SchLib
Replace Part JP? Testpoint2 in C:\Users\Gaming\Documents\TeamPhantom\Phantom-Library\Misc.SchLib with Testpoint2 from Misc.SchLib
Replace Part JP? Testpoint3 in C:\Users\Gaming\Documents\TeamPhantom\Phantom-Library\Misc.SchLib with Testpoint3 from Misc.SchLib
Replace Part JP? Testpoint3 in C:\Users\Gaming\Documents\TeamPhantom\Phantom-Library\Misc.SchLib with Testpoint3 from Misc.SchLib
Replace Part JP? Testpoint3 in C:\Users\Gaming\Documents\TeamPhantom\Phantom-Library\Misc.SchLib with Testpoint3 from Misc.SchLib
Replace Part JP? Testpoint3 in C:\Users\Gaming\Documents\TeamPhantom\Phantom-Library\Misc.SchLib with Testpoint3 from Misc.SchLib
Replace Part JP? Testpoint3 in C:\Users\Gaming\Documents\TeamPhantom\Phantom-Library\Misc.SchLib with Testpoint3 from Misc.SchLib
Replace Part JP? Testpoint3 in C:\Users\Gaming\Documents\TeamPhantom\Phantom-Library\Misc.SchLib with Testpoint3 from Misc.SchLib
Replace Part JP? Testpoint3 in C:\Users\Gaming\Documents\TeamPhantom\Phantom-Library\Misc.SchLib with Testpoint3 from Misc.SchLib
Replace Part JP? Testpoint3 in C:\Users\Gaming\Documents\TeamPhantom\Phantom-Library\Misc.SchLib with Testpoint3 from Misc.SchLib
