Replace Part U? Boost Adj-280mA in C:\Users\Gaming\Documents\TeamPhantom\Phantom-Library\Power.SchLib with Boost Adj-280mA from Power.SchLib
Replace Part U? Boost Adj-280mA in C:\Users\Gaming\Documents\TeamPhantom\Phantom-Library\Power.SchLib with Boost Adj-280mA from Power.SchLib
Replace Part U? Boost Adj-280mA in C:\Users\Gaming\Documents\TeamPhantom\Phantom-Library\Power.SchLib with Boost Adj-280mA from Power.SchLib
Replace Part U? Boost Adj-280mA in C:\Users\Gaming\Documents\TeamPhantom\Phantom-Library\Power.SchLib with Boost Adj-280mA from Power.SchLib
Replace Part U? Boost Adj-280mA in C:\Users\Gaming\Documents\TeamPhantom\Phantom-Library\Power.SchLib with Boost Adj-280mA from Power.SchLib
Replace Part U? Boost Adj-280mA in C:\Users\Gaming\Documents\TeamPhantom\Phantom-Library\Power.SchLib with Boost Adj-280mA from Power.SchLib
Replace Part U? Boost Adj-280mA in C:\Users\Gaming\Documents\TeamPhantom\Phantom-Library\Power.SchLib with Boost Adj-280mA from Power.SchLib
Replace Part U? Boost Adj-280mA in C:\Users\Gaming\Documents\TeamPhantom\Phantom-Library\Power.SchLib with Boost Adj-280mA from Power.SchLib
Replace Part U? Buck Adj-5A in C:\Users\Gaming\Documents\TeamPhantom\Phantom-Library\Power.SchLib with Buck Adj-5A from Power.SchLib
Replace Part U? Buck Adj-5A in C:\Users\Gaming\Documents\TeamPhantom\Phantom-Library\Power.SchLib with Buck Adj-5A from Power.SchLib
Replace Part U? Buck Adj-5A in C:\Users\Gaming\Documents\TeamPhantom\Phantom-Library\Power.SchLib with Buck Adj-5A from Power.SchLib
Replace Part U? Buck Adj-5A in C:\Users\Gaming\Documents\TeamPhantom\Phantom-Library\Power.SchLib with Buck Adj-5A from Power.SchLib
Replace Part U? Buck Adj-5A in C:\Users\Gaming\Documents\TeamPhantom\Phantom-Library\Power.SchLib with Buck Adj-5A from Power.SchLib
Replace Part U? Buck Adj-5A in C:\Users\Gaming\Documents\TeamPhantom\Phantom-Library\Power.SchLib with Buck Adj-5A from Power.SchLib
Replace Part U? Buck Adj-5A in C:\Users\Gaming\Documents\TeamPhantom\Phantom-Library\Power.SchLib with Buck Adj-5A from Power.SchLib
Replace Part U? Buck Adj-5A in C:\Users\Gaming\Documents\TeamPhantom\Phantom-Library\Power.SchLib with Buck Adj-5A from Power.SchLib
Replace Part U? DCDC5V-5V in C:\Users\Gaming\Documents\TeamPhantom\Phantom-Library\Power.SchLib with DCDC5V-5V from Power.SchLib
Replace Part U? DCDC5V-5V in C:\Users\Gaming\Documents\TeamPhantom\Phantom-Library\Power.SchLib with DCDC5V-5V from Power.SchLib
Replace Part U? DCDC5V-5V in C:\Users\Gaming\Documents\TeamPhantom\Phantom-Library\Power.SchLib with DCDC5V-5V from Power.SchLib
Replace Part U? DCDC5V-5V in C:\Users\Gaming\Documents\TeamPhantom\Phantom-Library\Power.SchLib with DCDC5V-5V from Power.SchLib
Replace Part U? DCDC5V-5V in C:\Users\Gaming\Documents\TeamPhantom\Phantom-Library\Power.SchLib with DCDC5V-5V from Power.SchLib
Replace Part U? DCDC5V-5V in C:\Users\Gaming\Documents\TeamPhantom\Phantom-Library\Power.SchLib with DCDC5V-5V from Power.SchLib
Replace Part U? DCDC5V-5V in C:\Users\Gaming\Documents\TeamPhantom\Phantom-Library\Power.SchLib with DCDC5V-5V from Power.SchLib
Replace Part U? DCDC5V-5V in C:\Users\Gaming\Documents\TeamPhantom\Phantom-Library\Power.SchLib with DCDC5V-5V from Power.SchLib
Replace Part U? DCDC200V-12V in C:\Users\Gaming\Documents\TeamPhantom\Phantom-Library\Power.SchLib with DCDC200V-12V from Power.SchLib
Replace Part U? DCDC200V-12V in C:\Users\Gaming\Documents\TeamPhantom\Phantom-Library\Power.SchLib with DCDC200V-12V from Power.SchLib
Replace Part U? DCDC200V-12V in C:\Users\Gaming\Documents\TeamPhantom\Phantom-Library\Power.SchLib with DCDC200V-12V from Power.SchLib
Replace Part U? DCDC200V-12V in C:\Users\Gaming\Documents\TeamPhantom\Phantom-Library\Power.SchLib with DCDC200V-12V from Power.SchLib
Replace Part U? DCDC200V-12V in C:\Users\Gaming\Documents\TeamPhantom\Phantom-Library\Power.SchLib with DCDC200V-12V from Power.SchLib
Replace Part U? DCDC200V-12V in C:\Users\Gaming\Documents\TeamPhantom\Phantom-Library\Power.SchLib with DCDC200V-12V from Power.SchLib
Replace Part U? DCDC200V-12V in C:\Users\Gaming\Documents\TeamPhantom\Phantom-Library\Power.SchLib with DCDC200V-12V from Power.SchLib
Replace Part U? DCDC200V-12V in C:\Users\Gaming\Documents\TeamPhantom\Phantom-Library\Power.SchLib with DCDC200V-12V from Power.SchLib
Replace Part U? LDO-1.2V-300mA in C:\Users\Gaming\Documents\TeamPhantom\Phantom-Library\Power.SchLib with LDO-1.2V-300mA from Power.SchLib
Replace Part U? LDO-1.2V-300mA in C:\Users\Gaming\Documents\TeamPhantom\Phantom-Library\Power.SchLib with LDO-1.2V-300mA from Power.SchLib
Replace Part U? LDO-1.2V-300mA in C:\Users\Gaming\Documents\TeamPhantom\Phantom-Library\Power.SchLib with LDO-1.2V-300mA from Power.SchLib
Replace Part U? LDO-1.2V-300mA in C:\Users\Gaming\Documents\TeamPhantom\Phantom-Library\Power.SchLib with LDO-1.2V-300mA from Power.SchLib
Replace Part U? LDO-1.2V-300mA in C:\Users\Gaming\Documents\TeamPhantom\Phantom-Library\Power.SchLib with LDO-1.2V-300mA from Power.SchLib
Replace Part U? LDO-1.2V-300mA in C:\Users\Gaming\Documents\TeamPhantom\Phantom-Library\Power.SchLib with LDO-1.2V-300mA from Power.SchLib
Replace Part U? LDO-1.2V-300mA in C:\Users\Gaming\Documents\TeamPhantom\Phantom-Library\Power.SchLib with LDO-1.2V-300mA from Power.SchLib
Replace Part U? LDO-1.2V-300mA in C:\Users\Gaming\Documents\TeamPhantom\Phantom-Library\Power.SchLib with LDO-1.2V-300mA from Power.SchLib
Replace Part U? LDO-1.2V-600mA in C:\Users\Gaming\Documents\TeamPhantom\Phantom-Library\Power.SchLib with LDO-1.2V-600mA from Power.SchLib
Replace Part U? LDO-1.2V-600mA in C:\Users\Gaming\Documents\TeamPhantom\Phantom-Library\Power.SchLib with LDO-1.2V-600mA from Power.SchLib
Replace Part U? LDO-1.2V-600mA in C:\Users\Gaming\Documents\TeamPhantom\Phantom-Library\Power.SchLib with LDO-1.2V-600mA from Power.SchLib
Replace Part U? LDO-1.2V-600mA in C:\Users\Gaming\Documents\TeamPhantom\Phantom-Library\Power.SchLib with LDO-1.2V-600mA from Power.SchLib
Replace Part U? LDO-1.2V-600mA in C:\Users\Gaming\Documents\TeamPhantom\Phantom-Library\Power.SchLib with LDO-1.2V-600mA from Power.SchLib
Replace Part U? LDO-1.2V-600mA in C:\Users\Gaming\Documents\TeamPhantom\Phantom-Library\Power.SchLib with LDO-1.2V-600mA from Power.SchLib
Replace Part U? LDO-1.2V-600mA in C:\Users\Gaming\Documents\TeamPhantom\Phantom-Library\Power.SchLib with LDO-1.2V-600mA from Power.SchLib
Replace Part U? LDO-1.2V-600mA in C:\Users\Gaming\Documents\TeamPhantom\Phantom-Library\Power.SchLib with LDO-1.2V-600mA from Power.SchLib
Replace Part U? LDO-1.5V-25mA in C:\Users\Gaming\Documents\TeamPhantom\Phantom-Library\Power.SchLib with LDO-1.5V-25mA from Power.SchLib
Replace Part U? LDO-1.5V-25mA in C:\Users\Gaming\Documents\TeamPhantom\Phantom-Library\Power.SchLib with LDO-1.5V-25mA from Power.SchLib
Replace Part U? LDO-1.5V-25mA in C:\Users\Gaming\Documents\TeamPhantom\Phantom-Library\Power.SchLib with LDO-1.5V-25mA from Power.SchLib
Replace Part U? LDO-1.5V-25mA in C:\Users\Gaming\Documents\TeamPhantom\Phantom-Library\Power.SchLib with LDO-1.5V-25mA from Power.SchLib
Replace Part U? LDO-1.5V-25mA in C:\Users\Gaming\Documents\TeamPhantom\Phantom-Library\Power.SchLib with LDO-1.5V-25mA from Power.SchLib
Replace Part U? LDO-1.5V-25mA in C:\Users\Gaming\Documents\TeamPhantom\Phantom-Library\Power.SchLib with LDO-1.5V-25mA from Power.SchLib
Replace Part U? LDO-1.5V-25mA in C:\Users\Gaming\Documents\TeamPhantom\Phantom-Library\Power.SchLib with LDO-1.5V-25mA from Power.SchLib
Replace Part U? LDO-1.5V-25mA in C:\Users\Gaming\Documents\TeamPhantom\Phantom-Library\Power.SchLib with LDO-1.5V-25mA from Power.SchLib
Replace Part U? LDO-2.8V-10mA in C:\Users\Gaming\Documents\TeamPhantom\Phantom-Library\Power.SchLib with LDO-2.8V-10mA from Power.SchLib
Replace Part U? LDO-2.8V-10mA in C:\Users\Gaming\Documents\TeamPhantom\Phantom-Library\Power.SchLib with LDO-2.8V-10mA from Power.SchLib
Replace Part U? LDO-2.8V-10mA in C:\Users\Gaming\Documents\TeamPhantom\Phantom-Library\Power.SchLib with LDO-2.8V-10mA from Power.SchLib
Replace Part U? LDO-2.8V-10mA in C:\Users\Gaming\Documents\TeamPhantom\Phantom-Library\Power.SchLib with LDO-2.8V-10mA from Power.SchLib
Replace Part U? LDO-2.8V-10mA in C:\Users\Gaming\Documents\TeamPhantom\Phantom-Library\Power.SchLib with LDO-2.8V-10mA from Power.SchLib
Replace Part U? LDO-2.8V-10mA in C:\Users\Gaming\Documents\TeamPhantom\Phantom-Library\Power.SchLib with LDO-2.8V-10mA from Power.SchLib
Replace Part U? LDO-2.8V-10mA in C:\Users\Gaming\Documents\TeamPhantom\Phantom-Library\Power.SchLib with LDO-2.8V-10mA from Power.SchLib
Replace Part U? LDO-2.8V-10mA in C:\Users\Gaming\Documents\TeamPhantom\Phantom-Library\Power.SchLib with LDO-2.8V-10mA from Power.SchLib
Replace Part U? LDO-3.3V-500mA in C:\Users\Gaming\Documents\TeamPhantom\Phantom-Library\Power.SchLib with LDO-3.3V-500mA from Power.SchLib
Replace Part U? LDO-3.3V-500mA in C:\Users\Gaming\Documents\TeamPhantom\Phantom-Library\Power.SchLib with LDO-3.3V-500mA from Power.SchLib
Replace Part U? LDO-3.3V-500mA in C:\Users\Gaming\Documents\TeamPhantom\Phantom-Library\Power.SchLib with LDO-3.3V-500mA from Power.SchLib
Replace Part U? LDO-3.3V-500mA in C:\Users\Gaming\Documents\TeamPhantom\Phantom-Library\Power.SchLib with LDO-3.3V-500mA from Power.SchLib
Replace Part U? LDO-3.3V-500mA in C:\Users\Gaming\Documents\TeamPhantom\Phantom-Library\Power.SchLib with LDO-3.3V-500mA from Power.SchLib
Replace Part U? LDO-3.3V-500mA in C:\Users\Gaming\Documents\TeamPhantom\Phantom-Library\Power.SchLib with LDO-3.3V-500mA from Power.SchLib
Replace Part U? LDO-3.3V-500mA in C:\Users\Gaming\Documents\TeamPhantom\Phantom-Library\Power.SchLib with LDO-3.3V-500mA from Power.SchLib
Replace Part U? LDO-3.3V-500mA in C:\Users\Gaming\Documents\TeamPhantom\Phantom-Library\Power.SchLib with LDO-3.3V-500mA from Power.SchLib
Replace Part U? LDO-3.3V-800mA in C:\Users\Gaming\Documents\TeamPhantom\Phantom-Library\Power.SchLib with LDO-3.3V-800mA from Power.SchLib
Replace Part U? LDO-3.3V-800mA in C:\Users\Gaming\Documents\TeamPhantom\Phantom-Library\Power.SchLib with LDO-3.3V-800mA from Power.SchLib
Replace Part U? LDO-3.3V-800mA in C:\Users\Gaming\Documents\TeamPhantom\Phantom-Library\Power.SchLib with LDO-3.3V-800mA from Power.SchLib
Replace Part U? LDO-3.3V-800mA in C:\Users\Gaming\Documents\TeamPhantom\Phantom-Library\Power.SchLib with LDO-3.3V-800mA from Power.SchLib
Replace Part U? LDO-3.3V-800mA in C:\Users\Gaming\Documents\TeamPhantom\Phantom-Library\Power.SchLib with LDO-3.3V-800mA from Power.SchLib
Replace Part U? LDO-3.3V-800mA in C:\Users\Gaming\Documents\TeamPhantom\Phantom-Library\Power.SchLib with LDO-3.3V-800mA from Power.SchLib
Replace Part U? LDO-3.3V-800mA in C:\Users\Gaming\Documents\TeamPhantom\Phantom-Library\Power.SchLib with LDO-3.3V-800mA from Power.SchLib
Replace Part U? LDO-3.3V-800mA in C:\Users\Gaming\Documents\TeamPhantom\Phantom-Library\Power.SchLib with LDO-3.3V-800mA from Power.SchLib
Replace Part U? LDO-5V-500mA in C:\Users\Gaming\Documents\TeamPhantom\Phantom-Library\Power.SchLib with LDO-5V-500mA from Power.SchLib
Replace Part U? LDO-5V-500mA in C:\Users\Gaming\Documents\TeamPhantom\Phantom-Library\Power.SchLib with LDO-5V-500mA from Power.SchLib
Replace Part U? LDO-5V-500mA in C:\Users\Gaming\Documents\TeamPhantom\Phantom-Library\Power.SchLib with LDO-5V-500mA from Power.SchLib
Replace Part U? LDO-5V-500mA in C:\Users\Gaming\Documents\TeamPhantom\Phantom-Library\Power.SchLib with LDO-5V-500mA from Power.SchLib
Replace Part U? LDO-5V-500mA in C:\Users\Gaming\Documents\TeamPhantom\Phantom-Library\Power.SchLib with LDO-5V-500mA from Power.SchLib
Replace Part U? LDO-5V-500mA in C:\Users\Gaming\Documents\TeamPhantom\Phantom-Library\Power.SchLib with LDO-5V-500mA from Power.SchLib
Replace Part U? LDO-5V-500mA in C:\Users\Gaming\Documents\TeamPhantom\Phantom-Library\Power.SchLib with LDO-5V-500mA from Power.SchLib
Replace Part U? LDO-5V-500mA in C:\Users\Gaming\Documents\TeamPhantom\Phantom-Library\Power.SchLib with LDO-5V-500mA from Power.SchLib
Replace Part U? LDO-12V-10mA in C:\Users\Gaming\Documents\TeamPhantom\Phantom-Library\Power.SchLib with LDO-12V-10mA from Power.SchLib
Replace Part U? LDO-12V-10mA in C:\Users\Gaming\Documents\TeamPhantom\Phantom-Library\Power.SchLib with LDO-12V-10mA from Power.SchLib
Replace Part U? LDO-12V-10mA in C:\Users\Gaming\Documents\TeamPhantom\Phantom-Library\Power.SchLib with LDO-12V-10mA from Power.SchLib
Replace Part U? LDO-12V-10mA in C:\Users\Gaming\Documents\TeamPhantom\Phantom-Library\Power.SchLib with LDO-12V-10mA from Power.SchLib
Replace Part U? LDO-12V-10mA in C:\Users\Gaming\Documents\TeamPhantom\Phantom-Library\Power.SchLib with LDO-12V-10mA from Power.SchLib
Replace Part U? LDO-12V-10mA in C:\Users\Gaming\Documents\TeamPhantom\Phantom-Library\Power.SchLib with LDO-12V-10mA from Power.SchLib
Replace Part U? LDO-12V-10mA in C:\Users\Gaming\Documents\TeamPhantom\Phantom-Library\Power.SchLib with LDO-12V-10mA from Power.SchLib
Replace Part U? LDO-12V-10mA in C:\Users\Gaming\Documents\TeamPhantom\Phantom-Library\Power.SchLib with LDO-12V-10mA from Power.SchLib
