Replace Part C? 0402-0.1uF-16V in C:\Users\Gaming\Documents\TeamPhantom\Phantom-Library\Capacitors.SchLib with 0402-0.1uF-16V from Capacitors.SchLib
Replace Part C? 0402-0.1uF-16V in C:\Users\Gaming\Documents\TeamPhantom\Phantom-Library\Capacitors.SchLib with 0402-0.1uF-16V from Capacitors.SchLib
Replace Part C? 0402-0.1uF-16V in C:\Users\Gaming\Documents\TeamPhantom\Phantom-Library\Capacitors.SchLib with 0402-0.1uF-16V from Capacitors.SchLib
Replace Part C? 0402-0.1uF-16V in C:\Users\Gaming\Documents\TeamPhantom\Phantom-Library\Capacitors.SchLib with 0402-0.1uF-16V from Capacitors.SchLib
Replace Part C? 0402-0.1uF-16V in C:\Users\Gaming\Documents\TeamPhantom\Phantom-Library\Capacitors.SchLib with 0402-0.1uF-16V from Capacitors.SchLib
Replace Part C? 0402-0.1uF-16V in C:\Users\Gaming\Documents\TeamPhantom\Phantom-Library\Capacitors.SchLib with 0402-0.1uF-16V from Capacitors.SchLib
Replace Part C? 0402-0.1uF-16V in C:\Users\Gaming\Documents\TeamPhantom\Phantom-Library\Capacitors.SchLib with 0402-0.1uF-16V from Capacitors.SchLib
Replace Part C? 0402-0.1uF-16V in C:\Users\Gaming\Documents\TeamPhantom\Phantom-Library\Capacitors.SchLib with 0402-0.1uF-16V from Capacitors.SchLib
Replace Part C? 0402-1uF-16V in C:\Users\Gaming\Documents\TeamPhantom\Phantom-Library\Capacitors.SchLib with 0402-1uF-16V from Capacitors.SchLib
Replace Part C? 0402-1uF-16V in C:\Users\Gaming\Documents\TeamPhantom\Phantom-Library\Capacitors.SchLib with 0402-1uF-16V from Capacitors.SchLib
Replace Part C? 0402-1uF-16V in C:\Users\Gaming\Documents\TeamPhantom\Phantom-Library\Capacitors.SchLib with 0402-1uF-16V from Capacitors.SchLib
Replace Part C? 0402-1uF-16V in C:\Users\Gaming\Documents\TeamPhantom\Phantom-Library\Capacitors.SchLib with 0402-1uF-16V from Capacitors.SchLib
Replace Part C? 0402-1uF-16V in C:\Users\Gaming\Documents\TeamPhantom\Phantom-Library\Capacitors.SchLib with 0402-1uF-16V from Capacitors.SchLib
Replace Part C? 0402-1uF-16V in C:\Users\Gaming\Documents\TeamPhantom\Phantom-Library\Capacitors.SchLib with 0402-1uF-16V from Capacitors.SchLib
Replace Part C? 0402-1uF-16V in C:\Users\Gaming\Documents\TeamPhantom\Phantom-Library\Capacitors.SchLib with 0402-1uF-16V from Capacitors.SchLib
Replace Part C? 0402-1uF-16V in C:\Users\Gaming\Documents\TeamPhantom\Phantom-Library\Capacitors.SchLib with 0402-1uF-16V from Capacitors.SchLib
Replace Part C? 0402-10nF-16V in C:\Users\Gaming\Documents\TeamPhantom\Phantom-Library\Capacitors.SchLib with 0402-10nF-16V from Capacitors.SchLib
Replace Part C? 0402-10nF-16V in C:\Users\Gaming\Documents\TeamPhantom\Phantom-Library\Capacitors.SchLib with 0402-10nF-16V from Capacitors.SchLib
Replace Part C? 0402-10nF-16V in C:\Users\Gaming\Documents\TeamPhantom\Phantom-Library\Capacitors.SchLib with 0402-10nF-16V from Capacitors.SchLib
Replace Part C? 0402-10nF-16V in C:\Users\Gaming\Documents\TeamPhantom\Phantom-Library\Capacitors.SchLib with 0402-10nF-16V from Capacitors.SchLib
Replace Part C? 0402-10nF-16V in C:\Users\Gaming\Documents\TeamPhantom\Phantom-Library\Capacitors.SchLib with 0402-10nF-16V from Capacitors.SchLib
Replace Part C? 0402-10nF-16V in C:\Users\Gaming\Documents\TeamPhantom\Phantom-Library\Capacitors.SchLib with 0402-10nF-16V from Capacitors.SchLib
Replace Part C? 0402-10nF-16V in C:\Users\Gaming\Documents\TeamPhantom\Phantom-Library\Capacitors.SchLib with 0402-10nF-16V from Capacitors.SchLib
Replace Part C? 0402-10nF-16V in C:\Users\Gaming\Documents\TeamPhantom\Phantom-Library\Capacitors.SchLib with 0402-10nF-16V from Capacitors.SchLib
Replace Part C? 0402-10pF-16V in C:\Users\Gaming\Documents\TeamPhantom\Phantom-Library\Capacitors.SchLib with 0402-10pF-16V from Capacitors.SchLib
Replace Part C? 0402-10pF-16V in C:\Users\Gaming\Documents\TeamPhantom\Phantom-Library\Capacitors.SchLib with 0402-10pF-16V from Capacitors.SchLib
Replace Part C? 0402-10pF-16V in C:\Users\Gaming\Documents\TeamPhantom\Phantom-Library\Capacitors.SchLib with 0402-10pF-16V from Capacitors.SchLib
Replace Part C? 0402-10pF-16V in C:\Users\Gaming\Documents\TeamPhantom\Phantom-Library\Capacitors.SchLib with 0402-10pF-16V from Capacitors.SchLib
Replace Part C? 0402-10pF-16V in C:\Users\Gaming\Documents\TeamPhantom\Phantom-Library\Capacitors.SchLib with 0402-10pF-16V from Capacitors.SchLib
Replace Part C? 0402-10pF-16V in C:\Users\Gaming\Documents\TeamPhantom\Phantom-Library\Capacitors.SchLib with 0402-10pF-16V from Capacitors.SchLib
Replace Part C? 0402-10pF-16V in C:\Users\Gaming\Documents\TeamPhantom\Phantom-Library\Capacitors.SchLib with 0402-10pF-16V from Capacitors.SchLib
Replace Part C? 0402-10pF-16V in C:\Users\Gaming\Documents\TeamPhantom\Phantom-Library\Capacitors.SchLib with 0402-10pF-16V from Capacitors.SchLib
Replace Part C? 0402-22nF-16V in C:\Users\Gaming\Documents\TeamPhantom\Phantom-Library\Capacitors.SchLib with 0402-22nF-16V from Capacitors.SchLib
Replace Part C? 0402-22nF-16V in C:\Users\Gaming\Documents\TeamPhantom\Phantom-Library\Capacitors.SchLib with 0402-22nF-16V from Capacitors.SchLib
Replace Part C? 0402-22nF-16V in C:\Users\Gaming\Documents\TeamPhantom\Phantom-Library\Capacitors.SchLib with 0402-22nF-16V from Capacitors.SchLib
Replace Part C? 0402-22nF-16V in C:\Users\Gaming\Documents\TeamPhantom\Phantom-Library\Capacitors.SchLib with 0402-22nF-16V from Capacitors.SchLib
Replace Part C? 0402-22nF-16V in C:\Users\Gaming\Documents\TeamPhantom\Phantom-Library\Capacitors.SchLib with 0402-22nF-16V from Capacitors.SchLib
Replace Part C? 0402-22nF-16V in C:\Users\Gaming\Documents\TeamPhantom\Phantom-Library\Capacitors.SchLib with 0402-22nF-16V from Capacitors.SchLib
Replace Part C? 0402-22nF-16V in C:\Users\Gaming\Documents\TeamPhantom\Phantom-Library\Capacitors.SchLib with 0402-22nF-16V from Capacitors.SchLib
Replace Part C? 0402-22nF-16V in C:\Users\Gaming\Documents\TeamPhantom\Phantom-Library\Capacitors.SchLib with 0402-22nF-16V from Capacitors.SchLib
Replace Part C? 0402-33pF-50V in C:\Users\Gaming\Documents\TeamPhantom\Phantom-Library\Capacitors.SchLib with 0402-33pF-50V from Capacitors.SchLib
Replace Part C? 0402-33pF-50V in C:\Users\Gaming\Documents\TeamPhantom\Phantom-Library\Capacitors.SchLib with 0402-33pF-50V from Capacitors.SchLib
Replace Part C? 0402-33pF-50V in C:\Users\Gaming\Documents\TeamPhantom\Phantom-Library\Capacitors.SchLib with 0402-33pF-50V from Capacitors.SchLib
Replace Part C? 0402-33pF-50V in C:\Users\Gaming\Documents\TeamPhantom\Phantom-Library\Capacitors.SchLib with 0402-33pF-50V from Capacitors.SchLib
Replace Part C? 0402-33pF-50V in C:\Users\Gaming\Documents\TeamPhantom\Phantom-Library\Capacitors.SchLib with 0402-33pF-50V from Capacitors.SchLib
Replace Part C? 0402-33pF-50V in C:\Users\Gaming\Documents\TeamPhantom\Phantom-Library\Capacitors.SchLib with 0402-33pF-50V from Capacitors.SchLib
Replace Part C? 0402-33pF-50V in C:\Users\Gaming\Documents\TeamPhantom\Phantom-Library\Capacitors.SchLib with 0402-33pF-50V from Capacitors.SchLib
Replace Part C? 0402-33pF-50V in C:\Users\Gaming\Documents\TeamPhantom\Phantom-Library\Capacitors.SchLib with 0402-33pF-50V from Capacitors.SchLib
Replace Part C? 0603-0.1uF-16V in C:\Users\Gaming\Documents\TeamPhantom\Phantom-Library\Capacitors.SchLib with 0603-0.1uF-16V from Capacitors.SchLib
Replace Part C? 0603-0.1uF-16V in C:\Users\Gaming\Documents\TeamPhantom\Phantom-Library\Capacitors.SchLib with 0603-0.1uF-16V from Capacitors.SchLib
Replace Part C? 0603-0.1uF-16V in C:\Users\Gaming\Documents\TeamPhantom\Phantom-Library\Capacitors.SchLib with 0603-0.1uF-16V from Capacitors.SchLib
Replace Part C? 0603-0.1uF-16V in C:\Users\Gaming\Documents\TeamPhantom\Phantom-Library\Capacitors.SchLib with 0603-0.1uF-16V from Capacitors.SchLib
Replace Part C? 0603-0.1uF-16V in C:\Users\Gaming\Documents\TeamPhantom\Phantom-Library\Capacitors.SchLib with 0603-0.1uF-16V from Capacitors.SchLib
Replace Part C? 0603-0.1uF-16V in C:\Users\Gaming\Documents\TeamPhantom\Phantom-Library\Capacitors.SchLib with 0603-0.1uF-16V from Capacitors.SchLib
Replace Part C? 0603-0.1uF-16V in C:\Users\Gaming\Documents\TeamPhantom\Phantom-Library\Capacitors.SchLib with 0603-0.1uF-16V from Capacitors.SchLib
Replace Part C? 0603-0.1uF-16V in C:\Users\Gaming\Documents\TeamPhantom\Phantom-Library\Capacitors.SchLib with 0603-0.1uF-16V from Capacitors.SchLib
Replace Part C? 0603-1nF-50V in C:\Users\Gaming\Documents\TeamPhantom\Phantom-Library\Capacitors.SchLib with 0603-1nF-50V from Capacitors.SchLib
Replace Part C? 0603-1nF-50V in C:\Users\Gaming\Documents\TeamPhantom\Phantom-Library\Capacitors.SchLib with 0603-1nF-50V from Capacitors.SchLib
Replace Part C? 0603-1nF-50V in C:\Users\Gaming\Documents\TeamPhantom\Phantom-Library\Capacitors.SchLib with 0603-1nF-50V from Capacitors.SchLib
Replace Part C? 0603-1nF-50V in C:\Users\Gaming\Documents\TeamPhantom\Phantom-Library\Capacitors.SchLib with 0603-1nF-50V from Capacitors.SchLib
Replace Part C? 0603-1nF-50V in C:\Users\Gaming\Documents\TeamPhantom\Phantom-Library\Capacitors.SchLib with 0603-1nF-50V from Capacitors.SchLib
Replace Part C? 0603-1nF-50V in C:\Users\Gaming\Documents\TeamPhantom\Phantom-Library\Capacitors.SchLib with 0603-1nF-50V from Capacitors.SchLib
Replace Part C? 0603-1nF-50V in C:\Users\Gaming\Documents\TeamPhantom\Phantom-Library\Capacitors.SchLib with 0603-1nF-50V from Capacitors.SchLib
Replace Part C? 0603-1nF-50V in C:\Users\Gaming\Documents\TeamPhantom\Phantom-Library\Capacitors.SchLib with 0603-1nF-50V from Capacitors.SchLib
Replace Part C? 0603-1uF-16V in C:\Users\Gaming\Documents\TeamPhantom\Phantom-Library\Capacitors.SchLib with 0603-1uF-16V from Capacitors.SchLib
Replace Part C? 0603-1uF-16V in C:\Users\Gaming\Documents\TeamPhantom\Phantom-Library\Capacitors.SchLib with 0603-1uF-16V from Capacitors.SchLib
Replace Part C? 0603-1uF-16V in C:\Users\Gaming\Documents\TeamPhantom\Phantom-Library\Capacitors.SchLib with 0603-1uF-16V from Capacitors.SchLib
Replace Part C? 0603-1uF-16V in C:\Users\Gaming\Documents\TeamPhantom\Phantom-Library\Capacitors.SchLib with 0603-1uF-16V from Capacitors.SchLib
Replace Part C? 0603-1uF-16V in C:\Users\Gaming\Documents\TeamPhantom\Phantom-Library\Capacitors.SchLib with 0603-1uF-16V from Capacitors.SchLib
Replace Part C? 0603-1uF-16V in C:\Users\Gaming\Documents\TeamPhantom\Phantom-Library\Capacitors.SchLib with 0603-1uF-16V from Capacitors.SchLib
Replace Part C? 0603-1uF-16V in C:\Users\Gaming\Documents\TeamPhantom\Phantom-Library\Capacitors.SchLib with 0603-1uF-16V from Capacitors.SchLib
Replace Part C? 0603-1uF-16V in C:\Users\Gaming\Documents\TeamPhantom\Phantom-Library\Capacitors.SchLib with 0603-1uF-16V from Capacitors.SchLib
Replace Part C? 0603-2.2nF-50V in C:\Users\Gaming\Documents\TeamPhantom\Phantom-Library\Capacitors.SchLib with 0603-2.2nF-50V from Capacitors.SchLib
Replace Part C? 0603-2.2nF-50V in C:\Users\Gaming\Documents\TeamPhantom\Phantom-Library\Capacitors.SchLib with 0603-2.2nF-50V from Capacitors.SchLib
Replace Part C? 0603-2.2nF-50V in C:\Users\Gaming\Documents\TeamPhantom\Phantom-Library\Capacitors.SchLib with 0603-2.2nF-50V from Capacitors.SchLib
Replace Part C? 0603-2.2nF-50V in C:\Users\Gaming\Documents\TeamPhantom\Phantom-Library\Capacitors.SchLib with 0603-2.2nF-50V from Capacitors.SchLib
Replace Part C? 0603-2.2nF-50V in C:\Users\Gaming\Documents\TeamPhantom\Phantom-Library\Capacitors.SchLib with 0603-2.2nF-50V from Capacitors.SchLib
Replace Part C? 0603-2.2nF-50V in C:\Users\Gaming\Documents\TeamPhantom\Phantom-Library\Capacitors.SchLib with 0603-2.2nF-50V from Capacitors.SchLib
Replace Part C? 0603-2.2nF-50V in C:\Users\Gaming\Documents\TeamPhantom\Phantom-Library\Capacitors.SchLib with 0603-2.2nF-50V from Capacitors.SchLib
Replace Part C? 0603-2.2nF-50V in C:\Users\Gaming\Documents\TeamPhantom\Phantom-Library\Capacitors.SchLib with 0603-2.2nF-50V from Capacitors.SchLib
Replace Part C? 0603-2.2uF-25V in C:\Users\Gaming\Documents\TeamPhantom\Phantom-Library\Capacitors.SchLib with 0603-2.2uF-25V from Capacitors.SchLib
Replace Part C? 0603-2.2uF-25V in C:\Users\Gaming\Documents\TeamPhantom\Phantom-Library\Capacitors.SchLib with 0603-2.2uF-25V from Capacitors.SchLib
Replace Part C? 0603-2.2uF-25V in C:\Users\Gaming\Documents\TeamPhantom\Phantom-Library\Capacitors.SchLib with 0603-2.2uF-25V from Capacitors.SchLib
Replace Part C? 0603-2.2uF-25V in C:\Users\Gaming\Documents\TeamPhantom\Phantom-Library\Capacitors.SchLib with 0603-2.2uF-25V from Capacitors.SchLib
Replace Part C? 0603-2.2uF-25V in C:\Users\Gaming\Documents\TeamPhantom\Phantom-Library\Capacitors.SchLib with 0603-2.2uF-25V from Capacitors.SchLib
Replace Part C? 0603-2.2uF-25V in C:\Users\Gaming\Documents\TeamPhantom\Phantom-Library\Capacitors.SchLib with 0603-2.2uF-25V from Capacitors.SchLib
Replace Part C? 0603-2.2uF-25V in C:\Users\Gaming\Documents\TeamPhantom\Phantom-Library\Capacitors.SchLib with 0603-2.2uF-25V from Capacitors.SchLib
Replace Part C? 0603-2.2uF-25V in C:\Users\Gaming\Documents\TeamPhantom\Phantom-Library\Capacitors.SchLib with 0603-2.2uF-25V from Capacitors.SchLib
Replace Part C? 0603-4.7nF-50V in C:\Users\Gaming\Documents\TeamPhantom\Phantom-Library\Capacitors.SchLib with 0603-4.7nF-50V from Capacitors.SchLib
Replace Part C? 0603-4.7nF-50V in C:\Users\Gaming\Documents\TeamPhantom\Phantom-Library\Capacitors.SchLib with 0603-4.7nF-50V from Capacitors.SchLib
Replace Part C? 0603-4.7nF-50V in C:\Users\Gaming\Documents\TeamPhantom\Phantom-Library\Capacitors.SchLib with 0603-4.7nF-50V from Capacitors.SchLib
Replace Part C? 0603-4.7nF-50V in C:\Users\Gaming\Documents\TeamPhantom\Phantom-Library\Capacitors.SchLib with 0603-4.7nF-50V from Capacitors.SchLib
Replace Part C? 0603-4.7nF-50V in C:\Users\Gaming\Documents\TeamPhantom\Phantom-Library\Capacitors.SchLib with 0603-4.7nF-50V from Capacitors.SchLib
Replace Part C? 0603-4.7nF-50V in C:\Users\Gaming\Documents\TeamPhantom\Phantom-Library\Capacitors.SchLib with 0603-4.7nF-50V from Capacitors.SchLib
Replace Part C? 0603-4.7nF-50V in C:\Users\Gaming\Documents\TeamPhantom\Phantom-Library\Capacitors.SchLib with 0603-4.7nF-50V from Capacitors.SchLib
Replace Part C? 0603-4.7nF-50V in C:\Users\Gaming\Documents\TeamPhantom\Phantom-Library\Capacitors.SchLib with 0603-4.7nF-50V from Capacitors.SchLib
Replace Part C? 0603-6.8nF-50V in C:\Users\Gaming\Documents\TeamPhantom\Phantom-Library\Capacitors.SchLib with 0603-6.8nF-50V from Capacitors.SchLib
Replace Part C? 0603-6.8nF-50V in C:\Users\Gaming\Documents\TeamPhantom\Phantom-Library\Capacitors.SchLib with 0603-6.8nF-50V from Capacitors.SchLib
Replace Part C? 0603-6.8nF-50V in C:\Users\Gaming\Documents\TeamPhantom\Phantom-Library\Capacitors.SchLib with 0603-6.8nF-50V from Capacitors.SchLib
Replace Part C? 0603-6.8nF-50V in C:\Users\Gaming\Documents\TeamPhantom\Phantom-Library\Capacitors.SchLib with 0603-6.8nF-50V from Capacitors.SchLib
Replace Part C? 0603-6.8nF-50V in C:\Users\Gaming\Documents\TeamPhantom\Phantom-Library\Capacitors.SchLib with 0603-6.8nF-50V from Capacitors.SchLib
Replace Part C? 0603-6.8nF-50V in C:\Users\Gaming\Documents\TeamPhantom\Phantom-Library\Capacitors.SchLib with 0603-6.8nF-50V from Capacitors.SchLib
Replace Part C? 0603-6.8nF-50V in C:\Users\Gaming\Documents\TeamPhantom\Phantom-Library\Capacitors.SchLib with 0603-6.8nF-50V from Capacitors.SchLib
Replace Part C? 0603-6.8nF-50V in C:\Users\Gaming\Documents\TeamPhantom\Phantom-Library\Capacitors.SchLib with 0603-6.8nF-50V from Capacitors.SchLib
Replace Part C? 0603-10nF-16V in C:\Users\Gaming\Documents\TeamPhantom\Phantom-Library\Capacitors.SchLib with 0603-10nF-16V from Capacitors.SchLib
Replace Part C? 0603-10nF-16V in C:\Users\Gaming\Documents\TeamPhantom\Phantom-Library\Capacitors.SchLib with 0603-10nF-16V from Capacitors.SchLib
Replace Part C? 0603-10nF-16V in C:\Users\Gaming\Documents\TeamPhantom\Phantom-Library\Capacitors.SchLib with 0603-10nF-16V from Capacitors.SchLib
Replace Part C? 0603-10nF-16V in C:\Users\Gaming\Documents\TeamPhantom\Phantom-Library\Capacitors.SchLib with 0603-10nF-16V from Capacitors.SchLib
Replace Part C? 0603-10nF-16V in C:\Users\Gaming\Documents\TeamPhantom\Phantom-Library\Capacitors.SchLib with 0603-10nF-16V from Capacitors.SchLib
Replace Part C? 0603-10nF-16V in C:\Users\Gaming\Documents\TeamPhantom\Phantom-Library\Capacitors.SchLib with 0603-10nF-16V from Capacitors.SchLib
Replace Part C? 0603-10nF-16V in C:\Users\Gaming\Documents\TeamPhantom\Phantom-Library\Capacitors.SchLib with 0603-10nF-16V from Capacitors.SchLib
Replace Part C? 0603-10nF-16V in C:\Users\Gaming\Documents\TeamPhantom\Phantom-Library\Capacitors.SchLib with 0603-10nF-16V from Capacitors.SchLib
Replace Part C? 0603-10pF-16V in C:\Users\Gaming\Documents\TeamPhantom\Phantom-Library\Capacitors.SchLib with 0603-10pF-16V from Capacitors.SchLib
Replace Part C? 0603-10pF-16V in C:\Users\Gaming\Documents\TeamPhantom\Phantom-Library\Capacitors.SchLib with 0603-10pF-16V from Capacitors.SchLib
Replace Part C? 0603-10pF-16V in C:\Users\Gaming\Documents\TeamPhantom\Phantom-Library\Capacitors.SchLib with 0603-10pF-16V from Capacitors.SchLib
Replace Part C? 0603-10pF-16V in C:\Users\Gaming\Documents\TeamPhantom\Phantom-Library\Capacitors.SchLib with 0603-10pF-16V from Capacitors.SchLib
Replace Part C? 0603-10pF-16V in C:\Users\Gaming\Documents\TeamPhantom\Phantom-Library\Capacitors.SchLib with 0603-10pF-16V from Capacitors.SchLib
Replace Part C? 0603-10pF-16V in C:\Users\Gaming\Documents\TeamPhantom\Phantom-Library\Capacitors.SchLib with 0603-10pF-16V from Capacitors.SchLib
Replace Part C? 0603-10pF-16V in C:\Users\Gaming\Documents\TeamPhantom\Phantom-Library\Capacitors.SchLib with 0603-10pF-16V from Capacitors.SchLib
Replace Part C? 0603-10pF-16V in C:\Users\Gaming\Documents\TeamPhantom\Phantom-Library\Capacitors.SchLib with 0603-10pF-16V from Capacitors.SchLib
Replace Part C? 0603-15pF-100V in C:\Users\Gaming\Documents\TeamPhantom\Phantom-Library\Capacitors.SchLib with 0603-15pF-100V from Capacitors.SchLib
Replace Part C? 0603-15pF-100V in C:\Users\Gaming\Documents\TeamPhantom\Phantom-Library\Capacitors.SchLib with 0603-15pF-100V from Capacitors.SchLib
Replace Part C? 0603-15pF-100V in C:\Users\Gaming\Documents\TeamPhantom\Phantom-Library\Capacitors.SchLib with 0603-15pF-100V from Capacitors.SchLib
Replace Part C? 0603-15pF-100V in C:\Users\Gaming\Documents\TeamPhantom\Phantom-Library\Capacitors.SchLib with 0603-15pF-100V from Capacitors.SchLib
Replace Part C? 0603-15pF-100V in C:\Users\Gaming\Documents\TeamPhantom\Phantom-Library\Capacitors.SchLib with 0603-15pF-100V from Capacitors.SchLib
Replace Part C? 0603-15pF-100V in C:\Users\Gaming\Documents\TeamPhantom\Phantom-Library\Capacitors.SchLib with 0603-15pF-100V from Capacitors.SchLib
Replace Part C? 0603-15pF-100V in C:\Users\Gaming\Documents\TeamPhantom\Phantom-Library\Capacitors.SchLib with 0603-15pF-100V from Capacitors.SchLib
Replace Part C? 0603-15pF-100V in C:\Users\Gaming\Documents\TeamPhantom\Phantom-Library\Capacitors.SchLib with 0603-15pF-100V from Capacitors.SchLib
Replace Part C? 0603-22nF-16V in C:\Users\Gaming\Documents\TeamPhantom\Phantom-Library\Capacitors.SchLib with 0603-22nF-16V from Capacitors.SchLib
Replace Part C? 0603-22nF-16V in C:\Users\Gaming\Documents\TeamPhantom\Phantom-Library\Capacitors.SchLib with 0603-22nF-16V from Capacitors.SchLib
Replace Part C? 0603-22nF-16V in C:\Users\Gaming\Documents\TeamPhantom\Phantom-Library\Capacitors.SchLib with 0603-22nF-16V from Capacitors.SchLib
Replace Part C? 0603-22nF-16V in C:\Users\Gaming\Documents\TeamPhantom\Phantom-Library\Capacitors.SchLib with 0603-22nF-16V from Capacitors.SchLib
Replace Part C? 0603-22nF-16V in C:\Users\Gaming\Documents\TeamPhantom\Phantom-Library\Capacitors.SchLib with 0603-22nF-16V from Capacitors.SchLib
Replace Part C? 0603-22nF-16V in C:\Users\Gaming\Documents\TeamPhantom\Phantom-Library\Capacitors.SchLib with 0603-22nF-16V from Capacitors.SchLib
Replace Part C? 0603-22nF-16V in C:\Users\Gaming\Documents\TeamPhantom\Phantom-Library\Capacitors.SchLib with 0603-22nF-16V from Capacitors.SchLib
Replace Part C? 0603-22nF-16V in C:\Users\Gaming\Documents\TeamPhantom\Phantom-Library\Capacitors.SchLib with 0603-22nF-16V from Capacitors.SchLib
Replace Part C? 0603-22nF-100V in C:\Users\Gaming\Documents\TeamPhantom\Phantom-Library\Capacitors.SchLib with 0603-22nF-100V from Capacitors.SchLib
Replace Part C? 0603-22nF-100V in C:\Users\Gaming\Documents\TeamPhantom\Phantom-Library\Capacitors.SchLib with 0603-22nF-100V from Capacitors.SchLib
Replace Part C? 0603-22nF-100V in C:\Users\Gaming\Documents\TeamPhantom\Phantom-Library\Capacitors.SchLib with 0603-22nF-100V from Capacitors.SchLib
Replace Part C? 0603-22nF-100V in C:\Users\Gaming\Documents\TeamPhantom\Phantom-Library\Capacitors.SchLib with 0603-22nF-100V from Capacitors.SchLib
Replace Part C? 0603-22nF-100V in C:\Users\Gaming\Documents\TeamPhantom\Phantom-Library\Capacitors.SchLib with 0603-22nF-100V from Capacitors.SchLib
Replace Part C? 0603-22nF-100V in C:\Users\Gaming\Documents\TeamPhantom\Phantom-Library\Capacitors.SchLib with 0603-22nF-100V from Capacitors.SchLib
Replace Part C? 0603-22nF-100V in C:\Users\Gaming\Documents\TeamPhantom\Phantom-Library\Capacitors.SchLib with 0603-22nF-100V from Capacitors.SchLib
Replace Part C? 0603-22nF-100V in C:\Users\Gaming\Documents\TeamPhantom\Phantom-Library\Capacitors.SchLib with 0603-22nF-100V from Capacitors.SchLib
Replace Part C? 0603-33pF-100V in C:\Users\Gaming\Documents\TeamPhantom\Phantom-Library\Capacitors.SchLib with 0603-33pF-100V from Capacitors.SchLib
Replace Part C? 0603-33pF-100V in C:\Users\Gaming\Documents\TeamPhantom\Phantom-Library\Capacitors.SchLib with 0603-33pF-100V from Capacitors.SchLib
Replace Part C? 0603-33pF-100V in C:\Users\Gaming\Documents\TeamPhantom\Phantom-Library\Capacitors.SchLib with 0603-33pF-100V from Capacitors.SchLib
Replace Part C? 0603-33pF-100V in C:\Users\Gaming\Documents\TeamPhantom\Phantom-Library\Capacitors.SchLib with 0603-33pF-100V from Capacitors.SchLib
Replace Part C? 0603-33pF-100V in C:\Users\Gaming\Documents\TeamPhantom\Phantom-Library\Capacitors.SchLib with 0603-33pF-100V from Capacitors.SchLib
Replace Part C? 0603-33pF-100V in C:\Users\Gaming\Documents\TeamPhantom\Phantom-Library\Capacitors.SchLib with 0603-33pF-100V from Capacitors.SchLib
Replace Part C? 0603-33pF-100V in C:\Users\Gaming\Documents\TeamPhantom\Phantom-Library\Capacitors.SchLib with 0603-33pF-100V from Capacitors.SchLib
Replace Part C? 0603-33pF-100V in C:\Users\Gaming\Documents\TeamPhantom\Phantom-Library\Capacitors.SchLib with 0603-33pF-100V from Capacitors.SchLib
Replace Part C? 0603-47nF-50V in C:\Users\Gaming\Documents\TeamPhantom\Phantom-Library\Capacitors.SchLib with 0603-47nF-50V from Capacitors.SchLib
Replace Part C? 0603-47nF-50V in C:\Users\Gaming\Documents\TeamPhantom\Phantom-Library\Capacitors.SchLib with 0603-47nF-50V from Capacitors.SchLib
Replace Part C? 0603-47nF-50V in C:\Users\Gaming\Documents\TeamPhantom\Phantom-Library\Capacitors.SchLib with 0603-47nF-50V from Capacitors.SchLib
Replace Part C? 0603-47nF-50V in C:\Users\Gaming\Documents\TeamPhantom\Phantom-Library\Capacitors.SchLib with 0603-47nF-50V from Capacitors.SchLib
Replace Part C? 0603-47nF-50V in C:\Users\Gaming\Documents\TeamPhantom\Phantom-Library\Capacitors.SchLib with 0603-47nF-50V from Capacitors.SchLib
Replace Part C? 0603-47nF-50V in C:\Users\Gaming\Documents\TeamPhantom\Phantom-Library\Capacitors.SchLib with 0603-47nF-50V from Capacitors.SchLib
Replace Part C? 0603-47nF-50V in C:\Users\Gaming\Documents\TeamPhantom\Phantom-Library\Capacitors.SchLib with 0603-47nF-50V from Capacitors.SchLib
Replace Part C? 0603-47nF-50V in C:\Users\Gaming\Documents\TeamPhantom\Phantom-Library\Capacitors.SchLib with 0603-47nF-50V from Capacitors.SchLib
Replace Part C? 0603-120pF-50V in C:\Users\Gaming\Documents\TeamPhantom\Phantom-Library\Capacitors.SchLib with 0603-120pF-50V from Capacitors.SchLib
Replace Part C? 0603-120pF-50V in C:\Users\Gaming\Documents\TeamPhantom\Phantom-Library\Capacitors.SchLib with 0603-120pF-50V from Capacitors.SchLib
Replace Part C? 0603-120pF-50V in C:\Users\Gaming\Documents\TeamPhantom\Phantom-Library\Capacitors.SchLib with 0603-120pF-50V from Capacitors.SchLib
Replace Part C? 0603-120pF-50V in C:\Users\Gaming\Documents\TeamPhantom\Phantom-Library\Capacitors.SchLib with 0603-120pF-50V from Capacitors.SchLib
Replace Part C? 0603-120pF-50V in C:\Users\Gaming\Documents\TeamPhantom\Phantom-Library\Capacitors.SchLib with 0603-120pF-50V from Capacitors.SchLib
Replace Part C? 0603-120pF-50V in C:\Users\Gaming\Documents\TeamPhantom\Phantom-Library\Capacitors.SchLib with 0603-120pF-50V from Capacitors.SchLib
Replace Part C? 0603-120pF-50V in C:\Users\Gaming\Documents\TeamPhantom\Phantom-Library\Capacitors.SchLib with 0603-120pF-50V from Capacitors.SchLib
Replace Part C? 0603-120pF-50V in C:\Users\Gaming\Documents\TeamPhantom\Phantom-Library\Capacitors.SchLib with 0603-120pF-50V from Capacitors.SchLib
Replace Part C? 0603-220nF-25V in C:\Users\Gaming\Documents\TeamPhantom\Phantom-Library\Capacitors.SchLib with 0603-220nF-25V from Capacitors.SchLib
Replace Part C? 0603-220nF-25V in C:\Users\Gaming\Documents\TeamPhantom\Phantom-Library\Capacitors.SchLib with 0603-220nF-25V from Capacitors.SchLib
Replace Part C? 0603-220nF-25V in C:\Users\Gaming\Documents\TeamPhantom\Phantom-Library\Capacitors.SchLib with 0603-220nF-25V from Capacitors.SchLib
Replace Part C? 0603-220nF-25V in C:\Users\Gaming\Documents\TeamPhantom\Phantom-Library\Capacitors.SchLib with 0603-220nF-25V from Capacitors.SchLib
Replace Part C? 0603-220nF-25V in C:\Users\Gaming\Documents\TeamPhantom\Phantom-Library\Capacitors.SchLib with 0603-220nF-25V from Capacitors.SchLib
Replace Part C? 0603-220nF-25V in C:\Users\Gaming\Documents\TeamPhantom\Phantom-Library\Capacitors.SchLib with 0603-220nF-25V from Capacitors.SchLib
Replace Part C? 0603-220nF-25V in C:\Users\Gaming\Documents\TeamPhantom\Phantom-Library\Capacitors.SchLib with 0603-220nF-25V from Capacitors.SchLib
Replace Part C? 0603-220nF-25V in C:\Users\Gaming\Documents\TeamPhantom\Phantom-Library\Capacitors.SchLib with 0603-220nF-25V from Capacitors.SchLib
Replace Part C? 0603-390pF-50V in C:\Users\Gaming\Documents\TeamPhantom\Phantom-Library\Capacitors.SchLib with 0603-390pF-50V from Capacitors.SchLib
Replace Part C? 0603-390pF-50V in C:\Users\Gaming\Documents\TeamPhantom\Phantom-Library\Capacitors.SchLib with 0603-390pF-50V from Capacitors.SchLib
Replace Part C? 0603-390pF-50V in C:\Users\Gaming\Documents\TeamPhantom\Phantom-Library\Capacitors.SchLib with 0603-390pF-50V from Capacitors.SchLib
Replace Part C? 0603-390pF-50V in C:\Users\Gaming\Documents\TeamPhantom\Phantom-Library\Capacitors.SchLib with 0603-390pF-50V from Capacitors.SchLib
Replace Part C? 0603-390pF-50V in C:\Users\Gaming\Documents\TeamPhantom\Phantom-Library\Capacitors.SchLib with 0603-390pF-50V from Capacitors.SchLib
Replace Part C? 0603-390pF-50V in C:\Users\Gaming\Documents\TeamPhantom\Phantom-Library\Capacitors.SchLib with 0603-390pF-50V from Capacitors.SchLib
Replace Part C? 0603-390pF-50V in C:\Users\Gaming\Documents\TeamPhantom\Phantom-Library\Capacitors.SchLib with 0603-390pF-50V from Capacitors.SchLib
Replace Part C? 0603-390pF-50V in C:\Users\Gaming\Documents\TeamPhantom\Phantom-Library\Capacitors.SchLib with 0603-390pF-50V from Capacitors.SchLib
Replace Part C? 0805-0.1uF-16V in C:\Users\Gaming\Documents\TeamPhantom\Phantom-Library\Capacitors.SchLib with 0805-0.1uF-16V from Capacitors.SchLib
Replace Part C? 0805-0.1uF-16V in C:\Users\Gaming\Documents\TeamPhantom\Phantom-Library\Capacitors.SchLib with 0805-0.1uF-16V from Capacitors.SchLib
Replace Part C? 0805-0.1uF-16V in C:\Users\Gaming\Documents\TeamPhantom\Phantom-Library\Capacitors.SchLib with 0805-0.1uF-16V from Capacitors.SchLib
Replace Part C? 0805-0.1uF-16V in C:\Users\Gaming\Documents\TeamPhantom\Phantom-Library\Capacitors.SchLib with 0805-0.1uF-16V from Capacitors.SchLib
Replace Part C? 0805-0.1uF-16V in C:\Users\Gaming\Documents\TeamPhantom\Phantom-Library\Capacitors.SchLib with 0805-0.1uF-16V from Capacitors.SchLib
Replace Part C? 0805-0.1uF-16V in C:\Users\Gaming\Documents\TeamPhantom\Phantom-Library\Capacitors.SchLib with 0805-0.1uF-16V from Capacitors.SchLib
Replace Part C? 0805-0.1uF-16V in C:\Users\Gaming\Documents\TeamPhantom\Phantom-Library\Capacitors.SchLib with 0805-0.1uF-16V from Capacitors.SchLib
Replace Part C? 0805-0.1uF-16V in C:\Users\Gaming\Documents\TeamPhantom\Phantom-Library\Capacitors.SchLib with 0805-0.1uF-16V from Capacitors.SchLib
Replace Part C? 0805-0.1uF-50V in C:\Users\Gaming\Documents\TeamPhantom\Phantom-Library\Capacitors.SchLib with 0805-0.1uF-50V from Capacitors.SchLib
Replace Part C? 0805-0.1uF-50V in C:\Users\Gaming\Documents\TeamPhantom\Phantom-Library\Capacitors.SchLib with 0805-0.1uF-50V from Capacitors.SchLib
Replace Part C? 0805-0.1uF-50V in C:\Users\Gaming\Documents\TeamPhantom\Phantom-Library\Capacitors.SchLib with 0805-0.1uF-50V from Capacitors.SchLib
Replace Part C? 0805-0.1uF-50V in C:\Users\Gaming\Documents\TeamPhantom\Phantom-Library\Capacitors.SchLib with 0805-0.1uF-50V from Capacitors.SchLib
Replace Part C? 0805-0.1uF-50V in C:\Users\Gaming\Documents\TeamPhantom\Phantom-Library\Capacitors.SchLib with 0805-0.1uF-50V from Capacitors.SchLib
Replace Part C? 0805-0.1uF-50V in C:\Users\Gaming\Documents\TeamPhantom\Phantom-Library\Capacitors.SchLib with 0805-0.1uF-50V from Capacitors.SchLib
Replace Part C? 0805-0.1uF-50V in C:\Users\Gaming\Documents\TeamPhantom\Phantom-Library\Capacitors.SchLib with 0805-0.1uF-50V from Capacitors.SchLib
Replace Part C? 0805-0.1uF-50V in C:\Users\Gaming\Documents\TeamPhantom\Phantom-Library\Capacitors.SchLib with 0805-0.1uF-50V from Capacitors.SchLib
Replace Part C? 0805-0.47uF-100V in C:\Users\Gaming\Documents\TeamPhantom\Phantom-Library\Capacitors.SchLib with 0805-0.47uF-100V from Capacitors.SchLib
Replace Part C? 0805-0.47uF-100V in C:\Users\Gaming\Documents\TeamPhantom\Phantom-Library\Capacitors.SchLib with 0805-0.47uF-100V from Capacitors.SchLib
Replace Part C? 0805-0.47uF-100V in C:\Users\Gaming\Documents\TeamPhantom\Phantom-Library\Capacitors.SchLib with 0805-0.47uF-100V from Capacitors.SchLib
Replace Part C? 0805-0.47uF-100V in C:\Users\Gaming\Documents\TeamPhantom\Phantom-Library\Capacitors.SchLib with 0805-0.47uF-100V from Capacitors.SchLib
Replace Part C? 0805-0.47uF-100V in C:\Users\Gaming\Documents\TeamPhantom\Phantom-Library\Capacitors.SchLib with 0805-0.47uF-100V from Capacitors.SchLib
Replace Part C? 0805-0.47uF-100V in C:\Users\Gaming\Documents\TeamPhantom\Phantom-Library\Capacitors.SchLib with 0805-0.47uF-100V from Capacitors.SchLib
Replace Part C? 0805-0.47uF-100V in C:\Users\Gaming\Documents\TeamPhantom\Phantom-Library\Capacitors.SchLib with 0805-0.47uF-100V from Capacitors.SchLib
Replace Part C? 0805-0.47uF-100V in C:\Users\Gaming\Documents\TeamPhantom\Phantom-Library\Capacitors.SchLib with 0805-0.47uF-100V from Capacitors.SchLib
Replace Part C? 0805-1nF-250V in C:\Users\Gaming\Documents\TeamPhantom\Phantom-Library\Capacitors.SchLib with 0805-1nF-250V from Capacitors.SchLib
Replace Part C? 0805-1nF-250V in C:\Users\Gaming\Documents\TeamPhantom\Phantom-Library\Capacitors.SchLib with 0805-1nF-250V from Capacitors.SchLib
Replace Part C? 0805-1nF-250V in C:\Users\Gaming\Documents\TeamPhantom\Phantom-Library\Capacitors.SchLib with 0805-1nF-250V from Capacitors.SchLib
Replace Part C? 0805-1nF-250V in C:\Users\Gaming\Documents\TeamPhantom\Phantom-Library\Capacitors.SchLib with 0805-1nF-250V from Capacitors.SchLib
Replace Part C? 0805-1nF-250V in C:\Users\Gaming\Documents\TeamPhantom\Phantom-Library\Capacitors.SchLib with 0805-1nF-250V from Capacitors.SchLib
Replace Part C? 0805-1nF-250V in C:\Users\Gaming\Documents\TeamPhantom\Phantom-Library\Capacitors.SchLib with 0805-1nF-250V from Capacitors.SchLib
Replace Part C? 0805-1nF-250V in C:\Users\Gaming\Documents\TeamPhantom\Phantom-Library\Capacitors.SchLib with 0805-1nF-250V from Capacitors.SchLib
Replace Part C? 0805-1nF-250V in C:\Users\Gaming\Documents\TeamPhantom\Phantom-Library\Capacitors.SchLib with 0805-1nF-250V from Capacitors.SchLib
Replace Part C? 0805-1uF-16V in C:\Users\Gaming\Documents\TeamPhantom\Phantom-Library\Capacitors.SchLib with 0805-1uF-16V from Capacitors.SchLib
Replace Part C? 0805-1uF-16V in C:\Users\Gaming\Documents\TeamPhantom\Phantom-Library\Capacitors.SchLib with 0805-1uF-16V from Capacitors.SchLib
Replace Part C? 0805-1uF-16V in C:\Users\Gaming\Documents\TeamPhantom\Phantom-Library\Capacitors.SchLib with 0805-1uF-16V from Capacitors.SchLib
Replace Part C? 0805-1uF-16V in C:\Users\Gaming\Documents\TeamPhantom\Phantom-Library\Capacitors.SchLib with 0805-1uF-16V from Capacitors.SchLib
Replace Part C? 0805-1uF-16V in C:\Users\Gaming\Documents\TeamPhantom\Phantom-Library\Capacitors.SchLib with 0805-1uF-16V from Capacitors.SchLib
Replace Part C? 0805-1uF-16V in C:\Users\Gaming\Documents\TeamPhantom\Phantom-Library\Capacitors.SchLib with 0805-1uF-16V from Capacitors.SchLib
Replace Part C? 0805-1uF-16V in C:\Users\Gaming\Documents\TeamPhantom\Phantom-Library\Capacitors.SchLib with 0805-1uF-16V from Capacitors.SchLib
Replace Part C? 0805-1uF-16V in C:\Users\Gaming\Documents\TeamPhantom\Phantom-Library\Capacitors.SchLib with 0805-1uF-16V from Capacitors.SchLib
Replace Part C? 0805-1uF-50V in C:\Users\Gaming\Documents\TeamPhantom\Phantom-Library\Capacitors.SchLib with 0805-1uF-50V from Capacitors.SchLib
Replace Part C? 0805-1uF-50V in C:\Users\Gaming\Documents\TeamPhantom\Phantom-Library\Capacitors.SchLib with 0805-1uF-50V from Capacitors.SchLib
Replace Part C? 0805-1uF-50V in C:\Users\Gaming\Documents\TeamPhantom\Phantom-Library\Capacitors.SchLib with 0805-1uF-50V from Capacitors.SchLib
Replace Part C? 0805-1uF-50V in C:\Users\Gaming\Documents\TeamPhantom\Phantom-Library\Capacitors.SchLib with 0805-1uF-50V from Capacitors.SchLib
Replace Part C? 0805-1uF-50V in C:\Users\Gaming\Documents\TeamPhantom\Phantom-Library\Capacitors.SchLib with 0805-1uF-50V from Capacitors.SchLib
Replace Part C? 0805-1uF-50V in C:\Users\Gaming\Documents\TeamPhantom\Phantom-Library\Capacitors.SchLib with 0805-1uF-50V from Capacitors.SchLib
Replace Part C? 0805-1uF-50V in C:\Users\Gaming\Documents\TeamPhantom\Phantom-Library\Capacitors.SchLib with 0805-1uF-50V from Capacitors.SchLib
Replace Part C? 0805-1uF-50V in C:\Users\Gaming\Documents\TeamPhantom\Phantom-Library\Capacitors.SchLib with 0805-1uF-50V from Capacitors.SchLib
Replace Part C? 0805-4.7uF-16V in C:\Users\Gaming\Documents\TeamPhantom\Phantom-Library\Capacitors.SchLib with 0805-4.7uF-16V from Capacitors.SchLib
Replace Part C? 0805-4.7uF-16V in C:\Users\Gaming\Documents\TeamPhantom\Phantom-Library\Capacitors.SchLib with 0805-4.7uF-16V from Capacitors.SchLib
Replace Part C? 0805-4.7uF-16V in C:\Users\Gaming\Documents\TeamPhantom\Phantom-Library\Capacitors.SchLib with 0805-4.7uF-16V from Capacitors.SchLib
Replace Part C? 0805-4.7uF-16V in C:\Users\Gaming\Documents\TeamPhantom\Phantom-Library\Capacitors.SchLib with 0805-4.7uF-16V from Capacitors.SchLib
Replace Part C? 0805-4.7uF-16V in C:\Users\Gaming\Documents\TeamPhantom\Phantom-Library\Capacitors.SchLib with 0805-4.7uF-16V from Capacitors.SchLib
Replace Part C? 0805-4.7uF-16V in C:\Users\Gaming\Documents\TeamPhantom\Phantom-Library\Capacitors.SchLib with 0805-4.7uF-16V from Capacitors.SchLib
Replace Part C? 0805-4.7uF-16V in C:\Users\Gaming\Documents\TeamPhantom\Phantom-Library\Capacitors.SchLib with 0805-4.7uF-16V from Capacitors.SchLib
Replace Part C? 0805-4.7uF-16V in C:\Users\Gaming\Documents\TeamPhantom\Phantom-Library\Capacitors.SchLib with 0805-4.7uF-16V from Capacitors.SchLib
Replace Part C? 0805-10nF-16V in C:\Users\Gaming\Documents\TeamPhantom\Phantom-Library\Capacitors.SchLib with 0805-10nF-16V from Capacitors.SchLib
Replace Part C? 0805-10nF-16V in C:\Users\Gaming\Documents\TeamPhantom\Phantom-Library\Capacitors.SchLib with 0805-10nF-16V from Capacitors.SchLib
Replace Part C? 0805-10nF-16V in C:\Users\Gaming\Documents\TeamPhantom\Phantom-Library\Capacitors.SchLib with 0805-10nF-16V from Capacitors.SchLib
Replace Part C? 0805-10nF-16V in C:\Users\Gaming\Documents\TeamPhantom\Phantom-Library\Capacitors.SchLib with 0805-10nF-16V from Capacitors.SchLib
Replace Part C? 0805-10nF-16V in C:\Users\Gaming\Documents\TeamPhantom\Phantom-Library\Capacitors.SchLib with 0805-10nF-16V from Capacitors.SchLib
Replace Part C? 0805-10nF-16V in C:\Users\Gaming\Documents\TeamPhantom\Phantom-Library\Capacitors.SchLib with 0805-10nF-16V from Capacitors.SchLib
Replace Part C? 0805-10nF-16V in C:\Users\Gaming\Documents\TeamPhantom\Phantom-Library\Capacitors.SchLib with 0805-10nF-16V from Capacitors.SchLib
Replace Part C? 0805-10nF-16V in C:\Users\Gaming\Documents\TeamPhantom\Phantom-Library\Capacitors.SchLib with 0805-10nF-16V from Capacitors.SchLib
Replace Part C? 0805-10nF-50V in C:\Users\Gaming\Documents\TeamPhantom\Phantom-Library\Capacitors.SchLib with 0805-10nF-50V from Capacitors.SchLib
Replace Part C? 0805-10nF-50V in C:\Users\Gaming\Documents\TeamPhantom\Phantom-Library\Capacitors.SchLib with 0805-10nF-50V from Capacitors.SchLib
Replace Part C? 0805-10nF-50V in C:\Users\Gaming\Documents\TeamPhantom\Phantom-Library\Capacitors.SchLib with 0805-10nF-50V from Capacitors.SchLib
Replace Part C? 0805-10nF-50V in C:\Users\Gaming\Documents\TeamPhantom\Phantom-Library\Capacitors.SchLib with 0805-10nF-50V from Capacitors.SchLib
Replace Part C? 0805-10nF-50V in C:\Users\Gaming\Documents\TeamPhantom\Phantom-Library\Capacitors.SchLib with 0805-10nF-50V from Capacitors.SchLib
Replace Part C? 0805-10nF-50V in C:\Users\Gaming\Documents\TeamPhantom\Phantom-Library\Capacitors.SchLib with 0805-10nF-50V from Capacitors.SchLib
Replace Part C? 0805-10nF-50V in C:\Users\Gaming\Documents\TeamPhantom\Phantom-Library\Capacitors.SchLib with 0805-10nF-50V from Capacitors.SchLib
Replace Part C? 0805-10nF-50V in C:\Users\Gaming\Documents\TeamPhantom\Phantom-Library\Capacitors.SchLib with 0805-10nF-50V from Capacitors.SchLib
Replace Part C? 0805-10pF-16V in C:\Users\Gaming\Documents\TeamPhantom\Phantom-Library\Capacitors.SchLib with 0805-10pF-16V from Capacitors.SchLib
Replace Part C? 0805-10pF-16V in C:\Users\Gaming\Documents\TeamPhantom\Phantom-Library\Capacitors.SchLib with 0805-10pF-16V from Capacitors.SchLib
Replace Part C? 0805-10pF-16V in C:\Users\Gaming\Documents\TeamPhantom\Phantom-Library\Capacitors.SchLib with 0805-10pF-16V from Capacitors.SchLib
Replace Part C? 0805-10pF-16V in C:\Users\Gaming\Documents\TeamPhantom\Phantom-Library\Capacitors.SchLib with 0805-10pF-16V from Capacitors.SchLib
Replace Part C? 0805-10pF-16V in C:\Users\Gaming\Documents\TeamPhantom\Phantom-Library\Capacitors.SchLib with 0805-10pF-16V from Capacitors.SchLib
Replace Part C? 0805-10pF-16V in C:\Users\Gaming\Documents\TeamPhantom\Phantom-Library\Capacitors.SchLib with 0805-10pF-16V from Capacitors.SchLib
Replace Part C? 0805-10pF-16V in C:\Users\Gaming\Documents\TeamPhantom\Phantom-Library\Capacitors.SchLib with 0805-10pF-16V from Capacitors.SchLib
Replace Part C? 0805-10pF-16V in C:\Users\Gaming\Documents\TeamPhantom\Phantom-Library\Capacitors.SchLib with 0805-10pF-16V from Capacitors.SchLib
Replace Part C? 0805-10pF-50V in C:\Users\Gaming\Documents\TeamPhantom\Phantom-Library\Capacitors.SchLib with 0805-10pF-50V from Capacitors.SchLib
Replace Part C? 0805-10pF-50V in C:\Users\Gaming\Documents\TeamPhantom\Phantom-Library\Capacitors.SchLib with 0805-10pF-50V from Capacitors.SchLib
Replace Part C? 0805-10pF-50V in C:\Users\Gaming\Documents\TeamPhantom\Phantom-Library\Capacitors.SchLib with 0805-10pF-50V from Capacitors.SchLib
Replace Part C? 0805-10pF-50V in C:\Users\Gaming\Documents\TeamPhantom\Phantom-Library\Capacitors.SchLib with 0805-10pF-50V from Capacitors.SchLib
Replace Part C? 0805-10pF-50V in C:\Users\Gaming\Documents\TeamPhantom\Phantom-Library\Capacitors.SchLib with 0805-10pF-50V from Capacitors.SchLib
Replace Part C? 0805-10pF-50V in C:\Users\Gaming\Documents\TeamPhantom\Phantom-Library\Capacitors.SchLib with 0805-10pF-50V from Capacitors.SchLib
Replace Part C? 0805-10pF-50V in C:\Users\Gaming\Documents\TeamPhantom\Phantom-Library\Capacitors.SchLib with 0805-10pF-50V from Capacitors.SchLib
Replace Part C? 0805-10pF-50V in C:\Users\Gaming\Documents\TeamPhantom\Phantom-Library\Capacitors.SchLib with 0805-10pF-50V from Capacitors.SchLib
Replace Part C? 0805-10pF-100V in C:\Users\Gaming\Documents\TeamPhantom\Phantom-Library\Capacitors.SchLib with 0805-10pF-100V from Capacitors.SchLib
Replace Part C? 0805-10pF-100V in C:\Users\Gaming\Documents\TeamPhantom\Phantom-Library\Capacitors.SchLib with 0805-10pF-100V from Capacitors.SchLib
Replace Part C? 0805-10pF-100V in C:\Users\Gaming\Documents\TeamPhantom\Phantom-Library\Capacitors.SchLib with 0805-10pF-100V from Capacitors.SchLib
Replace Part C? 0805-10pF-100V in C:\Users\Gaming\Documents\TeamPhantom\Phantom-Library\Capacitors.SchLib with 0805-10pF-100V from Capacitors.SchLib
Replace Part C? 0805-10pF-100V in C:\Users\Gaming\Documents\TeamPhantom\Phantom-Library\Capacitors.SchLib with 0805-10pF-100V from Capacitors.SchLib
Replace Part C? 0805-10pF-100V in C:\Users\Gaming\Documents\TeamPhantom\Phantom-Library\Capacitors.SchLib with 0805-10pF-100V from Capacitors.SchLib
Replace Part C? 0805-10pF-100V in C:\Users\Gaming\Documents\TeamPhantom\Phantom-Library\Capacitors.SchLib with 0805-10pF-100V from Capacitors.SchLib
Replace Part C? 0805-10pF-100V in C:\Users\Gaming\Documents\TeamPhantom\Phantom-Library\Capacitors.SchLib with 0805-10pF-100V from Capacitors.SchLib
Replace Part C? 0805-22nF-50V in C:\Users\Gaming\Documents\TeamPhantom\Phantom-Library\Capacitors.SchLib with 0805-22nF-50V from Capacitors.SchLib
Replace Part C? 0805-22nF-50V in C:\Users\Gaming\Documents\TeamPhantom\Phantom-Library\Capacitors.SchLib with 0805-22nF-50V from Capacitors.SchLib
Replace Part C? 0805-22nF-50V in C:\Users\Gaming\Documents\TeamPhantom\Phantom-Library\Capacitors.SchLib with 0805-22nF-50V from Capacitors.SchLib
Replace Part C? 0805-22nF-50V in C:\Users\Gaming\Documents\TeamPhantom\Phantom-Library\Capacitors.SchLib with 0805-22nF-50V from Capacitors.SchLib
Replace Part C? 0805-22nF-50V in C:\Users\Gaming\Documents\TeamPhantom\Phantom-Library\Capacitors.SchLib with 0805-22nF-50V from Capacitors.SchLib
Replace Part C? 0805-22nF-50V in C:\Users\Gaming\Documents\TeamPhantom\Phantom-Library\Capacitors.SchLib with 0805-22nF-50V from Capacitors.SchLib
Replace Part C? 0805-22nF-50V in C:\Users\Gaming\Documents\TeamPhantom\Phantom-Library\Capacitors.SchLib with 0805-22nF-50V from Capacitors.SchLib
Replace Part C? 0805-22nF-50V in C:\Users\Gaming\Documents\TeamPhantom\Phantom-Library\Capacitors.SchLib with 0805-22nF-50V from Capacitors.SchLib
Replace Part C? 0805-22uF-10V in C:\Users\Gaming\Documents\TeamPhantom\Phantom-Library\Capacitors.SchLib with 0805-22uF-10V from Capacitors.SchLib
Replace Part C? 0805-22uF-10V in C:\Users\Gaming\Documents\TeamPhantom\Phantom-Library\Capacitors.SchLib with 0805-22uF-10V from Capacitors.SchLib
Replace Part C? 0805-22uF-10V in C:\Users\Gaming\Documents\TeamPhantom\Phantom-Library\Capacitors.SchLib with 0805-22uF-10V from Capacitors.SchLib
Replace Part C? 0805-22uF-10V in C:\Users\Gaming\Documents\TeamPhantom\Phantom-Library\Capacitors.SchLib with 0805-22uF-10V from Capacitors.SchLib
Replace Part C? 0805-22uF-10V in C:\Users\Gaming\Documents\TeamPhantom\Phantom-Library\Capacitors.SchLib with 0805-22uF-10V from Capacitors.SchLib
Replace Part C? 0805-22uF-10V in C:\Users\Gaming\Documents\TeamPhantom\Phantom-Library\Capacitors.SchLib with 0805-22uF-10V from Capacitors.SchLib
Replace Part C? 0805-22uF-10V in C:\Users\Gaming\Documents\TeamPhantom\Phantom-Library\Capacitors.SchLib with 0805-22uF-10V from Capacitors.SchLib
Replace Part C? 0805-22uF-10V in C:\Users\Gaming\Documents\TeamPhantom\Phantom-Library\Capacitors.SchLib with 0805-22uF-10V from Capacitors.SchLib
Replace Part C? 0805-33pF-100V in C:\Users\Gaming\Documents\TeamPhantom\Phantom-Library\Capacitors.SchLib with 0805-33pF-100V from Capacitors.SchLib
Replace Part C? 0805-33pF-100V in C:\Users\Gaming\Documents\TeamPhantom\Phantom-Library\Capacitors.SchLib with 0805-33pF-100V from Capacitors.SchLib
Replace Part C? 0805-33pF-100V in C:\Users\Gaming\Documents\TeamPhantom\Phantom-Library\Capacitors.SchLib with 0805-33pF-100V from Capacitors.SchLib
Replace Part C? 0805-33pF-100V in C:\Users\Gaming\Documents\TeamPhantom\Phantom-Library\Capacitors.SchLib with 0805-33pF-100V from Capacitors.SchLib
Replace Part C? 0805-33pF-100V in C:\Users\Gaming\Documents\TeamPhantom\Phantom-Library\Capacitors.SchLib with 0805-33pF-100V from Capacitors.SchLib
Replace Part C? 0805-33pF-100V in C:\Users\Gaming\Documents\TeamPhantom\Phantom-Library\Capacitors.SchLib with 0805-33pF-100V from Capacitors.SchLib
Replace Part C? 0805-33pF-100V in C:\Users\Gaming\Documents\TeamPhantom\Phantom-Library\Capacitors.SchLib with 0805-33pF-100V from Capacitors.SchLib
Replace Part C? 0805-33pF-100V in C:\Users\Gaming\Documents\TeamPhantom\Phantom-Library\Capacitors.SchLib with 0805-33pF-100V from Capacitors.SchLib
Replace Part C? 0805-47nF-50V in C:\Users\Gaming\Documents\TeamPhantom\Phantom-Library\Capacitors.SchLib with 0805-47nF-50V from Capacitors.SchLib
Replace Part C? 0805-47nF-50V in C:\Users\Gaming\Documents\TeamPhantom\Phantom-Library\Capacitors.SchLib with 0805-47nF-50V from Capacitors.SchLib
Replace Part C? 0805-47nF-50V in C:\Users\Gaming\Documents\TeamPhantom\Phantom-Library\Capacitors.SchLib with 0805-47nF-50V from Capacitors.SchLib
Replace Part C? 0805-47nF-50V in C:\Users\Gaming\Documents\TeamPhantom\Phantom-Library\Capacitors.SchLib with 0805-47nF-50V from Capacitors.SchLib
Replace Part C? 0805-47nF-50V in C:\Users\Gaming\Documents\TeamPhantom\Phantom-Library\Capacitors.SchLib with 0805-47nF-50V from Capacitors.SchLib
Replace Part C? 0805-47nF-50V in C:\Users\Gaming\Documents\TeamPhantom\Phantom-Library\Capacitors.SchLib with 0805-47nF-50V from Capacitors.SchLib
Replace Part C? 0805-47nF-50V in C:\Users\Gaming\Documents\TeamPhantom\Phantom-Library\Capacitors.SchLib with 0805-47nF-50V from Capacitors.SchLib
Replace Part C? 0805-47nF-50V in C:\Users\Gaming\Documents\TeamPhantom\Phantom-Library\Capacitors.SchLib with 0805-47nF-50V from Capacitors.SchLib
Replace Part C? 0805-390pF-50V in C:\Users\Gaming\Documents\TeamPhantom\Phantom-Library\Capacitors.SchLib with 0805-390pF-50V from Capacitors.SchLib
Replace Part C? 0805-390pF-50V in C:\Users\Gaming\Documents\TeamPhantom\Phantom-Library\Capacitors.SchLib with 0805-390pF-50V from Capacitors.SchLib
Replace Part C? 0805-390pF-50V in C:\Users\Gaming\Documents\TeamPhantom\Phantom-Library\Capacitors.SchLib with 0805-390pF-50V from Capacitors.SchLib
Replace Part C? 0805-390pF-50V in C:\Users\Gaming\Documents\TeamPhantom\Phantom-Library\Capacitors.SchLib with 0805-390pF-50V from Capacitors.SchLib
Replace Part C? 0805-390pF-50V in C:\Users\Gaming\Documents\TeamPhantom\Phantom-Library\Capacitors.SchLib with 0805-390pF-50V from Capacitors.SchLib
Replace Part C? 0805-390pF-50V in C:\Users\Gaming\Documents\TeamPhantom\Phantom-Library\Capacitors.SchLib with 0805-390pF-50V from Capacitors.SchLib
Replace Part C? 0805-390pF-50V in C:\Users\Gaming\Documents\TeamPhantom\Phantom-Library\Capacitors.SchLib with 0805-390pF-50V from Capacitors.SchLib
Replace Part C? 0805-390pF-50V in C:\Users\Gaming\Documents\TeamPhantom\Phantom-Library\Capacitors.SchLib with 0805-390pF-50V from Capacitors.SchLib
Replace Part C? 1206-0.1uF-50V in C:\Users\Gaming\Documents\TeamPhantom\Phantom-Library\Capacitors.SchLib with 1206-0.1uF-50V from Capacitors.SchLib
Replace Part C? 1206-0.1uF-50V in C:\Users\Gaming\Documents\TeamPhantom\Phantom-Library\Capacitors.SchLib with 1206-0.1uF-50V from Capacitors.SchLib
Replace Part C? 1206-0.1uF-50V in C:\Users\Gaming\Documents\TeamPhantom\Phantom-Library\Capacitors.SchLib with 1206-0.1uF-50V from Capacitors.SchLib
Replace Part C? 1206-0.1uF-50V in C:\Users\Gaming\Documents\TeamPhantom\Phantom-Library\Capacitors.SchLib with 1206-0.1uF-50V from Capacitors.SchLib
Replace Part C? 1206-0.1uF-50V in C:\Users\Gaming\Documents\TeamPhantom\Phantom-Library\Capacitors.SchLib with 1206-0.1uF-50V from Capacitors.SchLib
Replace Part C? 1206-0.1uF-50V in C:\Users\Gaming\Documents\TeamPhantom\Phantom-Library\Capacitors.SchLib with 1206-0.1uF-50V from Capacitors.SchLib
Replace Part C? 1206-0.1uF-50V in C:\Users\Gaming\Documents\TeamPhantom\Phantom-Library\Capacitors.SchLib with 1206-0.1uF-50V from Capacitors.SchLib
Replace Part C? 1206-0.1uF-50V in C:\Users\Gaming\Documents\TeamPhantom\Phantom-Library\Capacitors.SchLib with 1206-0.1uF-50V from Capacitors.SchLib
Replace Part C? 1206-0.1uF-100V in C:\Users\Gaming\Documents\TeamPhantom\Phantom-Library\Capacitors.SchLib with 1206-0.1uF-100V from Capacitors.SchLib
Replace Part C? 1206-0.1uF-100V in C:\Users\Gaming\Documents\TeamPhantom\Phantom-Library\Capacitors.SchLib with 1206-0.1uF-100V from Capacitors.SchLib
Replace Part C? 1206-0.1uF-100V in C:\Users\Gaming\Documents\TeamPhantom\Phantom-Library\Capacitors.SchLib with 1206-0.1uF-100V from Capacitors.SchLib
Replace Part C? 1206-0.1uF-100V in C:\Users\Gaming\Documents\TeamPhantom\Phantom-Library\Capacitors.SchLib with 1206-0.1uF-100V from Capacitors.SchLib
Replace Part C? 1206-0.1uF-100V in C:\Users\Gaming\Documents\TeamPhantom\Phantom-Library\Capacitors.SchLib with 1206-0.1uF-100V from Capacitors.SchLib
Replace Part C? 1206-0.1uF-100V in C:\Users\Gaming\Documents\TeamPhantom\Phantom-Library\Capacitors.SchLib with 1206-0.1uF-100V from Capacitors.SchLib
Replace Part C? 1206-0.1uF-100V in C:\Users\Gaming\Documents\TeamPhantom\Phantom-Library\Capacitors.SchLib with 1206-0.1uF-100V from Capacitors.SchLib
Replace Part C? 1206-0.1uF-100V in C:\Users\Gaming\Documents\TeamPhantom\Phantom-Library\Capacitors.SchLib with 1206-0.1uF-100V from Capacitors.SchLib
Replace Part C? 1206-1.8uF-16V in C:\Users\Gaming\Documents\TeamPhantom\Phantom-Library\Capacitors.SchLib with 1206-1.8uF-16V from Capacitors.SchLib
Replace Part C? 1206-1.8uF-16V in C:\Users\Gaming\Documents\TeamPhantom\Phantom-Library\Capacitors.SchLib with 1206-1.8uF-16V from Capacitors.SchLib
Replace Part C? 1206-1.8uF-16V in C:\Users\Gaming\Documents\TeamPhantom\Phantom-Library\Capacitors.SchLib with 1206-1.8uF-16V from Capacitors.SchLib
Replace Part C? 1206-1.8uF-16V in C:\Users\Gaming\Documents\TeamPhantom\Phantom-Library\Capacitors.SchLib with 1206-1.8uF-16V from Capacitors.SchLib
Replace Part C? 1206-1.8uF-16V in C:\Users\Gaming\Documents\TeamPhantom\Phantom-Library\Capacitors.SchLib with 1206-1.8uF-16V from Capacitors.SchLib
Replace Part C? 1206-1.8uF-16V in C:\Users\Gaming\Documents\TeamPhantom\Phantom-Library\Capacitors.SchLib with 1206-1.8uF-16V from Capacitors.SchLib
Replace Part C? 1206-1.8uF-16V in C:\Users\Gaming\Documents\TeamPhantom\Phantom-Library\Capacitors.SchLib with 1206-1.8uF-16V from Capacitors.SchLib
Replace Part C? 1206-1.8uF-16V in C:\Users\Gaming\Documents\TeamPhantom\Phantom-Library\Capacitors.SchLib with 1206-1.8uF-16V from Capacitors.SchLib
Replace Part C? 1206-1nF-1000V in C:\Users\Gaming\Documents\TeamPhantom\Phantom-Library\Capacitors.SchLib with 1206-1nF-1000V from Capacitors.SchLib
Replace Part C? 1206-1nF-1000V in C:\Users\Gaming\Documents\TeamPhantom\Phantom-Library\Capacitors.SchLib with 1206-1nF-1000V from Capacitors.SchLib
Replace Part C? 1206-1nF-1000V in C:\Users\Gaming\Documents\TeamPhantom\Phantom-Library\Capacitors.SchLib with 1206-1nF-1000V from Capacitors.SchLib
Replace Part C? 1206-1nF-1000V in C:\Users\Gaming\Documents\TeamPhantom\Phantom-Library\Capacitors.SchLib with 1206-1nF-1000V from Capacitors.SchLib
Replace Part C? 1206-1nF-1000V in C:\Users\Gaming\Documents\TeamPhantom\Phantom-Library\Capacitors.SchLib with 1206-1nF-1000V from Capacitors.SchLib
Replace Part C? 1206-1nF-1000V in C:\Users\Gaming\Documents\TeamPhantom\Phantom-Library\Capacitors.SchLib with 1206-1nF-1000V from Capacitors.SchLib
Replace Part C? 1206-1nF-1000V in C:\Users\Gaming\Documents\TeamPhantom\Phantom-Library\Capacitors.SchLib with 1206-1nF-1000V from Capacitors.SchLib
Replace Part C? 1206-1nF-1000V in C:\Users\Gaming\Documents\TeamPhantom\Phantom-Library\Capacitors.SchLib with 1206-1nF-1000V from Capacitors.SchLib
Replace Part C? 1206-1uF-50V in C:\Users\Gaming\Documents\TeamPhantom\Phantom-Library\Capacitors.SchLib with 1206-1uF-50V from Capacitors.SchLib
Replace Part C? 1206-1uF-50V in C:\Users\Gaming\Documents\TeamPhantom\Phantom-Library\Capacitors.SchLib with 1206-1uF-50V from Capacitors.SchLib
Replace Part C? 1206-1uF-50V in C:\Users\Gaming\Documents\TeamPhantom\Phantom-Library\Capacitors.SchLib with 1206-1uF-50V from Capacitors.SchLib
Replace Part C? 1206-1uF-50V in C:\Users\Gaming\Documents\TeamPhantom\Phantom-Library\Capacitors.SchLib with 1206-1uF-50V from Capacitors.SchLib
Replace Part C? 1206-1uF-50V in C:\Users\Gaming\Documents\TeamPhantom\Phantom-Library\Capacitors.SchLib with 1206-1uF-50V from Capacitors.SchLib
Replace Part C? 1206-1uF-50V in C:\Users\Gaming\Documents\TeamPhantom\Phantom-Library\Capacitors.SchLib with 1206-1uF-50V from Capacitors.SchLib
Replace Part C? 1206-1uF-50V in C:\Users\Gaming\Documents\TeamPhantom\Phantom-Library\Capacitors.SchLib with 1206-1uF-50V from Capacitors.SchLib
Replace Part C? 1206-1uF-50V in C:\Users\Gaming\Documents\TeamPhantom\Phantom-Library\Capacitors.SchLib with 1206-1uF-50V from Capacitors.SchLib
Replace Part C? 1206-1uF-100V in C:\Users\Gaming\Documents\TeamPhantom\Phantom-Library\Capacitors.SchLib with 1206-1uF-100V from Capacitors.SchLib
Replace Part C? 1206-1uF-100V in C:\Users\Gaming\Documents\TeamPhantom\Phantom-Library\Capacitors.SchLib with 1206-1uF-100V from Capacitors.SchLib
Replace Part C? 1206-1uF-100V in C:\Users\Gaming\Documents\TeamPhantom\Phantom-Library\Capacitors.SchLib with 1206-1uF-100V from Capacitors.SchLib
Replace Part C? 1206-1uF-100V in C:\Users\Gaming\Documents\TeamPhantom\Phantom-Library\Capacitors.SchLib with 1206-1uF-100V from Capacitors.SchLib
Replace Part C? 1206-1uF-100V in C:\Users\Gaming\Documents\TeamPhantom\Phantom-Library\Capacitors.SchLib with 1206-1uF-100V from Capacitors.SchLib
Replace Part C? 1206-1uF-100V in C:\Users\Gaming\Documents\TeamPhantom\Phantom-Library\Capacitors.SchLib with 1206-1uF-100V from Capacitors.SchLib
Replace Part C? 1206-1uF-100V in C:\Users\Gaming\Documents\TeamPhantom\Phantom-Library\Capacitors.SchLib with 1206-1uF-100V from Capacitors.SchLib
Replace Part C? 1206-1uF-100V in C:\Users\Gaming\Documents\TeamPhantom\Phantom-Library\Capacitors.SchLib with 1206-1uF-100V from Capacitors.SchLib
Replace Part C? 1206-4.7uF-50V in C:\Users\Gaming\Documents\TeamPhantom\Phantom-Library\Capacitors.SchLib with 1206-4.7uF-50V from Capacitors.SchLib
Replace Part C? 1206-4.7uF-50V in C:\Users\Gaming\Documents\TeamPhantom\Phantom-Library\Capacitors.SchLib with 1206-4.7uF-50V from Capacitors.SchLib
Replace Part C? 1206-4.7uF-50V in C:\Users\Gaming\Documents\TeamPhantom\Phantom-Library\Capacitors.SchLib with 1206-4.7uF-50V from Capacitors.SchLib
Replace Part C? 1206-4.7uF-50V in C:\Users\Gaming\Documents\TeamPhantom\Phantom-Library\Capacitors.SchLib with 1206-4.7uF-50V from Capacitors.SchLib
Replace Part C? 1206-4.7uF-50V in C:\Users\Gaming\Documents\TeamPhantom\Phantom-Library\Capacitors.SchLib with 1206-4.7uF-50V from Capacitors.SchLib
Replace Part C? 1206-4.7uF-50V in C:\Users\Gaming\Documents\TeamPhantom\Phantom-Library\Capacitors.SchLib with 1206-4.7uF-50V from Capacitors.SchLib
Replace Part C? 1206-4.7uF-50V in C:\Users\Gaming\Documents\TeamPhantom\Phantom-Library\Capacitors.SchLib with 1206-4.7uF-50V from Capacitors.SchLib
Replace Part C? 1206-4.7uF-50V in C:\Users\Gaming\Documents\TeamPhantom\Phantom-Library\Capacitors.SchLib with 1206-4.7uF-50V from Capacitors.SchLib
Replace Part C? 1206-10nF-50V in C:\Users\Gaming\Documents\TeamPhantom\Phantom-Library\Capacitors.SchLib with 1206-10nF-50V from Capacitors.SchLib
Replace Part C? 1206-10nF-50V in C:\Users\Gaming\Documents\TeamPhantom\Phantom-Library\Capacitors.SchLib with 1206-10nF-50V from Capacitors.SchLib
Replace Part C? 1206-10nF-50V in C:\Users\Gaming\Documents\TeamPhantom\Phantom-Library\Capacitors.SchLib with 1206-10nF-50V from Capacitors.SchLib
Replace Part C? 1206-10nF-50V in C:\Users\Gaming\Documents\TeamPhantom\Phantom-Library\Capacitors.SchLib with 1206-10nF-50V from Capacitors.SchLib
Replace Part C? 1206-10nF-50V in C:\Users\Gaming\Documents\TeamPhantom\Phantom-Library\Capacitors.SchLib with 1206-10nF-50V from Capacitors.SchLib
Replace Part C? 1206-10nF-50V in C:\Users\Gaming\Documents\TeamPhantom\Phantom-Library\Capacitors.SchLib with 1206-10nF-50V from Capacitors.SchLib
Replace Part C? 1206-10nF-50V in C:\Users\Gaming\Documents\TeamPhantom\Phantom-Library\Capacitors.SchLib with 1206-10nF-50V from Capacitors.SchLib
Replace Part C? 1206-10nF-50V in C:\Users\Gaming\Documents\TeamPhantom\Phantom-Library\Capacitors.SchLib with 1206-10nF-50V from Capacitors.SchLib
Replace Part C? 1206-10nF-100V in C:\Users\Gaming\Documents\TeamPhantom\Phantom-Library\Capacitors.SchLib with 1206-10nF-100V from Capacitors.SchLib
Replace Part C? 1206-10nF-100V in C:\Users\Gaming\Documents\TeamPhantom\Phantom-Library\Capacitors.SchLib with 1206-10nF-100V from Capacitors.SchLib
Replace Part C? 1206-10nF-100V in C:\Users\Gaming\Documents\TeamPhantom\Phantom-Library\Capacitors.SchLib with 1206-10nF-100V from Capacitors.SchLib
Replace Part C? 1206-10nF-100V in C:\Users\Gaming\Documents\TeamPhantom\Phantom-Library\Capacitors.SchLib with 1206-10nF-100V from Capacitors.SchLib
Replace Part C? 1206-10nF-100V in C:\Users\Gaming\Documents\TeamPhantom\Phantom-Library\Capacitors.SchLib with 1206-10nF-100V from Capacitors.SchLib
Replace Part C? 1206-10nF-100V in C:\Users\Gaming\Documents\TeamPhantom\Phantom-Library\Capacitors.SchLib with 1206-10nF-100V from Capacitors.SchLib
Replace Part C? 1206-10nF-100V in C:\Users\Gaming\Documents\TeamPhantom\Phantom-Library\Capacitors.SchLib with 1206-10nF-100V from Capacitors.SchLib
Replace Part C? 1206-10nF-100V in C:\Users\Gaming\Documents\TeamPhantom\Phantom-Library\Capacitors.SchLib with 1206-10nF-100V from Capacitors.SchLib
Replace Part C? 1206-10uF-50V in C:\Users\Gaming\Documents\TeamPhantom\Phantom-Library\Capacitors.SchLib with 1206-10uF-50V from Capacitors.SchLib
Replace Part C? 1206-10uF-50V in C:\Users\Gaming\Documents\TeamPhantom\Phantom-Library\Capacitors.SchLib with 1206-10uF-50V from Capacitors.SchLib
Replace Part C? 1206-10uF-50V in C:\Users\Gaming\Documents\TeamPhantom\Phantom-Library\Capacitors.SchLib with 1206-10uF-50V from Capacitors.SchLib
Replace Part C? 1206-10uF-50V in C:\Users\Gaming\Documents\TeamPhantom\Phantom-Library\Capacitors.SchLib with 1206-10uF-50V from Capacitors.SchLib
Replace Part C? 1206-10uF-50V in C:\Users\Gaming\Documents\TeamPhantom\Phantom-Library\Capacitors.SchLib with 1206-10uF-50V from Capacitors.SchLib
Replace Part C? 1206-10uF-50V in C:\Users\Gaming\Documents\TeamPhantom\Phantom-Library\Capacitors.SchLib with 1206-10uF-50V from Capacitors.SchLib
Replace Part C? 1206-10uF-50V in C:\Users\Gaming\Documents\TeamPhantom\Phantom-Library\Capacitors.SchLib with 1206-10uF-50V from Capacitors.SchLib
Replace Part C? 1206-10uF-50V in C:\Users\Gaming\Documents\TeamPhantom\Phantom-Library\Capacitors.SchLib with 1206-10uF-50V from Capacitors.SchLib
Replace Part C? 1206-22nf-100V in C:\Users\Gaming\Documents\TeamPhantom\Phantom-Library\Capacitors.SchLib with 1206-22nf-100V from Capacitors.SchLib
Replace Part C? 1206-22nf-100V in C:\Users\Gaming\Documents\TeamPhantom\Phantom-Library\Capacitors.SchLib with 1206-22nf-100V from Capacitors.SchLib
Replace Part C? 1206-22nf-100V in C:\Users\Gaming\Documents\TeamPhantom\Phantom-Library\Capacitors.SchLib with 1206-22nf-100V from Capacitors.SchLib
Replace Part C? 1206-22nf-100V in C:\Users\Gaming\Documents\TeamPhantom\Phantom-Library\Capacitors.SchLib with 1206-22nf-100V from Capacitors.SchLib
Replace Part C? 1206-22nf-100V in C:\Users\Gaming\Documents\TeamPhantom\Phantom-Library\Capacitors.SchLib with 1206-22nf-100V from Capacitors.SchLib
Replace Part C? 1206-22nf-100V in C:\Users\Gaming\Documents\TeamPhantom\Phantom-Library\Capacitors.SchLib with 1206-22nf-100V from Capacitors.SchLib
Replace Part C? 1206-22nf-100V in C:\Users\Gaming\Documents\TeamPhantom\Phantom-Library\Capacitors.SchLib with 1206-22nf-100V from Capacitors.SchLib
Replace Part C? 1206-22nf-100V in C:\Users\Gaming\Documents\TeamPhantom\Phantom-Library\Capacitors.SchLib with 1206-22nf-100V from Capacitors.SchLib
Replace Part C? 1206-390pF-100V in C:\Users\Gaming\Documents\TeamPhantom\Phantom-Library\Capacitors.SchLib with 1206-390pF-100V from Capacitors.SchLib
Replace Part C? 1206-390pF-100V in C:\Users\Gaming\Documents\TeamPhantom\Phantom-Library\Capacitors.SchLib with 1206-390pF-100V from Capacitors.SchLib
Replace Part C? 1206-390pF-100V in C:\Users\Gaming\Documents\TeamPhantom\Phantom-Library\Capacitors.SchLib with 1206-390pF-100V from Capacitors.SchLib
Replace Part C? 1206-390pF-100V in C:\Users\Gaming\Documents\TeamPhantom\Phantom-Library\Capacitors.SchLib with 1206-390pF-100V from Capacitors.SchLib
Replace Part C? 1206-390pF-100V in C:\Users\Gaming\Documents\TeamPhantom\Phantom-Library\Capacitors.SchLib with 1206-390pF-100V from Capacitors.SchLib
Replace Part C? 1206-390pF-100V in C:\Users\Gaming\Documents\TeamPhantom\Phantom-Library\Capacitors.SchLib with 1206-390pF-100V from Capacitors.SchLib
Replace Part C? 1206-390pF-100V in C:\Users\Gaming\Documents\TeamPhantom\Phantom-Library\Capacitors.SchLib with 1206-390pF-100V from Capacitors.SchLib
Replace Part C? 1206-390pF-100V in C:\Users\Gaming\Documents\TeamPhantom\Phantom-Library\Capacitors.SchLib with 1206-390pF-100V from Capacitors.SchLib
Replace Part C? 1411-100uF-6.3V in C:\Users\Gaming\Documents\TeamPhantom\Phantom-Library\Capacitors.SchLib with 1411-100uF-6.3V from Capacitors.SchLib
Replace Part C? 1411-100uF-6.3V in C:\Users\Gaming\Documents\TeamPhantom\Phantom-Library\Capacitors.SchLib with 1411-100uF-6.3V from Capacitors.SchLib
Replace Part C? 1411-100uF-6.3V in C:\Users\Gaming\Documents\TeamPhantom\Phantom-Library\Capacitors.SchLib with 1411-100uF-6.3V from Capacitors.SchLib
Replace Part C? 1411-100uF-6.3V in C:\Users\Gaming\Documents\TeamPhantom\Phantom-Library\Capacitors.SchLib with 1411-100uF-6.3V from Capacitors.SchLib
Replace Part C? 1411-100uF-6.3V in C:\Users\Gaming\Documents\TeamPhantom\Phantom-Library\Capacitors.SchLib with 1411-100uF-6.3V from Capacitors.SchLib
Replace Part C? 1411-100uF-6.3V in C:\Users\Gaming\Documents\TeamPhantom\Phantom-Library\Capacitors.SchLib with 1411-100uF-6.3V from Capacitors.SchLib
Replace Part C? 1411-100uF-6.3V in C:\Users\Gaming\Documents\TeamPhantom\Phantom-Library\Capacitors.SchLib with 1411-100uF-6.3V from Capacitors.SchLib
Replace Part C? 1411-100uF-6.3V in C:\Users\Gaming\Documents\TeamPhantom\Phantom-Library\Capacitors.SchLib with 1411-100uF-6.3V from Capacitors.SchLib
Replace Part C? 2220-2.2uF-450V in C:\Users\Gaming\Documents\TeamPhantom\Phantom-Library\Capacitors.SchLib with 2220-2.2uF-450V from Capacitors.SchLib
Replace Part C? 2220-2.2uF-450V in C:\Users\Gaming\Documents\TeamPhantom\Phantom-Library\Capacitors.SchLib with 2220-2.2uF-450V from Capacitors.SchLib
Replace Part C? 2220-2.2uF-450V in C:\Users\Gaming\Documents\TeamPhantom\Phantom-Library\Capacitors.SchLib with 2220-2.2uF-450V from Capacitors.SchLib
Replace Part C? 2220-2.2uF-450V in C:\Users\Gaming\Documents\TeamPhantom\Phantom-Library\Capacitors.SchLib with 2220-2.2uF-450V from Capacitors.SchLib
Replace Part C? 2220-2.2uF-450V in C:\Users\Gaming\Documents\TeamPhantom\Phantom-Library\Capacitors.SchLib with 2220-2.2uF-450V from Capacitors.SchLib
Replace Part C? 2220-2.2uF-450V in C:\Users\Gaming\Documents\TeamPhantom\Phantom-Library\Capacitors.SchLib with 2220-2.2uF-450V from Capacitors.SchLib
Replace Part C? 2220-2.2uF-450V in C:\Users\Gaming\Documents\TeamPhantom\Phantom-Library\Capacitors.SchLib with 2220-2.2uF-450V from Capacitors.SchLib
Replace Part C? 2220-2.2uF-450V in C:\Users\Gaming\Documents\TeamPhantom\Phantom-Library\Capacitors.SchLib with 2220-2.2uF-450V from Capacitors.SchLib
Replace Part C? 2220-15uF-100V in C:\Users\Gaming\Documents\TeamPhantom\Phantom-Library\Capacitors.SchLib with 2220-15uF-100V from Capacitors.SchLib
Replace Part C? 2220-15uF-100V in C:\Users\Gaming\Documents\TeamPhantom\Phantom-Library\Capacitors.SchLib with 2220-15uF-100V from Capacitors.SchLib
Replace Part C? 2220-15uF-100V in C:\Users\Gaming\Documents\TeamPhantom\Phantom-Library\Capacitors.SchLib with 2220-15uF-100V from Capacitors.SchLib
Replace Part C? 2220-15uF-100V in C:\Users\Gaming\Documents\TeamPhantom\Phantom-Library\Capacitors.SchLib with 2220-15uF-100V from Capacitors.SchLib
Replace Part C? 2220-15uF-100V in C:\Users\Gaming\Documents\TeamPhantom\Phantom-Library\Capacitors.SchLib with 2220-15uF-100V from Capacitors.SchLib
Replace Part C? 2220-15uF-100V in C:\Users\Gaming\Documents\TeamPhantom\Phantom-Library\Capacitors.SchLib with 2220-15uF-100V from Capacitors.SchLib
Replace Part C? 2220-15uF-100V in C:\Users\Gaming\Documents\TeamPhantom\Phantom-Library\Capacitors.SchLib with 2220-15uF-100V from Capacitors.SchLib
Replace Part C? 2220-15uF-100V in C:\Users\Gaming\Documents\TeamPhantom\Phantom-Library\Capacitors.SchLib with 2220-15uF-100V from Capacitors.SchLib
Replace Part C? AEC-2.2uF-450V in C:\Users\Gaming\Documents\TeamPhantom\Phantom-Library\Capacitors.SchLib with AEC-2.2uF-450V from Capacitors.SchLib
Replace Part C? AEC-2.2uF-450V in C:\Users\Gaming\Documents\TeamPhantom\Phantom-Library\Capacitors.SchLib with AEC-2.2uF-450V from Capacitors.SchLib
Replace Part C? AEC-2.2uF-450V in C:\Users\Gaming\Documents\TeamPhantom\Phantom-Library\Capacitors.SchLib with AEC-2.2uF-450V from Capacitors.SchLib
Replace Part C? AEC-2.2uF-450V in C:\Users\Gaming\Documents\TeamPhantom\Phantom-Library\Capacitors.SchLib with AEC-2.2uF-450V from Capacitors.SchLib
Replace Part C? AEC-2.2uF-450V in C:\Users\Gaming\Documents\TeamPhantom\Phantom-Library\Capacitors.SchLib with AEC-2.2uF-450V from Capacitors.SchLib
Replace Part C? AEC-2.2uF-450V in C:\Users\Gaming\Documents\TeamPhantom\Phantom-Library\Capacitors.SchLib with AEC-2.2uF-450V from Capacitors.SchLib
Replace Part C? AEC-2.2uF-450V in C:\Users\Gaming\Documents\TeamPhantom\Phantom-Library\Capacitors.SchLib with AEC-2.2uF-450V from Capacitors.SchLib
Replace Part C? AEC-2.2uF-450V in C:\Users\Gaming\Documents\TeamPhantom\Phantom-Library\Capacitors.SchLib with AEC-2.2uF-450V from Capacitors.SchLib
