Replace Part J? 2PIN in C:\Users\Gaming\Documents\TeamPhantom\Phantom-Library\Connectors.SchLib with 2PIN from Connectors.SchLib
Replace Part J? 2PIN in C:\Users\Gaming\Documents\TeamPhantom\Phantom-Library\Connectors.SchLib with 2PIN from Connectors.SchLib
Replace Part J? 2PIN in C:\Users\Gaming\Documents\TeamPhantom\Phantom-Library\Connectors.SchLib with 2PIN from Connectors.SchLib
Replace Part J? 2PIN in C:\Users\Gaming\Documents\TeamPhantom\Phantom-Library\Connectors.SchLib with 2PIN from Connectors.SchLib
Replace Part J? 2PIN in C:\Users\Gaming\Documents\TeamPhantom\Phantom-Library\Connectors.SchLib with 2PIN from Connectors.SchLib
Replace Part J? 2PIN in C:\Users\Gaming\Documents\TeamPhantom\Phantom-Library\Connectors.SchLib with 2PIN from Connectors.SchLib
Replace Part J? 2PIN in C:\Users\Gaming\Documents\TeamPhantom\Phantom-Library\Connectors.SchLib with 2PIN from Connectors.SchLib
Replace Part J? 2PIN in C:\Users\Gaming\Documents\TeamPhantom\Phantom-Library\Connectors.SchLib with 2PIN from Connectors.SchLib
Replace Part JP? 2PIN-TEST in C:\Users\Gaming\Documents\TeamPhantom\Phantom-Library\Connectors.SchLib with 2PIN-TEST from Connectors.SchLib
Replace Part JP? 2PIN-TEST in C:\Users\Gaming\Documents\TeamPhantom\Phantom-Library\Connectors.SchLib with 2PIN-TEST from Connectors.SchLib
Replace Part JP? 2PIN-TEST in C:\Users\Gaming\Documents\TeamPhantom\Phantom-Library\Connectors.SchLib with 2PIN-TEST from Connectors.SchLib
Replace Part JP? 2PIN-TEST in C:\Users\Gaming\Documents\TeamPhantom\Phantom-Library\Connectors.SchLib with 2PIN-TEST from Connectors.SchLib
Replace Part JP? 2PIN-TEST in C:\Users\Gaming\Documents\TeamPhantom\Phantom-Library\Connectors.SchLib with 2PIN-TEST from Connectors.SchLib
Replace Part JP? 2PIN-TEST in C:\Users\Gaming\Documents\TeamPhantom\Phantom-Library\Connectors.SchLib with 2PIN-TEST from Connectors.SchLib
Replace Part JP? 2PIN-TEST in C:\Users\Gaming\Documents\TeamPhantom\Phantom-Library\Connectors.SchLib with 2PIN-TEST from Connectors.SchLib
Replace Part JP? 2PIN-TEST in C:\Users\Gaming\Documents\TeamPhantom\Phantom-Library\Connectors.SchLib with 2PIN-TEST from Connectors.SchLib
Replace Part J? 2X1PIN in C:\Users\Gaming\Documents\TeamPhantom\Phantom-Library\Connectors.SchLib with 2X1PIN from Connectors.SchLib
Replace Part J? 2X1PIN in C:\Users\Gaming\Documents\TeamPhantom\Phantom-Library\Connectors.SchLib with 2X1PIN from Connectors.SchLib
Replace Part J? 2X1PIN in C:\Users\Gaming\Documents\TeamPhantom\Phantom-Library\Connectors.SchLib with 2X1PIN from Connectors.SchLib
Replace Part J? 2X1PIN in C:\Users\Gaming\Documents\TeamPhantom\Phantom-Library\Connectors.SchLib with 2X1PIN from Connectors.SchLib
Replace Part J? 2X1PIN in C:\Users\Gaming\Documents\TeamPhantom\Phantom-Library\Connectors.SchLib with 2X1PIN from Connectors.SchLib
Replace Part J? 2X1PIN in C:\Users\Gaming\Documents\TeamPhantom\Phantom-Library\Connectors.SchLib with 2X1PIN from Connectors.SchLib
Replace Part J? 2X1PIN in C:\Users\Gaming\Documents\TeamPhantom\Phantom-Library\Connectors.SchLib with 2X1PIN from Connectors.SchLib
Replace Part J? 2X1PIN in C:\Users\Gaming\Documents\TeamPhantom\Phantom-Library\Connectors.SchLib with 2X1PIN from Connectors.SchLib
Replace Part J? 2X2PIN in C:\Users\Gaming\Documents\TeamPhantom\Phantom-Library\Connectors.SchLib with 2X2PIN from Connectors.SchLib
Replace Part J? 2X2PIN in C:\Users\Gaming\Documents\TeamPhantom\Phantom-Library\Connectors.SchLib with 2X2PIN from Connectors.SchLib
Replace Part J? 2X2PIN in C:\Users\Gaming\Documents\TeamPhantom\Phantom-Library\Connectors.SchLib with 2X2PIN from Connectors.SchLib
Replace Part J? 2X2PIN in C:\Users\Gaming\Documents\TeamPhantom\Phantom-Library\Connectors.SchLib with 2X2PIN from Connectors.SchLib
Replace Part J? 2X2PIN in C:\Users\Gaming\Documents\TeamPhantom\Phantom-Library\Connectors.SchLib with 2X2PIN from Connectors.SchLib
Replace Part J? 2X2PIN in C:\Users\Gaming\Documents\TeamPhantom\Phantom-Library\Connectors.SchLib with 2X2PIN from Connectors.SchLib
Replace Part J? 2X2PIN in C:\Users\Gaming\Documents\TeamPhantom\Phantom-Library\Connectors.SchLib with 2X2PIN from Connectors.SchLib
Replace Part J? 2X2PIN in C:\Users\Gaming\Documents\TeamPhantom\Phantom-Library\Connectors.SchLib with 2X2PIN from Connectors.SchLib
Replace Part J? 2X3PIN in C:\Users\Gaming\Documents\TeamPhantom\Phantom-Library\Connectors.SchLib with 2X3PIN from Connectors.SchLib
Replace Part J? 2X3PIN in C:\Users\Gaming\Documents\TeamPhantom\Phantom-Library\Connectors.SchLib with 2X3PIN from Connectors.SchLib
Replace Part J? 2X3PIN in C:\Users\Gaming\Documents\TeamPhantom\Phantom-Library\Connectors.SchLib with 2X3PIN from Connectors.SchLib
Replace Part J? 2X3PIN in C:\Users\Gaming\Documents\TeamPhantom\Phantom-Library\Connectors.SchLib with 2X3PIN from Connectors.SchLib
Replace Part J? 2X3PIN in C:\Users\Gaming\Documents\TeamPhantom\Phantom-Library\Connectors.SchLib with 2X3PIN from Connectors.SchLib
Replace Part J? 2X3PIN in C:\Users\Gaming\Documents\TeamPhantom\Phantom-Library\Connectors.SchLib with 2X3PIN from Connectors.SchLib
Replace Part J? 2X3PIN in C:\Users\Gaming\Documents\TeamPhantom\Phantom-Library\Connectors.SchLib with 2X3PIN from Connectors.SchLib
Replace Part J? 2X3PIN in C:\Users\Gaming\Documents\TeamPhantom\Phantom-Library\Connectors.SchLib with 2X3PIN from Connectors.SchLib
Replace Part J? 2X4PIN in C:\Users\Gaming\Documents\TeamPhantom\Phantom-Library\Connectors.SchLib with 2X4PIN from Connectors.SchLib
Replace Part J? 2X4PIN in C:\Users\Gaming\Documents\TeamPhantom\Phantom-Library\Connectors.SchLib with 2X4PIN from Connectors.SchLib
Replace Part J? 2X4PIN in C:\Users\Gaming\Documents\TeamPhantom\Phantom-Library\Connectors.SchLib with 2X4PIN from Connectors.SchLib
Replace Part J? 2X4PIN in C:\Users\Gaming\Documents\TeamPhantom\Phantom-Library\Connectors.SchLib with 2X4PIN from Connectors.SchLib
Replace Part J? 2X4PIN in C:\Users\Gaming\Documents\TeamPhantom\Phantom-Library\Connectors.SchLib with 2X4PIN from Connectors.SchLib
Replace Part J? 2X4PIN in C:\Users\Gaming\Documents\TeamPhantom\Phantom-Library\Connectors.SchLib with 2X4PIN from Connectors.SchLib
Replace Part J? 2X4PIN in C:\Users\Gaming\Documents\TeamPhantom\Phantom-Library\Connectors.SchLib with 2X4PIN from Connectors.SchLib
Replace Part J? 2X4PIN in C:\Users\Gaming\Documents\TeamPhantom\Phantom-Library\Connectors.SchLib with 2X4PIN from Connectors.SchLib
Replace Part J? 2X5PIN in C:\Users\Gaming\Documents\TeamPhantom\Phantom-Library\Connectors.SchLib with 2X5PIN from Connectors.SchLib
Replace Part J? 2X5PIN in C:\Users\Gaming\Documents\TeamPhantom\Phantom-Library\Connectors.SchLib with 2X5PIN from Connectors.SchLib
Replace Part J? 2X5PIN in C:\Users\Gaming\Documents\TeamPhantom\Phantom-Library\Connectors.SchLib with 2X5PIN from Connectors.SchLib
Replace Part J? 2X5PIN in C:\Users\Gaming\Documents\TeamPhantom\Phantom-Library\Connectors.SchLib with 2X5PIN from Connectors.SchLib
Replace Part J? 2X5PIN in C:\Users\Gaming\Documents\TeamPhantom\Phantom-Library\Connectors.SchLib with 2X5PIN from Connectors.SchLib
Replace Part J? 2X5PIN in C:\Users\Gaming\Documents\TeamPhantom\Phantom-Library\Connectors.SchLib with 2X5PIN from Connectors.SchLib
Replace Part J? 2X5PIN in C:\Users\Gaming\Documents\TeamPhantom\Phantom-Library\Connectors.SchLib with 2X5PIN from Connectors.SchLib
Replace Part J? 2X5PIN in C:\Users\Gaming\Documents\TeamPhantom\Phantom-Library\Connectors.SchLib with 2X5PIN from Connectors.SchLib
Replace Part J? 2X8PIN in C:\Users\Gaming\Documents\TeamPhantom\Phantom-Library\Connectors.SchLib with 2X8PIN from Connectors.SchLib
Replace Part J? 2X8PIN in C:\Users\Gaming\Documents\TeamPhantom\Phantom-Library\Connectors.SchLib with 2X8PIN from Connectors.SchLib
Replace Part J? 2X8PIN in C:\Users\Gaming\Documents\TeamPhantom\Phantom-Library\Connectors.SchLib with 2X8PIN from Connectors.SchLib
Replace Part J? 2X8PIN in C:\Users\Gaming\Documents\TeamPhantom\Phantom-Library\Connectors.SchLib with 2X8PIN from Connectors.SchLib
Replace Part J? 2X8PIN in C:\Users\Gaming\Documents\TeamPhantom\Phantom-Library\Connectors.SchLib with 2X8PIN from Connectors.SchLib
Replace Part J? 2X8PIN in C:\Users\Gaming\Documents\TeamPhantom\Phantom-Library\Connectors.SchLib with 2X8PIN from Connectors.SchLib
Replace Part J? 2X8PIN in C:\Users\Gaming\Documents\TeamPhantom\Phantom-Library\Connectors.SchLib with 2X8PIN from Connectors.SchLib
Replace Part J? 2X8PIN in C:\Users\Gaming\Documents\TeamPhantom\Phantom-Library\Connectors.SchLib with 2X8PIN from Connectors.SchLib
Replace Part J? 2X10PIN in C:\Users\Gaming\Documents\TeamPhantom\Phantom-Library\Connectors.SchLib with 2X10PIN from Connectors.SchLib
Replace Part J? 2X10PIN in C:\Users\Gaming\Documents\TeamPhantom\Phantom-Library\Connectors.SchLib with 2X10PIN from Connectors.SchLib
Replace Part J? 2X10PIN in C:\Users\Gaming\Documents\TeamPhantom\Phantom-Library\Connectors.SchLib with 2X10PIN from Connectors.SchLib
Replace Part J? 2X10PIN in C:\Users\Gaming\Documents\TeamPhantom\Phantom-Library\Connectors.SchLib with 2X10PIN from Connectors.SchLib
Replace Part J? 2X10PIN in C:\Users\Gaming\Documents\TeamPhantom\Phantom-Library\Connectors.SchLib with 2X10PIN from Connectors.SchLib
Replace Part J? 2X10PIN in C:\Users\Gaming\Documents\TeamPhantom\Phantom-Library\Connectors.SchLib with 2X10PIN from Connectors.SchLib
Replace Part J? 2X10PIN in C:\Users\Gaming\Documents\TeamPhantom\Phantom-Library\Connectors.SchLib with 2X10PIN from Connectors.SchLib
Replace Part J? 2X10PIN in C:\Users\Gaming\Documents\TeamPhantom\Phantom-Library\Connectors.SchLib with 2X10PIN from Connectors.SchLib
Replace Part J? 2X11PIN in C:\Users\Gaming\Documents\TeamPhantom\Phantom-Library\Connectors.SchLib with 2X11PIN from Connectors.SchLib
Replace Part J? 2X11PIN in C:\Users\Gaming\Documents\TeamPhantom\Phantom-Library\Connectors.SchLib with 2X11PIN from Connectors.SchLib
Replace Part J? 2X11PIN in C:\Users\Gaming\Documents\TeamPhantom\Phantom-Library\Connectors.SchLib with 2X11PIN from Connectors.SchLib
Replace Part J? 2X11PIN in C:\Users\Gaming\Documents\TeamPhantom\Phantom-Library\Connectors.SchLib with 2X11PIN from Connectors.SchLib
Replace Part J? 2X11PIN in C:\Users\Gaming\Documents\TeamPhantom\Phantom-Library\Connectors.SchLib with 2X11PIN from Connectors.SchLib
Replace Part J? 2X11PIN in C:\Users\Gaming\Documents\TeamPhantom\Phantom-Library\Connectors.SchLib with 2X11PIN from Connectors.SchLib
Replace Part J? 2X11PIN in C:\Users\Gaming\Documents\TeamPhantom\Phantom-Library\Connectors.SchLib with 2X11PIN from Connectors.SchLib
Replace Part J? 2X11PIN in C:\Users\Gaming\Documents\TeamPhantom\Phantom-Library\Connectors.SchLib with 2X11PIN from Connectors.SchLib
Replace Part J? 2X16PIN in C:\Users\Gaming\Documents\TeamPhantom\Phantom-Library\Connectors.SchLib with 2X16PIN from Connectors.SchLib
Replace Part J? 2X16PIN in C:\Users\Gaming\Documents\TeamPhantom\Phantom-Library\Connectors.SchLib with 2X16PIN from Connectors.SchLib
Replace Part J? 2X16PIN in C:\Users\Gaming\Documents\TeamPhantom\Phantom-Library\Connectors.SchLib with 2X16PIN from Connectors.SchLib
Replace Part J? 2X16PIN in C:\Users\Gaming\Documents\TeamPhantom\Phantom-Library\Connectors.SchLib with 2X16PIN from Connectors.SchLib
Replace Part J? 2X16PIN in C:\Users\Gaming\Documents\TeamPhantom\Phantom-Library\Connectors.SchLib with 2X16PIN from Connectors.SchLib
Replace Part J? 2X16PIN in C:\Users\Gaming\Documents\TeamPhantom\Phantom-Library\Connectors.SchLib with 2X16PIN from Connectors.SchLib
Replace Part J? 2X16PIN in C:\Users\Gaming\Documents\TeamPhantom\Phantom-Library\Connectors.SchLib with 2X16PIN from Connectors.SchLib
Replace Part J? 2X16PIN in C:\Users\Gaming\Documents\TeamPhantom\Phantom-Library\Connectors.SchLib with 2X16PIN from Connectors.SchLib
Replace Part J? 3PIN in C:\Users\Gaming\Documents\TeamPhantom\Phantom-Library\Connectors.SchLib with 3PIN from Connectors.SchLib
Replace Part J? 3PIN in C:\Users\Gaming\Documents\TeamPhantom\Phantom-Library\Connectors.SchLib with 3PIN from Connectors.SchLib
Replace Part J? 3PIN in C:\Users\Gaming\Documents\TeamPhantom\Phantom-Library\Connectors.SchLib with 3PIN from Connectors.SchLib
Replace Part J? 3PIN in C:\Users\Gaming\Documents\TeamPhantom\Phantom-Library\Connectors.SchLib with 3PIN from Connectors.SchLib
Replace Part J? 3PIN in C:\Users\Gaming\Documents\TeamPhantom\Phantom-Library\Connectors.SchLib with 3PIN from Connectors.SchLib
Replace Part J? 3PIN in C:\Users\Gaming\Documents\TeamPhantom\Phantom-Library\Connectors.SchLib with 3PIN from Connectors.SchLib
Replace Part J? 3PIN in C:\Users\Gaming\Documents\TeamPhantom\Phantom-Library\Connectors.SchLib with 3PIN from Connectors.SchLib
Replace Part J? 3PIN in C:\Users\Gaming\Documents\TeamPhantom\Phantom-Library\Connectors.SchLib with 3PIN from Connectors.SchLib
Replace Part JP? 3PIN-TEST in C:\Users\Gaming\Documents\TeamPhantom\Phantom-Library\Connectors.SchLib with 3PIN-TEST from Connectors.SchLib
Replace Part JP? 3PIN-TEST in C:\Users\Gaming\Documents\TeamPhantom\Phantom-Library\Connectors.SchLib with 3PIN-TEST from Connectors.SchLib
Replace Part JP? 3PIN-TEST in C:\Users\Gaming\Documents\TeamPhantom\Phantom-Library\Connectors.SchLib with 3PIN-TEST from Connectors.SchLib
Replace Part JP? 3PIN-TEST in C:\Users\Gaming\Documents\TeamPhantom\Phantom-Library\Connectors.SchLib with 3PIN-TEST from Connectors.SchLib
Replace Part JP? 3PIN-TEST in C:\Users\Gaming\Documents\TeamPhantom\Phantom-Library\Connectors.SchLib with 3PIN-TEST from Connectors.SchLib
Replace Part JP? 3PIN-TEST in C:\Users\Gaming\Documents\TeamPhantom\Phantom-Library\Connectors.SchLib with 3PIN-TEST from Connectors.SchLib
Replace Part JP? 3PIN-TEST in C:\Users\Gaming\Documents\TeamPhantom\Phantom-Library\Connectors.SchLib with 3PIN-TEST from Connectors.SchLib
Replace Part JP? 3PIN-TEST in C:\Users\Gaming\Documents\TeamPhantom\Phantom-Library\Connectors.SchLib with 3PIN-TEST from Connectors.SchLib
Replace Part J? 4PIN in C:\Users\Gaming\Documents\TeamPhantom\Phantom-Library\Connectors.SchLib with 4PIN from Connectors.SchLib
Replace Part J? 4PIN in C:\Users\Gaming\Documents\TeamPhantom\Phantom-Library\Connectors.SchLib with 4PIN from Connectors.SchLib
Replace Part J? 4PIN in C:\Users\Gaming\Documents\TeamPhantom\Phantom-Library\Connectors.SchLib with 4PIN from Connectors.SchLib
Replace Part J? 4PIN in C:\Users\Gaming\Documents\TeamPhantom\Phantom-Library\Connectors.SchLib with 4PIN from Connectors.SchLib
Replace Part J? 4PIN in C:\Users\Gaming\Documents\TeamPhantom\Phantom-Library\Connectors.SchLib with 4PIN from Connectors.SchLib
Replace Part J? 4PIN in C:\Users\Gaming\Documents\TeamPhantom\Phantom-Library\Connectors.SchLib with 4PIN from Connectors.SchLib
Replace Part J? 4PIN in C:\Users\Gaming\Documents\TeamPhantom\Phantom-Library\Connectors.SchLib with 4PIN from Connectors.SchLib
Replace Part J? 4PIN in C:\Users\Gaming\Documents\TeamPhantom\Phantom-Library\Connectors.SchLib with 4PIN from Connectors.SchLib
Replace Part JP? 4PIN-TEST in C:\Users\Gaming\Documents\TeamPhantom\Phantom-Library\Connectors.SchLib with 4PIN-TEST from Connectors.SchLib
Replace Part JP? 4PIN-TEST in C:\Users\Gaming\Documents\TeamPhantom\Phantom-Library\Connectors.SchLib with 4PIN-TEST from Connectors.SchLib
Replace Part JP? 4PIN-TEST in C:\Users\Gaming\Documents\TeamPhantom\Phantom-Library\Connectors.SchLib with 4PIN-TEST from Connectors.SchLib
Replace Part JP? 4PIN-TEST in C:\Users\Gaming\Documents\TeamPhantom\Phantom-Library\Connectors.SchLib with 4PIN-TEST from Connectors.SchLib
Replace Part JP? 4PIN-TEST in C:\Users\Gaming\Documents\TeamPhantom\Phantom-Library\Connectors.SchLib with 4PIN-TEST from Connectors.SchLib
Replace Part JP? 4PIN-TEST in C:\Users\Gaming\Documents\TeamPhantom\Phantom-Library\Connectors.SchLib with 4PIN-TEST from Connectors.SchLib
Replace Part JP? 4PIN-TEST in C:\Users\Gaming\Documents\TeamPhantom\Phantom-Library\Connectors.SchLib with 4PIN-TEST from Connectors.SchLib
Replace Part JP? 4PIN-TEST in C:\Users\Gaming\Documents\TeamPhantom\Phantom-Library\Connectors.SchLib with 4PIN-TEST from Connectors.SchLib
Replace Part J? 5PIN in C:\Users\Gaming\Documents\TeamPhantom\Phantom-Library\Connectors.SchLib with 5PIN from Connectors.SchLib
Replace Part J? 5PIN in C:\Users\Gaming\Documents\TeamPhantom\Phantom-Library\Connectors.SchLib with 5PIN from Connectors.SchLib
Replace Part J? 5PIN in C:\Users\Gaming\Documents\TeamPhantom\Phantom-Library\Connectors.SchLib with 5PIN from Connectors.SchLib
Replace Part J? 5PIN in C:\Users\Gaming\Documents\TeamPhantom\Phantom-Library\Connectors.SchLib with 5PIN from Connectors.SchLib
Replace Part J? 5PIN in C:\Users\Gaming\Documents\TeamPhantom\Phantom-Library\Connectors.SchLib with 5PIN from Connectors.SchLib
Replace Part J? 5PIN in C:\Users\Gaming\Documents\TeamPhantom\Phantom-Library\Connectors.SchLib with 5PIN from Connectors.SchLib
Replace Part J? 5PIN in C:\Users\Gaming\Documents\TeamPhantom\Phantom-Library\Connectors.SchLib with 5PIN from Connectors.SchLib
Replace Part J? 5PIN in C:\Users\Gaming\Documents\TeamPhantom\Phantom-Library\Connectors.SchLib with 5PIN from Connectors.SchLib
Replace Part JP? 5PIN-TEST in C:\Users\Gaming\Documents\TeamPhantom\Phantom-Library\Connectors.SchLib with 5PIN-TEST from Connectors.SchLib
Replace Part JP? 5PIN-TEST in C:\Users\Gaming\Documents\TeamPhantom\Phantom-Library\Connectors.SchLib with 5PIN-TEST from Connectors.SchLib
Replace Part JP? 5PIN-TEST in C:\Users\Gaming\Documents\TeamPhantom\Phantom-Library\Connectors.SchLib with 5PIN-TEST from Connectors.SchLib
Replace Part JP? 5PIN-TEST in C:\Users\Gaming\Documents\TeamPhantom\Phantom-Library\Connectors.SchLib with 5PIN-TEST from Connectors.SchLib
Replace Part JP? 5PIN-TEST in C:\Users\Gaming\Documents\TeamPhantom\Phantom-Library\Connectors.SchLib with 5PIN-TEST from Connectors.SchLib
Replace Part JP? 5PIN-TEST in C:\Users\Gaming\Documents\TeamPhantom\Phantom-Library\Connectors.SchLib with 5PIN-TEST from Connectors.SchLib
Replace Part JP? 5PIN-TEST in C:\Users\Gaming\Documents\TeamPhantom\Phantom-Library\Connectors.SchLib with 5PIN-TEST from Connectors.SchLib
Replace Part JP? 5PIN-TEST in C:\Users\Gaming\Documents\TeamPhantom\Phantom-Library\Connectors.SchLib with 5PIN-TEST from Connectors.SchLib
Replace Part J? 6PIN in C:\Users\Gaming\Documents\TeamPhantom\Phantom-Library\Connectors.SchLib with 6PIN from Connectors.SchLib
Replace Part J? 6PIN in C:\Users\Gaming\Documents\TeamPhantom\Phantom-Library\Connectors.SchLib with 6PIN from Connectors.SchLib
Replace Part J? 6PIN in C:\Users\Gaming\Documents\TeamPhantom\Phantom-Library\Connectors.SchLib with 6PIN from Connectors.SchLib
Replace Part J? 6PIN in C:\Users\Gaming\Documents\TeamPhantom\Phantom-Library\Connectors.SchLib with 6PIN from Connectors.SchLib
Replace Part J? 6PIN in C:\Users\Gaming\Documents\TeamPhantom\Phantom-Library\Connectors.SchLib with 6PIN from Connectors.SchLib
Replace Part J? 6PIN in C:\Users\Gaming\Documents\TeamPhantom\Phantom-Library\Connectors.SchLib with 6PIN from Connectors.SchLib
Replace Part J? 6PIN in C:\Users\Gaming\Documents\TeamPhantom\Phantom-Library\Connectors.SchLib with 6PIN from Connectors.SchLib
Replace Part J? 6PIN in C:\Users\Gaming\Documents\TeamPhantom\Phantom-Library\Connectors.SchLib with 6PIN from Connectors.SchLib
Replace Part JP? 6PIN-TEST in C:\Users\Gaming\Documents\TeamPhantom\Phantom-Library\Connectors.SchLib with 6PIN-TEST from Connectors.SchLib
Replace Part JP? 6PIN-TEST in C:\Users\Gaming\Documents\TeamPhantom\Phantom-Library\Connectors.SchLib with 6PIN-TEST from Connectors.SchLib
Replace Part JP? 6PIN-TEST in C:\Users\Gaming\Documents\TeamPhantom\Phantom-Library\Connectors.SchLib with 6PIN-TEST from Connectors.SchLib
Replace Part JP? 6PIN-TEST in C:\Users\Gaming\Documents\TeamPhantom\Phantom-Library\Connectors.SchLib with 6PIN-TEST from Connectors.SchLib
Replace Part JP? 6PIN-TEST in C:\Users\Gaming\Documents\TeamPhantom\Phantom-Library\Connectors.SchLib with 6PIN-TEST from Connectors.SchLib
Replace Part JP? 6PIN-TEST in C:\Users\Gaming\Documents\TeamPhantom\Phantom-Library\Connectors.SchLib with 6PIN-TEST from Connectors.SchLib
Replace Part JP? 6PIN-TEST in C:\Users\Gaming\Documents\TeamPhantom\Phantom-Library\Connectors.SchLib with 6PIN-TEST from Connectors.SchLib
Replace Part JP? 6PIN-TEST in C:\Users\Gaming\Documents\TeamPhantom\Phantom-Library\Connectors.SchLib with 6PIN-TEST from Connectors.SchLib
Replace Part J? 8PIN in C:\Users\Gaming\Documents\TeamPhantom\Phantom-Library\Connectors.SchLib with 8PIN from Connectors.SchLib
Replace Part J? 8PIN in C:\Users\Gaming\Documents\TeamPhantom\Phantom-Library\Connectors.SchLib with 8PIN from Connectors.SchLib
Replace Part J? 8PIN in C:\Users\Gaming\Documents\TeamPhantom\Phantom-Library\Connectors.SchLib with 8PIN from Connectors.SchLib
Replace Part J? 8PIN in C:\Users\Gaming\Documents\TeamPhantom\Phantom-Library\Connectors.SchLib with 8PIN from Connectors.SchLib
Replace Part J? 8PIN in C:\Users\Gaming\Documents\TeamPhantom\Phantom-Library\Connectors.SchLib with 8PIN from Connectors.SchLib
Replace Part J? 8PIN in C:\Users\Gaming\Documents\TeamPhantom\Phantom-Library\Connectors.SchLib with 8PIN from Connectors.SchLib
Replace Part J? 8PIN in C:\Users\Gaming\Documents\TeamPhantom\Phantom-Library\Connectors.SchLib with 8PIN from Connectors.SchLib
Replace Part J? 8PIN in C:\Users\Gaming\Documents\TeamPhantom\Phantom-Library\Connectors.SchLib with 8PIN from Connectors.SchLib
Replace Part J? 10PIN in C:\Users\Gaming\Documents\TeamPhantom\Phantom-Library\Connectors.SchLib with 10PIN from Connectors.SchLib
Replace Part J? 10PIN in C:\Users\Gaming\Documents\TeamPhantom\Phantom-Library\Connectors.SchLib with 10PIN from Connectors.SchLib
Replace Part J? 10PIN in C:\Users\Gaming\Documents\TeamPhantom\Phantom-Library\Connectors.SchLib with 10PIN from Connectors.SchLib
Replace Part J? 10PIN in C:\Users\Gaming\Documents\TeamPhantom\Phantom-Library\Connectors.SchLib with 10PIN from Connectors.SchLib
Replace Part J? 10PIN in C:\Users\Gaming\Documents\TeamPhantom\Phantom-Library\Connectors.SchLib with 10PIN from Connectors.SchLib
Replace Part J? 10PIN in C:\Users\Gaming\Documents\TeamPhantom\Phantom-Library\Connectors.SchLib with 10PIN from Connectors.SchLib
Replace Part J? 10PIN in C:\Users\Gaming\Documents\TeamPhantom\Phantom-Library\Connectors.SchLib with 10PIN from Connectors.SchLib
Replace Part J? 10PIN in C:\Users\Gaming\Documents\TeamPhantom\Phantom-Library\Connectors.SchLib with 10PIN from Connectors.SchLib
Replace Part J? 12PIN in C:\Users\Gaming\Documents\TeamPhantom\Phantom-Library\Connectors.SchLib with 12PIN from Connectors.SchLib
Replace Part J? 12PIN in C:\Users\Gaming\Documents\TeamPhantom\Phantom-Library\Connectors.SchLib with 12PIN from Connectors.SchLib
Replace Part J? 12PIN in C:\Users\Gaming\Documents\TeamPhantom\Phantom-Library\Connectors.SchLib with 12PIN from Connectors.SchLib
Replace Part J? 12PIN in C:\Users\Gaming\Documents\TeamPhantom\Phantom-Library\Connectors.SchLib with 12PIN from Connectors.SchLib
Replace Part J? 12PIN in C:\Users\Gaming\Documents\TeamPhantom\Phantom-Library\Connectors.SchLib with 12PIN from Connectors.SchLib
Replace Part J? 12PIN in C:\Users\Gaming\Documents\TeamPhantom\Phantom-Library\Connectors.SchLib with 12PIN from Connectors.SchLib
Replace Part J? 12PIN in C:\Users\Gaming\Documents\TeamPhantom\Phantom-Library\Connectors.SchLib with 12PIN from Connectors.SchLib
Replace Part J? 12PIN in C:\Users\Gaming\Documents\TeamPhantom\Phantom-Library\Connectors.SchLib with 12PIN from Connectors.SchLib
Replace Part J? 13PIN in C:\Users\Gaming\Documents\TeamPhantom\Phantom-Library\Connectors.SchLib with 13PIN from Connectors.SchLib
Replace Part J? 13PIN in C:\Users\Gaming\Documents\TeamPhantom\Phantom-Library\Connectors.SchLib with 13PIN from Connectors.SchLib
Replace Part J? 13PIN in C:\Users\Gaming\Documents\TeamPhantom\Phantom-Library\Connectors.SchLib with 13PIN from Connectors.SchLib
Replace Part J? 13PIN in C:\Users\Gaming\Documents\TeamPhantom\Phantom-Library\Connectors.SchLib with 13PIN from Connectors.SchLib
Replace Part J? 13PIN in C:\Users\Gaming\Documents\TeamPhantom\Phantom-Library\Connectors.SchLib with 13PIN from Connectors.SchLib
Replace Part J? 13PIN in C:\Users\Gaming\Documents\TeamPhantom\Phantom-Library\Connectors.SchLib with 13PIN from Connectors.SchLib
Replace Part J? 13PIN in C:\Users\Gaming\Documents\TeamPhantom\Phantom-Library\Connectors.SchLib with 13PIN from Connectors.SchLib
Replace Part J? 13PIN in C:\Users\Gaming\Documents\TeamPhantom\Phantom-Library\Connectors.SchLib with 13PIN from Connectors.SchLib
Replace Part J? 16PIN in C:\Users\Gaming\Documents\TeamPhantom\Phantom-Library\Connectors.SchLib with 16PIN from Connectors.SchLib
Replace Part J? 16PIN in C:\Users\Gaming\Documents\TeamPhantom\Phantom-Library\Connectors.SchLib with 16PIN from Connectors.SchLib
Replace Part J? 16PIN in C:\Users\Gaming\Documents\TeamPhantom\Phantom-Library\Connectors.SchLib with 16PIN from Connectors.SchLib
Replace Part J? 16PIN in C:\Users\Gaming\Documents\TeamPhantom\Phantom-Library\Connectors.SchLib with 16PIN from Connectors.SchLib
Replace Part J? 16PIN in C:\Users\Gaming\Documents\TeamPhantom\Phantom-Library\Connectors.SchLib with 16PIN from Connectors.SchLib
Replace Part J? 16PIN in C:\Users\Gaming\Documents\TeamPhantom\Phantom-Library\Connectors.SchLib with 16PIN from Connectors.SchLib
Replace Part J? 16PIN in C:\Users\Gaming\Documents\TeamPhantom\Phantom-Library\Connectors.SchLib with 16PIN from Connectors.SchLib
Replace Part J? 16PIN in C:\Users\Gaming\Documents\TeamPhantom\Phantom-Library\Connectors.SchLib with 16PIN from Connectors.SchLib
Replace Part J? 20PIN in C:\Users\Gaming\Documents\TeamPhantom\Phantom-Library\Connectors.SchLib with 20PIN from Connectors.SchLib
Replace Part J? 20PIN in C:\Users\Gaming\Documents\TeamPhantom\Phantom-Library\Connectors.SchLib with 20PIN from Connectors.SchLib
Replace Part J? 20PIN in C:\Users\Gaming\Documents\TeamPhantom\Phantom-Library\Connectors.SchLib with 20PIN from Connectors.SchLib
Replace Part J? 20PIN in C:\Users\Gaming\Documents\TeamPhantom\Phantom-Library\Connectors.SchLib with 20PIN from Connectors.SchLib
Replace Part J? 20PIN in C:\Users\Gaming\Documents\TeamPhantom\Phantom-Library\Connectors.SchLib with 20PIN from Connectors.SchLib
Replace Part J? 20PIN in C:\Users\Gaming\Documents\TeamPhantom\Phantom-Library\Connectors.SchLib with 20PIN from Connectors.SchLib
Replace Part J? 20PIN in C:\Users\Gaming\Documents\TeamPhantom\Phantom-Library\Connectors.SchLib with 20PIN from Connectors.SchLib
Replace Part J? 20PIN in C:\Users\Gaming\Documents\TeamPhantom\Phantom-Library\Connectors.SchLib with 20PIN from Connectors.SchLib
Replace Part J? JTAG in C:\Users\Gaming\Documents\TeamPhantom\Phantom-Library\Connectors.SchLib with JTAG from Connectors.SchLib
Replace Part J? JTAG in C:\Users\Gaming\Documents\TeamPhantom\Phantom-Library\Connectors.SchLib with JTAG from Connectors.SchLib
Replace Part J? JTAG in C:\Users\Gaming\Documents\TeamPhantom\Phantom-Library\Connectors.SchLib with JTAG from Connectors.SchLib
Replace Part J? JTAG in C:\Users\Gaming\Documents\TeamPhantom\Phantom-Library\Connectors.SchLib with JTAG from Connectors.SchLib
Replace Part J? JTAG in C:\Users\Gaming\Documents\TeamPhantom\Phantom-Library\Connectors.SchLib with JTAG from Connectors.SchLib
Replace Part J? JTAG in C:\Users\Gaming\Documents\TeamPhantom\Phantom-Library\Connectors.SchLib with JTAG from Connectors.SchLib
Replace Part J? JTAG in C:\Users\Gaming\Documents\TeamPhantom\Phantom-Library\Connectors.SchLib with JTAG from Connectors.SchLib
Replace Part J? JTAG in C:\Users\Gaming\Documents\TeamPhantom\Phantom-Library\Connectors.SchLib with JTAG from Connectors.SchLib
Replace Part J? MicroUSB in C:\Users\Gaming\Documents\TeamPhantom\Phantom-Library\Connectors.SchLib with MicroUSB from Connectors.SchLib
Replace Part J? MicroUSB in C:\Users\Gaming\Documents\TeamPhantom\Phantom-Library\Connectors.SchLib with MicroUSB from Connectors.SchLib
Replace Part J? MicroUSB in C:\Users\Gaming\Documents\TeamPhantom\Phantom-Library\Connectors.SchLib with MicroUSB from Connectors.SchLib
Replace Part J? MicroUSB in C:\Users\Gaming\Documents\TeamPhantom\Phantom-Library\Connectors.SchLib with MicroUSB from Connectors.SchLib
Replace Part J? MicroUSB in C:\Users\Gaming\Documents\TeamPhantom\Phantom-Library\Connectors.SchLib with MicroUSB from Connectors.SchLib
Replace Part J? MicroUSB in C:\Users\Gaming\Documents\TeamPhantom\Phantom-Library\Connectors.SchLib with MicroUSB from Connectors.SchLib
Replace Part J? MicroUSB in C:\Users\Gaming\Documents\TeamPhantom\Phantom-Library\Connectors.SchLib with MicroUSB from Connectors.SchLib
Replace Part J? MicroUSB in C:\Users\Gaming\Documents\TeamPhantom\Phantom-Library\Connectors.SchLib with MicroUSB from Connectors.SchLib
Replace Part X? RECT_MOLEX_20pin in C:\Users\Gaming\Documents\TeamPhantom\Phantom-Library\Connectors.SchLib with RECT_MOLEX_20pin from Connectors.SchLib
Replace Part X? RECT_MOLEX_20pin in C:\Users\Gaming\Documents\TeamPhantom\Phantom-Library\Connectors.SchLib with RECT_MOLEX_20pin from Connectors.SchLib
Replace Part X? RECT_MOLEX_20pin in C:\Users\Gaming\Documents\TeamPhantom\Phantom-Library\Connectors.SchLib with RECT_MOLEX_20pin from Connectors.SchLib
Replace Part X? RECT_MOLEX_20pin in C:\Users\Gaming\Documents\TeamPhantom\Phantom-Library\Connectors.SchLib with RECT_MOLEX_20pin from Connectors.SchLib
Replace Part X? RECT_MOLEX_20pin in C:\Users\Gaming\Documents\TeamPhantom\Phantom-Library\Connectors.SchLib with RECT_MOLEX_20pin from Connectors.SchLib
Replace Part X? RECT_MOLEX_20pin in C:\Users\Gaming\Documents\TeamPhantom\Phantom-Library\Connectors.SchLib with RECT_MOLEX_20pin from Connectors.SchLib
Replace Part X? RECT_MOLEX_20pin in C:\Users\Gaming\Documents\TeamPhantom\Phantom-Library\Connectors.SchLib with RECT_MOLEX_20pin from Connectors.SchLib
Replace Part X? RECT_MOLEX_20pin in C:\Users\Gaming\Documents\TeamPhantom\Phantom-Library\Connectors.SchLib with RECT_MOLEX_20pin from Connectors.SchLib
