Removed Member From Class: ClassName=Connectors Member=J?
Change Component Designator: OldDesignator=J9 NewDesignator=J8
Change Component Designator: OldDesignator=J10 NewDesignator=J9
Change Component Designator: OldDesignator=J11 NewDesignator=J15
Change Component Designator: OldDesignator=J12 NewDesignator=J16
Change Component Designator: OldDesignator=J13 NewDesignator=J10
Change Component Designator: OldDesignator=J14 NewDesignator=J11
Change Component Designator: OldDesignator=J15 NewDesignator=J12
Change Component Designator: OldDesignator=J16 NewDesignator=J13
Change Component Designator: OldDesignator=J17 NewDesignator=J14
Change Component Designator: OldDesignator=J23 NewDesignator=J24
Change Component Designator: OldDesignator=J24 NewDesignator=J25
Change Component Designator: OldDesignator=J25 NewDesignator=J26
Change Component Designator: OldDesignator=J26 NewDesignator=J27
Change Component Designator: OldDesignator=J27 NewDesignator=J28
Change Component Designator: OldDesignator=J28 NewDesignator=J29
Change Component Designator: OldDesignator=J29 NewDesignator=J30
Change Component Designator: OldDesignator=J30 NewDesignator=J31
Change Component Designator: OldDesignator=J31 NewDesignator=J32
Change Component Designator: OldDesignator=J32 NewDesignator=J33
Change Component Designator: OldDesignator=J33 NewDesignator=J23
Change Component Designator: OldDesignator=J? NewDesignator=J17
Change Component Designator: OldDesignator=JP23 NewDesignator=JP21
Change Component Designator: OldDesignator=JP24 NewDesignator=JP22
Change Component Designator: OldDesignator=JP25 NewDesignator=JP23
Change Net Name : Old Net Name=NetJ9_3 New Net Name=NetJ8_3
Change Net Name : Old Net Name=NetJ9_5 New Net Name=NetJ8_5
Added Member To Class: ClassName=Connectors Member=Component J16 WM1743-ND
