Removed Pin From Net: NetName=SCL Pin=R2-1
Removed Pin From Net: NetName=SDA Pin=R3-2
Removed Pin From Net: NetName=MUX1_S0 Pin=R4-2
Removed Pin From Net: NetName=MUX1_S1 Pin=R5-2
Removed Pin From Net: NetName=MUX1_S2 Pin=R6-2
Removed Pin From Net: NetName=MUX2_S1 Pin=R8-2
Removed Pin From Net: NetName=MUX2_S2 Pin=R9-2
Removed Pin From Net: NetName=MUX2_S2 Pin=U1-15
Removed Pin From Net: NetName=MUX2_S1 Pin=U1-16
Removed Pin From Net: NetName=MUX1_S2 Pin=U1-18
Removed Pin From Net: NetName=MUX1_S1 Pin=U1-19
Removed Pin From Net: NetName=MUX1_S0 Pin=U1-20
Removed Pin From Net: NetName=SDA Pin=U1-21
Removed Pin From Net: NetName=SCL Pin=U1-22
Added Pin To Net: NetName=SDA Pin=R2-1
Added Pin To Net: NetName=SCL Pin=R3-2
Added Pin To Net: NetName=MUX2_S2 Pin=R4-2
Added Pin To Net: NetName=MUX2_S1 Pin=R5-2
Added Pin To Net: NetName=MUX1_S1 Pin=R6-2
Added Pin To Net: NetName=MUX1_S2 Pin=R8-2
Added Pin To Net: NetName=MUX1_S0 Pin=R9-2
Added Pin To Net: NetName=SCL Pin=U1-13
Added Pin To Net: NetName=SDA Pin=U1-14
Added Pin To Net: NetName=MUX1_S0 Pin=U1-15
Added Pin To Net: NetName=MUX1_S2 Pin=U1-16
Added Pin To Net: NetName=MUX1_S1 Pin=U1-18
Added Pin To Net: NetName=MUX2_S1 Pin=U1-19
Added Pin To Net: NetName=MUX2_S2 Pin=U1-20
