Removed Pin From Net: NetName=GND Pin=C10-1
Removed Pin From Net: NetName=D+5V Pin=C10-2
Removed Pin From Net: NetName=DOUT1 Pin=J1-17
Removed Pin From Net: NetName=GND Pin=J2-1
Removed Pin From Net: NetName=D+5V Pin=J2-2
Removed Pin From Net: NetName=D+5V Pin=J3-1
Removed Pin From Net: NetName=GND Pin=J3-2
Removed Pin From Net: NetName=SCL Pin=J3-3
Removed Pin From Net: NetName=SDA Pin=J3-4
Removed Pin From Net: NetName=SHTDWN Pin=J3-5
Removed Pin From Net: NetName=D+5V Pin=JP9-1
Removed Pin From Net: NetName=GND Pin=JP10-1
Removed Member From Class: ClassName=U_Connectors Member=C10
Removed Member From Class: ClassName=U_Connectors Member=J2
Removed Member From Class: ClassName=U_Connectors Member=J3
Removed Member From Class: ClassName=U_Connectors Member=JP9
Removed Member From Class: ClassName=U_Connectors Member=JP10
Removed Member From Class: ClassName=PWR Member=D+5V
Added Component: Designator=J?(1X4_1.25MM)
Add component (AddParameter): Name = "Supplier 1"; Value = "Digi-Key"; VariantName = "[No Variations]"
Add component (AddParameter): Name = "Supplier Part Number 1"; Value = "WM1744-ND"; VariantName = "[No Variations]"
Added Pin To Net: NetName=D+3.3V Pin=J1-1
Added Pin To Net: NetName=DOUT1 Pin=J1-13
Added Pin To Net: NetName=D+5V Pin=J?-1
Added Pin To Net: NetName=GND Pin=J?-2
Added Pin To Net: NetName=SCL Pin=J?-3
Added Pin To Net: NetName=SDA Pin=J?-4
Added Member To Class: ClassName=U_Connectors Member=Component J? WM1744-ND
