Change Physical Footprint: Designator=C1 Old Footprint=CAP-0603 New Footprint=CAP-0603
Change Physical Footprint: Designator=C2 Old Footprint=CAP-0603 New Footprint=CAP-0603
Change Physical Footprint: Designator=C3 Old Footprint=CAP-0603 New Footprint=CAP-0603
Change Physical Footprint: Designator=C4 Old Footprint=CAP-0603 New Footprint=CAP-0603
Change Physical Footprint: Designator=C5 Old Footprint=CAP-0603 New Footprint=CAP-0603
Change Physical Footprint: Designator=C6 Old Footprint=CAP-0603 New Footprint=CAP-0603
Change Physical Footprint: Designator=D1 Old Footprint=LED-0603 New Footprint=LED-0603
Change Physical Footprint: Designator=D2 Old Footprint=LED-0603 New Footprint=LED-0603
Change Physical Footprint: Designator=J1 Old Footprint=1X6_1.25MM New Footprint=1X6_1.25MM
Change Physical Footprint: Designator=J2 Old Footprint=2x40_Header New Footprint=2x40_Header
Change Physical Footprint: Designator=J3 Old Footprint=1X3_1.25MM New Footprint=1X3_1.25MM
Change Physical Footprint: Designator=J4 Old Footprint=1X3_1.25MM New Footprint=1X3_1.25MM
Change Physical Footprint: Designator=J5 Old Footprint=1X3_1.25MM New Footprint=1X3_1.25MM
Change Physical Footprint: Designator=J6 Old Footprint=1X3_1.25MM New Footprint=1X3_1.25MM
Change Physical Footprint: Designator=J7 Old Footprint=1X3_1.25MM New Footprint=1X3_1.25MM
Change Physical Footprint: Designator=J8 Old Footprint=1X3_1.25MM New Footprint=1X3_1.25MM
Change Physical Footprint: Designator=J9 Old Footprint=1X3_1.25MM New Footprint=1X3_1.25MM
Change Physical Footprint: Designator=J10 Old Footprint=1X3_1.25MM New Footprint=1X3_1.25MM
Change Physical Footprint: Designator=J11 Old Footprint=1X3_1.25MM New Footprint=1X3_1.25MM
Change Physical Footprint: Designator=J12 Old Footprint=1X3_1.25MM New Footprint=1X3_1.25MM
Change Physical Footprint: Designator=J13 Old Footprint=1X3_1.25MM New Footprint=1X3_1.25MM
Change Physical Footprint: Designator=J14 Old Footprint=1X3_1.25MM New Footprint=1X3_1.25MM
Change Physical Footprint: Designator=J15 Old Footprint=1X3_1.25MM New Footprint=1X3_1.25MM
Change Physical Footprint: Designator=J16 Old Footprint=1X3_1.25MM New Footprint=1X3_1.25MM
Change Physical Footprint: Designator=J17 Old Footprint=1X3_1.25MM New Footprint=1X3_1.25MM
Change Physical Footprint: Designator=J18 Old Footprint=1X3_1.25MM New Footprint=1X3_1.25MM
Change Physical Footprint: Designator=J19 Old Footprint=1X3_1.25MM New Footprint=1X3_1.25MM
Change Physical Footprint: Designator=J20 Old Footprint=1X3_1.25MM New Footprint=1X3_1.25MM
Change Physical Footprint: Designator=J21 Old Footprint=1X3_1.25MM New Footprint=1X3_1.25MM
Change Physical Footprint: Designator=J22 Old Footprint=1X3_1.25MM New Footprint=1X3_1.25MM
Change Physical Footprint: Designator=J23 Old Footprint=1X3_1.25MM New Footprint=1X3_1.25MM
Change Physical Footprint: Designator=J24 Old Footprint=1X3_1.25MM New Footprint=1X3_1.25MM
Change Physical Footprint: Designator=J25 Old Footprint=1X3_1.25MM New Footprint=1X3_1.25MM
Change Physical Footprint: Designator=J26 Old Footprint=1X3_1.25MM New Footprint=1X3_1.25MM
Change Physical Footprint: Designator=J27 Old Footprint=1X3_1.25MM New Footprint=1X3_1.25MM
Change Physical Footprint: Designator=J28 Old Footprint=1X3_1.25MM New Footprint=1X3_1.25MM
Change Physical Footprint: Designator=JP1 Old Footprint=TP2 New Footprint=TP2
Change Physical Footprint: Designator=JP2 Old Footprint=TP2 New Footprint=TP2
Change Physical Footprint: Designator=JP3 Old Footprint=TP2 New Footprint=TP2
Change Physical Footprint: Designator=JP4 Old Footprint=TP2 New Footprint=TP2
Change Physical Footprint: Designator=JP5 Old Footprint=TP2 New Footprint=TP2
Change Physical Footprint: Designator=JP6 Old Footprint=TP2 New Footprint=TP2
Change Physical Footprint: Designator=JP7 Old Footprint=TP2 New Footprint=TP2
Change Physical Footprint: Designator=JP8 Old Footprint=TP2 New Footprint=TP2
Change Physical Footprint: Designator=JP9 Old Footprint=TP2 New Footprint=TP2
Change Physical Footprint: Designator=JP10 Old Footprint=2PIN-JP New Footprint=2PIN-JP
Change Physical Footprint: Designator=JP11 Old Footprint=TP2 New Footprint=TP2
Change Physical Footprint: Designator=JP12 Old Footprint=TP2 New Footprint=TP2
Change Physical Footprint: Designator=JP13 Old Footprint=2PIN-JP New Footprint=2PIN-JP
Change Physical Footprint: Designator=MH1 Old Footprint=MH2.7MM New Footprint=MH2.7MM
Change Physical Footprint: Designator=MH2 Old Footprint=MH2.7MM New Footprint=MH2.7MM
Change Physical Footprint: Designator=MH3 Old Footprint=MH2.7MM New Footprint=MH2.7MM
Change Physical Footprint: Designator=MH4 Old Footprint=MH2.7MM New Footprint=MH2.7MM
Change Physical Footprint: Designator=R1 Old Footprint=RES-0603 New Footprint=RES-0603
Change Physical Footprint: Designator=R2 Old Footprint=RES-0603 New Footprint=RES-0603
Change Physical Footprint: Designator=R3 Old Footprint=RES-0603 New Footprint=RES-0603
Change Physical Footprint: Designator=R4 Old Footprint=RES-0603 New Footprint=RES-0603
Change Physical Footprint: Designator=R5 Old Footprint=RES-0603 New Footprint=RES-0603
Change Physical Footprint: Designator=R6 Old Footprint=RES-0603 New Footprint=RES-0603
Change Physical Footprint: Designator=R7 Old Footprint=RES-0603 New Footprint=RES-0603
Change Physical Footprint: Designator=R8 Old Footprint=RES-0603 New Footprint=RES-0603
Change Physical Footprint: Designator=R9 Old Footprint=RES-0603 New Footprint=RES-0603
Change Physical Footprint: Designator=R10 Old Footprint=RES-0603 New Footprint=RES-0603
Change Physical Footprint: Designator=R11 Old Footprint=RES-0603 New Footprint=RES-0603
Change Physical Footprint: Designator=R12 Old Footprint=RES-0603 New Footprint=RES-0603
Change Physical Footprint: Designator=R13 Old Footprint=RES-0603 New Footprint=RES-0603
Change Physical Footprint: Designator=R14 Old Footprint=RES-0603 New Footprint=RES-0603
Change Physical Footprint: Designator=R15 Old Footprint=RES-0603 New Footprint=RES-0603
Change Physical Footprint: Designator=U1 Old Footprint=TSSOP65P660X110-24 New Footprint=TSSOP65P660X110-24
Change Physical Footprint: Designator=U2 Old Footprint=16-SOIC New Footprint=16-SOIC
Change Physical Footprint: Designator=U3 Old Footprint=16-SOIC New Footprint=16-SOIC
Change Physical Footprint: Designator=U4 Old Footprint=VSSOP50P310X310-10P New Footprint=VSSOP50P310X310-10P
Change Physical Footprint: Designator=U5 Old Footprint=VSSOP50P310X310-10P New Footprint=VSSOP50P310X310-10P
Change Physical Footprint: Designator=U6 Old Footprint=16-SOIC New Footprint=16-SOIC
