Replace Part U? 4channel-ISO in C:\Users\Gaming\Documents\TeamPhantom\Phantom-Library\ICs.SchLib with 4channel-ISO from ICs.SchLib
Replace Part U? 4channel-ISO in C:\Users\Gaming\Documents\TeamPhantom\Phantom-Library\ICs.SchLib with 4channel-ISO from ICs.SchLib
Replace Part U? 4channel-ISO in C:\Users\Gaming\Documents\TeamPhantom\Phantom-Library\ICs.SchLib with 4channel-ISO from ICs.SchLib
Replace Part U? 4channel-ISO in C:\Users\Gaming\Documents\TeamPhantom\Phantom-Library\ICs.SchLib with 4channel-ISO from ICs.SchLib
Replace Part U? 4channel-ISO in C:\Users\Gaming\Documents\TeamPhantom\Phantom-Library\ICs.SchLib with 4channel-ISO from ICs.SchLib
Replace Part U? 4channel-ISO in C:\Users\Gaming\Documents\TeamPhantom\Phantom-Library\ICs.SchLib with 4channel-ISO from ICs.SchLib
Replace Part U? 4channel-ISO in C:\Users\Gaming\Documents\TeamPhantom\Phantom-Library\ICs.SchLib with 4channel-ISO from ICs.SchLib
Replace Part U? 4channel-ISO in C:\Users\Gaming\Documents\TeamPhantom\Phantom-Library\ICs.SchLib with 4channel-ISO from ICs.SchLib
Replace Part U? ADC-ADS7044IDCUR in C:\Users\Gaming\Documents\TeamPhantom\Phantom-Library\ICs.SchLib with ADC-ADS7044IDCUR from ICs.SchLib
Replace Part U? ADC-ADS7044IDCUR in C:\Users\Gaming\Documents\TeamPhantom\Phantom-Library\ICs.SchLib with ADC-ADS7044IDCUR from ICs.SchLib
Replace Part U? ADC-ADS7044IDCUR in C:\Users\Gaming\Documents\TeamPhantom\Phantom-Library\ICs.SchLib with ADC-ADS7044IDCUR from ICs.SchLib
Replace Part U? ADC-ADS7044IDCUR in C:\Users\Gaming\Documents\TeamPhantom\Phantom-Library\ICs.SchLib with ADC-ADS7044IDCUR from ICs.SchLib
Replace Part U? ADC-ADS7044IDCUR in C:\Users\Gaming\Documents\TeamPhantom\Phantom-Library\ICs.SchLib with ADC-ADS7044IDCUR from ICs.SchLib
Replace Part U? ADC-ADS7044IDCUR in C:\Users\Gaming\Documents\TeamPhantom\Phantom-Library\ICs.SchLib with ADC-ADS7044IDCUR from ICs.SchLib
Replace Part U? ADC-ADS7044IDCUR in C:\Users\Gaming\Documents\TeamPhantom\Phantom-Library\ICs.SchLib with ADC-ADS7044IDCUR from ICs.SchLib
Replace Part U? ADC-ADS7044IDCUR in C:\Users\Gaming\Documents\TeamPhantom\Phantom-Library\ICs.SchLib with ADC-ADS7044IDCUR from ICs.SchLib
Replace Part U? ADC-ADS7952SDBT in C:\Users\Gaming\Documents\TeamPhantom\Phantom-Library\ICs.SchLib with ADC-ADS7952SDBT from ICs.SchLib
Replace Part U? ADC-ADS7952SDBT in C:\Users\Gaming\Documents\TeamPhantom\Phantom-Library\ICs.SchLib with ADC-ADS7952SDBT from ICs.SchLib
Replace Part U? ADC-ADS7952SDBT in C:\Users\Gaming\Documents\TeamPhantom\Phantom-Library\ICs.SchLib with ADC-ADS7952SDBT from ICs.SchLib
Replace Part U? ADC-ADS7952SDBT in C:\Users\Gaming\Documents\TeamPhantom\Phantom-Library\ICs.SchLib with ADC-ADS7952SDBT from ICs.SchLib
Replace Part U? ADC-ADS7952SDBT in C:\Users\Gaming\Documents\TeamPhantom\Phantom-Library\ICs.SchLib with ADC-ADS7952SDBT from ICs.SchLib
Replace Part U? ADC-ADS7952SDBT in C:\Users\Gaming\Documents\TeamPhantom\Phantom-Library\ICs.SchLib with ADC-ADS7952SDBT from ICs.SchLib
Replace Part U? ADC-ADS7952SDBT in C:\Users\Gaming\Documents\TeamPhantom\Phantom-Library\ICs.SchLib with ADC-ADS7952SDBT from ICs.SchLib
Replace Part U? ADC-ADS7952SDBT in C:\Users\Gaming\Documents\TeamPhantom\Phantom-Library\ICs.SchLib with ADC-ADS7952SDBT from ICs.SchLib
Replace Part U? BCD/7SEG in C:\Users\Gaming\Documents\TeamPhantom\Phantom-Library\ICs.SchLib with BCD/7SEG from ICs.SchLib
Replace Part U? BCD/7SEG in C:\Users\Gaming\Documents\TeamPhantom\Phantom-Library\ICs.SchLib with BCD/7SEG from ICs.SchLib
Replace Part U? BCD/7SEG in C:\Users\Gaming\Documents\TeamPhantom\Phantom-Library\ICs.SchLib with BCD/7SEG from ICs.SchLib
Replace Part U? BCD/7SEG in C:\Users\Gaming\Documents\TeamPhantom\Phantom-Library\ICs.SchLib with BCD/7SEG from ICs.SchLib
Replace Part U? BCD/7SEG in C:\Users\Gaming\Documents\TeamPhantom\Phantom-Library\ICs.SchLib with BCD/7SEG from ICs.SchLib
Replace Part U? BCD/7SEG in C:\Users\Gaming\Documents\TeamPhantom\Phantom-Library\ICs.SchLib with BCD/7SEG from ICs.SchLib
Replace Part U? BCD/7SEG in C:\Users\Gaming\Documents\TeamPhantom\Phantom-Library\ICs.SchLib with BCD/7SEG from ICs.SchLib
Replace Part U? BCD/7SEG in C:\Users\Gaming\Documents\TeamPhantom\Phantom-Library\ICs.SchLib with BCD/7SEG from ICs.SchLib
Replace Part U? BQ76PL455ATPFCTQ1 in C:\Users\Gaming\Documents\TeamPhantom\Phantom-Library\ICs.SchLib with BQ76PL455ATPFCTQ1 from ICs.SchLib
Replace Part U? BQ76PL455ATPFCTQ1 in C:\Users\Gaming\Documents\TeamPhantom\Phantom-Library\ICs.SchLib with BQ76PL455ATPFCTQ1 from ICs.SchLib
Replace Part U? BQ76PL455ATPFCTQ1 in C:\Users\Gaming\Documents\TeamPhantom\Phantom-Library\ICs.SchLib with BQ76PL455ATPFCTQ1 from ICs.SchLib
Replace Part U? BQ76PL455ATPFCTQ1 in C:\Users\Gaming\Documents\TeamPhantom\Phantom-Library\ICs.SchLib with BQ76PL455ATPFCTQ1 from ICs.SchLib
Replace Part U? BQ76PL455ATPFCTQ1 in C:\Users\Gaming\Documents\TeamPhantom\Phantom-Library\ICs.SchLib with BQ76PL455ATPFCTQ1 from ICs.SchLib
Replace Part U? BQ76PL455ATPFCTQ1 in C:\Users\Gaming\Documents\TeamPhantom\Phantom-Library\ICs.SchLib with BQ76PL455ATPFCTQ1 from ICs.SchLib
Replace Part U? BQ76PL455ATPFCTQ1 in C:\Users\Gaming\Documents\TeamPhantom\Phantom-Library\ICs.SchLib with BQ76PL455ATPFCTQ1 from ICs.SchLib
Replace Part U? BQ76PL455ATPFCTQ1 in C:\Users\Gaming\Documents\TeamPhantom\Phantom-Library\ICs.SchLib with BQ76PL455ATPFCTQ1 from ICs.SchLib
Replace Part U? CAN TRAN-MCP2562T-E/SN in C:\Users\Gaming\Documents\TeamPhantom\Phantom-Library\ICs.SchLib with CAN TRAN-MCP2562T-E/SN from ICs.SchLib
Replace Part U? CAN TRAN-MCP2562T-E/SN in C:\Users\Gaming\Documents\TeamPhantom\Phantom-Library\ICs.SchLib with CAN TRAN-MCP2562T-E/SN from ICs.SchLib
Replace Part U? CAN TRAN-MCP2562T-E/SN in C:\Users\Gaming\Documents\TeamPhantom\Phantom-Library\ICs.SchLib with CAN TRAN-MCP2562T-E/SN from ICs.SchLib
Replace Part U? CAN TRAN-MCP2562T-E/SN in C:\Users\Gaming\Documents\TeamPhantom\Phantom-Library\ICs.SchLib with CAN TRAN-MCP2562T-E/SN from ICs.SchLib
Replace Part U? CAN TRAN-MCP2562T-E/SN in C:\Users\Gaming\Documents\TeamPhantom\Phantom-Library\ICs.SchLib with CAN TRAN-MCP2562T-E/SN from ICs.SchLib
Replace Part U? CAN TRAN-MCP2562T-E/SN in C:\Users\Gaming\Documents\TeamPhantom\Phantom-Library\ICs.SchLib with CAN TRAN-MCP2562T-E/SN from ICs.SchLib
Replace Part U? CAN TRAN-MCP2562T-E/SN in C:\Users\Gaming\Documents\TeamPhantom\Phantom-Library\ICs.SchLib with CAN TRAN-MCP2562T-E/SN from ICs.SchLib
Replace Part U? CAN TRAN-MCP2562T-E/SN in C:\Users\Gaming\Documents\TeamPhantom\Phantom-Library\ICs.SchLib with CAN TRAN-MCP2562T-E/SN from ICs.SchLib
Replace Part U? CAN TRAN-SN65HVD232DR in C:\Users\Gaming\Documents\TeamPhantom\Phantom-Library\ICs.SchLib with CAN TRAN-SN65HVD232DR from ICs.SchLib
Replace Part U? CAN TRAN-SN65HVD232DR in C:\Users\Gaming\Documents\TeamPhantom\Phantom-Library\ICs.SchLib with CAN TRAN-SN65HVD232DR from ICs.SchLib
Replace Part U? CAN TRAN-SN65HVD232DR in C:\Users\Gaming\Documents\TeamPhantom\Phantom-Library\ICs.SchLib with CAN TRAN-SN65HVD232DR from ICs.SchLib
Replace Part U? CAN TRAN-SN65HVD232DR in C:\Users\Gaming\Documents\TeamPhantom\Phantom-Library\ICs.SchLib with CAN TRAN-SN65HVD232DR from ICs.SchLib
Replace Part U? CAN TRAN-SN65HVD232DR in C:\Users\Gaming\Documents\TeamPhantom\Phantom-Library\ICs.SchLib with CAN TRAN-SN65HVD232DR from ICs.SchLib
Replace Part U? CAN TRAN-SN65HVD232DR in C:\Users\Gaming\Documents\TeamPhantom\Phantom-Library\ICs.SchLib with CAN TRAN-SN65HVD232DR from ICs.SchLib
Replace Part U? CAN TRAN-SN65HVD232DR in C:\Users\Gaming\Documents\TeamPhantom\Phantom-Library\ICs.SchLib with CAN TRAN-SN65HVD232DR from ICs.SchLib
Replace Part U? CAN TRAN-SN65HVD232DR in C:\Users\Gaming\Documents\TeamPhantom\Phantom-Library\ICs.SchLib with CAN TRAN-SN65HVD232DR from ICs.SchLib
Replace Part U? DAC-MCP48FVB01-E/UN in C:\Users\Gaming\Documents\TeamPhantom\Phantom-Library\ICs.SchLib with DAC-MCP48FVB01-E/UN from ICs.SchLib
Replace Part U? DAC-MCP48FVB01-E/UN in C:\Users\Gaming\Documents\TeamPhantom\Phantom-Library\ICs.SchLib with DAC-MCP48FVB01-E/UN from ICs.SchLib
Replace Part U? DAC-MCP48FVB01-E/UN in C:\Users\Gaming\Documents\TeamPhantom\Phantom-Library\ICs.SchLib with DAC-MCP48FVB01-E/UN from ICs.SchLib
Replace Part U? DAC-MCP48FVB01-E/UN in C:\Users\Gaming\Documents\TeamPhantom\Phantom-Library\ICs.SchLib with DAC-MCP48FVB01-E/UN from ICs.SchLib
Replace Part U? DAC-MCP48FVB01-E/UN in C:\Users\Gaming\Documents\TeamPhantom\Phantom-Library\ICs.SchLib with DAC-MCP48FVB01-E/UN from ICs.SchLib
Replace Part U? DAC-MCP48FVB01-E/UN in C:\Users\Gaming\Documents\TeamPhantom\Phantom-Library\ICs.SchLib with DAC-MCP48FVB01-E/UN from ICs.SchLib
Replace Part U? DAC-MCP48FVB01-E/UN in C:\Users\Gaming\Documents\TeamPhantom\Phantom-Library\ICs.SchLib with DAC-MCP48FVB01-E/UN from ICs.SchLib
Replace Part U? DAC-MCP48FVB01-E/UN in C:\Users\Gaming\Documents\TeamPhantom\Phantom-Library\ICs.SchLib with DAC-MCP48FVB01-E/UN from ICs.SchLib
Replace Part U? DAC-MCP48FVB02-E/UN in C:\Users\Gaming\Documents\TeamPhantom\Phantom-Library\ICs.SchLib with DAC-MCP48FVB02-E/UN from ICs.SchLib
Replace Part U? DAC-MCP48FVB02-E/UN in C:\Users\Gaming\Documents\TeamPhantom\Phantom-Library\ICs.SchLib with DAC-MCP48FVB02-E/UN from ICs.SchLib
Replace Part U? DAC-MCP48FVB02-E/UN in C:\Users\Gaming\Documents\TeamPhantom\Phantom-Library\ICs.SchLib with DAC-MCP48FVB02-E/UN from ICs.SchLib
Replace Part U? DAC-MCP48FVB02-E/UN in C:\Users\Gaming\Documents\TeamPhantom\Phantom-Library\ICs.SchLib with DAC-MCP48FVB02-E/UN from ICs.SchLib
Replace Part U? DAC-MCP48FVB02-E/UN in C:\Users\Gaming\Documents\TeamPhantom\Phantom-Library\ICs.SchLib with DAC-MCP48FVB02-E/UN from ICs.SchLib
Replace Part U? DAC-MCP48FVB02-E/UN in C:\Users\Gaming\Documents\TeamPhantom\Phantom-Library\ICs.SchLib with DAC-MCP48FVB02-E/UN from ICs.SchLib
Replace Part U? DAC-MCP48FVB02-E/UN in C:\Users\Gaming\Documents\TeamPhantom\Phantom-Library\ICs.SchLib with DAC-MCP48FVB02-E/UN from ICs.SchLib
Replace Part U? DAC-MCP48FVB02-E/UN in C:\Users\Gaming\Documents\TeamPhantom\Phantom-Library\ICs.SchLib with DAC-MCP48FVB02-E/UN from ICs.SchLib
Replace Part U? DAC-MCP4921T in C:\Users\Gaming\Documents\TeamPhantom\Phantom-Library\ICs.SchLib with DAC-MCP4921T from ICs.SchLib
Replace Part U? DAC-MCP4921T in C:\Users\Gaming\Documents\TeamPhantom\Phantom-Library\ICs.SchLib with DAC-MCP4921T from ICs.SchLib
Replace Part U? DAC-MCP4921T in C:\Users\Gaming\Documents\TeamPhantom\Phantom-Library\ICs.SchLib with DAC-MCP4921T from ICs.SchLib
Replace Part U? DAC-MCP4921T in C:\Users\Gaming\Documents\TeamPhantom\Phantom-Library\ICs.SchLib with DAC-MCP4921T from ICs.SchLib
Replace Part U? DAC-MCP4921T in C:\Users\Gaming\Documents\TeamPhantom\Phantom-Library\ICs.SchLib with DAC-MCP4921T from ICs.SchLib
Replace Part U? DAC-MCP4921T in C:\Users\Gaming\Documents\TeamPhantom\Phantom-Library\ICs.SchLib with DAC-MCP4921T from ICs.SchLib
Replace Part U? DAC-MCP4921T in C:\Users\Gaming\Documents\TeamPhantom\Phantom-Library\ICs.SchLib with DAC-MCP4921T from ICs.SchLib
Replace Part U? DAC-MCP4921T in C:\Users\Gaming\Documents\TeamPhantom\Phantom-Library\ICs.SchLib with DAC-MCP4921T from ICs.SchLib
Replace Part D? ESD DIODE JTAG in C:\Users\Gaming\Documents\TeamPhantom\Phantom-Library\ICs.SchLib with ESD DIODE JTAG from ICs.SchLib
Replace Part D? ESD DIODE JTAG in C:\Users\Gaming\Documents\TeamPhantom\Phantom-Library\ICs.SchLib with ESD DIODE JTAG from ICs.SchLib
Replace Part D? ESD DIODE JTAG in C:\Users\Gaming\Documents\TeamPhantom\Phantom-Library\ICs.SchLib with ESD DIODE JTAG from ICs.SchLib
Replace Part D? ESD DIODE JTAG in C:\Users\Gaming\Documents\TeamPhantom\Phantom-Library\ICs.SchLib with ESD DIODE JTAG from ICs.SchLib
Replace Part D? ESD DIODE JTAG in C:\Users\Gaming\Documents\TeamPhantom\Phantom-Library\ICs.SchLib with ESD DIODE JTAG from ICs.SchLib
Replace Part D? ESD DIODE JTAG in C:\Users\Gaming\Documents\TeamPhantom\Phantom-Library\ICs.SchLib with ESD DIODE JTAG from ICs.SchLib
Replace Part D? ESD DIODE JTAG in C:\Users\Gaming\Documents\TeamPhantom\Phantom-Library\ICs.SchLib with ESD DIODE JTAG from ICs.SchLib
Replace Part D? ESD DIODE JTAG in C:\Users\Gaming\Documents\TeamPhantom\Phantom-Library\ICs.SchLib with ESD DIODE JTAG from ICs.SchLib
Replace Part D? ESD DIODE USB in C:\Users\Gaming\Documents\TeamPhantom\Phantom-Library\ICs.SchLib with ESD DIODE USB from ICs.SchLib
Replace Part D? ESD DIODE USB in C:\Users\Gaming\Documents\TeamPhantom\Phantom-Library\ICs.SchLib with ESD DIODE USB from ICs.SchLib
Replace Part D? ESD DIODE USB in C:\Users\Gaming\Documents\TeamPhantom\Phantom-Library\ICs.SchLib with ESD DIODE USB from ICs.SchLib
Replace Part D? ESD DIODE USB in C:\Users\Gaming\Documents\TeamPhantom\Phantom-Library\ICs.SchLib with ESD DIODE USB from ICs.SchLib
Replace Part D? ESD DIODE USB in C:\Users\Gaming\Documents\TeamPhantom\Phantom-Library\ICs.SchLib with ESD DIODE USB from ICs.SchLib
Replace Part D? ESD DIODE USB in C:\Users\Gaming\Documents\TeamPhantom\Phantom-Library\ICs.SchLib with ESD DIODE USB from ICs.SchLib
Replace Part D? ESD DIODE USB in C:\Users\Gaming\Documents\TeamPhantom\Phantom-Library\ICs.SchLib with ESD DIODE USB from ICs.SchLib
Replace Part D? ESD DIODE USB in C:\Users\Gaming\Documents\TeamPhantom\Phantom-Library\ICs.SchLib with ESD DIODE USB from ICs.SchLib
Replace Part U? I/O Expander in C:\Users\Gaming\Documents\TeamPhantom\Phantom-Library\ICs.SchLib with I/O Expander from ICs.SchLib
Replace Part U? I/O Expander in C:\Users\Gaming\Documents\TeamPhantom\Phantom-Library\ICs.SchLib with I/O Expander from ICs.SchLib
Replace Part U? I/O Expander in C:\Users\Gaming\Documents\TeamPhantom\Phantom-Library\ICs.SchLib with I/O Expander from ICs.SchLib
Replace Part U? I/O Expander in C:\Users\Gaming\Documents\TeamPhantom\Phantom-Library\ICs.SchLib with I/O Expander from ICs.SchLib
Replace Part U? I/O Expander in C:\Users\Gaming\Documents\TeamPhantom\Phantom-Library\ICs.SchLib with I/O Expander from ICs.SchLib
Replace Part U? I/O Expander in C:\Users\Gaming\Documents\TeamPhantom\Phantom-Library\ICs.SchLib with I/O Expander from ICs.SchLib
Replace Part U? I/O Expander in C:\Users\Gaming\Documents\TeamPhantom\Phantom-Library\ICs.SchLib with I/O Expander from ICs.SchLib
Replace Part U? I/O Expander in C:\Users\Gaming\Documents\TeamPhantom\Phantom-Library\ICs.SchLib with I/O Expander from ICs.SchLib
Replace Part U? MUX-74HC4067 in C:\Users\Gaming\Documents\TeamPhantom\Phantom-Library\ICs.SchLib with MUX-74HC4067 from ICs.SchLib
Replace Part U? MUX-74HC4067 in C:\Users\Gaming\Documents\TeamPhantom\Phantom-Library\ICs.SchLib with MUX-74HC4067 from ICs.SchLib
Replace Part U? MUX-74HC4067 in C:\Users\Gaming\Documents\TeamPhantom\Phantom-Library\ICs.SchLib with MUX-74HC4067 from ICs.SchLib
Replace Part U? MUX-74HC4067 in C:\Users\Gaming\Documents\TeamPhantom\Phantom-Library\ICs.SchLib with MUX-74HC4067 from ICs.SchLib
Replace Part U? MUX-74HC4067 in C:\Users\Gaming\Documents\TeamPhantom\Phantom-Library\ICs.SchLib with MUX-74HC4067 from ICs.SchLib
Replace Part U? MUX-74HC4067 in C:\Users\Gaming\Documents\TeamPhantom\Phantom-Library\ICs.SchLib with MUX-74HC4067 from ICs.SchLib
Replace Part U? MUX-74HC4067 in C:\Users\Gaming\Documents\TeamPhantom\Phantom-Library\ICs.SchLib with MUX-74HC4067 from ICs.SchLib
Replace Part U? MUX-74HC4067 in C:\Users\Gaming\Documents\TeamPhantom\Phantom-Library\ICs.SchLib with MUX-74HC4067 from ICs.SchLib
Replace Part U? MUX-SN74LV4051ATDWRQ1 in C:\Users\Gaming\Documents\TeamPhantom\Phantom-Library\ICs.SchLib with MUX-SN74LV4051ATDWRQ1 from ICs.SchLib
Replace Part U? MUX-SN74LV4051ATDWRQ1 in C:\Users\Gaming\Documents\TeamPhantom\Phantom-Library\ICs.SchLib with MUX-SN74LV4051ATDWRQ1 from ICs.SchLib
Replace Part U? MUX-SN74LV4051ATDWRQ1 in C:\Users\Gaming\Documents\TeamPhantom\Phantom-Library\ICs.SchLib with MUX-SN74LV4051ATDWRQ1 from ICs.SchLib
Replace Part U? MUX-SN74LV4051ATDWRQ1 in C:\Users\Gaming\Documents\TeamPhantom\Phantom-Library\ICs.SchLib with MUX-SN74LV4051ATDWRQ1 from ICs.SchLib
Replace Part U? MUX-SN74LV4051ATDWRQ1 in C:\Users\Gaming\Documents\TeamPhantom\Phantom-Library\ICs.SchLib with MUX-SN74LV4051ATDWRQ1 from ICs.SchLib
Replace Part U? MUX-SN74LV4051ATDWRQ1 in C:\Users\Gaming\Documents\TeamPhantom\Phantom-Library\ICs.SchLib with MUX-SN74LV4051ATDWRQ1 from ICs.SchLib
Replace Part U? MUX-SN74LV4051ATDWRQ1 in C:\Users\Gaming\Documents\TeamPhantom\Phantom-Library\ICs.SchLib with MUX-SN74LV4051ATDWRQ1 from ICs.SchLib
Replace Part U? MUX-SN74LV4051ATDWRQ1 in C:\Users\Gaming\Documents\TeamPhantom\Phantom-Library\ICs.SchLib with MUX-SN74LV4051ATDWRQ1 from ICs.SchLib
Replace Part U? OPAMP-ISO-AMC1301DWVR in C:\Users\Gaming\Documents\TeamPhantom\Phantom-Library\ICs.SchLib with OPAMP-ISO-AMC1301DWVR from ICs.SchLib
Replace Part U? OPAMP-ISO-AMC1301DWVR in C:\Users\Gaming\Documents\TeamPhantom\Phantom-Library\ICs.SchLib with OPAMP-ISO-AMC1301DWVR from ICs.SchLib
Replace Part U? OPAMP-ISO-AMC1301DWVR in C:\Users\Gaming\Documents\TeamPhantom\Phantom-Library\ICs.SchLib with OPAMP-ISO-AMC1301DWVR from ICs.SchLib
Replace Part U? OPAMP-ISO-AMC1301DWVR in C:\Users\Gaming\Documents\TeamPhantom\Phantom-Library\ICs.SchLib with OPAMP-ISO-AMC1301DWVR from ICs.SchLib
Replace Part U? OPAMP-ISO-AMC1301DWVR in C:\Users\Gaming\Documents\TeamPhantom\Phantom-Library\ICs.SchLib with OPAMP-ISO-AMC1301DWVR from ICs.SchLib
Replace Part U? OPAMP-ISO-AMC1301DWVR in C:\Users\Gaming\Documents\TeamPhantom\Phantom-Library\ICs.SchLib with OPAMP-ISO-AMC1301DWVR from ICs.SchLib
Replace Part U? OPAMP-ISO-AMC1301DWVR in C:\Users\Gaming\Documents\TeamPhantom\Phantom-Library\ICs.SchLib with OPAMP-ISO-AMC1301DWVR from ICs.SchLib
Replace Part U? OPAMP-ISO-AMC1301DWVR in C:\Users\Gaming\Documents\TeamPhantom\Phantom-Library\ICs.SchLib with OPAMP-ISO-AMC1301DWVR from ICs.SchLib
Replace Part U? OPTO-ISO-3.75kV in C:\Users\Gaming\Documents\TeamPhantom\Phantom-Library\ICs.SchLib with OPTO-ISO-3.75kV from ICs.SchLib
Replace Part U? OPTO-ISO-3.75kV in C:\Users\Gaming\Documents\TeamPhantom\Phantom-Library\ICs.SchLib with OPTO-ISO-3.75kV from ICs.SchLib
Replace Part U? OPTO-ISO-3.75kV in C:\Users\Gaming\Documents\TeamPhantom\Phantom-Library\ICs.SchLib with OPTO-ISO-3.75kV from ICs.SchLib
Replace Part U? OPTO-ISO-3.75kV in C:\Users\Gaming\Documents\TeamPhantom\Phantom-Library\ICs.SchLib with OPTO-ISO-3.75kV from ICs.SchLib
Replace Part U? OPTO-ISO-3.75kV in C:\Users\Gaming\Documents\TeamPhantom\Phantom-Library\ICs.SchLib with OPTO-ISO-3.75kV from ICs.SchLib
Replace Part U? OPTO-ISO-3.75kV in C:\Users\Gaming\Documents\TeamPhantom\Phantom-Library\ICs.SchLib with OPTO-ISO-3.75kV from ICs.SchLib
Replace Part U? OPTO-ISO-3.75kV in C:\Users\Gaming\Documents\TeamPhantom\Phantom-Library\ICs.SchLib with OPTO-ISO-3.75kV from ICs.SchLib
Replace Part U? OPTO-ISO-3.75kV in C:\Users\Gaming\Documents\TeamPhantom\Phantom-Library\ICs.SchLib with OPTO-ISO-3.75kV from ICs.SchLib
Replace Part U? PWR Monitor in C:\Users\Gaming\Documents\TeamPhantom\Phantom-Library\ICs.SchLib with PWR Monitor from ICs.SchLib
Replace Part U? PWR Monitor in C:\Users\Gaming\Documents\TeamPhantom\Phantom-Library\ICs.SchLib with PWR Monitor from ICs.SchLib
Replace Part U? PWR Monitor in C:\Users\Gaming\Documents\TeamPhantom\Phantom-Library\ICs.SchLib with PWR Monitor from ICs.SchLib
Replace Part U? PWR Monitor in C:\Users\Gaming\Documents\TeamPhantom\Phantom-Library\ICs.SchLib with PWR Monitor from ICs.SchLib
Replace Part U? PWR Monitor in C:\Users\Gaming\Documents\TeamPhantom\Phantom-Library\ICs.SchLib with PWR Monitor from ICs.SchLib
Replace Part U? PWR Monitor in C:\Users\Gaming\Documents\TeamPhantom\Phantom-Library\ICs.SchLib with PWR Monitor from ICs.SchLib
Replace Part U? PWR Monitor in C:\Users\Gaming\Documents\TeamPhantom\Phantom-Library\ICs.SchLib with PWR Monitor from ICs.SchLib
Replace Part U? PWR Monitor in C:\Users\Gaming\Documents\TeamPhantom\Phantom-Library\ICs.SchLib with PWR Monitor from ICs.SchLib
Replace Part U? TMP36GRTZ-REEL7 in C:\Users\Gaming\Documents\TeamPhantom\Phantom-Library\ICs.SchLib with TMP36GRTZ-REEL7 from ICs.SchLib
Replace Part U? TMP36GRTZ-REEL7 in C:\Users\Gaming\Documents\TeamPhantom\Phantom-Library\ICs.SchLib with TMP36GRTZ-REEL7 from ICs.SchLib
Replace Part U? TMP36GRTZ-REEL7 in C:\Users\Gaming\Documents\TeamPhantom\Phantom-Library\ICs.SchLib with TMP36GRTZ-REEL7 from ICs.SchLib
Replace Part U? TMP36GRTZ-REEL7 in C:\Users\Gaming\Documents\TeamPhantom\Phantom-Library\ICs.SchLib with TMP36GRTZ-REEL7 from ICs.SchLib
Replace Part U? TMP36GRTZ-REEL7 in C:\Users\Gaming\Documents\TeamPhantom\Phantom-Library\ICs.SchLib with TMP36GRTZ-REEL7 from ICs.SchLib
Replace Part U? TMP36GRTZ-REEL7 in C:\Users\Gaming\Documents\TeamPhantom\Phantom-Library\ICs.SchLib with TMP36GRTZ-REEL7 from ICs.SchLib
Replace Part U? TMP36GRTZ-REEL7 in C:\Users\Gaming\Documents\TeamPhantom\Phantom-Library\ICs.SchLib with TMP36GRTZ-REEL7 from ICs.SchLib
Replace Part U? TMP36GRTZ-REEL7 in C:\Users\Gaming\Documents\TeamPhantom\Phantom-Library\ICs.SchLib with TMP36GRTZ-REEL7 from ICs.SchLib
Replace Part U? TMS5701227CPGEQQ1 in C:\Users\Gaming\Documents\TeamPhantom\Phantom-Library\ICs.SchLib with TMS5701227CPGEQQ1 from ICs.SchLib
Replace Part U? TMS5701227CPGEQQ1 in C:\Users\Gaming\Documents\TeamPhantom\Phantom-Library\ICs.SchLib with TMS5701227CPGEQQ1 from ICs.SchLib
Replace Part U? TMS5701227CPGEQQ1 in C:\Users\Gaming\Documents\TeamPhantom\Phantom-Library\ICs.SchLib with TMS5701227CPGEQQ1 from ICs.SchLib
Replace Part U? TMS5701227CPGEQQ1 in C:\Users\Gaming\Documents\TeamPhantom\Phantom-Library\ICs.SchLib with TMS5701227CPGEQQ1 from ICs.SchLib
Replace Part U? TMS5701227CPGEQQ1 in C:\Users\Gaming\Documents\TeamPhantom\Phantom-Library\ICs.SchLib with TMS5701227CPGEQQ1 from ICs.SchLib
Replace Part U? TMS5701227CPGEQQ1 in C:\Users\Gaming\Documents\TeamPhantom\Phantom-Library\ICs.SchLib with TMS5701227CPGEQQ1 from ICs.SchLib
Replace Part U? TMS5701227CPGEQQ1 in C:\Users\Gaming\Documents\TeamPhantom\Phantom-Library\ICs.SchLib with TMS5701227CPGEQQ1 from ICs.SchLib
Replace Part U? TMS5701227CPGEQQ1 in C:\Users\Gaming\Documents\TeamPhantom\Phantom-Library\ICs.SchLib with TMS5701227CPGEQQ1 from ICs.SchLib
Replace Part U? USB-Basic UART in C:\Users\Gaming\Documents\TeamPhantom\Phantom-Library\ICs.SchLib with USB-Basic UART from ICs.SchLib
Replace Part U? USB-Basic UART in C:\Users\Gaming\Documents\TeamPhantom\Phantom-Library\ICs.SchLib with USB-Basic UART from ICs.SchLib
Replace Part U? USB-Basic UART in C:\Users\Gaming\Documents\TeamPhantom\Phantom-Library\ICs.SchLib with USB-Basic UART from ICs.SchLib
Replace Part U? USB-Basic UART in C:\Users\Gaming\Documents\TeamPhantom\Phantom-Library\ICs.SchLib with USB-Basic UART from ICs.SchLib
Replace Part U? USB-Basic UART in C:\Users\Gaming\Documents\TeamPhantom\Phantom-Library\ICs.SchLib with USB-Basic UART from ICs.SchLib
Replace Part U? USB-Basic UART in C:\Users\Gaming\Documents\TeamPhantom\Phantom-Library\ICs.SchLib with USB-Basic UART from ICs.SchLib
Replace Part U? USB-Basic UART in C:\Users\Gaming\Documents\TeamPhantom\Phantom-Library\ICs.SchLib with USB-Basic UART from ICs.SchLib
Replace Part U? USB-Basic UART in C:\Users\Gaming\Documents\TeamPhantom\Phantom-Library\ICs.SchLib with USB-Basic UART from ICs.SchLib
Replace Part U? USB-FS UART in C:\Users\Gaming\Documents\TeamPhantom\Phantom-Library\ICs.SchLib with USB-FS UART from ICs.SchLib
Replace Part U? USB-FS UART in C:\Users\Gaming\Documents\TeamPhantom\Phantom-Library\ICs.SchLib with USB-FS UART from ICs.SchLib
Replace Part U? USB-FS UART in C:\Users\Gaming\Documents\TeamPhantom\Phantom-Library\ICs.SchLib with USB-FS UART from ICs.SchLib
Replace Part U? USB-FS UART in C:\Users\Gaming\Documents\TeamPhantom\Phantom-Library\ICs.SchLib with USB-FS UART from ICs.SchLib
Replace Part U? USB-FS UART in C:\Users\Gaming\Documents\TeamPhantom\Phantom-Library\ICs.SchLib with USB-FS UART from ICs.SchLib
Replace Part U? USB-FS UART in C:\Users\Gaming\Documents\TeamPhantom\Phantom-Library\ICs.SchLib with USB-FS UART from ICs.SchLib
Replace Part U? USB-FS UART in C:\Users\Gaming\Documents\TeamPhantom\Phantom-Library\ICs.SchLib with USB-FS UART from ICs.SchLib
Replace Part U? USB-FS UART in C:\Users\Gaming\Documents\TeamPhantom\Phantom-Library\ICs.SchLib with USB-FS UART from ICs.SchLib
Replace Part U? WatchDog in C:\Users\Gaming\Documents\TeamPhantom\Phantom-Library\ICs.SchLib with WatchDog from ICs.SchLib
Replace Part U? WatchDog in C:\Users\Gaming\Documents\TeamPhantom\Phantom-Library\ICs.SchLib with WatchDog from ICs.SchLib
Replace Part U? WatchDog in C:\Users\Gaming\Documents\TeamPhantom\Phantom-Library\ICs.SchLib with WatchDog from ICs.SchLib
Replace Part U? WatchDog in C:\Users\Gaming\Documents\TeamPhantom\Phantom-Library\ICs.SchLib with WatchDog from ICs.SchLib
Replace Part U? WatchDog in C:\Users\Gaming\Documents\TeamPhantom\Phantom-Library\ICs.SchLib with WatchDog from ICs.SchLib
Replace Part U? WatchDog in C:\Users\Gaming\Documents\TeamPhantom\Phantom-Library\ICs.SchLib with WatchDog from ICs.SchLib
Replace Part U? WatchDog in C:\Users\Gaming\Documents\TeamPhantom\Phantom-Library\ICs.SchLib with WatchDog from ICs.SchLib
Replace Part U? WatchDog in C:\Users\Gaming\Documents\TeamPhantom\Phantom-Library\ICs.SchLib with WatchDog from ICs.SchLib
