Replace Part J? 2X6PIN in C:\Users\Gaming\Documents\TeamPhantom\Sensors\DAQ-2-A\New_Parts.SchLib with 2X6PIN from New_Parts.SchLib
Replace Part J? 2X6PIN in C:\Users\Gaming\Documents\TeamPhantom\Sensors\DAQ-2-A\New_Parts.SchLib with 2X6PIN from New_Parts.SchLib
Replace Part J? 2X6PIN in C:\Users\Gaming\Documents\TeamPhantom\Sensors\DAQ-2-A\New_Parts.SchLib with 2X6PIN from New_Parts.SchLib
Replace Part J? 2X6PIN in C:\Users\Gaming\Documents\TeamPhantom\Sensors\DAQ-2-A\New_Parts.SchLib with 2X6PIN from New_Parts.SchLib
Replace Part J? 2X6PIN in C:\Users\Gaming\Documents\TeamPhantom\Sensors\DAQ-2-A\New_Parts.SchLib with 2X6PIN from New_Parts.SchLib
Replace Part J? 2X6PIN in C:\Users\Gaming\Documents\TeamPhantom\Sensors\DAQ-2-A\New_Parts.SchLib with 2X6PIN from New_Parts.SchLib
Replace Part J? 2X6PIN in C:\Users\Gaming\Documents\TeamPhantom\Sensors\DAQ-2-A\New_Parts.SchLib with 2X6PIN from New_Parts.SchLib
Replace Part J? 2X6PIN in C:\Users\Gaming\Documents\TeamPhantom\Sensors\DAQ-2-A\New_Parts.SchLib with 2X6PIN from New_Parts.SchLib
Replace Part J? 2X12PIN in C:\Users\Gaming\Documents\TeamPhantom\Sensors\DAQ-2-A\New_Parts.SchLib with 2X12PIN from New_Parts.SchLib
Replace Part J? 2X12PIN in C:\Users\Gaming\Documents\TeamPhantom\Sensors\DAQ-2-A\New_Parts.SchLib with 2X12PIN from New_Parts.SchLib
Replace Part J? 2X12PIN in C:\Users\Gaming\Documents\TeamPhantom\Sensors\DAQ-2-A\New_Parts.SchLib with 2X12PIN from New_Parts.SchLib
Replace Part J? 2X12PIN in C:\Users\Gaming\Documents\TeamPhantom\Sensors\DAQ-2-A\New_Parts.SchLib with 2X12PIN from New_Parts.SchLib
Replace Part J? 2X12PIN in C:\Users\Gaming\Documents\TeamPhantom\Sensors\DAQ-2-A\New_Parts.SchLib with 2X12PIN from New_Parts.SchLib
Replace Part J? 2X12PIN in C:\Users\Gaming\Documents\TeamPhantom\Sensors\DAQ-2-A\New_Parts.SchLib with 2X12PIN from New_Parts.SchLib
Replace Part J? 2X12PIN in C:\Users\Gaming\Documents\TeamPhantom\Sensors\DAQ-2-A\New_Parts.SchLib with 2X12PIN from New_Parts.SchLib
Replace Part J? 2X12PIN in C:\Users\Gaming\Documents\TeamPhantom\Sensors\DAQ-2-A\New_Parts.SchLib with 2X12PIN from New_Parts.SchLib
Replace Part J? 9PIN in C:\Users\Gaming\Documents\TeamPhantom\Sensors\DAQ-2-A\New_Parts.SchLib with 9PIN from New_Parts.SchLib
Replace Part J? 9PIN in C:\Users\Gaming\Documents\TeamPhantom\Sensors\DAQ-2-A\New_Parts.SchLib with 9PIN from New_Parts.SchLib
Replace Part J? 9PIN in C:\Users\Gaming\Documents\TeamPhantom\Sensors\DAQ-2-A\New_Parts.SchLib with 9PIN from New_Parts.SchLib
Replace Part J? 9PIN in C:\Users\Gaming\Documents\TeamPhantom\Sensors\DAQ-2-A\New_Parts.SchLib with 9PIN from New_Parts.SchLib
Replace Part J? 9PIN in C:\Users\Gaming\Documents\TeamPhantom\Sensors\DAQ-2-A\New_Parts.SchLib with 9PIN from New_Parts.SchLib
Replace Part J? 9PIN in C:\Users\Gaming\Documents\TeamPhantom\Sensors\DAQ-2-A\New_Parts.SchLib with 9PIN from New_Parts.SchLib
Replace Part J? 9PIN in C:\Users\Gaming\Documents\TeamPhantom\Sensors\DAQ-2-A\New_Parts.SchLib with 9PIN from New_Parts.SchLib
Replace Part J? 9PIN in C:\Users\Gaming\Documents\TeamPhantom\Sensors\DAQ-2-A\New_Parts.SchLib with 9PIN from New_Parts.SchLib
Replace Part C? 0603-0.18uF-16V in C:\Users\Gaming\Documents\TeamPhantom\Sensors\DAQ-2-A\New_Parts.SchLib with 0603-0.18uF-16V from New_Parts.SchLib
Replace Part C? 0603-0.18uF-16V in C:\Users\Gaming\Documents\TeamPhantom\Sensors\DAQ-2-A\New_Parts.SchLib with 0603-0.18uF-16V from New_Parts.SchLib
Replace Part C? 0603-0.18uF-16V in C:\Users\Gaming\Documents\TeamPhantom\Sensors\DAQ-2-A\New_Parts.SchLib with 0603-0.18uF-16V from New_Parts.SchLib
Replace Part C? 0603-0.18uF-16V in C:\Users\Gaming\Documents\TeamPhantom\Sensors\DAQ-2-A\New_Parts.SchLib with 0603-0.18uF-16V from New_Parts.SchLib
Replace Part C? 0603-0.18uF-16V in C:\Users\Gaming\Documents\TeamPhantom\Sensors\DAQ-2-A\New_Parts.SchLib with 0603-0.18uF-16V from New_Parts.SchLib
Replace Part C? 0603-0.18uF-16V in C:\Users\Gaming\Documents\TeamPhantom\Sensors\DAQ-2-A\New_Parts.SchLib with 0603-0.18uF-16V from New_Parts.SchLib
Replace Part C? 0603-0.18uF-16V in C:\Users\Gaming\Documents\TeamPhantom\Sensors\DAQ-2-A\New_Parts.SchLib with 0603-0.18uF-16V from New_Parts.SchLib
Replace Part C? 0603-0.18uF-16V in C:\Users\Gaming\Documents\TeamPhantom\Sensors\DAQ-2-A\New_Parts.SchLib with 0603-0.18uF-16V from New_Parts.SchLib
Replace Part R? 0603-200KR in C:\Users\Gaming\Documents\TeamPhantom\Sensors\DAQ-2-A\New_Parts.SchLib with 0603-200KR from New_Parts.SchLib
Replace Part R? 0603-200KR in C:\Users\Gaming\Documents\TeamPhantom\Sensors\DAQ-2-A\New_Parts.SchLib with 0603-200KR from New_Parts.SchLib
Replace Part R? 0603-200KR in C:\Users\Gaming\Documents\TeamPhantom\Sensors\DAQ-2-A\New_Parts.SchLib with 0603-200KR from New_Parts.SchLib
Replace Part R? 0603-200KR in C:\Users\Gaming\Documents\TeamPhantom\Sensors\DAQ-2-A\New_Parts.SchLib with 0603-200KR from New_Parts.SchLib
Replace Part R? 0603-200KR in C:\Users\Gaming\Documents\TeamPhantom\Sensors\DAQ-2-A\New_Parts.SchLib with 0603-200KR from New_Parts.SchLib
Replace Part R? 0603-200KR in C:\Users\Gaming\Documents\TeamPhantom\Sensors\DAQ-2-A\New_Parts.SchLib with 0603-200KR from New_Parts.SchLib
Replace Part R? 0603-200KR in C:\Users\Gaming\Documents\TeamPhantom\Sensors\DAQ-2-A\New_Parts.SchLib with 0603-200KR from New_Parts.SchLib
Replace Part R? 0603-200KR in C:\Users\Gaming\Documents\TeamPhantom\Sensors\DAQ-2-A\New_Parts.SchLib with 0603-200KR from New_Parts.SchLib
Replace Part J? CONN_1X3_1.25MM in C:\Users\Gaming\Documents\TeamPhantom\Sensors\DAQ-2-A\New_Parts.SchLib with CONN_1X3_1.25MM from New_Parts.SchLib
Replace Part J? CONN_1X3_1.25MM in C:\Users\Gaming\Documents\TeamPhantom\Sensors\DAQ-2-A\New_Parts.SchLib with CONN_1X3_1.25MM from New_Parts.SchLib
Replace Part J? CONN_1X3_1.25MM in C:\Users\Gaming\Documents\TeamPhantom\Sensors\DAQ-2-A\New_Parts.SchLib with CONN_1X3_1.25MM from New_Parts.SchLib
Replace Part J? CONN_1X3_1.25MM in C:\Users\Gaming\Documents\TeamPhantom\Sensors\DAQ-2-A\New_Parts.SchLib with CONN_1X3_1.25MM from New_Parts.SchLib
Replace Part J? CONN_1X3_1.25MM in C:\Users\Gaming\Documents\TeamPhantom\Sensors\DAQ-2-A\New_Parts.SchLib with CONN_1X3_1.25MM from New_Parts.SchLib
Replace Part J? CONN_1X3_1.25MM in C:\Users\Gaming\Documents\TeamPhantom\Sensors\DAQ-2-A\New_Parts.SchLib with CONN_1X3_1.25MM from New_Parts.SchLib
Replace Part J? CONN_1X3_1.25MM in C:\Users\Gaming\Documents\TeamPhantom\Sensors\DAQ-2-A\New_Parts.SchLib with CONN_1X3_1.25MM from New_Parts.SchLib
Replace Part J? CONN_1X3_1.25MM in C:\Users\Gaming\Documents\TeamPhantom\Sensors\DAQ-2-A\New_Parts.SchLib with CONN_1X3_1.25MM from New_Parts.SchLib
Replace Part J? CONN_1X4_1.25MM in C:\Users\Gaming\Documents\TeamPhantom\Sensors\DAQ-2-A\New_Parts.SchLib with CONN_1X4_1.25MM from New_Parts.SchLib
Replace Part J? CONN_1X4_1.25MM in C:\Users\Gaming\Documents\TeamPhantom\Sensors\DAQ-2-A\New_Parts.SchLib with CONN_1X4_1.25MM from New_Parts.SchLib
Replace Part J? CONN_1X4_1.25MM in C:\Users\Gaming\Documents\TeamPhantom\Sensors\DAQ-2-A\New_Parts.SchLib with CONN_1X4_1.25MM from New_Parts.SchLib
Replace Part J? CONN_1X4_1.25MM in C:\Users\Gaming\Documents\TeamPhantom\Sensors\DAQ-2-A\New_Parts.SchLib with CONN_1X4_1.25MM from New_Parts.SchLib
Replace Part J? CONN_1X4_1.25MM in C:\Users\Gaming\Documents\TeamPhantom\Sensors\DAQ-2-A\New_Parts.SchLib with CONN_1X4_1.25MM from New_Parts.SchLib
Replace Part J? CONN_1X4_1.25MM in C:\Users\Gaming\Documents\TeamPhantom\Sensors\DAQ-2-A\New_Parts.SchLib with CONN_1X4_1.25MM from New_Parts.SchLib
Replace Part J? CONN_1X4_1.25MM in C:\Users\Gaming\Documents\TeamPhantom\Sensors\DAQ-2-A\New_Parts.SchLib with CONN_1X4_1.25MM from New_Parts.SchLib
Replace Part J? CONN_1X4_1.25MM in C:\Users\Gaming\Documents\TeamPhantom\Sensors\DAQ-2-A\New_Parts.SchLib with CONN_1X4_1.25MM from New_Parts.SchLib
Replace Part J? CONN_1X5_1.25MM in C:\Users\Gaming\Documents\TeamPhantom\Sensors\DAQ-2-A\New_Parts.SchLib with CONN_1X5_1.25MM from New_Parts.SchLib
Replace Part J? CONN_1X5_1.25MM in C:\Users\Gaming\Documents\TeamPhantom\Sensors\DAQ-2-A\New_Parts.SchLib with CONN_1X5_1.25MM from New_Parts.SchLib
Replace Part J? CONN_1X5_1.25MM in C:\Users\Gaming\Documents\TeamPhantom\Sensors\DAQ-2-A\New_Parts.SchLib with CONN_1X5_1.25MM from New_Parts.SchLib
Replace Part J? CONN_1X5_1.25MM in C:\Users\Gaming\Documents\TeamPhantom\Sensors\DAQ-2-A\New_Parts.SchLib with CONN_1X5_1.25MM from New_Parts.SchLib
Replace Part J? CONN_1X5_1.25MM in C:\Users\Gaming\Documents\TeamPhantom\Sensors\DAQ-2-A\New_Parts.SchLib with CONN_1X5_1.25MM from New_Parts.SchLib
Replace Part J? CONN_1X5_1.25MM in C:\Users\Gaming\Documents\TeamPhantom\Sensors\DAQ-2-A\New_Parts.SchLib with CONN_1X5_1.25MM from New_Parts.SchLib
Replace Part J? CONN_1X5_1.25MM in C:\Users\Gaming\Documents\TeamPhantom\Sensors\DAQ-2-A\New_Parts.SchLib with CONN_1X5_1.25MM from New_Parts.SchLib
Replace Part J? CONN_1X5_1.25MM in C:\Users\Gaming\Documents\TeamPhantom\Sensors\DAQ-2-A\New_Parts.SchLib with CONN_1X5_1.25MM from New_Parts.SchLib
Replace Part J? CONN_1X6_1.25MM in C:\Users\Gaming\Documents\TeamPhantom\Sensors\DAQ-2-A\New_Parts.SchLib with CONN_1X6_1.25MM from New_Parts.SchLib
Replace Part J? CONN_1X6_1.25MM in C:\Users\Gaming\Documents\TeamPhantom\Sensors\DAQ-2-A\New_Parts.SchLib with CONN_1X6_1.25MM from New_Parts.SchLib
Replace Part J? CONN_1X6_1.25MM in C:\Users\Gaming\Documents\TeamPhantom\Sensors\DAQ-2-A\New_Parts.SchLib with CONN_1X6_1.25MM from New_Parts.SchLib
Replace Part J? CONN_1X6_1.25MM in C:\Users\Gaming\Documents\TeamPhantom\Sensors\DAQ-2-A\New_Parts.SchLib with CONN_1X6_1.25MM from New_Parts.SchLib
Replace Part J? CONN_1X6_1.25MM in C:\Users\Gaming\Documents\TeamPhantom\Sensors\DAQ-2-A\New_Parts.SchLib with CONN_1X6_1.25MM from New_Parts.SchLib
Replace Part J? CONN_1X6_1.25MM in C:\Users\Gaming\Documents\TeamPhantom\Sensors\DAQ-2-A\New_Parts.SchLib with CONN_1X6_1.25MM from New_Parts.SchLib
Replace Part J? CONN_2X2_3MM in C:\Users\Gaming\Documents\TeamPhantom\Sensors\DAQ-2-A\New_Parts.SchLib with CONN_2X2_3MM from New_Parts.SchLib
Replace Part J? CONN_2X2_3MM in C:\Users\Gaming\Documents\TeamPhantom\Sensors\DAQ-2-A\New_Parts.SchLib with CONN_2X2_3MM from New_Parts.SchLib
Replace Part J? CONN_2X2_3MM in C:\Users\Gaming\Documents\TeamPhantom\Sensors\DAQ-2-A\New_Parts.SchLib with CONN_2X2_3MM from New_Parts.SchLib
Replace Part J? CONN_2X2_3MM in C:\Users\Gaming\Documents\TeamPhantom\Sensors\DAQ-2-A\New_Parts.SchLib with CONN_2X2_3MM from New_Parts.SchLib
Replace Part J? CONN_2X2_3MM in C:\Users\Gaming\Documents\TeamPhantom\Sensors\DAQ-2-A\New_Parts.SchLib with CONN_2X2_3MM from New_Parts.SchLib
Replace Part J? CONN_2X2_3MM in C:\Users\Gaming\Documents\TeamPhantom\Sensors\DAQ-2-A\New_Parts.SchLib with CONN_2X2_3MM from New_Parts.SchLib
Replace Part J? CONN_2X2_3MM in C:\Users\Gaming\Documents\TeamPhantom\Sensors\DAQ-2-A\New_Parts.SchLib with CONN_2X2_3MM from New_Parts.SchLib
Replace Part J? CONN_2X2_3MM in C:\Users\Gaming\Documents\TeamPhantom\Sensors\DAQ-2-A\New_Parts.SchLib with CONN_2X2_3MM from New_Parts.SchLib
Replace Part J? CONN_2X40 in C:\Users\Gaming\Documents\TeamPhantom\Sensors\DAQ-2-A\New_Parts.SchLib with CONN_2X40 from New_Parts.SchLib
Replace Part J? CONN_2X40 in C:\Users\Gaming\Documents\TeamPhantom\Sensors\DAQ-2-A\New_Parts.SchLib with CONN_2X40 from New_Parts.SchLib
Replace Part J? CONN_2X40 in C:\Users\Gaming\Documents\TeamPhantom\Sensors\DAQ-2-A\New_Parts.SchLib with CONN_2X40 from New_Parts.SchLib
Replace Part J? CONN_2X40 in C:\Users\Gaming\Documents\TeamPhantom\Sensors\DAQ-2-A\New_Parts.SchLib with CONN_2X40 from New_Parts.SchLib
Replace Part J? CONN_2X40 in C:\Users\Gaming\Documents\TeamPhantom\Sensors\DAQ-2-A\New_Parts.SchLib with CONN_2X40 from New_Parts.SchLib
Replace Part J? CONN_2X40 in C:\Users\Gaming\Documents\TeamPhantom\Sensors\DAQ-2-A\New_Parts.SchLib with CONN_2X40 from New_Parts.SchLib
Replace Part J? CONN_2X40 in C:\Users\Gaming\Documents\TeamPhantom\Sensors\DAQ-2-A\New_Parts.SchLib with CONN_2X40 from New_Parts.SchLib
Replace Part J? CONN_2X40 in C:\Users\Gaming\Documents\TeamPhantom\Sensors\DAQ-2-A\New_Parts.SchLib with CONN_2X40 from New_Parts.SchLib
Replace Part U? IC_74HCT151 in C:\Users\Gaming\Documents\TeamPhantom\Sensors\DAQ-2-A\New_Parts.SchLib with IC_74HCT151 from New_Parts.SchLib
Replace Part U? IC_74HCT151 in C:\Users\Gaming\Documents\TeamPhantom\Sensors\DAQ-2-A\New_Parts.SchLib with IC_74HCT151 from New_Parts.SchLib
Replace Part U? IC_74HCT151 in C:\Users\Gaming\Documents\TeamPhantom\Sensors\DAQ-2-A\New_Parts.SchLib with IC_74HCT151 from New_Parts.SchLib
Replace Part U? IC_74HCT151 in C:\Users\Gaming\Documents\TeamPhantom\Sensors\DAQ-2-A\New_Parts.SchLib with IC_74HCT151 from New_Parts.SchLib
Replace Part U? IC_74HCT151 in C:\Users\Gaming\Documents\TeamPhantom\Sensors\DAQ-2-A\New_Parts.SchLib with IC_74HCT151 from New_Parts.SchLib
Replace Part U? IC_74HCT151 in C:\Users\Gaming\Documents\TeamPhantom\Sensors\DAQ-2-A\New_Parts.SchLib with IC_74HCT151 from New_Parts.SchLib
Replace Part U? IC_74HCT151 in C:\Users\Gaming\Documents\TeamPhantom\Sensors\DAQ-2-A\New_Parts.SchLib with IC_74HCT151 from New_Parts.SchLib
Replace Part U? IC_74HCT151 in C:\Users\Gaming\Documents\TeamPhantom\Sensors\DAQ-2-A\New_Parts.SchLib with IC_74HCT151 from New_Parts.SchLib
Replace Part U? IC_74HCT153 in C:\Users\Gaming\Documents\TeamPhantom\Sensors\DAQ-2-A\New_Parts.SchLib with IC_74HCT153 from New_Parts.SchLib
Replace Part U? IC_74HCT153 in C:\Users\Gaming\Documents\TeamPhantom\Sensors\DAQ-2-A\New_Parts.SchLib with IC_74HCT153 from New_Parts.SchLib
Replace Part U? IC_74HCT153 in C:\Users\Gaming\Documents\TeamPhantom\Sensors\DAQ-2-A\New_Parts.SchLib with IC_74HCT153 from New_Parts.SchLib
Replace Part U? IC_74HCT153 in C:\Users\Gaming\Documents\TeamPhantom\Sensors\DAQ-2-A\New_Parts.SchLib with IC_74HCT153 from New_Parts.SchLib
Replace Part U? IC_74HCT153 in C:\Users\Gaming\Documents\TeamPhantom\Sensors\DAQ-2-A\New_Parts.SchLib with IC_74HCT153 from New_Parts.SchLib
Replace Part U? IC_74HCT153 in C:\Users\Gaming\Documents\TeamPhantom\Sensors\DAQ-2-A\New_Parts.SchLib with IC_74HCT153 from New_Parts.SchLib
Replace Part U? IC_74HCT153 in C:\Users\Gaming\Documents\TeamPhantom\Sensors\DAQ-2-A\New_Parts.SchLib with IC_74HCT153 from New_Parts.SchLib
Replace Part U? IC_74HCT153 in C:\Users\Gaming\Documents\TeamPhantom\Sensors\DAQ-2-A\New_Parts.SchLib with IC_74HCT153 from New_Parts.SchLib
Replace Part U? IC_ADS1115 in C:\Users\Gaming\Documents\TeamPhantom\Sensors\DAQ-2-A\New_Parts.SchLib with IC_ADS1115 from New_Parts.SchLib
Replace Part U? IC_ADS1115 in C:\Users\Gaming\Documents\TeamPhantom\Sensors\DAQ-2-A\New_Parts.SchLib with IC_ADS1115 from New_Parts.SchLib
Replace Part U? IC_ADS1115 in C:\Users\Gaming\Documents\TeamPhantom\Sensors\DAQ-2-A\New_Parts.SchLib with IC_ADS1115 from New_Parts.SchLib
Replace Part U? IC_ADS1115 in C:\Users\Gaming\Documents\TeamPhantom\Sensors\DAQ-2-A\New_Parts.SchLib with IC_ADS1115 from New_Parts.SchLib
Replace Part U? IC_ADS1115 in C:\Users\Gaming\Documents\TeamPhantom\Sensors\DAQ-2-A\New_Parts.SchLib with IC_ADS1115 from New_Parts.SchLib
Replace Part U? IC_ADS1115 in C:\Users\Gaming\Documents\TeamPhantom\Sensors\DAQ-2-A\New_Parts.SchLib with IC_ADS1115 from New_Parts.SchLib
Replace Part U? IC_ADS1115 in C:\Users\Gaming\Documents\TeamPhantom\Sensors\DAQ-2-A\New_Parts.SchLib with IC_ADS1115 from New_Parts.SchLib
Replace Part U? IC_ADS1115 in C:\Users\Gaming\Documents\TeamPhantom\Sensors\DAQ-2-A\New_Parts.SchLib with IC_ADS1115 from New_Parts.SchLib
Replace Part U? IC_NVT2010PW in C:\Users\Gaming\Documents\TeamPhantom\Sensors\DAQ-2-A\New_Parts.SchLib with IC_NVT2010PW from New_Parts.SchLib
Replace Part U? IC_NVT2010PW in C:\Users\Gaming\Documents\TeamPhantom\Sensors\DAQ-2-A\New_Parts.SchLib with IC_NVT2010PW from New_Parts.SchLib
Replace Part U? IC_NVT2010PW in C:\Users\Gaming\Documents\TeamPhantom\Sensors\DAQ-2-A\New_Parts.SchLib with IC_NVT2010PW from New_Parts.SchLib
Replace Part U? IC_NVT2010PW in C:\Users\Gaming\Documents\TeamPhantom\Sensors\DAQ-2-A\New_Parts.SchLib with IC_NVT2010PW from New_Parts.SchLib
Replace Part U? IC_NVT2010PW in C:\Users\Gaming\Documents\TeamPhantom\Sensors\DAQ-2-A\New_Parts.SchLib with IC_NVT2010PW from New_Parts.SchLib
Replace Part U? IC_NVT2010PW in C:\Users\Gaming\Documents\TeamPhantom\Sensors\DAQ-2-A\New_Parts.SchLib with IC_NVT2010PW from New_Parts.SchLib
Replace Part U? IC_NVT2010PW in C:\Users\Gaming\Documents\TeamPhantom\Sensors\DAQ-2-A\New_Parts.SchLib with IC_NVT2010PW from New_Parts.SchLib
Replace Part U? IC_NVT2010PW in C:\Users\Gaming\Documents\TeamPhantom\Sensors\DAQ-2-A\New_Parts.SchLib with IC_NVT2010PW from New_Parts.SchLib
Replace Part MH? MH2.75mm in C:\Users\Gaming\Documents\TeamPhantom\Sensors\DAQ-2-A\New_Parts.SchLib with MH2.75mm from New_Parts.SchLib
Replace Part MH? MH2.75mm in C:\Users\Gaming\Documents\TeamPhantom\Sensors\DAQ-2-A\New_Parts.SchLib with MH2.75mm from New_Parts.SchLib
Replace Part MH? MH2.75mm in C:\Users\Gaming\Documents\TeamPhantom\Sensors\DAQ-2-A\New_Parts.SchLib with MH2.75mm from New_Parts.SchLib
Replace Part MH? MH2.75mm in C:\Users\Gaming\Documents\TeamPhantom\Sensors\DAQ-2-A\New_Parts.SchLib with MH2.75mm from New_Parts.SchLib
Replace Part MH? MH2.75mm in C:\Users\Gaming\Documents\TeamPhantom\Sensors\DAQ-2-A\New_Parts.SchLib with MH2.75mm from New_Parts.SchLib
Replace Part MH? MH2.75mm in C:\Users\Gaming\Documents\TeamPhantom\Sensors\DAQ-2-A\New_Parts.SchLib with MH2.75mm from New_Parts.SchLib
Replace Part MH? MH2.75mm in C:\Users\Gaming\Documents\TeamPhantom\Sensors\DAQ-2-A\New_Parts.SchLib with MH2.75mm from New_Parts.SchLib
Replace Part MH? MH2.75mm in C:\Users\Gaming\Documents\TeamPhantom\Sensors\DAQ-2-A\New_Parts.SchLib with MH2.75mm from New_Parts.SchLib
Replace Part MH? MH4.2mm in C:\Users\Gaming\Documents\TeamPhantom\Sensors\DAQ-2-A\New_Parts.SchLib with MH4.2mm from Misc.SchLib
Replace Part MH? MH4.2mm in C:\Users\Gaming\Documents\TeamPhantom\Sensors\DAQ-2-A\New_Parts.SchLib with MH4.2mm from Misc.SchLib
Replace Part MH? MH4.2mm in C:\Users\Gaming\Documents\TeamPhantom\Sensors\DAQ-2-A\New_Parts.SchLib with MH4.2mm from Misc.SchLib
Replace Part MH? MH4.2mm in C:\Users\Gaming\Documents\TeamPhantom\Sensors\DAQ-2-A\New_Parts.SchLib with MH4.2mm from Misc.SchLib
Replace Part MH? MH4.2mm in C:\Users\Gaming\Documents\TeamPhantom\Sensors\DAQ-2-A\New_Parts.SchLib with MH4.2mm from Misc.SchLib
Replace Part MH? MH4.2mm in C:\Users\Gaming\Documents\TeamPhantom\Sensors\DAQ-2-A\New_Parts.SchLib with MH4.2mm from Misc.SchLib
Replace Part MH? MH4.2mm in C:\Users\Gaming\Documents\TeamPhantom\Sensors\DAQ-2-A\New_Parts.SchLib with MH4.2mm from Misc.SchLib
Replace Part MH? MH4.2mm in C:\Users\Gaming\Documents\TeamPhantom\Sensors\DAQ-2-A\New_Parts.SchLib with MH4.2mm from Misc.SchLib
