Replace Part Q? N-FET-30V-30A in C:\Users\Gaming\Documents\TeamPhantom\Phantom-Library\Transistors.SchLib with N-FET-30V-30A from Transistors.SchLib
Replace Part Q? N-FET-30V-30A in C:\Users\Gaming\Documents\TeamPhantom\Phantom-Library\Transistors.SchLib with N-FET-30V-30A from Transistors.SchLib
Replace Part Q? N-FET-30V-30A in C:\Users\Gaming\Documents\TeamPhantom\Phantom-Library\Transistors.SchLib with N-FET-30V-30A from Transistors.SchLib
Replace Part Q? N-FET-30V-30A in C:\Users\Gaming\Documents\TeamPhantom\Phantom-Library\Transistors.SchLib with N-FET-30V-30A from Transistors.SchLib
Replace Part Q? N-FET-30V-30A in C:\Users\Gaming\Documents\TeamPhantom\Phantom-Library\Transistors.SchLib with N-FET-30V-30A from Transistors.SchLib
Replace Part Q? N-FET-30V-30A in C:\Users\Gaming\Documents\TeamPhantom\Phantom-Library\Transistors.SchLib with N-FET-30V-30A from Transistors.SchLib
Replace Part Q? N-FET-30V-30A in C:\Users\Gaming\Documents\TeamPhantom\Phantom-Library\Transistors.SchLib with N-FET-30V-30A from Transistors.SchLib
Replace Part Q? N-FET-30V-30A in C:\Users\Gaming\Documents\TeamPhantom\Phantom-Library\Transistors.SchLib with N-FET-30V-30A from Transistors.SchLib
Replace Part Q? N-FET-50V-0.2A in C:\Users\Gaming\Documents\TeamPhantom\Phantom-Library\Transistors.SchLib with N-FET-50V-0.2A from Transistors.SchLib
Replace Part Q? N-FET-50V-0.2A in C:\Users\Gaming\Documents\TeamPhantom\Phantom-Library\Transistors.SchLib with N-FET-50V-0.2A from Transistors.SchLib
Replace Part Q? N-FET-50V-0.2A in C:\Users\Gaming\Documents\TeamPhantom\Phantom-Library\Transistors.SchLib with N-FET-50V-0.2A from Transistors.SchLib
Replace Part Q? N-FET-50V-0.2A in C:\Users\Gaming\Documents\TeamPhantom\Phantom-Library\Transistors.SchLib with N-FET-50V-0.2A from Transistors.SchLib
Replace Part Q? N-FET-50V-0.2A in C:\Users\Gaming\Documents\TeamPhantom\Phantom-Library\Transistors.SchLib with N-FET-50V-0.2A from Transistors.SchLib
Replace Part Q? N-FET-50V-0.2A in C:\Users\Gaming\Documents\TeamPhantom\Phantom-Library\Transistors.SchLib with N-FET-50V-0.2A from Transistors.SchLib
Replace Part Q? N-FET-50V-0.2A in C:\Users\Gaming\Documents\TeamPhantom\Phantom-Library\Transistors.SchLib with N-FET-50V-0.2A from Transistors.SchLib
Replace Part Q? N-FET-50V-0.2A in C:\Users\Gaming\Documents\TeamPhantom\Phantom-Library\Transistors.SchLib with N-FET-50V-0.2A from Transistors.SchLib
Replace Part Q? N-FET-60V-1.6A in C:\Users\Gaming\Documents\TeamPhantom\Phantom-Library\Transistors.SchLib with N-FET-60V-1.6A from Transistors.SchLib
Replace Part Q? N-FET-60V-1.6A in C:\Users\Gaming\Documents\TeamPhantom\Phantom-Library\Transistors.SchLib with N-FET-60V-1.6A from Transistors.SchLib
Replace Part Q? N-FET-60V-1.6A in C:\Users\Gaming\Documents\TeamPhantom\Phantom-Library\Transistors.SchLib with N-FET-60V-1.6A from Transistors.SchLib
Replace Part Q? N-FET-60V-1.6A in C:\Users\Gaming\Documents\TeamPhantom\Phantom-Library\Transistors.SchLib with N-FET-60V-1.6A from Transistors.SchLib
Replace Part Q? N-FET-60V-1.6A in C:\Users\Gaming\Documents\TeamPhantom\Phantom-Library\Transistors.SchLib with N-FET-60V-1.6A from Transistors.SchLib
Replace Part Q? N-FET-60V-1.6A in C:\Users\Gaming\Documents\TeamPhantom\Phantom-Library\Transistors.SchLib with N-FET-60V-1.6A from Transistors.SchLib
Replace Part Q? N-FET-60V-1.6A in C:\Users\Gaming\Documents\TeamPhantom\Phantom-Library\Transistors.SchLib with N-FET-60V-1.6A from Transistors.SchLib
Replace Part Q? N-FET-60V-1.6A in C:\Users\Gaming\Documents\TeamPhantom\Phantom-Library\Transistors.SchLib with N-FET-60V-1.6A from Transistors.SchLib
Replace Part Q? N-FET-60V-50A in C:\Users\Gaming\Documents\TeamPhantom\Phantom-Library\Transistors.SchLib with N-FET-60V-50A from Transistors.SchLib
Replace Part Q? N-FET-60V-50A in C:\Users\Gaming\Documents\TeamPhantom\Phantom-Library\Transistors.SchLib with N-FET-60V-50A from Transistors.SchLib
Replace Part Q? N-FET-60V-50A in C:\Users\Gaming\Documents\TeamPhantom\Phantom-Library\Transistors.SchLib with N-FET-60V-50A from Transistors.SchLib
Replace Part Q? N-FET-60V-50A in C:\Users\Gaming\Documents\TeamPhantom\Phantom-Library\Transistors.SchLib with N-FET-60V-50A from Transistors.SchLib
Replace Part Q? N-FET-60V-50A in C:\Users\Gaming\Documents\TeamPhantom\Phantom-Library\Transistors.SchLib with N-FET-60V-50A from Transistors.SchLib
Replace Part Q? N-FET-60V-50A in C:\Users\Gaming\Documents\TeamPhantom\Phantom-Library\Transistors.SchLib with N-FET-60V-50A from Transistors.SchLib
Replace Part Q? N-FET-60V-50A in C:\Users\Gaming\Documents\TeamPhantom\Phantom-Library\Transistors.SchLib with N-FET-60V-50A from Transistors.SchLib
Replace Part Q? N-FET-60V-50A in C:\Users\Gaming\Documents\TeamPhantom\Phantom-Library\Transistors.SchLib with N-FET-60V-50A from Transistors.SchLib
Replace Part Q? NPN-150V-1A in C:\Users\Gaming\Documents\TeamPhantom\Phantom-Library\Transistors.SchLib with NPN-150V-1A from Transistors.SchLib
Replace Part Q? NPN-150V-1A in C:\Users\Gaming\Documents\TeamPhantom\Phantom-Library\Transistors.SchLib with NPN-150V-1A from Transistors.SchLib
Replace Part Q? NPN-150V-1A in C:\Users\Gaming\Documents\TeamPhantom\Phantom-Library\Transistors.SchLib with NPN-150V-1A from Transistors.SchLib
Replace Part Q? NPN-150V-1A in C:\Users\Gaming\Documents\TeamPhantom\Phantom-Library\Transistors.SchLib with NPN-150V-1A from Transistors.SchLib
Replace Part Q? NPN-150V-1A in C:\Users\Gaming\Documents\TeamPhantom\Phantom-Library\Transistors.SchLib with NPN-150V-1A from Transistors.SchLib
Replace Part Q? NPN-150V-1A in C:\Users\Gaming\Documents\TeamPhantom\Phantom-Library\Transistors.SchLib with NPN-150V-1A from Transistors.SchLib
Replace Part Q? NPN-150V-1A in C:\Users\Gaming\Documents\TeamPhantom\Phantom-Library\Transistors.SchLib with NPN-150V-1A from Transistors.SchLib
Replace Part Q? NPN-150V-1A in C:\Users\Gaming\Documents\TeamPhantom\Phantom-Library\Transistors.SchLib with NPN-150V-1A from Transistors.SchLib
Replace Part Q? P-FET-60V-12A in C:\Users\Gaming\Documents\TeamPhantom\Phantom-Library\Transistors.SchLib with P-FET-60V-12A from Transistors.SchLib
Replace Part Q? P-FET-60V-12A in C:\Users\Gaming\Documents\TeamPhantom\Phantom-Library\Transistors.SchLib with P-FET-60V-12A from Transistors.SchLib
Replace Part Q? P-FET-60V-12A in C:\Users\Gaming\Documents\TeamPhantom\Phantom-Library\Transistors.SchLib with P-FET-60V-12A from Transistors.SchLib
Replace Part Q? P-FET-60V-12A in C:\Users\Gaming\Documents\TeamPhantom\Phantom-Library\Transistors.SchLib with P-FET-60V-12A from Transistors.SchLib
Replace Part Q? P-FET-60V-12A in C:\Users\Gaming\Documents\TeamPhantom\Phantom-Library\Transistors.SchLib with P-FET-60V-12A from Transistors.SchLib
Replace Part Q? P-FET-60V-12A in C:\Users\Gaming\Documents\TeamPhantom\Phantom-Library\Transistors.SchLib with P-FET-60V-12A from Transistors.SchLib
Replace Part Q? P-FET-60V-12A in C:\Users\Gaming\Documents\TeamPhantom\Phantom-Library\Transistors.SchLib with P-FET-60V-12A from Transistors.SchLib
Replace Part Q? P-FET-60V-12A in C:\Users\Gaming\Documents\TeamPhantom\Phantom-Library\Transistors.SchLib with P-FET-60V-12A from Transistors.SchLib
Replace Part Q? P-FET-80V-110A in C:\Users\Gaming\Documents\TeamPhantom\Phantom-Library\Transistors.SchLib with P-FET-80V-110A from Transistors.SchLib
Replace Part Q? P-FET-80V-110A in C:\Users\Gaming\Documents\TeamPhantom\Phantom-Library\Transistors.SchLib with P-FET-80V-110A from Transistors.SchLib
Replace Part Q? P-FET-80V-110A in C:\Users\Gaming\Documents\TeamPhantom\Phantom-Library\Transistors.SchLib with P-FET-80V-110A from Transistors.SchLib
Replace Part Q? P-FET-80V-110A in C:\Users\Gaming\Documents\TeamPhantom\Phantom-Library\Transistors.SchLib with P-FET-80V-110A from Transistors.SchLib
Replace Part Q? P-FET-80V-110A in C:\Users\Gaming\Documents\TeamPhantom\Phantom-Library\Transistors.SchLib with P-FET-80V-110A from Transistors.SchLib
Replace Part Q? P-FET-80V-110A in C:\Users\Gaming\Documents\TeamPhantom\Phantom-Library\Transistors.SchLib with P-FET-80V-110A from Transistors.SchLib
Replace Part Q? P-FET-80V-110A in C:\Users\Gaming\Documents\TeamPhantom\Phantom-Library\Transistors.SchLib with P-FET-80V-110A from Transistors.SchLib
Replace Part Q? P-FET-80V-110A in C:\Users\Gaming\Documents\TeamPhantom\Phantom-Library\Transistors.SchLib with P-FET-80V-110A from Transistors.SchLib
Replace Part * pnp in C:\Users\Gaming\Documents\TeamPhantom\Phantom-Library\Transistors.SchLib with pnp from Transistors.SchLib
Replace Part * pnp in C:\Users\Gaming\Documents\TeamPhantom\Phantom-Library\Transistors.SchLib with pnp from Transistors.SchLib
Replace Part * pnp in C:\Users\Gaming\Documents\TeamPhantom\Phantom-Library\Transistors.SchLib with pnp from Transistors.SchLib
Replace Part * pnp in C:\Users\Gaming\Documents\TeamPhantom\Phantom-Library\Transistors.SchLib with pnp from Transistors.SchLib
Replace Part * pnp in C:\Users\Gaming\Documents\TeamPhantom\Phantom-Library\Transistors.SchLib with pnp from Transistors.SchLib
Replace Part * pnp in C:\Users\Gaming\Documents\TeamPhantom\Phantom-Library\Transistors.SchLib with pnp from Transistors.SchLib
Replace Part * pnp in C:\Users\Gaming\Documents\TeamPhantom\Phantom-Library\Transistors.SchLib with pnp from Transistors.SchLib
Replace Part * pnp in C:\Users\Gaming\Documents\TeamPhantom\Phantom-Library\Transistors.SchLib with pnp from Transistors.SchLib
