Replace Part J1 CONN_1X5_1.25MM in C:\Users\Gaming\Documents\TeamPhantom\Sensors\DAQ-2-B\Connectors.SchDoc with CONN_1X5_1.25MM from New_Parts.SchLib
Replace Part J2 CONN_2X40 in C:\Users\Gaming\Documents\TeamPhantom\Sensors\DAQ-2-B\Connectors.SchDoc with CONN_2X40 from New_Parts.SchLib
Replace Part J3 CONN_1X3_1.25MM in C:\Users\Gaming\Documents\TeamPhantom\Sensors\DAQ-2-B\Connectors.SchDoc with CONN_1X3_1.25MM from New_Parts.SchLib
Replace Part J4 CONN_1X3_1.25MM in C:\Users\Gaming\Documents\TeamPhantom\Sensors\DAQ-2-B\Connectors.SchDoc with CONN_1X3_1.25MM from New_Parts.SchLib
Replace Part J5 CONN_1X3_1.25MM in C:\Users\Gaming\Documents\TeamPhantom\Sensors\DAQ-2-B\Connectors.SchDoc with CONN_1X3_1.25MM from New_Parts.SchLib
Replace Part J6 CONN_1X3_1.25MM in C:\Users\Gaming\Documents\TeamPhantom\Sensors\DAQ-2-B\Connectors.SchDoc with CONN_1X3_1.25MM from New_Parts.SchLib
Replace Part J7 CONN_1X3_1.25MM in C:\Users\Gaming\Documents\TeamPhantom\Sensors\DAQ-2-B\Connectors.SchDoc with CONN_1X3_1.25MM from New_Parts.SchLib
Replace Part J8 CONN_1X3_1.25MM in C:\Users\Gaming\Documents\TeamPhantom\Sensors\DAQ-2-B\Connectors.SchDoc with CONN_1X3_1.25MM from New_Parts.SchLib
Replace Part J9 CONN_1X3_1.25MM in C:\Users\Gaming\Documents\TeamPhantom\Sensors\DAQ-2-B\Connectors.SchDoc with CONN_1X3_1.25MM from New_Parts.SchLib
Replace Part J10 CONN_1X3_1.25MM in C:\Users\Gaming\Documents\TeamPhantom\Sensors\DAQ-2-B\Connectors.SchDoc with CONN_1X3_1.25MM from New_Parts.SchLib
Replace Part J11 CONN_1X3_1.25MM in C:\Users\Gaming\Documents\TeamPhantom\Sensors\DAQ-2-B\Connectors.SchDoc with CONN_1X3_1.25MM from New_Parts.SchLib
Replace Part J12 CONN_1X3_1.25MM in C:\Users\Gaming\Documents\TeamPhantom\Sensors\DAQ-2-B\Connectors.SchDoc with CONN_1X3_1.25MM from New_Parts.SchLib
Replace Part J13 CONN_1X3_1.25MM in C:\Users\Gaming\Documents\TeamPhantom\Sensors\DAQ-2-B\Connectors.SchDoc with CONN_1X3_1.25MM from New_Parts.SchLib
Replace Part J14 CONN_1X3_1.25MM in C:\Users\Gaming\Documents\TeamPhantom\Sensors\DAQ-2-B\Connectors.SchDoc with CONN_1X3_1.25MM from New_Parts.SchLib
Replace Part J15 CONN_1X3_1.25MM in C:\Users\Gaming\Documents\TeamPhantom\Sensors\DAQ-2-B\Connectors.SchDoc with CONN_1X3_1.25MM from New_Parts.SchLib
Replace Part J16 CONN_1X3_1.25MM in C:\Users\Gaming\Documents\TeamPhantom\Sensors\DAQ-2-B\Connectors.SchDoc with CONN_1X3_1.25MM from New_Parts.SchLib
Replace Part J17 CONN_1X3_1.25MM in C:\Users\Gaming\Documents\TeamPhantom\Sensors\DAQ-2-B\Connectors.SchDoc with CONN_1X3_1.25MM from New_Parts.SchLib
Replace Part J18 CONN_1X3_1.25MM in C:\Users\Gaming\Documents\TeamPhantom\Sensors\DAQ-2-B\Connectors.SchDoc with CONN_1X3_1.25MM from New_Parts.SchLib
Replace Part J19 CONN_1X3_1.25MM in C:\Users\Gaming\Documents\TeamPhantom\Sensors\DAQ-2-B\Connectors.SchDoc with CONN_1X3_1.25MM from New_Parts.SchLib
Replace Part J20 CONN_1X3_1.25MM in C:\Users\Gaming\Documents\TeamPhantom\Sensors\DAQ-2-B\Connectors.SchDoc with CONN_1X3_1.25MM from New_Parts.SchLib
Replace Part J21 CONN_1X3_1.25MM in C:\Users\Gaming\Documents\TeamPhantom\Sensors\DAQ-2-B\Connectors.SchDoc with CONN_1X3_1.25MM from New_Parts.SchLib
Replace Part J22 CONN_1X3_1.25MM in C:\Users\Gaming\Documents\TeamPhantom\Sensors\DAQ-2-B\Connectors.SchDoc with CONN_1X3_1.25MM from New_Parts.SchLib
Replace Part J23 CONN_1X2_1.25MM in C:\Users\Gaming\Documents\TeamPhantom\Sensors\DAQ-2-B\Connectors.SchDoc with CONN_1X2_1.25MM from New_Parts.SchLib
Replace Part J24 CONN_1X2_1.25MM in C:\Users\Gaming\Documents\TeamPhantom\Sensors\DAQ-2-B\Connectors.SchDoc with CONN_1X2_1.25MM from New_Parts.SchLib
Replace Part J25 CONN_1X3_1.25MM in C:\Users\Gaming\Documents\TeamPhantom\Sensors\DAQ-2-B\Connectors.SchDoc with CONN_1X3_1.25MM from New_Parts.SchLib
Replace Part J26 CONN_1X3_1.25MM in C:\Users\Gaming\Documents\TeamPhantom\Sensors\DAQ-2-B\Connectors.SchDoc with CONN_1X3_1.25MM from New_Parts.SchLib
Replace Part J27 CONN_1X3_1.25MM in C:\Users\Gaming\Documents\TeamPhantom\Sensors\DAQ-2-B\Connectors.SchDoc with CONN_1X3_1.25MM from New_Parts.SchLib
Replace Part J28 CONN_1X3_1.25MM in C:\Users\Gaming\Documents\TeamPhantom\Sensors\DAQ-2-B\Connectors.SchDoc with CONN_1X3_1.25MM from New_Parts.SchLib
Replace Part JP8 Testpoint2 in C:\Users\Gaming\Documents\TeamPhantom\Sensors\DAQ-2-B\Connectors.SchDoc with Testpoint2 from Misc.SchLib
Replace Part JP9 Testpoint2 in C:\Users\Gaming\Documents\TeamPhantom\Sensors\DAQ-2-B\Connectors.SchDoc with Testpoint2 from Misc.SchLib
Replace Part JP10 2PIN-TEST in C:\Users\Gaming\Documents\TeamPhantom\Sensors\DAQ-2-B\Connectors.SchDoc with 2PIN-TEST from Connectors.SchLib
Replace Part JP11 Testpoint2 in C:\Users\Gaming\Documents\TeamPhantom\Sensors\DAQ-2-B\Connectors.SchDoc with Testpoint2 from Misc.SchLib
Replace Part JP12 Testpoint2 in C:\Users\Gaming\Documents\TeamPhantom\Sensors\DAQ-2-B\Connectors.SchDoc with Testpoint2 from Misc.SchLib
Replace Part JP13 2PIN-TEST in C:\Users\Gaming\Documents\TeamPhantom\Sensors\DAQ-2-B\Connectors.SchDoc with 2PIN-TEST from Connectors.SchLib
Replace Part R14 0603-5KR in C:\Users\Gaming\Documents\TeamPhantom\Sensors\DAQ-2-B\Connectors.SchDoc with 0603-5KR from Resistors.SchLib
Replace Part R15 0603-5KR in C:\Users\Gaming\Documents\TeamPhantom\Sensors\DAQ-2-B\Connectors.SchDoc with 0603-5KR from Resistors.SchLib
Replace Part R16 0603-10KR in C:\Users\Gaming\Documents\TeamPhantom\Sensors\DAQ-2-B\Connectors.SchDoc with 0603-10KR from Resistors.SchLib
Replace Part R17 0603-10KR in C:\Users\Gaming\Documents\TeamPhantom\Sensors\DAQ-2-B\Connectors.SchDoc with 0603-10KR from Resistors.SchLib
