Removed Pin From Net: NetName=INTRPT Pin=J1-2
Removed Pin From Net: NetName=SDA Pin=J1-4
Removed Pin From Net: NetName=GND Pin=J1-5
Removed Pin From Net: NetName=D+5V Pin=J1-6
Removed Pin From Net: NetName=D+5V Pin=J23-1
Removed Pin From Net: NetName=GND Pin=J23-2
Removed Pin From Net: NetName=D+5V Pin=J24-1
Removed Pin From Net: NetName=GND Pin=J24-2
Removed Pin From Net: NetName=SDA Pin=JP11-1
Removed Pin From Net: NetName=SCL Pin=JP12-1
Removed Pin From Net: NetName=SDA Pin=R12-1
Removed Pin From Net: NetName=SCL Pin=R13-2
Removed Pin From Net: NetName=SCL Pin=U2-13
Removed Pin From Net: NetName=SDA Pin=U2-14
Change Component Footprint: Designator=J23 Old Footprint=1X3_1.25MM New Footprint=1X2_1.25MM
Change Component Footprint: Designator=J24 Old Footprint=1X3_1.25MM New Footprint=1X2_1.25MM
Change Component Footprint: Designator=J1 Old Footprint=1X6_1.25MM New Footprint=1X5_1.25MM
Change Component Comment : Designator=J23 Old Comment=WM1743-ND New Comment=WM1742-ND
Change Component Comment : Designator=J24 Old Comment=WM1743-ND New Comment=WM1742-ND
Change component parameters: Designator = "J1" ("J1"); Footprint = "1X6_1.25MM"; UniqueID = "\HSGTUDNO\AKTIDQJC" ("\HSGTUDNO\AKTIDQJC")
Change component parameters (AddParameter): Name = "Supplier 1"; Value = "Digi-Key"; VariantName = "[No Variations]"
Change component parameters (AddParameter): Name = "Supplier Part Number 1"; Value = "WM1745-ND"; VariantName = "[No Variations]"
Change component parameters: Designator = "J23" ("J23"); Footprint = "1X3_1.25MM"; UniqueID = "\HSGTUDNO\CXOQBRAD" ("\HSGTUDNO\CXOQBRAD")
Change component parameters (AddParameter): Name = "Supplier 1"; Value = "Digi-Key"; VariantName = "[No Variations]"
Change component parameters (AddParameter): Name = "Supplier Part Number 1"; Value = "WM1742-ND"; VariantName = "[No Variations]"
Change component parameters: Designator = "J24" ("J24"); Footprint = "1X3_1.25MM"; UniqueID = "\HSGTUDNO\XYPVVYQT" ("\HSGTUDNO\XYPVVYQT")
Change component parameters (AddParameter): Name = "Supplier 1"; Value = "Digi-Key"; VariantName = "[No Variations]"
Change component parameters (AddParameter): Name = "Supplier Part Number 1"; Value = "WM1742-ND"; VariantName = "[No Variations]"
Added Component: Designator=R16(RES-0603)
Add component (AddParameter): Name = "Case Code (Imperial)"; Value = "0603"; VariantName = "[No Variations]"
Add component (AddParameter): Name = "Case Code (Metric)"; Value = "1608"; VariantName = "[No Variations]"
Add component (AddParameter): Name = "Case/Package"; Value = "0603"; VariantName = "[No Variations]"
Add component (AddParameter): Name = "ComponentLink1Description"; Value = "http://www.yageo.com/documents/recent/PYu-RC_Group_51_RoHS_L_10.pdf?src-supplier=Digi-Key"; VariantName = "[No Variations]"
Add component (AddParameter): Name = "ComponentLink1URL"; Value = "http://www.yageo.com/documents/recent/PYu-RC_Group_51_RoHS_L_10.pdf?src-supplier=Digi-Key"; VariantName = "[No Variations]"
Add component (AddParameter): Name = "Composition"; Value = "Thick Film"; VariantName = "[No Variations]"
Add component (AddParameter): Name = "Contact Plating"; Value = "Tin,Matte"; VariantName = "[No Variations]"
Add component (AddParameter): Name = "Depth"; Value = "0.8mm"; VariantName = "[No Variations]"
Add component (AddParameter): Name = "Features"; Value = "Moisture Resistant"; VariantName = "[No Variations]"
Add component (AddParameter): Name = "Height - Seated (Max)"; Value = "0.022inch"; VariantName = "[No Variations]"
Add component (AddParameter): Name = "Lead Free"; Value = "Lead Free"; VariantName = "[No Variations]"
Add component (AddParameter): Name = "Length"; Value = "0.063inch"; VariantName = "[No Variations]"
Add component (AddParameter): Name = "Manufacturer"; Value = "Yageo"; VariantName = "[No Variations]"
Add component (AddParameter): Name = "Manufacturer Part Number"; Value = "RC0603JR-0710KL"; VariantName = "[No Variations]"
Add component (AddParameter): Name = "Max Operating Temperature"; Value = "155°C"; VariantName = "[No Variations]"
Add component (AddParameter): Name = "Max Power Dissipation"; Value = "100mW"; VariantName = "[No Variations]"
Add component (AddParameter): Name = "Military Standard"; Value = "Not"; VariantName = "[No Variations]"
Add component (AddParameter): Name = "Min Operating Temperature"; Value = "-55°C"; VariantName = "[No Variations]"
Add component (AddParameter): Name = "Number of Pins"; Value = "2"; VariantName = "[No Variations]"
Add component (AddParameter): Name = "Number of Terminations"; Value = "2"; VariantName = "[No Variations]"
Add component (AddParameter): Name = "Packaging"; Value = "Tape and Reel"; VariantName = "[No Variations]"
Add component (AddParameter): Name = "Power Rating"; Value = "100mW"; VariantName = "[No Variations]"
Add component (AddParameter): Name = "Pricing 1"; Value = "1=0.1, 10=0.019, 100=0.0077, 1000=0.00347, 2500=0.00301 (USD)"; VariantName = "[No Variations]"
Add component (AddParameter): Name = "Radiation Hardening"; Value = "No"; VariantName = "[No Variations]"
Add component (AddParameter): Name = "REACH SVHC"; Value = "Unknown"; VariantName = "[No Variations]"
Add component (AddParameter): Name = "Resistance"; Value = "10kR"; VariantName = "[No Variations]"
Add component (AddParameter): Name = "Stock 1"; Value = "3006558"; VariantName = "[No Variations]"
Add component (AddParameter): Name = "Supplier 1"; Value = "Digi-Key"; VariantName = "[No Variations]"
Add component (AddParameter): Name = "Supplier Part Number 1"; Value = "311-10KGRDKR-ND"; VariantName = "[No Variations]"
Add component (AddParameter): Name = "Temperature Coefficient"; Value = "100ppm/°C"; VariantName = "[No Variations]"
Add component (AddParameter): Name = "Termination"; Value = "SMD/SMT"; VariantName = "[No Variations]"
Add component (AddParameter): Name = "Tolerance"; Value = "5%"; VariantName = "[No Variations]"
Add component (AddParameter): Name = "Voltage Rating"; Value = "50V"; VariantName = "[No Variations]"
Add component (AddParameter): Name = "Voltage Rating (DC)"; Value = "50V"; VariantName = "[No Variations]"
Add component (AddParameter): Name = "Width"; Value = "0.031inch"; VariantName = "[No Variations]"
Added Component: Designator=R17(RES-0603)
Add component (AddParameter): Name = "Case Code (Imperial)"; Value = "0603"; VariantName = "[No Variations]"
Add component (AddParameter): Name = "Case Code (Metric)"; Value = "1608"; VariantName = "[No Variations]"
Add component (AddParameter): Name = "Case/Package"; Value = "0603"; VariantName = "[No Variations]"
Add component (AddParameter): Name = "ComponentLink1Description"; Value = "http://www.yageo.com/documents/recent/PYu-RC_Group_51_RoHS_L_10.pdf?src-supplier=Digi-Key"; VariantName = "[No Variations]"
Add component (AddParameter): Name = "ComponentLink1URL"; Value = "http://www.yageo.com/documents/recent/PYu-RC_Group_51_RoHS_L_10.pdf?src-supplier=Digi-Key"; VariantName = "[No Variations]"
Add component (AddParameter): Name = "Composition"; Value = "Thick Film"; VariantName = "[No Variations]"
Add component (AddParameter): Name = "Contact Plating"; Value = "Tin,Matte"; VariantName = "[No Variations]"
Add component (AddParameter): Name = "Depth"; Value = "0.8mm"; VariantName = "[No Variations]"
Add component (AddParameter): Name = "Features"; Value = "Moisture Resistant"; VariantName = "[No Variations]"
Add component (AddParameter): Name = "Height - Seated (Max)"; Value = "0.022inch"; VariantName = "[No Variations]"
Add component (AddParameter): Name = "Lead Free"; Value = "Lead Free"; VariantName = "[No Variations]"
Add component (AddParameter): Name = "Length"; Value = "0.063inch"; VariantName = "[No Variations]"
Add component (AddParameter): Name = "Manufacturer"; Value = "Yageo"; VariantName = "[No Variations]"
Add component (AddParameter): Name = "Manufacturer Part Number"; Value = "RC0603JR-0710KL"; VariantName = "[No Variations]"
Add component (AddParameter): Name = "Max Operating Temperature"; Value = "155°C"; VariantName = "[No Variations]"
Add component (AddParameter): Name = "Max Power Dissipation"; Value = "100mW"; VariantName = "[No Variations]"
Add component (AddParameter): Name = "Military Standard"; Value = "Not"; VariantName = "[No Variations]"
Add component (AddParameter): Name = "Min Operating Temperature"; Value = "-55°C"; VariantName = "[No Variations]"
Add component (AddParameter): Name = "Number of Pins"; Value = "2"; VariantName = "[No Variations]"
Add component (AddParameter): Name = "Number of Terminations"; Value = "2"; VariantName = "[No Variations]"
Add component (AddParameter): Name = "Packaging"; Value = "Tape and Reel"; VariantName = "[No Variations]"
Add component (AddParameter): Name = "Power Rating"; Value = "100mW"; VariantName = "[No Variations]"
Add component (AddParameter): Name = "Pricing 1"; Value = "1=0.1, 10=0.019, 100=0.0077, 1000=0.00347, 2500=0.00301 (USD)"; VariantName = "[No Variations]"
Add component (AddParameter): Name = "Radiation Hardening"; Value = "No"; VariantName = "[No Variations]"
Add component (AddParameter): Name = "REACH SVHC"; Value = "Unknown"; VariantName = "[No Variations]"
Add component (AddParameter): Name = "Resistance"; Value = "10kR"; VariantName = "[No Variations]"
Add component (AddParameter): Name = "Stock 1"; Value = "3006558"; VariantName = "[No Variations]"
Add component (AddParameter): Name = "Supplier 1"; Value = "Digi-Key"; VariantName = "[No Variations]"
Add component (AddParameter): Name = "Supplier Part Number 1"; Value = "311-10KGRDKR-ND"; VariantName = "[No Variations]"
Add component (AddParameter): Name = "Temperature Coefficient"; Value = "100ppm/°C"; VariantName = "[No Variations]"
Add component (AddParameter): Name = "Termination"; Value = "SMD/SMT"; VariantName = "[No Variations]"
Add component (AddParameter): Name = "Tolerance"; Value = "5%"; VariantName = "[No Variations]"
Add component (AddParameter): Name = "Voltage Rating"; Value = "50V"; VariantName = "[No Variations]"
Add component (AddParameter): Name = "Voltage Rating (DC)"; Value = "50V"; VariantName = "[No Variations]"
Add component (AddParameter): Name = "Width"; Value = "0.031inch"; VariantName = "[No Variations]"
Added Pin To Net: NetName=INTRPT Pin=J1-1
Added Pin To Net: NetName=SDA Pin=J1-2
Added Pin To Net: NetName=GND Pin=J1-4
Added Pin To Net: NetName=D+5V Pin=J1-5
Added Pin To Net: NetName=SCL Pin=JP11-1
Added Pin To Net: NetName=SDA Pin=JP12-1
Added Pin To Net: NetName=SCL Pin=R12-1
Added Pin To Net: NetName=SDA Pin=R13-2
Added Pin To Net: NetName=D+5V Pin=R16-2
Added Pin To Net: NetName=D+5V Pin=R17-2
Added Pin To Net: NetName=SDA Pin=U2-13
Added Pin To Net: NetName=SCL Pin=U2-14
Added Pin To Net: NetName=NetJ23_1 Pin=J23-1
Added Pin To Net: NetName=NetJ23_1 Pin=R16-1
Added Net: Name=NetJ23_1
Added Pin To Net: NetName=NetJ23_2 Pin=J23-2
Added Pin To Net: NetName=NetJ23_2 Pin=U6-13
Added Net: Name=NetJ23_2
Added Pin To Net: NetName=NetJ24_1 Pin=J24-1
Added Pin To Net: NetName=NetJ24_1 Pin=R17-1
Added Net: Name=NetJ24_1
Added Pin To Net: NetName=NetJ24_2 Pin=J24-2
Added Pin To Net: NetName=NetJ24_2 Pin=U6-12
Added Net: Name=NetJ24_2
Added Member To Class: ClassName=U_Connectors Member=Component R16 10K
Added Member To Class: ClassName=U_Connectors Member=Component R17 10K
